Log file open, 04/07/24 22:44:04
LogWindows: Failed to load 'aqProf.dll' (GetLastError=126)
LogWindows: File 'aqProf.dll' does not exist
LogWindows: Failed to load 'VtuneApi.dll' (GetLastError=126)
LogWindows: File 'VtuneApi.dll' does not exist
LogWindows: Failed to load 'VtuneApi32e.dll' (GetLastError=126)
LogWindows: File 'VtuneApi32e.dll' does not exist
LogConsoleResponse: Display: Failed to find resolution value strings in scalability ini. Falling back to default.
LogConsoleResponse: Display: Failed to find resolution value strings in scalability ini. Falling back to default.
LogInit: Display: Running engine for game: Mushroomverse3
LogPlatformFile: Not using cached read wrapper
LogTaskGraph: Started task graph with 5 named threads and 23 total threads with 3 sets of task threads.
LogStats: Stats thread started at 0.273105
LogICUInternationalization: ICU TimeZone Detection - Raw Offset: +3:00, Platform Override: ''
LogInit: Display: Loading text-based GConfig....
LogPluginManager: Mounting plugin XGEController
LogPluginManager: Mounting plugin MeshPainting
LogPluginManager: Mounting plugin Paper2D
LogPluginManager: Mounting plugin LiveLink
LogPluginManager: Mounting plugin AISupport
LogPluginManager: Mounting plugin EnvironmentQueryEditor
LogPluginManager: Mounting plugin GameplayCameras
LogPluginManager: Mounting plugin CameraShakePreviewer
LogPluginManager: Mounting plugin LightPropagationVolume
LogPluginManager: Mounting plugin OodleData
LogPluginManager: Mounting plugin AnimationSharing
LogPluginManager: Mounting plugin OodleNetwork
LogPluginManager: Mounting plugin CLionSourceCodeAccess
LogPluginManager: Mounting plugin CodeLiteSourceCodeAccess
LogPluginManager: Mounting plugin NullSourceCodeAccess
LogPluginManager: Mounting plugin KDevelopSourceCodeAccess
LogPluginManager: Mounting plugin GitSourceControl
LogPluginManager: Mounting plugin PerforceSourceControl
LogPluginManager: Mounting plugin PixWinPlugin
LogPluginManager: Mounting plugin PlasticSourceControl
LogPluginManager: Mounting plugin PluginUtils
LogPluginManager: Mounting plugin PropertyAccessNode
LogPluginManager: Mounting plugin RiderSourceCodeAccess
LogPluginManager: Mounting plugin SubversionSourceControl
LogPluginManager: Mounting plugin TextureFormatOodle
LogPluginManager: Mounting plugin UObjectPlugin
LogPluginManager: Mounting plugin XCodeSourceCodeAccess
LogPluginManager: Mounting plugin VisualStudioSourceCodeAccess
LogPluginManager: Mounting plugin AssetManagerEditor
LogPluginManager: Mounting plugin VisualStudioCodeSourceCodeAccess
LogPluginManager: Mounting plugin DatasmithContent
LogPluginManager: Mounting plugin CryptoKeys
LogPluginManager: Mounting plugin DataValidation
LogPluginManager: Mounting plugin GeometryMode
LogPluginManager: Mounting plugin GameplayTagsEditor
LogPluginManager: Mounting plugin FacialAnimation
LogPluginManager: Mounting plugin MacGraphicsSwitching
LogPluginManager: Mounting plugin CurveEditorTools
LogPluginManager: Mounting plugin MaterialAnalyzer
LogPluginManager: Mounting plugin VariantManagerContent
LogPluginManager: Mounting plugin SpeedTreeImporter
LogPluginManager: Mounting plugin PluginBrowser
LogPluginManager: Mounting plugin MobileLauncherProfileWizard
LogPluginManager: Mounting plugin AlembicImporter
LogPluginManager: Mounting plugin AutomationUtils
LogPluginManager: Mounting plugin BackChannel
LogPluginManager: Mounting plugin ChaosCloth
LogPluginManager: Mounting plugin ChaosEditor
LogPluginManager: Mounting plugin ChaosClothEditor
LogPluginManager: Mounting plugin ChaosSolverPlugin
LogPluginManager: Mounting plugin ChaosNiagara
LogPluginManager: Mounting plugin CharacterAI
LogPluginManager: Mounting plugin GeometryCache
LogPluginManager: Mounting plugin GeometryCollectionPlugin
LogPluginManager: Mounting plugin Niagara
LogPluginManager: Mounting plugin GeometryProcessing
LogPluginManager: Mounting plugin MotoSynth
LogPluginManager: Mounting plugin OpenImageDenoise
LogPluginManager: Mounting plugin PlanarCut
LogPluginManager: Mounting plugin ProxyLODPlugin
LogPluginManager: Mounting plugin PlatformCrypto
LogPluginManager: Mounting plugin PythonScriptPlugin
LogPluginManager: Mounting plugin SkeletalReduction
LogPluginManager: Mounting plugin LuminPlatformFeatures
LogPluginManager: Mounting plugin MagicLeap
LogPluginManager: Mounting plugin MagicLeapLightEstimation
LogPluginManager: Mounting plugin MagicLeapMedia
LogPluginManager: Mounting plugin MagicLeapPassableWorld
LogPluginManager: Mounting plugin MLSDK
LogPluginManager: Mounting plugin AndroidMedia
LogPluginManager: Mounting plugin AvfMedia
LogPluginManager: Mounting plugin ImgMedia
LogPluginManager: Mounting plugin MediaCompositing
LogPluginManager: Mounting plugin MediaPlayerEditor
LogPluginManager: Mounting plugin WebMMedia
LogPluginManager: Mounting plugin WmfMedia
LogPluginManager: Mounting plugin ActorSequence
LogPluginManager: Mounting plugin LevelSequenceEditor
LogPluginManager: Mounting plugin MatineeToLevelSequence
LogPluginManager: Mounting plugin TemplateSequence
LogPluginManager: Mounting plugin TcpMessaging
LogPluginManager: Mounting plugin UdpMessaging
LogPluginManager: Mounting plugin OnlineSubsystem
LogPluginManager: Mounting plugin OnlineSubsystemUtils
LogPluginManager: Mounting plugin OnlineSubsystemNull
LogPluginManager: Mounting plugin LauncherChunkInstaller
LogPluginManager: Mounting plugin ActorLayerUtilities
LogPluginManager: Mounting plugin AndroidDeviceProfileSelector
LogPluginManager: Mounting plugin AndroidPermission
LogPluginManager: Mounting plugin AndroidMoviePlayer
LogPluginManager: Mounting plugin AppleImageUtils
LogPluginManager: Mounting plugin AppleMoviePlayer
LogPluginManager: Mounting plugin ArchVisCharacter
LogPluginManager: Mounting plugin AssetTags
LogPluginManager: Mounting plugin AudioCapture
LogPluginManager: Mounting plugin AudioSynesthesia
LogPluginManager: Mounting plugin CableComponent
LogPluginManager: Mounting plugin ChunkDownloader
LogPluginManager: Mounting plugin CustomMeshComponent
LogPluginManager: Mounting plugin ExampleDeviceProfileSelector
LogPluginManager: Mounting plugin EditableMesh
LogPluginManager: Mounting plugin GoogleCloudMessaging
LogPluginManager: Mounting plugin GooglePAD
LogPluginManager: Mounting plugin IOSDeviceProfileSelector
LogPluginManager: Mounting plugin LinuxDeviceProfileSelector
LogPluginManager: Mounting plugin LocationServicesBPLibrary
LogPluginManager: Mounting plugin MobilePatchingUtils
LogPluginManager: Mounting plugin OpenXR
LogPluginManager: Mounting plugin OpenXREyeTracker
LogPluginManager: Mounting plugin OpenXRHandTracking
LogPluginManager: Mounting plugin ScreenshotTools
LogPluginManager: Mounting plugin PhysXVehicles
LogPluginManager: Mounting plugin PostSplashScreen
LogPluginManager: Mounting plugin ProceduralMeshComponent
LogPluginManager: Mounting plugin PropertyAccessEditor
LogPluginManager: Mounting plugin RuntimePhysXCooking
LogPluginManager: Mounting plugin SignificanceManager
LogPluginManager: Mounting plugin SoundFields
LogPluginManager: Mounting plugin Synthesis
LogPluginManager: Mounting plugin WebMMoviePlayer
LogPluginManager: Mounting plugin WindowsMoviePlayer
LogPluginManager: Mounting plugin Takes
LogPluginManager: Mounting plugin ContentBrowserAssetDataSource
LogPluginManager: Mounting plugin ContentBrowserClassDataSource
LogPluginManager: Mounting plugin ContentBrowserFileDataSource
LogPluginManager: Mounting plugin OnlineSubsystemGooglePlay
LogPluginManager: Mounting plugin OnlineSubsystemIOS
LogPluginManager: Mounting plugin OculusVR
LogPluginManager: Mounting plugin SteamVR
PixWinPlugin: PIX capture plugin failed to initialize! Check that the process is launched from PIX.
LogInit: Using libcurl 7.55.1-DEV
LogInit:  - built for x86_64-pc-win32
LogInit:  - supports SSL with OpenSSL/1.1.1
LogInit:  - supports HTTP deflate (compression) using libz 1.2.8
LogInit:  - other features:
LogInit:      CURL_VERSION_SSL
LogInit:      CURL_VERSION_LIBZ
LogInit:      CURL_VERSION_IPV6
LogInit:      CURL_VERSION_ASYNCHDNS
LogInit:      CURL_VERSION_LARGEFILE
LogInit:      CURL_VERSION_IDN
LogInit:  CurlRequestOptions (configurable via config and command line):
LogInit:  - bVerifyPeer = true  - Libcurl will verify peer certificate
LogInit:  - bUseHttpProxy = false  - Libcurl will NOT use HTTP proxy
LogInit:  - bDontReuseConnections = false  - Libcurl will reuse connections
LogInit:  - MaxHostConnections = 16  - Libcurl will limit the number of connections to a host
LogInit:  - LocalHostAddr = Default
LogInit:  - BufferSize = 65536
LogOnline: OSS: Creating online subsystem instance for: NULL
LogInit: WinSock: version 1.1 (2.2), MaxSocks=32767, MaxUdp=65467
LogOnline: OSS: TryLoadSubsystemAndSetDefault: Loaded subsystem for module [NULL]
LogOculusPluginWrapper: OculusPlugin initialized successfully
LogHMD: Failed initializing OVRPlugin 1.59.0
LogInit: Build: ++UE4+Release-4.27-CL-18319896
LogInit: Engine Version: 4.27.2-18319896+++UE4+Release-4.27
LogInit: Compatible Engine Version: 4.27.0-17155196+++UE4+Release-4.27
LogInit: Net CL: 17155196
LogInit: OS: Windows 10 (Release 2009) (), CPU: Intel(R) Core(TM) i7-7700 CPU @ 3.60GHz, GPU: NVIDIA GeForce GTX 1060 6GB
LogInit: Compiled (64-bit): Nov 30 2021 07:12:08
LogInit: Compiled with Visual C++: 19.24.28315.00
LogInit: Build Configuration: Development
LogInit: Branch Name: ++UE4+Release-4.27
LogInit: Command Line:  /Game/FirstPersonBP/Maps/FirstPersonExampleMap -game -PIEVIACONSOLE -Multiprocess "GameUserSettingsINI=C:/Users/Елена/Documents/GitHub/Mushroomverse2/Проектик/Mushroomverse3 (рабочая версия)/Saved/Config/Windows/PIEGameUserSettings0.ini" -MultiprocessSaveConfig -forcepassthrough -messaging -SessionName="Play in Standalone Game" -windowed -ResX=1280 -ResY=720
LogInit: Base Directory: D:/CEMEH/ФОРТНАЙТ/UE_4.27/Engine/Binaries/Win64/
LogInit: Allocator: TBB
LogInit: Installed Engine Build: 1
LogDevObjectVersion: Number of dev versions registered: 29
LogDevObjectVersion:   Dev-Blueprints (B0D832E4-1F89-4F0D-ACCF-7EB736FD4AA2): 10
LogDevObjectVersion:   Dev-Build (E1C64328-A22C-4D53-A36C-8E866417BD8C): 0
LogDevObjectVersion:   Dev-Core (375EC13C-06E4-48FB-B500-84F0262A717E): 4
LogDevObjectVersion:   Dev-Editor (E4B068ED-F494-42E9-A231-DA0B2E46BB41): 40
LogDevObjectVersion:   Dev-Framework (CFFC743F-43B0-4480-9391-14DF171D2073): 37
LogDevObjectVersion:   Dev-Mobile (B02B49B5-BB20-44E9-A304-32B752E40360): 3
LogDevObjectVersion:   Dev-Networking (A4E4105C-59A1-49B5-A7C5-40C4547EDFEE): 0
LogDevObjectVersion:   Dev-Online (39C831C9-5AE6-47DC-9A44-9C173E1C8E7C): 0
LogDevObjectVersion:   Dev-Physics (78F01B33-EBEA-4F98-B9B4-84EACCB95AA2): 14
LogDevObjectVersion:   Dev-Platform (6631380F-2D4D-43E0-8009-CF276956A95A): 0
LogDevObjectVersion:   Dev-Rendering (12F88B9F-8875-4AFC-A67C-D90C383ABD29): 45
LogDevObjectVersion:   Dev-Sequencer (7B5AE74C-D270-4C10-A958-57980B212A5A): 13
LogDevObjectVersion:   Dev-VR (D7296918-1DD6-4BDD-9DE2-64A83CC13884): 3
LogDevObjectVersion:   Dev-LoadTimes (C2A15278-BFE7-4AFE-6C17-90FF531DF755): 1
LogDevObjectVersion:   Private-Geometry (6EACA3D4-40EC-4CC1-B786-8BED09428FC5): 3
LogDevObjectVersion:   Dev-AnimPhys (29E575DD-E0A3-4627-9D10-D276232CDCEA): 17
LogDevObjectVersion:   Dev-Anim (AF43A65D-7FD3-4947-9873-3E8ED9C1BB05): 15
LogDevObjectVersion:   Dev-ReflectionCapture (6B266CEC-1EC7-4B8F-A30B-E4D90942FC07): 1
LogDevObjectVersion:   Dev-Automation (0DF73D61-A23F-47EA-B727-89E90C41499A): 1
LogDevObjectVersion:   FortniteMain (601D1886-AC64-4F84-AA16-D3DE0DEAC7D6): 47
LogDevObjectVersion:   FortniteRelease (E7086368-6B23-4C58-8439-1B7016265E91): 1
LogDevObjectVersion:   Dev-Enterprise (9DFFBCD6-494F-0158-E221-12823C92A888): 10
LogDevObjectVersion:   Dev-Niagara (F2AED0AC-9AFE-416F-8664-AA7FFA26D6FC): 1
LogDevObjectVersion:   Dev-Destruction (174F1F0B-B4C6-45A5-B13F-2EE8D0FB917D): 10
LogDevObjectVersion:   Dev-Physics-Ext (35F94A83-E258-406C-A318-09F59610247C): 41
LogDevObjectVersion:   Dev-PhysicsMaterial-Chaos (B68FC16E-8B1B-42E2-B453-215C058844FE): 1
LogDevObjectVersion:   Dev-CineCamera (B2E18506-4273-CFC2-A54E-F4BB758BBA07): 1
LogDevObjectVersion:   Dev-VirtualProduction (64F58936-FD1B-42BA-BA96-7289D5D0FA4E): 1
LogDevObjectVersion:   Dev-MediaFramework (6F0ED827-A609-4895-9C91-998D90180EA4): 2
LogInit: Presizing for max 25165824 objects, including 0 objects not considered by GC, pre-allocating 0 bytes for permanent pool.
LogConfig: Applying CVar settings from Section [/Script/Engine.StreamingSettings] File [C:/Users/Елена/Documents/GitHub/Mushroomverse2/Проектик/Mushroomverse3 (рабочая версия)/Saved/Config/Windows/Engine.ini]
LogConfig: Setting CVar [[s.MinBulkDataSizeForAsyncLoading:131072]]
LogConfig: Setting CVar [[s.AsyncLoadingThreadEnabled:0]]
LogConfig: Setting CVar [[s.EventDrivenLoaderEnabled:1]]
LogConfig: Setting CVar [[s.WarnIfTimeLimitExceeded:0]]
LogConfig: Setting CVar [[s.TimeLimitExceededMultiplier:1.5]]
LogConfig: Setting CVar [[s.TimeLimitExceededMinTime:0.005]]
LogConfig: Setting CVar [[s.UseBackgroundLevelStreaming:1]]
LogConfig: Setting CVar [[s.PriorityAsyncLoadingExtraTime:15.0]]
LogConfig: Setting CVar [[s.LevelStreamingActorsUpdateTimeLimit:5.0]]
LogConfig: Setting CVar [[s.PriorityLevelStreamingActorsUpdateExtraTime:5.0]]
LogConfig: Setting CVar [[s.LevelStreamingComponentsRegistrationGranularity:10]]
LogConfig: Setting CVar [[s.UnregisterComponentsTimeLimit:1.0]]
LogConfig: Setting CVar [[s.LevelStreamingComponentsUnregistrationGranularity:5]]
LogConfig: Setting CVar [[s.FlushStreamingOnExit:1]]
LogInit: Object subsystem initialized
LogConfig: Setting CVar [[con.DebugEarlyDefault:1]]
LogConfig: Setting CVar [[r.setres:1280x720]]
[2024.04.07-19.44.05:292][  0]LogConfig: Setting CVar [[con.DebugEarlyDefault:1]]
[2024.04.07-19.44.05:292][  0]LogConfig: Setting CVar [[r.setres:1280x720]]
[2024.04.07-19.44.05:292][  0]LogConfig: Applying CVar settings from Section [/Script/Engine.RendererSettings] File [C:/Users/Елена/Documents/GitHub/Mushroomverse2/Проектик/Mushroomverse3 (рабочая версия)/Saved/Config/Windows/Engine.ini]
[2024.04.07-19.44.05:292][  0]LogConfig: Setting CVar [[r.GPUCrashDebugging:0]]
[2024.04.07-19.44.05:292][  0]LogConfig: Applying CVar settings from Section [/Script/Engine.RendererOverrideSettings] File [C:/Users/Елена/Documents/GitHub/Mushroomverse2/Проектик/Mushroomverse3 (рабочая версия)/Saved/Config/Windows/Engine.ini]
[2024.04.07-19.44.05:292][  0]LogConfig: Applying CVar settings from Section [/Script/Engine.StreamingSettings] File [C:/Users/Елена/Documents/GitHub/Mushroomverse2/Проектик/Mushroomverse3 (рабочая версия)/Saved/Config/Windows/Engine.ini]
[2024.04.07-19.44.05:292][  0]LogConfig: Setting CVar [[s.MinBulkDataSizeForAsyncLoading:131072]]
[2024.04.07-19.44.05:292][  0]LogConfig: Setting CVar [[s.AsyncLoadingThreadEnabled:0]]
[2024.04.07-19.44.05:292][  0]LogConfig: Setting CVar [[s.EventDrivenLoaderEnabled:1]]
[2024.04.07-19.44.05:292][  0]LogConfig: Setting CVar [[s.WarnIfTimeLimitExceeded:0]]
[2024.04.07-19.44.05:292][  0]LogConfig: Setting CVar [[s.TimeLimitExceededMultiplier:1.5]]
[2024.04.07-19.44.05:292][  0]LogConfig: Setting CVar [[s.TimeLimitExceededMinTime:0.005]]
[2024.04.07-19.44.05:292][  0]LogConfig: Setting CVar [[s.UseBackgroundLevelStreaming:1]]
[2024.04.07-19.44.05:292][  0]LogConfig: Setting CVar [[s.PriorityAsyncLoadingExtraTime:15.0]]
[2024.04.07-19.44.05:292][  0]LogConfig: Setting CVar [[s.LevelStreamingActorsUpdateTimeLimit:5.0]]
[2024.04.07-19.44.05:292][  0]LogConfig: Setting CVar [[s.PriorityLevelStreamingActorsUpdateExtraTime:5.0]]
[2024.04.07-19.44.05:292][  0]LogConfig: Setting CVar [[s.LevelStreamingComponentsRegistrationGranularity:10]]
[2024.04.07-19.44.05:292][  0]LogConfig: Setting CVar [[s.UnregisterComponentsTimeLimit:1.0]]
[2024.04.07-19.44.05:292][  0]LogConfig: Setting CVar [[s.LevelStreamingComponentsUnregistrationGranularity:5]]
[2024.04.07-19.44.05:292][  0]LogConfig: Setting CVar [[s.FlushStreamingOnExit:1]]
[2024.04.07-19.44.05:292][  0]LogConfig: Applying CVar settings from Section [/Script/Engine.GarbageCollectionSettings] File [C:/Users/Елена/Documents/GitHub/Mushroomverse2/Проектик/Mushroomverse3 (рабочая версия)/Saved/Config/Windows/Engine.ini]
[2024.04.07-19.44.05:292][  0]LogConfig: Setting CVar [[gc.MaxObjectsNotConsideredByGC:1]]
[2024.04.07-19.44.05:292][  0]LogConfig: Setting CVar [[gc.SizeOfPermanentObjectPool:0]]
[2024.04.07-19.44.05:292][  0]LogConfig: Setting CVar [[gc.FlushStreamingOnGC:0]]
[2024.04.07-19.44.05:292][  0]LogConfig: Setting CVar [[gc.NumRetriesBeforeForcingGC:10]]
[2024.04.07-19.44.05:292][  0]LogConfig: Setting CVar [[gc.AllowParallelGC:1]]
[2024.04.07-19.44.05:292][  0]LogConfig: Setting CVar [[gc.TimeBetweenPurgingPendingKillObjects:61.1]]
[2024.04.07-19.44.05:292][  0]LogConfig: Setting CVar [[gc.MaxObjectsInEditor:25165824]]
[2024.04.07-19.44.05:292][  0]LogConfig: Setting CVar [[gc.IncrementalBeginDestroyEnabled:1]]
[2024.04.07-19.44.05:292][  0]LogConfig: Setting CVar [[gc.CreateGCClusters:1]]
[2024.04.07-19.44.05:292][  0]LogConfig: Setting CVar [[gc.MinGCClusterSize:5]]
[2024.04.07-19.44.05:292][  0]LogConfig: Setting CVar [[gc.ActorClusteringEnabled:0]]
[2024.04.07-19.44.05:292][  0]LogConfig: Setting CVar [[gc.BlueprintClusteringEnabled:0]]
[2024.04.07-19.44.05:292][  0]LogConfig: Setting CVar [[gc.UseDisregardForGCOnDedicatedServers:0]]
[2024.04.07-19.44.05:292][  0]LogConfig: Setting CVar [[gc.MultithreadedDestructionEnabled:1]]
[2024.04.07-19.44.05:292][  0]LogConfig: Applying CVar settings from Section [/Script/Engine.NetworkSettings] File [C:/Users/Елена/Documents/GitHub/Mushroomverse2/Проектик/Mushroomverse3 (рабочая версия)/Saved/Config/Windows/Engine.ini]
[2024.04.07-19.44.05:292][  0]LogConfig: Applying CVar settings from Section [/Script/UnrealEd.CookerSettings] File [C:/Users/Елена/Documents/GitHub/Mushroomverse2/Проектик/Mushroomverse3 (рабочая версия)/Saved/Config/Windows/Engine.ini]
[2024.04.07-19.44.05:307][  0]LogConfig: Applying CVar settings from Section [ViewDistanceQuality@3] File [C:/Users/Елена/Documents/GitHub/Mushroomverse2/Проектик/Mushroomverse3 (рабочая версия)/Saved/Config/Windows/Scalability.ini]
[2024.04.07-19.44.05:307][  0]LogConfig: Setting CVar [[r.SkeletalMeshLODBias:0]]
[2024.04.07-19.44.05:307][  0]LogConfig: Setting CVar [[r.ViewDistanceScale:1.0]]
[2024.04.07-19.44.05:307][  0]LogConfig: Applying CVar settings from Section [AntiAliasingQuality@3] File [C:/Users/Елена/Documents/GitHub/Mushroomverse2/Проектик/Mushroomverse3 (рабочая версия)/Saved/Config/Windows/Scalability.ini]
[2024.04.07-19.44.05:307][  0]LogConfig: Setting CVar [[r.PostProcessAAQuality:4]]
[2024.04.07-19.44.05:307][  0]LogConfig: Applying CVar settings from Section [ShadowQuality@3] File [C:/Users/Елена/Documents/GitHub/Mushroomverse2/Проектик/Mushroomverse3 (рабочая версия)/Saved/Config/Windows/Scalability.ini]
[2024.04.07-19.44.05:307][  0]LogConfig: Setting CVar [[r.LightFunctionQuality:1]]
[2024.04.07-19.44.05:307][  0]LogConfig: Setting CVar [[r.ShadowQuality:5]]
[2024.04.07-19.44.05:307][  0]LogConfig: Setting CVar [[r.Shadow.CSM.MaxCascades:10]]
[2024.04.07-19.44.05:307][  0]LogConfig: Setting CVar [[r.Shadow.MaxResolution:2048]]
[2024.04.07-19.44.05:307][  0]LogConfig: Setting CVar [[r.Shadow.MaxCSMResolution:2048]]
[2024.04.07-19.44.05:307][  0]LogConfig: Setting CVar [[r.Shadow.RadiusThreshold:0.01]]
[2024.04.07-19.44.05:307][  0]LogConfig: Setting CVar [[r.Shadow.DistanceScale:1.0]]
[2024.04.07-19.44.05:307][  0]LogConfig: Setting CVar [[r.Shadow.CSM.TransitionScale:1.0]]
[2024.04.07-19.44.05:307][  0]LogConfig: Setting CVar [[r.Shadow.PreShadowResolutionFactor:1.0]]
[2024.04.07-19.44.05:307][  0]LogConfig: Setting CVar [[r.DistanceFieldShadowing:1]]
[2024.04.07-19.44.05:307][  0]LogConfig: Setting CVar [[r.DistanceFieldAO:1]]
[2024.04.07-19.44.05:307][  0]LogConfig: Setting CVar [[r.AOQuality:2]]
[2024.04.07-19.44.05:307][  0]LogConfig: Setting CVar [[r.VolumetricFog:1]]
[2024.04.07-19.44.05:307][  0]LogConfig: Setting CVar [[r.VolumetricFog.GridPixelSize:8]]
[2024.04.07-19.44.05:307][  0]LogConfig: Setting CVar [[r.VolumetricFog.GridSizeZ:128]]
[2024.04.07-19.44.05:307][  0]LogConfig: Setting CVar [[r.VolumetricFog.HistoryMissSupersampleCount:4]]
[2024.04.07-19.44.05:307][  0]LogConfig: Setting CVar [[r.LightMaxDrawDistanceScale:1]]
[2024.04.07-19.44.05:307][  0]LogConfig: Setting CVar [[r.CapsuleShadows:1]]
[2024.04.07-19.44.05:307][  0]LogConfig: Applying CVar settings from Section [PostProcessQuality@3] File [C:/Users/Елена/Documents/GitHub/Mushroomverse2/Проектик/Mushroomverse3 (рабочая версия)/Saved/Config/Windows/Scalability.ini]
[2024.04.07-19.44.05:307][  0]LogConfig: Setting CVar [[r.MotionBlurQuality:4]]
[2024.04.07-19.44.05:307][  0]LogConfig: Setting CVar [[r.AmbientOcclusionMipLevelFactor:0.4]]
[2024.04.07-19.44.05:307][  0]LogConfig: Setting CVar [[r.AmbientOcclusionMaxQuality:100]]
[2024.04.07-19.44.05:307][  0]LogConfig: Setting CVar [[r.AmbientOcclusionLevels:-1]]
[2024.04.07-19.44.05:307][  0]LogConfig: Setting CVar [[r.AmbientOcclusionRadiusScale:1.0]]
[2024.04.07-19.44.05:307][  0]LogConfig: Setting CVar [[r.DepthOfFieldQuality:2]]
[2024.04.07-19.44.05:307][  0]LogConfig: Setting CVar [[r.RenderTargetPoolMin:400]]
[2024.04.07-19.44.05:307][  0]LogConfig: Setting CVar [[r.LensFlareQuality:2]]
[2024.04.07-19.44.05:307][  0]LogConfig: Setting CVar [[r.SceneColorFringeQuality:1]]
[2024.04.07-19.44.05:307][  0]LogConfig: Setting CVar [[r.EyeAdaptationQuality:2]]
[2024.04.07-19.44.05:307][  0]LogConfig: Setting CVar [[r.BloomQuality:5]]
[2024.04.07-19.44.05:307][  0]LogConfig: Setting CVar [[r.FastBlurThreshold:100]]
[2024.04.07-19.44.05:307][  0]LogConfig: Setting CVar [[r.Upscale.Quality:3]]
[2024.04.07-19.44.05:307][  0]LogConfig: Setting CVar [[r.Tonemapper.GrainQuantization:1]]
[2024.04.07-19.44.05:307][  0]LogConfig: Setting CVar [[r.LightShaftQuality:1]]
[2024.04.07-19.44.05:307][  0]LogConfig: Setting CVar [[r.Filter.SizeScale:1]]
[2024.04.07-19.44.05:307][  0]LogConfig: Setting CVar [[r.Tonemapper.Quality:5]]
[2024.04.07-19.44.05:307][  0]LogConfig: Setting CVar [[r.DOF.Gather.AccumulatorQuality:1        ; higher gathering accumulator quality]]
[2024.04.07-19.44.05:308][  0]LogConfig: Setting CVar [[r.DOF.Gather.PostfilterMethod:1          ; Median3x3 postfilering method]]
[2024.04.07-19.44.05:308][  0]LogConfig: Setting CVar [[r.DOF.Gather.EnableBokehSettings:0       ; no bokeh simulation when gathering]]
[2024.04.07-19.44.05:308][  0]LogConfig: Setting CVar [[r.DOF.Gather.RingCount:4                 ; medium number of samples when gathering]]
[2024.04.07-19.44.05:308][  0]LogConfig: Setting CVar [[r.DOF.Scatter.ForegroundCompositing:1    ; additive foreground scattering]]
[2024.04.07-19.44.05:308][  0]LogConfig: Setting CVar [[r.DOF.Scatter.BackgroundCompositing:2    ; additive background scattering]]
[2024.04.07-19.44.05:308][  0]LogConfig: Setting CVar [[r.DOF.Scatter.EnableBokehSettings:1      ; bokeh simulation when scattering]]
[2024.04.07-19.44.05:308][  0]LogConfig: Setting CVar [[r.DOF.Scatter.MaxSpriteRatio:0.1         ; only a maximum of 10% of scattered bokeh]]
[2024.04.07-19.44.05:308][  0]LogConfig: Setting CVar [[r.DOF.Recombine.Quality:1                ; cheap slight out of focus]]
[2024.04.07-19.44.05:308][  0]LogConfig: Setting CVar [[r.DOF.Recombine.EnableBokehSettings:0    ; no bokeh simulation on slight out of focus]]
[2024.04.07-19.44.05:308][  0]LogConfig: Setting CVar [[r.DOF.TemporalAAQuality:1                ; more stable temporal accumulation]]
[2024.04.07-19.44.05:308][  0]LogConfig: Setting CVar [[r.DOF.Kernel.MaxForegroundRadius:0.025]]
[2024.04.07-19.44.05:308][  0]LogConfig: Setting CVar [[r.DOF.Kernel.MaxBackgroundRadius:0.025]]
[2024.04.07-19.44.05:308][  0]LogConfig: Applying CVar settings from Section [TextureQuality@3] File [C:/Users/Елена/Documents/GitHub/Mushroomverse2/Проектик/Mushroomverse3 (рабочая версия)/Saved/Config/Windows/Scalability.ini]
[2024.04.07-19.44.05:308][  0]LogConfig: Setting CVar [[r.Streaming.MipBias:0]]
[2024.04.07-19.44.05:308][  0]LogConfig: Setting CVar [[r.Streaming.AmortizeCPUToGPUCopy:0]]
[2024.04.07-19.44.05:308][  0]LogConfig: Setting CVar [[r.Streaming.MaxNumTexturesToStreamPerFrame:0]]
[2024.04.07-19.44.05:308][  0]LogConfig: Setting CVar [[r.Streaming.Boost:1]]
[2024.04.07-19.44.05:308][  0]LogConfig: Setting CVar [[r.MaxAnisotropy:8]]
[2024.04.07-19.44.05:308][  0]LogConfig: Setting CVar [[r.VT.MaxAnisotropy:8]]
[2024.04.07-19.44.05:308][  0]LogConfig: Setting CVar [[r.Streaming.LimitPoolSizeToVRAM:0]]
[2024.04.07-19.44.05:308][  0]LogConfig: Setting CVar [[r.Streaming.PoolSize:1000]]
[2024.04.07-19.44.05:308][  0]LogConfig: Setting CVar [[r.Streaming.MaxEffectiveScreenSize:0]]
[2024.04.07-19.44.05:308][  0]LogConfig: Applying CVar settings from Section [EffectsQuality@3] File [C:/Users/Елена/Documents/GitHub/Mushroomverse2/Проектик/Mushroomverse3 (рабочая версия)/Saved/Config/Windows/Scalability.ini]
[2024.04.07-19.44.05:308][  0]LogConfig: Setting CVar [[r.TranslucencyLightingVolumeDim:64]]
[2024.04.07-19.44.05:308][  0]LogConfig: Setting CVar [[r.RefractionQuality:2]]
[2024.04.07-19.44.05:308][  0]LogConfig: Setting CVar [[r.SSR.Quality:3]]
[2024.04.07-19.44.05:308][  0]LogConfig: Setting CVar [[r.SSR.HalfResSceneColor:0]]
[2024.04.07-19.44.05:308][  0]LogConfig: Setting CVar [[r.SceneColorFormat:4]]
[2024.04.07-19.44.05:308][  0]LogConfig: Setting CVar [[r.DetailMode:2]]
[2024.04.07-19.44.05:308][  0]LogConfig: Setting CVar [[r.TranslucencyVolumeBlur:1]]
[2024.04.07-19.44.05:308][  0]LogConfig: Setting CVar [[r.MaterialQualityLevel:1 ; High quality]]
[2024.04.07-19.44.05:308][  0]LogConfig: Setting CVar [[r.AnisotropicMaterials:1]]
[2024.04.07-19.44.05:308][  0]LogConfig: Setting CVar [[r.SSS.Scale:1]]
[2024.04.07-19.44.05:308][  0]LogConfig: Setting CVar [[r.SSS.SampleSet:2]]
[2024.04.07-19.44.05:308][  0]LogConfig: Setting CVar [[r.SSS.Quality:1]]
[2024.04.07-19.44.05:308][  0]LogConfig: Setting CVar [[r.SSS.HalfRes:0]]
[2024.04.07-19.44.05:308][  0]LogConfig: Setting CVar [[r.SSGI.Quality:3]]
[2024.04.07-19.44.05:308][  0]LogConfig: Setting CVar [[r.EmitterSpawnRateScale:1.0]]
[2024.04.07-19.44.05:308][  0]LogConfig: Setting CVar [[r.ParticleLightQuality:2]]
[2024.04.07-19.44.05:308][  0]LogConfig: Setting CVar [[r.SkyAtmosphere.AerialPerspectiveLUT.FastApplyOnOpaque:1 ; Always have FastSkyLUT 1 in this case to avoid wrong sky]]
[2024.04.07-19.44.05:308][  0]LogConfig: Setting CVar [[r.SkyAtmosphere.AerialPerspectiveLUT.SampleCountMaxPerSlice:4]]
[2024.04.07-19.44.05:308][  0]LogConfig: Setting CVar [[r.SkyAtmosphere.AerialPerspectiveLUT.DepthResolution:16.0]]
[2024.04.07-19.44.05:308][  0]LogConfig: Setting CVar [[r.SkyAtmosphere.FastSkyLUT:1]]
[2024.04.07-19.44.05:308][  0]LogConfig: Setting CVar [[r.SkyAtmosphere.FastSkyLUT.SampleCountMin:4.0]]
[2024.04.07-19.44.05:308][  0]LogConfig: Setting CVar [[r.SkyAtmosphere.FastSkyLUT.SampleCountMax:128.0]]
[2024.04.07-19.44.05:308][  0]LogConfig: Setting CVar [[r.SkyAtmosphere.SampleCountMin:4.0]]
[2024.04.07-19.44.05:308][  0]LogConfig: Setting CVar [[r.SkyAtmosphere.SampleCountMax:128.0]]
[2024.04.07-19.44.05:308][  0]LogConfig: Setting CVar [[r.SkyAtmosphere.TransmittanceLUT.UseSmallFormat:0]]
[2024.04.07-19.44.05:308][  0]LogConfig: Setting CVar [[r.SkyAtmosphere.TransmittanceLUT.SampleCount:10.0]]
[2024.04.07-19.44.05:308][  0]LogConfig: Setting CVar [[r.SkyAtmosphere.MultiScatteringLUT.SampleCount:15.0]]
[2024.04.07-19.44.05:308][  0]LogConfig: Setting CVar [[r.SkyLight.RealTimeReflectionCapture:1]]
[2024.04.07-19.44.05:308][  0]LogConfig: Applying CVar settings from Section [FoliageQuality@3] File [C:/Users/Елена/Documents/GitHub/Mushroomverse2/Проектик/Mushroomverse3 (рабочая версия)/Saved/Config/Windows/Scalability.ini]
[2024.04.07-19.44.05:308][  0]LogConfig: Setting CVar [[foliage.DensityScale:1.0]]
[2024.04.07-19.44.05:308][  0]LogConfig: Setting CVar [[grass.DensityScale:1.0]]
[2024.04.07-19.44.05:308][  0]LogConfig: Applying CVar settings from Section [ShadingQuality@3] File [C:/Users/Елена/Documents/GitHub/Mushroomverse2/Проектик/Mushroomverse3 (рабочая версия)/Saved/Config/Windows/Scalability.ini]
[2024.04.07-19.44.05:308][  0]LogConfig: Setting CVar [[r.HairStrands.SkyLighting.IntegrationType:2]]
[2024.04.07-19.44.05:308][  0]LogConfig: Setting CVar [[r.HairStrands.SkyAO.SampleCount:4]]
[2024.04.07-19.44.05:308][  0]LogConfig: Setting CVar [[r.HairStrands.Visibility.MSAA.SamplePerPixel:4]]
[2024.04.07-19.44.05:308][  0]LogInit: Selected Device Profile: [Windows]
[2024.04.07-19.44.05:308][  0]LogInit: Applying CVar settings loaded from the selected device profile: [Windows]
[2024.04.07-19.44.05:308][  0]LogHAL: Display: Platform has ~ 16 GB [17135816704 / 17179869184 / 16], which maps to Larger [LargestMinGB=32, LargerMinGB=12, DefaultMinGB=8, SmallerMinGB=6, SmallestMinGB=0)
[2024.04.07-19.44.05:308][  0]LogInit: Going up to parent DeviceProfile []
[2024.04.07-19.44.05:308][  0]LogConfig: Applying CVar settings from Section [ViewDistanceQuality@3] File [C:/Users/Елена/Documents/GitHub/Mushroomverse2/Проектик/Mushroomverse3 (рабочая версия)/Saved/Config/Windows/Scalability.ini]
[2024.04.07-19.44.05:308][  0]LogConfig: Setting CVar [[r.SkeletalMeshLODBias:0]]
[2024.04.07-19.44.05:308][  0]LogConfig: Setting CVar [[r.ViewDistanceScale:1.0]]
[2024.04.07-19.44.05:308][  0]LogConfig: Applying CVar settings from Section [AntiAliasingQuality@3] File [C:/Users/Елена/Documents/GitHub/Mushroomverse2/Проектик/Mushroomverse3 (рабочая версия)/Saved/Config/Windows/Scalability.ini]
[2024.04.07-19.44.05:308][  0]LogConfig: Setting CVar [[r.PostProcessAAQuality:4]]
[2024.04.07-19.44.05:308][  0]LogConfig: Applying CVar settings from Section [ShadowQuality@3] File [C:/Users/Елена/Documents/GitHub/Mushroomverse2/Проектик/Mushroomverse3 (рабочая версия)/Saved/Config/Windows/Scalability.ini]
[2024.04.07-19.44.05:308][  0]LogConfig: Setting CVar [[r.LightFunctionQuality:1]]
[2024.04.07-19.44.05:309][  0]LogConfig: Setting CVar [[r.ShadowQuality:5]]
[2024.04.07-19.44.05:309][  0]LogConfig: Setting CVar [[r.Shadow.CSM.MaxCascades:10]]
[2024.04.07-19.44.05:309][  0]LogConfig: Setting CVar [[r.Shadow.MaxResolution:2048]]
[2024.04.07-19.44.05:309][  0]LogConfig: Setting CVar [[r.Shadow.MaxCSMResolution:2048]]
[2024.04.07-19.44.05:309][  0]LogConfig: Setting CVar [[r.Shadow.RadiusThreshold:0.01]]
[2024.04.07-19.44.05:309][  0]LogConfig: Setting CVar [[r.Shadow.DistanceScale:1.0]]
[2024.04.07-19.44.05:309][  0]LogConfig: Setting CVar [[r.Shadow.CSM.TransitionScale:1.0]]
[2024.04.07-19.44.05:309][  0]LogConfig: Setting CVar [[r.Shadow.PreShadowResolutionFactor:1.0]]
[2024.04.07-19.44.05:309][  0]LogConfig: Setting CVar [[r.DistanceFieldShadowing:1]]
[2024.04.07-19.44.05:309][  0]LogConfig: Setting CVar [[r.DistanceFieldAO:1]]
[2024.04.07-19.44.05:309][  0]LogConfig: Setting CVar [[r.AOQuality:2]]
[2024.04.07-19.44.05:309][  0]LogConfig: Setting CVar [[r.VolumetricFog:1]]
[2024.04.07-19.44.05:309][  0]LogConfig: Setting CVar [[r.VolumetricFog.GridPixelSize:8]]
[2024.04.07-19.44.05:309][  0]LogConfig: Setting CVar [[r.VolumetricFog.GridSizeZ:128]]
[2024.04.07-19.44.05:309][  0]LogConfig: Setting CVar [[r.VolumetricFog.HistoryMissSupersampleCount:4]]
[2024.04.07-19.44.05:309][  0]LogConfig: Setting CVar [[r.LightMaxDrawDistanceScale:1]]
[2024.04.07-19.44.05:309][  0]LogConfig: Setting CVar [[r.CapsuleShadows:1]]
[2024.04.07-19.44.05:309][  0]LogConfig: Applying CVar settings from Section [PostProcessQuality@3] File [C:/Users/Елена/Documents/GitHub/Mushroomverse2/Проектик/Mushroomverse3 (рабочая версия)/Saved/Config/Windows/Scalability.ini]
[2024.04.07-19.44.05:309][  0]LogConfig: Setting CVar [[r.MotionBlurQuality:4]]
[2024.04.07-19.44.05:309][  0]LogConfig: Setting CVar [[r.AmbientOcclusionMipLevelFactor:0.4]]
[2024.04.07-19.44.05:309][  0]LogConfig: Setting CVar [[r.AmbientOcclusionMaxQuality:100]]
[2024.04.07-19.44.05:309][  0]LogConfig: Setting CVar [[r.AmbientOcclusionLevels:-1]]
[2024.04.07-19.44.05:309][  0]LogConfig: Setting CVar [[r.AmbientOcclusionRadiusScale:1.0]]
[2024.04.07-19.44.05:309][  0]LogConfig: Setting CVar [[r.DepthOfFieldQuality:2]]
[2024.04.07-19.44.05:309][  0]LogConfig: Setting CVar [[r.RenderTargetPoolMin:400]]
[2024.04.07-19.44.05:309][  0]LogConfig: Setting CVar [[r.LensFlareQuality:2]]
[2024.04.07-19.44.05:309][  0]LogConfig: Setting CVar [[r.SceneColorFringeQuality:1]]
[2024.04.07-19.44.05:309][  0]LogConfig: Setting CVar [[r.EyeAdaptationQuality:2]]
[2024.04.07-19.44.05:309][  0]LogConfig: Setting CVar [[r.BloomQuality:5]]
[2024.04.07-19.44.05:309][  0]LogConfig: Setting CVar [[r.FastBlurThreshold:100]]
[2024.04.07-19.44.05:309][  0]LogConfig: Setting CVar [[r.Upscale.Quality:3]]
[2024.04.07-19.44.05:309][  0]LogConfig: Setting CVar [[r.Tonemapper.GrainQuantization:1]]
[2024.04.07-19.44.05:309][  0]LogConfig: Setting CVar [[r.LightShaftQuality:1]]
[2024.04.07-19.44.05:309][  0]LogConfig: Setting CVar [[r.Filter.SizeScale:1]]
[2024.04.07-19.44.05:309][  0]LogConfig: Setting CVar [[r.Tonemapper.Quality:5]]
[2024.04.07-19.44.05:309][  0]LogConfig: Setting CVar [[r.DOF.Gather.AccumulatorQuality:1        ; higher gathering accumulator quality]]
[2024.04.07-19.44.05:309][  0]LogConfig: Setting CVar [[r.DOF.Gather.PostfilterMethod:1          ; Median3x3 postfilering method]]
[2024.04.07-19.44.05:309][  0]LogConfig: Setting CVar [[r.DOF.Gather.EnableBokehSettings:0       ; no bokeh simulation when gathering]]
[2024.04.07-19.44.05:309][  0]LogConfig: Setting CVar [[r.DOF.Gather.RingCount:4                 ; medium number of samples when gathering]]
[2024.04.07-19.44.05:309][  0]LogConfig: Setting CVar [[r.DOF.Scatter.ForegroundCompositing:1    ; additive foreground scattering]]
[2024.04.07-19.44.05:309][  0]LogConfig: Setting CVar [[r.DOF.Scatter.BackgroundCompositing:2    ; additive background scattering]]
[2024.04.07-19.44.05:309][  0]LogConfig: Setting CVar [[r.DOF.Scatter.EnableBokehSettings:1      ; bokeh simulation when scattering]]
[2024.04.07-19.44.05:309][  0]LogConfig: Setting CVar [[r.DOF.Scatter.MaxSpriteRatio:0.1         ; only a maximum of 10% of scattered bokeh]]
[2024.04.07-19.44.05:309][  0]LogConfig: Setting CVar [[r.DOF.Recombine.Quality:1                ; cheap slight out of focus]]
[2024.04.07-19.44.05:309][  0]LogConfig: Setting CVar [[r.DOF.Recombine.EnableBokehSettings:0    ; no bokeh simulation on slight out of focus]]
[2024.04.07-19.44.05:309][  0]LogConfig: Setting CVar [[r.DOF.TemporalAAQuality:1                ; more stable temporal accumulation]]
[2024.04.07-19.44.05:309][  0]LogConfig: Setting CVar [[r.DOF.Kernel.MaxForegroundRadius:0.025]]
[2024.04.07-19.44.05:309][  0]LogConfig: Setting CVar [[r.DOF.Kernel.MaxBackgroundRadius:0.025]]
[2024.04.07-19.44.05:309][  0]LogConfig: Applying CVar settings from Section [TextureQuality@3] File [C:/Users/Елена/Documents/GitHub/Mushroomverse2/Проектик/Mushroomverse3 (рабочая версия)/Saved/Config/Windows/Scalability.ini]
[2024.04.07-19.44.05:309][  0]LogConfig: Setting CVar [[r.Streaming.MipBias:0]]
[2024.04.07-19.44.05:309][  0]LogConfig: Setting CVar [[r.Streaming.AmortizeCPUToGPUCopy:0]]
[2024.04.07-19.44.05:309][  0]LogConfig: Setting CVar [[r.Streaming.MaxNumTexturesToStreamPerFrame:0]]
[2024.04.07-19.44.05:309][  0]LogConfig: Setting CVar [[r.Streaming.Boost:1]]
[2024.04.07-19.44.05:309][  0]LogConfig: Setting CVar [[r.MaxAnisotropy:8]]
[2024.04.07-19.44.05:309][  0]LogConfig: Setting CVar [[r.VT.MaxAnisotropy:8]]
[2024.04.07-19.44.05:309][  0]LogConfig: Setting CVar [[r.Streaming.LimitPoolSizeToVRAM:0]]
[2024.04.07-19.44.05:309][  0]LogConfig: Setting CVar [[r.Streaming.PoolSize:1000]]
[2024.04.07-19.44.05:309][  0]LogConfig: Setting CVar [[r.Streaming.MaxEffectiveScreenSize:0]]
[2024.04.07-19.44.05:309][  0]LogConfig: Applying CVar settings from Section [EffectsQuality@3] File [C:/Users/Елена/Documents/GitHub/Mushroomverse2/Проектик/Mushroomverse3 (рабочая версия)/Saved/Config/Windows/Scalability.ini]
[2024.04.07-19.44.05:309][  0]LogConfig: Setting CVar [[r.TranslucencyLightingVolumeDim:64]]
[2024.04.07-19.44.05:309][  0]LogConfig: Setting CVar [[r.RefractionQuality:2]]
[2024.04.07-19.44.05:309][  0]LogConfig: Setting CVar [[r.SSR.Quality:3]]
[2024.04.07-19.44.05:309][  0]LogConfig: Setting CVar [[r.SSR.HalfResSceneColor:0]]
[2024.04.07-19.44.05:309][  0]LogConfig: Setting CVar [[r.SceneColorFormat:4]]
[2024.04.07-19.44.05:309][  0]LogConfig: Setting CVar [[r.DetailMode:2]]
[2024.04.07-19.44.05:309][  0]LogConfig: Setting CVar [[r.TranslucencyVolumeBlur:1]]
[2024.04.07-19.44.05:309][  0]LogConfig: Setting CVar [[r.MaterialQualityLevel:1 ; High quality]]
[2024.04.07-19.44.05:309][  0]LogConfig: Setting CVar [[r.AnisotropicMaterials:1]]
[2024.04.07-19.44.05:309][  0]LogConfig: Setting CVar [[r.SSS.Scale:1]]
[2024.04.07-19.44.05:309][  0]LogConfig: Setting CVar [[r.SSS.SampleSet:2]]
[2024.04.07-19.44.05:309][  0]LogConfig: Setting CVar [[r.SSS.Quality:1]]
[2024.04.07-19.44.05:309][  0]LogConfig: Setting CVar [[r.SSS.HalfRes:0]]
[2024.04.07-19.44.05:309][  0]LogConfig: Setting CVar [[r.SSGI.Quality:3]]
[2024.04.07-19.44.05:309][  0]LogConfig: Setting CVar [[r.EmitterSpawnRateScale:1.0]]
[2024.04.07-19.44.05:309][  0]LogConfig: Setting CVar [[r.ParticleLightQuality:2]]
[2024.04.07-19.44.05:309][  0]LogConfig: Setting CVar [[r.SkyAtmosphere.AerialPerspectiveLUT.FastApplyOnOpaque:1 ; Always have FastSkyLUT 1 in this case to avoid wrong sky]]
[2024.04.07-19.44.05:309][  0]LogConfig: Setting CVar [[r.SkyAtmosphere.AerialPerspectiveLUT.SampleCountMaxPerSlice:4]]
[2024.04.07-19.44.05:309][  0]LogConfig: Setting CVar [[r.SkyAtmosphere.AerialPerspectiveLUT.DepthResolution:16.0]]
[2024.04.07-19.44.05:310][  0]LogConfig: Setting CVar [[r.SkyAtmosphere.FastSkyLUT:1]]
[2024.04.07-19.44.05:310][  0]LogConfig: Setting CVar [[r.SkyAtmosphere.FastSkyLUT.SampleCountMin:4.0]]
[2024.04.07-19.44.05:310][  0]LogConfig: Setting CVar [[r.SkyAtmosphere.FastSkyLUT.SampleCountMax:128.0]]
[2024.04.07-19.44.05:310][  0]LogConfig: Setting CVar [[r.SkyAtmosphere.SampleCountMin:4.0]]
[2024.04.07-19.44.05:310][  0]LogConfig: Setting CVar [[r.SkyAtmosphere.SampleCountMax:128.0]]
[2024.04.07-19.44.05:310][  0]LogConfig: Setting CVar [[r.SkyAtmosphere.TransmittanceLUT.UseSmallFormat:0]]
[2024.04.07-19.44.05:310][  0]LogConfig: Setting CVar [[r.SkyAtmosphere.TransmittanceLUT.SampleCount:10.0]]
[2024.04.07-19.44.05:310][  0]LogConfig: Setting CVar [[r.SkyAtmosphere.MultiScatteringLUT.SampleCount:15.0]]
[2024.04.07-19.44.05:310][  0]LogConfig: Setting CVar [[r.SkyLight.RealTimeReflectionCapture:1]]
[2024.04.07-19.44.05:310][  0]LogConfig: Applying CVar settings from Section [FoliageQuality@3] File [C:/Users/Елена/Documents/GitHub/Mushroomverse2/Проектик/Mushroomverse3 (рабочая версия)/Saved/Config/Windows/Scalability.ini]
[2024.04.07-19.44.05:310][  0]LogConfig: Setting CVar [[foliage.DensityScale:1.0]]
[2024.04.07-19.44.05:310][  0]LogConfig: Setting CVar [[grass.DensityScale:1.0]]
[2024.04.07-19.44.05:310][  0]LogConfig: Applying CVar settings from Section [ShadingQuality@3] File [C:/Users/Елена/Documents/GitHub/Mushroomverse2/Проектик/Mushroomverse3 (рабочая версия)/Saved/Config/Windows/Scalability.ini]
[2024.04.07-19.44.05:310][  0]LogConfig: Setting CVar [[r.HairStrands.SkyLighting.IntegrationType:2]]
[2024.04.07-19.44.05:310][  0]LogConfig: Setting CVar [[r.HairStrands.SkyAO.SampleCount:4]]
[2024.04.07-19.44.05:310][  0]LogConfig: Setting CVar [[r.HairStrands.Visibility.MSAA.SamplePerPixel:4]]
[2024.04.07-19.44.05:310][  0]LogConfig: Applying CVar settings from Section [Startup] File [../../../Engine/Config/ConsoleVariables.ini]
[2024.04.07-19.44.05:310][  0]LogConfig: Setting CVar [[net.UseAdaptiveNetUpdateFrequency:0]]
[2024.04.07-19.44.05:310][  0]LogConfig: Setting CVar [[p.chaos.AllowCreatePhysxBodies:1]]
[2024.04.07-19.44.05:310][  0]LogConfig: Setting CVar [[fx.SkipVectorVMBackendOptimizations:1]]
[2024.04.07-19.44.05:310][  0]LogConfig: Applying CVar settings from Section [ConsoleVariables] File [C:/Users/Елена/Documents/GitHub/Mushroomverse2/Проектик/Mushroomverse3 (рабочая версия)/Saved/Config/Windows/Engine.ini]
[2024.04.07-19.44.05:310][  0]LogConfig: Applying CVar settings from Section [ConsoleVariables] File [C:/Users/Елена/Documents/GitHub/Mushroomverse2/Проектик/Mushroomverse3 (рабочая версия)/Saved/Config/Windows/Editor.ini]
[2024.04.07-19.44.05:310][  0]LogInit: Computer: DESKTOP-B5R1U3H
[2024.04.07-19.44.05:310][  0]LogInit: User: Елена
[2024.04.07-19.44.05:310][  0]LogInit: CPU Page size=4096, Cores=4
[2024.04.07-19.44.05:310][  0]LogInit: High frequency timer resolution =10.000000 MHz
[2024.04.07-19.44.05:310][  0]LogMemory: Memory total: Physical=16.0GB (16GB approx)
[2024.04.07-19.44.05:310][  0]LogMemory: Platform Memory Stats for Windows
[2024.04.07-19.44.05:310][  0]LogMemory: Process Physical Memory: 145.75 MB used, 145.75 MB peak
[2024.04.07-19.44.05:310][  0]LogMemory: Process Virtual Memory: 130.85 MB used, 130.85 MB peak
[2024.04.07-19.44.05:310][  0]LogMemory: Physical Memory: 8477.62 MB used,  7864.36 MB free, 16341.99 MB total
[2024.04.07-19.44.05:310][  0]LogMemory: Virtual Memory: 134209512.00 MB used,  8218.02 MB free, 134217728.00 MB total
[2024.04.07-19.44.05:318][  0]LogWindows: WindowsPlatformFeatures enabled
[2024.04.07-19.44.05:368][  0]LogInit: Physics initialised using underlying interface: PhysX
[2024.04.07-19.44.05:369][  0]LogInit: Using OS detected language (ru-RU).
[2024.04.07-19.44.05:369][  0]LogInit: Using OS detected locale (ru-RU).
[2024.04.07-19.44.05:370][  0]LogTextLocalizationManager: No specific localization for 'ru-RU' exists, so the 'ru' localization will be used.
[2024.04.07-19.44.05:372][  0]LogTextLocalizationResource: LocRes '../../../Engine/Content/Localization/Editor/ru/Editor.locres' could not be opened for reading!
[2024.04.07-19.44.05:372][  0]LogTextLocalizationResource: LocRes '../../../Engine/Content/Localization/EditorTutorials/ru/EditorTutorials.locres' could not be opened for reading!
[2024.04.07-19.44.05:372][  0]LogTextLocalizationResource: LocRes '../../../Engine/Content/Localization/Keywords/ru/Keywords.locres' could not be opened for reading!
[2024.04.07-19.44.05:372][  0]LogTextLocalizationResource: LocRes '../../../Engine/Content/Localization/Category/ru/Category.locres' could not be opened for reading!
[2024.04.07-19.44.05:372][  0]LogTextLocalizationResource: LocRes '../../../Engine/Content/Localization/ToolTips/ru/ToolTips.locres' could not be opened for reading!
[2024.04.07-19.44.05:372][  0]LogTextLocalizationResource: LocRes '../../../Engine/Content/Localization/PropertyNames/ru/PropertyNames.locres' could not be opened for reading!
[2024.04.07-19.44.05:372][  0]LogTextLocalizationResource: LocRes '../../../Engine/Content/Localization/Engine/ru/Engine.locres' could not be opened for reading!
[2024.04.07-19.44.05:526][  0]LogWindowsTextInputMethodSystem: Display: IME system deactivated.
[2024.04.07-19.44.05:546][  0]LogSlate: New Slate User Created.  User Index 0, Is Virtual User: 0
[2024.04.07-19.44.05:546][  0]LogSlate: Slate User Registered.  User Index 0, Is Virtual User: 0
[2024.04.07-19.44.05:564][  0]LogD3D11RHI: Loaded GFSDK_Aftermath_Lib.x64.dll
[2024.04.07-19.44.05:568][  0]LogHMD: Failed to initialize OpenVR with code 110
[2024.04.07-19.44.05:568][  0]LogD3D11RHI: D3D11 min allowed feature level: 11_0
[2024.04.07-19.44.05:568][  0]LogD3D11RHI: D3D11 max allowed feature level: 11_0
[2024.04.07-19.44.05:568][  0]LogD3D11RHI: D3D11 adapters:
[2024.04.07-19.44.05:770][  0]LogD3D11RHI:    0. 'NVIDIA GeForce GTX 1060 6GB' (Feature Level 11_0)
[2024.04.07-19.44.05:770][  0]LogD3D11RHI:       6043/0/8170 MB DedicatedVideo/DedicatedSystem/SharedSystem, Outputs:1, VendorId:0x10de
[2024.04.07-19.44.05:774][  0]LogD3D11RHI:    1. 'Microsoft Basic Render Driver' (Feature Level 11_0)
[2024.04.07-19.44.05:774][  0]LogD3D11RHI:       0/0/8170 MB DedicatedVideo/DedicatedSystem/SharedSystem, Outputs:0, VendorId:0x1414
[2024.04.07-19.44.05:774][  0]LogD3D11RHI: Chosen D3D11 Adapter:
[2024.04.07-19.44.05:774][  0]LogD3D11RHI:     Description : NVIDIA GeForce GTX 1060 6GB
[2024.04.07-19.44.05:774][  0]LogD3D11RHI:     VendorId    : 10de
[2024.04.07-19.44.05:774][  0]LogD3D11RHI:     DeviceId    : 1c03
[2024.04.07-19.44.05:774][  0]LogD3D11RHI:     SubSysId    : 37751458
[2024.04.07-19.44.05:774][  0]LogD3D11RHI:     Revision    : 00a1
[2024.04.07-19.44.05:774][  0]LogD3D11RHI:     DedicatedVideoMemory : 6336544768 bytes
[2024.04.07-19.44.05:774][  0]LogD3D11RHI:     DedicatedSystemMemory : 0 bytes
[2024.04.07-19.44.05:774][  0]LogD3D11RHI:     SharedSystemMemory : 8567908352 bytes
[2024.04.07-19.44.05:774][  0]LogD3D11RHI:     AdapterLuid : 0 112072
[2024.04.07-19.44.05:780][  0]LogD3D11RHI: Creating new Direct3DDevice
[2024.04.07-19.44.05:780][  0]LogD3D11RHI:     GPU DeviceId: 0x1c03 (for the marketing name, search the web for "GPU Device Id")
[2024.04.07-19.44.05:780][  0]LogWindows: EnumDisplayDevices:
[2024.04.07-19.44.05:780][  0]LogWindows:    0. 'NVIDIA GeForce GTX 1060 6GB' (P:1 D:1)
[2024.04.07-19.44.05:781][  0]LogWindows:    1. 'NVIDIA GeForce GTX 1060 6GB' (P:0 D:0)
[2024.04.07-19.44.05:781][  0]LogWindows:    2. 'NVIDIA GeForce GTX 1060 6GB' (P:0 D:0)
[2024.04.07-19.44.05:781][  0]LogWindows:    3. 'NVIDIA GeForce GTX 1060 6GB' (P:0 D:0)
[2024.04.07-19.44.05:782][  0]LogWindows: DebugString: FoundDriverCount:4 
[2024.04.07-19.44.05:782][  0]LogD3D11RHI:     Adapter Name: NVIDIA GeForce GTX 1060 6GB
[2024.04.07-19.44.05:782][  0]LogD3D11RHI:   Driver Version: 536.23 (internal:31.0.15.3623, unified:536.23)
[2024.04.07-19.44.05:782][  0]LogD3D11RHI:      Driver Date: 6-8-2023
[2024.04.07-19.44.05:782][  0]LogRHI: Texture pool is 4230 MB (70% of 6043 MB)
[2024.04.07-19.44.05:782][  0]LogD3D11RHI: Creating D3DDevice using adapter:
[2024.04.07-19.44.05:782][  0]LogD3D11RHI:     Description : NVIDIA GeForce GTX 1060 6GB
[2024.04.07-19.44.05:782][  0]LogD3D11RHI:     VendorId    : 10de
[2024.04.07-19.44.05:782][  0]LogD3D11RHI:     DeviceId    : 1c03
[2024.04.07-19.44.05:782][  0]LogD3D11RHI:     SubSysId    : 37751458
[2024.04.07-19.44.05:782][  0]LogD3D11RHI:     Revision    : 00a1
[2024.04.07-19.44.05:782][  0]LogD3D11RHI:     DedicatedVideoMemory : 6336544768 bytes
[2024.04.07-19.44.05:782][  0]LogD3D11RHI:     DedicatedSystemMemory : 0 bytes
[2024.04.07-19.44.05:782][  0]LogD3D11RHI:     SharedSystemMemory : 8567908352 bytes
[2024.04.07-19.44.05:782][  0]LogD3D11RHI:     AdapterLuid : 0 112072
[2024.04.07-19.44.05:887][  0]LogD3D11RHI: RHI has support for 64 bit atomics
[2024.04.07-19.44.05:888][  0]LogD3D11RHI: Async texture creation enabled
[2024.04.07-19.44.05:888][  0]LogD3D11RHI: Array index from any shader is supported
[2024.04.07-19.44.05:906][  0]LogD3D11RHI: GPU Timing Frequency: 1000.000000 (Debug: 2 1)
[2024.04.07-19.44.05:966][  0]LogRHI: GeForceNow SDK initialized: 1
[2024.04.07-19.44.06:361][  0]LogTargetPlatformManager: Display: Loaded TargetPlatform 'WindowsNoEditor'
[2024.04.07-19.44.06:365][  0]LogTargetPlatformManager: Display: Loaded TargetPlatform 'Windows'
[2024.04.07-19.44.06:369][  0]LogTargetPlatformManager: Display: Loaded TargetPlatform 'WindowsClient'
[2024.04.07-19.44.06:373][  0]LogTargetPlatformManager: Display: Loaded TargetPlatform 'WindowsServer'
[2024.04.07-19.44.06:373][  0]LogTargetPlatformManager: Display: Building Assets For Windows
[2024.04.07-19.44.06:379][  0]LogAudioDebug: Display: Lib vorbis DLL was dynamically loaded.
[2024.04.07-19.44.06:405][  0]LogTextureFormatOodle: Display: Oodle Texture 2.9.0 init RDO Off
[2024.04.07-19.44.06:435][  0]LogRendererCore: Ray tracing is disabled. Reason: r.RayTracing=0.
[2024.04.07-19.44.06:435][  0]LogShaderCompilers: Guid format shader working directory is -42 characters bigger than the processId version (C:/Users/Елена/Documents/GitHub/Mushroomverse2/Проектик/Mushroomverse3 (рабочая версия)/Intermediate/Shaders/WorkingDirectory/17196/).
[2024.04.07-19.44.06:435][  0]LogShaderCompilers: Cleaned the shader compiler working directory 'C:/Users/Елена/AppData/Local/Temp/UnrealShaderWorkingDir/82A4EA5742A823410033C8BA1862ABEC/'.
[2024.04.07-19.44.06:435][  0]LogXGEController: Cannot use XGE Controller as Incredibuild is not installed on this machine.
[2024.04.07-19.44.06:435][  0]LogShaderCompilers: Cannot use XGE Shader Compiler as Incredibuild is not installed on this machine.
[2024.04.07-19.44.06:435][  0]LogShaderCompilers: Display: Using Local Shader Compiler.
[2024.04.07-19.44.07:226][  0]LogDerivedDataCache: Display: Max Cache Size: 512 MB
[2024.04.07-19.44.07:309][  0]LogDerivedDataCache: Loaded boot cache 0.08s 94MB C:/Users/Елена/AppData/Local/UnrealEngine/4.27/DerivedDataCache/Boot.ddc.
[2024.04.07-19.44.07:309][  0]LogDerivedDataCache: Display: Loaded Boot cache: C:/Users/Елена/AppData/Local/UnrealEngine/4.27/DerivedDataCache/Boot.ddc
[2024.04.07-19.44.07:309][  0]LogDerivedDataCache: FDerivedDataBackendGraph:  Pak pak cache file C:/Users/Елена/Documents/GitHub/Mushroomverse2/Проектик/Mushroomverse3 (рабочая версия)/DerivedDataCache/DDC.ddp not found, will not use a pak cache.
[2024.04.07-19.44.07:309][  0]LogDerivedDataCache: Unable to find inner node Pak for hierarchical cache Hierarchy.
[2024.04.07-19.44.07:309][  0]LogDerivedDataCache: FDerivedDataBackendGraph:  CompressedPak pak cache file C:/Users/Елена/Documents/GitHub/Mushroomverse2/Проектик/Mushroomverse3 (рабочая версия)/DerivedDataCache/Compressed.ddp not found, will not use a pak cache.
[2024.04.07-19.44.07:309][  0]LogDerivedDataCache: Unable to find inner node CompressedPak for hierarchical cache Hierarchy.
[2024.04.07-19.44.07:325][  0]LogDerivedDataCache: Display: Pak cache opened for reading ../../../Engine/DerivedDataCache/Compressed.ddp.
[2024.04.07-19.44.07:325][  0]LogDerivedDataCache: FDerivedDataBackendGraph:  EnterprisePak pak cache file ../../../Enterprise/DerivedDataCache/Compressed.ddp not found, will not use a pak cache.
[2024.04.07-19.44.07:325][  0]LogDerivedDataCache: Unable to find inner node EnterprisePak for hierarchical cache Hierarchy.
[2024.04.07-19.44.07:332][  0]LogDerivedDataCache: Speed tests for C:/Users/Елена/AppData/Local/UnrealEngine/Common/DerivedDataCache took 0.01 seconds
[2024.04.07-19.44.07:332][  0]LogDerivedDataCache: Display: Performance to C:/Users/Елена/AppData/Local/UnrealEngine/Common/DerivedDataCache: Latency=0.03ms. RandomReadSpeed=1174.29MBs, RandomWriteSpeed=170.53MBs. Assigned SpeedClass 'Local'
[2024.04.07-19.44.07:333][  0]LogDerivedDataCache: Using Local data cache path C:/Users/Елена/AppData/Local/UnrealEngine/Common/DerivedDataCache: Writable
[2024.04.07-19.44.07:333][  0]LogDerivedDataCache: Shared data cache path not found in *engine.ini, will not use an Shared cache.
[2024.04.07-19.44.07:333][  0]LogDerivedDataCache: Unable to find inner node Shared for hierarchical cache Hierarchy.
[2024.04.07-19.44.07:409][  0]LogSlate: Using FreeType 2.10.0
[2024.04.07-19.44.07:409][  0]LogSlate: SlateFontServices - WITH_FREETYPE: 1, WITH_HARFBUZZ: 1
[2024.04.07-19.44.07:498][  0]LogInit: Using OS detected language (ru-RU).
[2024.04.07-19.44.07:498][  0]LogInit: Using OS detected locale (ru-RU).
[2024.04.07-19.44.07:498][  0]LogTextLocalizationManager: No localization for 'ru-RU' exists, so 'en' will be used for the language.
[2024.04.07-19.44.07:498][  0]LogTextLocalizationManager: No localization for 'ru-RU' exists, so 'en' will be used for the locale.
[2024.04.07-19.44.07:498][  0]LogSlate: FontCache flush requested. Reason: Culture for localization was changed
[2024.04.07-19.44.07:498][  0]LogSlate: FontCache flush requested. Reason: Culture for localization was changed
[2024.04.07-19.44.07:501][  0]LogAssetRegistry: FAssetRegistry took 0.0017 seconds to start up
[2024.04.07-19.44.07:671][  0]LogTextLocalizationManager: Compacting localization data took   0.00ms
[2024.04.07-19.44.07:671][  0]LogPackageLocalizationCache: Processed 27 localized package path(s) for 1 prioritized culture(s) in 0.001064 seconds
[2024.04.07-19.44.07:746][  0]LogInit: Selected Device Profile: [Windows]
[2024.04.07-19.44.07:746][  0]LogInit: Active device profile: [000002081D24ED00][000002081DFEA300 49] Windows
[2024.04.07-19.44.07:746][  0]LogInit: Profiles: [000002081D24ED00][000002081DFEA300 49] Windows, [000002081D1F9600][000002081DFEE5C0 49] WindowsNoEditor, [000002081D24E300][000002081DFF2880 49] WindowsServer, [000002081D1F9F00][000002081DFF6B40 49] WindowsClient, [000002081D24F600][000002081DFFAE00 49] IOS, [000002081D24E500][00000208154D30C0 49] iPadAir, [000002081D1FB700][00000208154D7380 49] iPadAir2, [000002081D1A8F00][00000208154EB8C0 49] IPadPro, [000002081D1A9000][00000208154DB900 49] iPadAir3, [000002081D1F8200][000002081DFE7B80 49] iPadAir4, [000002081D1A9D00][00000208154E2280 49] iPadMini2, [000002081D1F9000][00000208154E6540 49] iPadMini3, [000002081D1AA800][00000208154EE800 49] iPadMini4, [000002081D1F9C00][00000208154F2AC0 49] iPadMini5, [000002081D1B0900][0000020815507000 49] iPhone6, [000002081D1B0A00][00000208154F7040 49] iPodTouch6, [000002081D24E700][0000020814E0B580 49] iPhone7, [000002081D24DB00][00000208154FF5C0 49] iPodTouch7, [000002081D1B0200][0000020815503880 49] iPhone5S, [000002081D1A9900][00000208154FBB40 49] iPhone6Plus, [000002081D1B3A00][00000208154DE240 49] iPhone6S, [000002081D1A8E00][0000020814E064C0 49] iPhone6SPlus, [000002081D1B3300][0000020814E12780 49] iPhone7Plus, [000002081D1ABC00][0000020814E16A40 49] iPhoneSE, [000002081D1B0500][0000020814E1AD00 49] iPhone8, [000002081D1ABB00][0000020814E1EFC0 49] iPhone8Plus, [000002081D1B2400][0000020814E23280 49] iPhoneX, [000002081D1AA100][0000020814E27540 49] iPhoneXS, [000002081D1B3900][0000020814E2B800 49] iPhoneXSMax, [000002081D24D000][0000020814E2FAC0 49] iPhoneXR, [000002081D1B0C00][0000020814E32200 49] iPhone11, [000002081D24EE00][0000020814E0E480 49] iPhone11Pro, [000002081D1B2100][0000020814E36700 49] iPhone11ProMax, [000002081D24E800][0000020814E3E9C0 49] iPhoneSE2, [000002081D1B1500][0000020814E42C80 49] iPhone12Mini, [000002081D24C700][0000020814E46F40 49] iPhone12, [000002081D1B3400][0000020814E4B200 49] iPhone12Pro, [000002081D24D800][0000020814E4F4C0 49] iPhone12ProMax, [000002081D1B1A00][000002081E011780 49] iPadPro105, [000002081D24C100][000002081E015A40 49] iPadPro129, [000002081D1B3500][000002081E018180 49] iPadPro97, [000002081D24CB00][000002081E01C440 49] iPadPro2_129, [000002081D1B3F00][0000020814E3A6C0 49] iPad5, [000002081D24F300][000002081E020940 49] iPad6, [000002081D1B3E00][000002081E028C00 49] iPad7, [000002081D24E400][000002081E02CEC0 49] iPad8, [000002081D1B1800][000002081E031180 49] iPadPro11, [000002081D24D700][000002081E035440 49] iPadPro2_11, [000002081D1B3B00][000002081E039700 49] iPadPro3_129, [000002081D24C200][000002081E03D9C0 49] iPadPro4_129, [000002081D1B2800][000002081E040100 49] AppleTV, [000002081D24DF00][000002081E0443C0 49] AppleTV4K, [000002081D1B3000][000002081E048680 49] TVOS, [000002081D24E900][000002081E024900 49] Mac, [000002081D1B1700][000002081E04CB80 49] MacClient, [000002081D24CD00][000002081E054E40 49] MacNoEditor, [000002081D1B3200][000002081E059100 49] MacServer, [000002081D24F500][000002081E05D3C0 49] Linux, [000002081D1B1300][000002081E061680 49] LinuxAArch64, [000002081D24D100][000002081E065940 49] LinuxNoEditor, [000002081D1B0B00][000002081E069C00 49] LinuxAArch64NoEditor, [000002081D24D300][000002081E06C340 49] LinuxClient, [000002081D1B2B00][000002081E070600 49] LinuxAArch64Client, [000002081D24EB00][000002081E0748C0 49] LinuxServer, [000002081D1B2700][000002081E050B40 49] LinuxAArch64Server, [000002081D24EC00][000002081E078DC0 49] Android, [000002081D1B0300][000002081E081080 49] Android_Low, [000002081D24E200][000002081E085340 49] Android_Mid, [000002081D1B3C00][000002081E089600 49] Android_High, [000002081D24F100][000002081E08D8C0 49] Android_Default, [000002081D1B1E00][000002081E091B80 49] Android_Adreno4xx, [000002081D1AAC00][000002081E0942C0 49] Android_Adreno5xx_Low, [000002081D1FBB00][000002081E098580 49] Android_Adreno5xx, [000002081D1A8300][000002081E09C840 49] Android_Adreno6xx, [000002081D1FAA00][000002081E0A0B00 49] Android_Adreno6xx_Vulkan, [000002081D1A8C00][000002081E07CD80 49] Android_Mali_T6xx, [000002081D1FAF00][000002081E0A9040 49] Android_Mali_T7xx, [000002081D1A8800][000002081E0AD300 49] Android_Mali_T8xx, [000002081D1F8500][000002081E0B15C0 49] Android_Mali_G71, [000002081D1AB600][000002081E0B5880 49] Android_Mali_G72, [000002081D1F8700][000002081E0B9B40 49] Android_Mali_G72_Vulkan, [000002081D1A8400][000002081E0BC280 49] Android_Mali_G76, [000002081D1FB100][000002081E0C0540 49] Android_Mali_G76_Vulkan, [000002081D1A8A00][000002081E0C4800 49] Android_Mali_G77, [000002081D1FA200][000002081E0C8AC0 49] Android_Mali_G77_Vulkan, [000002081D1A8600][000002081E0A4D40 49] Android_Mali_G78, [000002081D1F8E00][000002081E0CCFC0 49] Android_Mali_G78_Vulkan, [000002081D1A9400][000002081E0D5280 49] Android_Mali_G710, [000002081D1FAE00][000002081E0D9540 49] Android_Mali_G710_Vulkan, [000002081D1A9C00][000002081E0DD800 49] Android_Vulkan_SM5, [000002081D1FA800][000002081E0E1AC0 49] Android_PowerVR_G6xxx, [000002081D1AAA00][000002081E0E4200 49] Android_PowerVR_GT7xxx, [000002081D1F9700][000002081E0E84C0 49] Android_PowerVR_GE8xxx, [000002081D1AA000][000002081E0EC780 49] Android_PowerVR_GM9xxx, [000002081D1F8A00][000002081E0F0A40 49] Android_PowerVR_GM9xxx_Vulkan, [000002081D1AB200][000002081E0F4D00 49] Android_TegraK1, [000002081D1F8600][000002081E0D0F80 49] Android_Unknown_Vulkan, [000002081D1A8900][000002081E0F9200 49] Lumin, [000002081D1F9800][000002081E1014C0 49] Lumin_Desktop, [000002081D1A9700][000002081E105780 49] HoloLens, 
[2024.04.07-19.44.07:781][  0]LogMeshReduction: Using QuadricMeshReduction for automatic static mesh reduction
[2024.04.07-19.44.07:781][  0]LogMeshReduction: Using SimplygonMeshReduction for automatic skeletal mesh reduction
[2024.04.07-19.44.07:781][  0]LogMeshReduction: Using ProxyLODMeshReduction for automatic mesh merging
[2024.04.07-19.44.07:781][  0]LogMeshReduction: No distributed automatic mesh merging module available
[2024.04.07-19.44.07:781][  0]LogMeshMerging: No distributed automatic mesh merging module available
[2024.04.07-19.44.07:898][  0]LogNetVersion: Mushroomverse3 1.0.0, NetCL: 17155196, EngineNetVer: 17, GameNetVer: 0 (Checksum: 1885281503)
[2024.04.07-19.44.08:348][  0]LogTexture: Default maximum texture size for cubemaps generated from long-lat sources has been changed from 512 to unlimited. In order to preserve old behaiour for '/Engine/MapTemplates/Sky/DaylightAmbientCubemap.DaylightAmbientCubemap', its maximum texture size has been explicitly set to 512.
[2024.04.07-19.44.08:411][  0]LogHMD: PokeAHoleMaterial loaded successfully
[2024.04.07-19.44.08:555][  0]LogMoviePlayer: Initializing movie player
[2024.04.07-19.44.08:657][  0]LogNiagaraDebuggerClient: Niagara Debugger Client Initialized | Session: 54CAE86944D0D737B8679F82EC6C930F | Instance: 5F59AF54409B99721C0028B63318308C (DESKTOP-B5R1U3H-17196).
[2024.04.07-19.44.08:677][  0]LogCollectionManager: Loaded 0 collections in 0.000899 seconds
[2024.04.07-19.44.08:678][  0]LogFileCache: Scanning file cache for directory 'C:/Users/Елена/Documents/GitHub/Mushroomverse2/Проектик/Mushroomverse3 (рабочая версия)/Saved/Collections/' took 0.00s
[2024.04.07-19.44.08:678][  0]LogFileCache: Scanning file cache for directory 'C:/Users/Елена/Documents/GitHub/Mushroomverse2/Проектик/Mushroomverse3 (рабочая версия)/Content/Developers/Елена/Collections/' took 0.00s
[2024.04.07-19.44.08:678][  0]LogFileCache: Scanning file cache for directory 'C:/Users/Елена/Documents/GitHub/Mushroomverse2/Проектик/Mushroomverse3 (рабочая версия)/Content/Collections/' took 0.00s
[2024.04.07-19.44.08:678][  0]LogCollectionManager: Fixed up redirectors for 0 collections in 0.000002 seconds (updated 0 objects)
[2024.04.07-19.44.08:693][  0]LogPython: Using Python 3.7.7
[2024.04.07-19.44.09:293][  0]LogTcpMessaging: Initializing TcpMessaging bridge
[2024.04.07-19.44.09:297][  0]LogUdpMessaging: Initializing bridge on interface 0.0.0.0:0 to multicast group 230.0.0.1:6666.
[2024.04.07-19.44.09:375][  0]SourceControl: Source control is disabled
[2024.04.07-19.44.09:375][  0]SourceControl: Source control is disabled
[2024.04.07-19.44.09:378][  0]SourceControl: Source control is disabled
[2024.04.07-19.44.09:385][  0]LogUProjectInfo: Found projects:
[2024.04.07-19.44.09:387][  0]LogVSAccessor: Display: Unable to create Visual Studio setup instance: 80040154
[2024.04.07-19.44.09:387][  0]LogVSAccessor: Display: Unable to create Visual Studio setup instance: 80040154
[2024.04.07-19.44.09:388][  0]LogVSAccessor: Display: Unable to create Visual Studio setup instance: 80040154
[2024.04.07-19.44.09:455][  0]LogOpenImageDenoise: OIDN starting up
[2024.04.07-19.44.09:484][  0]LogAndroidPermission: UAndroidPermissionCallbackProxy::GetInstance
[2024.04.07-19.44.09:501][  0]LogAudioCaptureCore: Display: No Audio Capture implementations found. Audio input will be silent.
[2024.04.07-19.44.09:501][  0]LogAudioCaptureCore: Display: No Audio Capture implementations found. Audio input will be silent.
[2024.04.07-19.44.09:567][  0]LogOcInput: OculusInput pre-init called
[2024.04.07-19.44.09:578][  0]LogUObjectArray: 22121 objects as part of root set at end of initial load.
[2024.04.07-19.44.09:578][  0]LogUObjectAllocator: 5975632 out of 0 bytes used by permanent object pool.
[2024.04.07-19.44.09:578][  0]LogUObjectArray: CloseDisregardForGC: 0/0 objects in disregard for GC pool
[2024.04.07-19.44.09:620][  0]LogEngine: Initializing Engine...
[2024.04.07-19.44.09:623][  0]LogHMD: Failed to enumerate extensions. Please check that you have a valid OpenXR runtime installed.
[2024.04.07-19.44.09:623][  0]LogHMD: Failed to initialize OpenVR with code 110
[2024.04.07-19.44.09:623][  0]LogMagicLeap: Warning: VR disabled because ZI is not enabled.  To enable, in the editor, Edit -> Project Settings -> Plugins -> Magic Leap Plugin -> Enable Zero Iteration
[2024.04.07-19.44.09:624][  0]LogStats: UGameplayTagsManager::InitializeManager -  0.000 s
[2024.04.07-19.44.09:728][  0]LogInit: Initializing FReadOnlyCVARCache
[2024.04.07-19.44.09:728][  0]LogAudio: Display: Initializing Audio Device Manager...
[2024.04.07-19.44.09:731][  0]LogAudio: Display: Loading Default Audio Settings Objects...
[2024.04.07-19.44.09:732][  0]LogAudio: Display: No default SoundConcurrencyObject specified (or failed to load).
[2024.04.07-19.44.09:732][  0]LogAudio: Display: Audio Device Manager Initialized
[2024.04.07-19.44.09:732][  0]LogAudio: Display: Creating Audio Device:                 Id: 1, Scope: Shared, Realtime: True
[2024.04.07-19.44.09:733][  0]LogAudioMixer: Display: Audio Mixer Platform Settings:
[2024.04.07-19.44.09:733][  0]LogAudioMixer: Display: 	Sample Rate:						  48000
[2024.04.07-19.44.09:733][  0]LogAudioMixer: Display: 	Callback Buffer Frame Size Requested: 1024
[2024.04.07-19.44.09:733][  0]LogAudioMixer: Display: 	Callback Buffer Frame Size To Use:	  1024
[2024.04.07-19.44.09:733][  0]LogAudioMixer: Display: 	Number of buffers to queue:			  2
[2024.04.07-19.44.09:733][  0]LogAudioMixer: Display: 	Max Channels (voices):				  32
[2024.04.07-19.44.09:733][  0]LogAudioMixer: Display: 	Number of Async Source Workers:		  0
[2024.04.07-19.44.09:733][  0]LogAudio: Display: AudioDevice MaxSources: 32
[2024.04.07-19.44.09:733][  0]LogAudio: Display: Audio Spatialization Plugin: None (built-in).
[2024.04.07-19.44.09:733][  0]LogAudio: Display: Audio Reverb Plugin: None (built-in).
[2024.04.07-19.44.09:733][  0]LogAudio: Display: Audio Occlusion Plugin: None (built-in).
[2024.04.07-19.44.09:733][  0]LogAudioMixer: Display: Initializing audio mixer.
[2024.04.07-19.44.09:750][  0]LogAudioMixer: Display: 0: FrontLeft
[2024.04.07-19.44.09:750][  0]LogAudioMixer: Display: 1: FrontRight
[2024.04.07-19.44.09:838][  0]LogAudioMixer: Display: Using Audio Device Динамики (Realtek High Definition Audio)
[2024.04.07-19.44.09:845][  0]LogAudioMixer: Display: Initializing Sound Submixes...
[2024.04.07-19.44.09:847][  0]LogAudioMixer: Display: Creating Master Submix 'MasterSubmixDefault'
[2024.04.07-19.44.09:847][  0]LogAudioMixer: Display: Creating Master Submix 'MasterReverbSubmixDefault'
[2024.04.07-19.44.09:849][  0]LogAudioMixer: Display: Creating Master Submix 'MasterEQSubmixDefault'
[2024.04.07-19.44.09:849][  0]LogAudioMixer: FMixerPlatformXAudio2::StartAudioStream() called
[2024.04.07-19.44.09:849][  0]LogAudioMixer: Display: Output buffers initialized: Frames=1024, Channels=2, Samples=2048
[2024.04.07-19.44.09:850][  0]LogAudioMixer: Display: Starting AudioMixerPlatformInterface::RunInternal()
[2024.04.07-19.44.09:850][  0]LogAudioMixer: Display: FMixerPlatformXAudio2::SubmitBuffer() called for the first time
[2024.04.07-19.44.09:850][  0]LogInit: FAudioDevice initialized.
[2024.04.07-19.44.09:851][  0]LogNetVersion: Set ProjectVersion to 1.0.0.0. Version Checksum will be recalculated on next use.
[2024.04.07-19.44.09:856][  0]LogInit: Texture streaming: Enabled
[2024.04.07-19.44.10:363][  0]LogAudio: Display: Audio Device (ID: 1) registered with world 'Untitled'.
[2024.04.07-19.44.10:364][  0]LogSlate: Updating window title bar state: overlay mode, drag disabled, window buttons hidden, title bar hidden
[2024.04.07-19.44.10:364][  0]LogInit: Display: Game Engine Initialized.
[2024.04.07-19.44.10:387][  0]LogNiagaraEditor: GEditor isn't valid! Particle reset commands will not work for Niagara components!
[2024.04.07-19.44.10:498][  0]LogInit: Display: Starting Game.
[2024.04.07-19.44.10:498][  0]LogNet: Browse: /Game/FirstPersonBP/Maps/FirstPersonExampleMap?Name=Player
[2024.04.07-19.44.10:498][  0]LogLoad: LoadMap: /Game/FirstPersonBP/Maps/FirstPersonExampleMap?Name=Player
[2024.04.07-19.44.10:498][  0]LogWorld: BeginTearingDown for /Temp/Untitled_0
[2024.04.07-19.44.10:500][  0]LogWorld: UWorld::CleanupWorld for Untitled, bSessionEnded=true, bCleanupResources=true
[2024.04.07-19.44.10:500][  0]LogSlate: InvalidateAllWidgets triggered.  All widgets were invalidated
[2024.04.07-19.44.10:504][  0]LogAudio: Display: Audio Device unregistered from world 'None'.
[2024.04.07-19.44.10:507][  0]LogUObjectHash: Compacting FUObjectHashTables data took   0.66ms
[2024.04.07-19.44.10:559][  0]LogUObjectGlobals: Warning: Failed to load '/Game/runner/1doroga': Can't find file.
[2024.04.07-19.44.10:561][  0]LogUObjectGlobals: Warning: Failed to load '/Game/runner/1doroga': Can't find file.
[2024.04.07-19.44.10:562][  0]LogUObjectGlobals: Warning: [AssetLog] C:\Users\Елена\Documents\GitHub\Mushroomverse2\Проектик\Mushroomverse3 (рабочая версия)\Content\FirstPersonBP\Blueprints\FirstPersonGameMode.uasset: Failed to load '/Game/runner/1doroga': Can't find file.
[2024.04.07-19.44.10:562][  0]LogUObjectGlobals: Warning: [AssetLog] C:\Users\Елена\Documents\GitHub\Mushroomverse2\Проектик\Mushroomverse3 (рабочая версия)\Content\FirstPersonBP\Blueprints\FirstPersonGameMode.uasset: Failed to load '/Game/runner/1doroga': Can't find file.
[2024.04.07-19.44.10:562][  0]LogUObjectGlobals: Warning: [AssetLog] C:\Users\Елена\Documents\GitHub\Mushroomverse2\Проектик\Mushroomverse3 (рабочая версия)\Content\FirstPersonBP\Blueprints\FirstPersonGameMode.uasset: Failed to load '/Game/runner/1doroga': Can't find file.
[2024.04.07-19.44.10:563][  0]LogUObjectGlobals: Warning: [AssetLog] C:\Users\Елена\Documents\GitHub\Mushroomverse2\Проектик\Mushroomverse3 (рабочая версия)\Content\FirstPersonBP\Blueprints\FirstPersonGameMode.uasset: Failed to load '/Game/runner/1doroga': Can't find file.
[2024.04.07-19.44.10:563][  0]LogUObjectGlobals: Warning: [AssetLog] C:\Users\Елена\Documents\GitHub\Mushroomverse2\Проектик\Mushroomverse3 (рабочая версия)\Content\FirstPersonBP\Blueprints\FirstPersonGameMode.uasset: Failed to load '/Game/runner/1doroga': Can't find file.
[2024.04.07-19.44.10:563][  0]LogUObjectGlobals: Warning: [AssetLog] C:\Users\Елена\Documents\GitHub\Mushroomverse2\Проектик\Mushroomverse3 (рабочая версия)\Content\FirstPersonBP\Blueprints\FirstPersonGameMode.uasset: Failed to load '/Game/runner/1doroga': Can't find file.
[2024.04.07-19.44.10:624][  0]LogBlueprint: Error: [AssetLog] C:\Users\Елена\Documents\GitHub\Mushroomverse2\Проектик\Mushroomverse3 (рабочая версия)\Content\FirstPersonBP\Blueprints\FirstPersonGameMode.uasset: [Compiler] Spawn node  SpawnActor NONE  must have a  Class  specified.
[2024.04.07-19.44.10:625][  0]LogBlueprint: Warning: [AssetLog] C:\Users\Елена\Documents\GitHub\Mushroomverse2\Проектик\Mushroomverse3 (рабочая версия)\Content\FirstPersonBP\Blueprints\FirstPersonGameMode.uasset: [Compiler] Input pin  Instigator  specifying non-default value no longer exists on node  SpawnActor NONE . Please refresh node or reset pin to default value to remove pin.
[2024.04.07-19.44.10:625][  0]LogBlueprint: Error: [AssetLog] C:\Users\Елена\Documents\GitHub\Mushroomverse2\Проектик\Mushroomverse3 (рабочая версия)\Content\FirstPersonBP\Blueprints\FirstPersonGameMode.uasset: [Compiler] In use pin  As1doroga  no longer exists on node  Bad cast node . Please refresh node or break links to remove pin.
[2024.04.07-19.44.10:625][  0]LogBlueprint: Warning: [AssetLog] C:\Users\Елена\Documents\GitHub\Mushroomverse2\Проектик\Mushroomverse3 (рабочая версия)\Content\FirstPersonBP\Blueprints\FirstPersonGameMode.uasset: [Compiler] Could not find a variable named "Spawnpoint" in 'FirstPersonGameMode'.
Make sure 'FirstPersonGameMode' has been compiled for  Get Spawnpoint
[2024.04.07-19.44.10:921][  0]LogAudio: Display: Audio Device (ID: 1) registered with world 'FirstPersonExampleMap'.
[2024.04.07-19.44.10:928][  0]LogAIModule: Creating AISystem for world FirstPersonExampleMap
[2024.04.07-19.44.10:928][  0]LogLoad: Game class is 'FirstPersonGameMode_C'
[2024.04.07-19.44.10:931][  0]LogChildActorComponent: Error: Found cycle in child actor component '/Game/FirstPersonBP/Maps/FirstPersonExampleMap.FirstPersonExampleMap:PersistentLevel.BP_TunnelSpawner2_6.BP_TunnelSpawner'.  Not spawning Actor of class 'BP_TunnelSpawner_C' to break.
[2024.04.07-19.44.10:931][  0]LogChildActorComponent: Error: Found cycle in child actor component '/Game/FirstPersonBP/Maps/FirstPersonExampleMap.FirstPersonExampleMap:PersistentLevel.BP_TunnelSpawner_3.BP_TunnelSpawner'.  Not spawning Actor of class 'BP_TunnelSpawner_C' to break.
[2024.04.07-19.44.10:932][  0]LogChildActorComponent: Error: Found cycle in child actor component '/Game/FirstPersonBP/Maps/FirstPersonExampleMap.FirstPersonExampleMap:PersistentLevel.BP_TunnelSpawner2_6.BP_TunnelSpawner'.  Not spawning Actor of class 'BP_TunnelSpawner_C' to break.
[2024.04.07-19.44.10:932][  0]LogChildActorComponent: Error: Found cycle in child actor component '/Game/FirstPersonBP/Maps/FirstPersonExampleMap.FirstPersonExampleMap:PersistentLevel.BP_TunnelSpawner2_6.BP_TunnelSpawner'.  Not spawning Actor of class 'BP_TunnelSpawner_C' to break.
[2024.04.07-19.44.10:932][  0]LogChildActorComponent: Error: Found cycle in child actor component '/Game/FirstPersonBP/Maps/FirstPersonExampleMap.FirstPersonExampleMap:PersistentLevel.BP_TunnelSpawner2_6.BP_TunnelSpawner'.  Not spawning Actor of class 'BP_TunnelSpawner_C' to break.
[2024.04.07-19.44.10:932][  0]LogChildActorComponent: Error: Found cycle in child actor component '/Game/FirstPersonBP/Maps/FirstPersonExampleMap.FirstPersonExampleMap:PersistentLevel.BP_TunnelSpawner_3.BP_TunnelSpawner'.  Not spawning Actor of class 'BP_TunnelSpawner_C' to break.
[2024.04.07-19.44.10:932][  0]LogChildActorComponent: Error: Found cycle in child actor component '/Game/FirstPersonBP/Maps/FirstPersonExampleMap.FirstPersonExampleMap:PersistentLevel.BP_TunnelSpawner_3.BP_TunnelSpawner'.  Not spawning Actor of class 'BP_TunnelSpawner_C' to break.
[2024.04.07-19.44.10:932][  0]LogChildActorComponent: Error: Found cycle in child actor component '/Game/FirstPersonBP/Maps/FirstPersonExampleMap.FirstPersonExampleMap:PersistentLevel.BP_TunnelSpawner_3.BP_TunnelSpawner'.  Not spawning Actor of class 'BP_TunnelSpawner_C' to break.
[2024.04.07-19.44.10:933][  0]LogWorld: Bringing World /Game/FirstPersonBP/Maps/FirstPersonExampleMap.FirstPersonExampleMap up for play (max tick rate 0) at 2024.04.07-22.44.10
[2024.04.07-19.44.10:933][  0]LogWorld: Bringing up level for play took: 0.003718
[2024.04.07-19.44.11:310][  0]LogLoad: Took 0.812873 seconds to LoadMap(/Game/FirstPersonBP/Maps/FirstPersonExampleMap)
[2024.04.07-19.44.11:390][  0]LogSlate: Took 0.000191 seconds to synchronously load lazily loaded font '../../../Engine/Content/Slate/Fonts/Roboto-Regular.ttf' (155K)
[2024.04.07-19.44.11:431][  0]LogRenderer: Reallocating scene render targets to support 1280x720 Format 10 NumSamples 1 (Frame:1).
[2024.04.07-19.44.11:431][  0]LogInit: Display: Engine is initialized. Leaving FEngineLoop::Init()
[2024.04.07-19.44.11:431][  0]LogLoad: (Engine Initialization) Total time: 7.57 seconds
[2024.04.07-19.44.11:431][  0]LogLoad: (Engine Initialization) Total Blueprint compile time: 0.00 seconds
[2024.04.07-19.44.11:475][  0]LogContentStreaming: Texture pool size now 1000 MB
[2024.04.07-19.44.11:486][  0]LogSlate: InvalidateAllWidgets triggered.  All widgets were invalidated
[2024.04.07-19.44.11:877][  0]LogRenderer: Reallocating scene render targets to support 128x128 Format 10 NumSamples 1 (Frame:1).
[2024.04.07-19.44.11:955][  0]LogRenderer: Reallocating scene render targets to support 1280x720 Format 10 NumSamples 1 (Frame:2).
[2024.04.07-19.44.12:372][  1]LogSlate: Took 0.000229 seconds to synchronously load lazily loaded font '../../../Engine/Content/Slate/Fonts/Roboto-Regular.ttf' (155K)
[2024.04.07-19.44.18:755][180]LogSlate: Window 'Mushroomverse3 (64-bit Development PCD3D_SM5) ' being destroyed
[2024.04.07-19.44.18:756][180]LogWindowsTextInputMethodSystem: Display: IME system deactivated.
[2024.04.07-19.44.18:763][180]LogSlate: Updating window title bar state: overlay mode, drag disabled, window buttons hidden, title bar hidden
[2024.04.07-19.44.18:763][180]LogEngine: All Windows Closed
[2024.04.07-19.44.18:763][180]LogWindows: FPlatformMisc::RequestExit(0)
[2024.04.07-19.44.18:763][180]LogWindows: FPlatformMisc::RequestExitWithStatus(0, 0)
[2024.04.07-19.44.18:763][180]LogCore: Engine exit requested (reason: Win RequestExit)
[2024.04.07-19.44.18:763][181]LogCore: Engine exit requested (reason: EngineExit() was called; note: exit was already requested)
[2024.04.07-19.44.18:763][181]LogInit: Display: PreExit Game.
[2024.04.07-19.44.18:778][181]LogWorld: BeginTearingDown for /Game/FirstPersonBP/Maps/FirstPersonExampleMap
[2024.04.07-19.44.18:779][181]LogWorld: UWorld::CleanupWorld for FirstPersonExampleMap, bSessionEnded=true, bCleanupResources=true
[2024.04.07-19.44.18:785][181]LogSlate: InvalidateAllWidgets triggered.  All widgets were invalidated
[2024.04.07-19.44.19:631][181]LogAudio: Display: Beginning Audio Device Manager Shutdown (Module: AudioMixerXAudio2)...
[2024.04.07-19.44.19:631][181]LogAudio: Display: Destroying 1 Remaining Audio Device(s)...
[2024.04.07-19.44.19:631][181]LogAudio: Display: Audio Device unregistered from world 'FirstPersonExampleMap'.
[2024.04.07-19.44.19:665][181]LogAudioMixer: FMixerPlatformXAudio2::StopAudioStream() called
[2024.04.07-19.44.19:666][181]LogAudioMixer: FMixerPlatformXAudio2::StopAudioStream() called
[2024.04.07-19.44.19:672][181]LogAudio: Display: Audio Device Manager Shutdown
[2024.04.07-19.44.19:674][181]LogExit: Preparing to exit.
[2024.04.07-19.44.20:309][181]LogSlate: Updating window title bar state: overlay mode, drag disabled, window buttons hidden, title bar hidden
[2024.04.07-19.44.20:316][181]LogUObjectHash: Compacting FUObjectHashTables data took   0.95ms
[2024.04.07-19.44.20:345][181]LogMoviePlayer: Shutting down movie player
[2024.04.07-19.44.20:443][181]LogDemo: Cleaned up 0 splitscreen connections with owner deletion
[2024.04.07-19.44.20:445][181]LogExit: Game engine shut down
[2024.04.07-19.44.20:493][181]LogExit: Object subsystem successfully closed.
[2024.04.07-19.44.20:504][181]LogShaderCompilers: Display: === FShaderJobCache stats ===
[2024.04.07-19.44.20:504][181]LogShaderCompilers: Display: Total job queries 0, among them cache hits 0 (0.00%)
[2024.04.07-19.44.20:504][181]LogShaderCompilers: Display: Tracking 0 distinct input hashes that result in 0 distinct outputs (0.00%)
[2024.04.07-19.44.20:504][181]LogShaderCompilers: Display: RAM used: 0.00 MB (0.00 GB) of 819.20 MB (0.80 GB) budget. Usage: 0.00%
[2024.04.07-19.44.20:504][181]LogShaderCompilers: Display: ================================================
[2024.04.07-19.44.20:521][181]LogShaderCompilers: Display: Shaders left to compile 0
[2024.04.07-19.44.20:531][181]LogModuleManager: Shutting down and abandoning module SequenceRecorderSections (560)
[2024.04.07-19.44.20:531][181]LogModuleManager: Shutting down and abandoning module SequenceRecorder (558)
[2024.04.07-19.44.20:531][181]LogModuleManager: Shutting down and abandoning module AutomationController (556)
[2024.04.07-19.44.20:531][181]LogModuleManager: Shutting down and abandoning module AutomationWorker (554)
[2024.04.07-19.44.20:531][181]LogModuleManager: Shutting down and abandoning module Voice (552)
[2024.04.07-19.44.20:531][181]LogModuleManager: Shutting down and abandoning module AIModule (550)
[2024.04.07-19.44.20:531][181]LogModuleManager: Shutting down and abandoning module GameplayDebugger (549)
[2024.04.07-19.44.20:531][181]LogModuleManager: Shutting down and abandoning module AITestSuite (547)
[2024.04.07-19.44.20:531][181]LogModuleManager: Shutting down and abandoning module NavigationSystem (545)
[2024.04.07-19.44.20:531][181]LogModuleManager: Shutting down and abandoning module AnimGraph (542)
[2024.04.07-19.44.20:531][181]LogModuleManager: Shutting down and abandoning module SteamVREditor (540)
[2024.04.07-19.44.20:531][181]LogModuleManager: Shutting down and abandoning module ToolMenus (539)
[2024.04.07-19.44.20:531][181]LogModuleManager: Shutting down and abandoning module OculusMR (536)
[2024.04.07-19.44.20:531][181]LogModuleManager: Shutting down and abandoning module TakeRecorderSources (534)
[2024.04.07-19.44.20:531][181]LogModuleManager: Shutting down and abandoning module TakeRecorder (533)
[2024.04.07-19.44.20:531][181]LogModuleManager: Shutting down and abandoning module TakeTrackRecorders (530)
[2024.04.07-19.44.20:531][181]LogModuleManager: Shutting down and abandoning module TakesCore (528)
[2024.04.07-19.44.20:531][181]LogModuleManager: Shutting down and abandoning module OpenXRInput (526)
[2024.04.07-19.44.20:531][181]LogModuleManager: Shutting down and abandoning module WmfMediaFactory (524)
[2024.04.07-19.44.20:531][181]LogModuleManager: Shutting down and abandoning module WebMMediaFactory (522)
[2024.04.07-19.44.20:531][181]LogModuleManager: Shutting down and abandoning module WebMMedia (520)
[2024.04.07-19.44.20:531][181]LogModuleManager: Shutting down and abandoning module OpenExrWrapper (518)
[2024.04.07-19.44.20:531][181]LogModuleManager: Shutting down and abandoning module ImgMediaFactory (516)
[2024.04.07-19.44.20:531][181]LogModuleManager: Shutting down and abandoning module AvfMediaFactory (514)
[2024.04.07-19.44.20:531][181]LogModuleManager: Shutting down and abandoning module MagicLeapMediaCodecFactory (512)
[2024.04.07-19.44.20:531][181]LogModuleManager: Shutting down and abandoning module MagicLeapMediaFactory (510)
[2024.04.07-19.44.20:531][181]LogModuleManager: Shutting down and abandoning module PlanarCut (508)
[2024.04.07-19.44.20:531][181]LogModuleManager: Shutting down and abandoning module CharacterAI (506)
[2024.04.07-19.44.20:531][181]LogModuleManager: Shutting down and abandoning module SessionServices (504)
[2024.04.07-19.44.20:532][181]LogModuleManager: Shutting down and abandoning module MovieSceneCapture (502)
[2024.04.07-19.44.20:532][181]LogModuleManager: Shutting down and abandoning module LiveCoding (500)
[2024.04.07-19.44.20:532][181]LogModuleManager: Shutting down and abandoning module LevelSequence (498)
[2024.04.07-19.44.20:532][181]LogModuleManager: Shutting down and abandoning module MovieSceneTracks (496)
[2024.04.07-19.44.20:532][181]LogModuleManager: Shutting down and abandoning module MovieScene (494)
[2024.04.07-19.44.20:532][181]LogModuleManager: Shutting down and abandoning module StreamingPauseRendering (492)
[2024.04.07-19.44.20:532][181]LogModuleManager: Shutting down and abandoning module PortalServices (490)
[2024.04.07-19.44.20:532][181]LogModuleManager: Shutting down and abandoning module PortalRpc (488)
[2024.04.07-19.44.20:532][181]LogModuleManager: Shutting down and abandoning module MessagingRpc (486)
[2024.04.07-19.44.20:532][181]LogModuleManager: Shutting down and abandoning module AudioMixerXAudio2 (484)
[2024.04.07-19.44.20:532][181]LogModuleManager: Shutting down and abandoning module AudioMixerCore (483)
[2024.04.07-19.44.20:532][181]LogModuleManager: Shutting down and abandoning module ImageWriteQueue (480)
[2024.04.07-19.44.20:532][181]LogModuleManager: Shutting down and abandoning module ProfilerService (478)
[2024.04.07-19.44.20:613][181]LogModuleManager: Shutting down and abandoning module TaskGraph (476)
[2024.04.07-19.44.20:613][181]LogModuleManager: Shutting down and abandoning module OculusInput (474)
[2024.04.07-19.44.20:613][181]LogModuleManager: Shutting down and abandoning module TakeMovieScene (472)
[2024.04.07-19.44.20:613][181]LogModuleManager: Shutting down and abandoning module Synthesis (470)
[2024.04.07-19.44.20:613][181]LogModuleManager: Shutting down and abandoning module ProceduralMeshComponent (468)
[2024.04.07-19.44.20:613][181]LogModuleManager: Shutting down and abandoning module MobilePatchingUtils (466)
[2024.04.07-19.44.20:613][181]LogModuleManager: Shutting down and abandoning module GooglePAD (464)
[2024.04.07-19.44.20:613][181]LogModuleManager: Shutting down and abandoning module EditableMesh (462)
[2024.04.07-19.44.20:613][181]LogModuleManager: Shutting down and abandoning module CustomMeshComponent (460)
[2024.04.07-19.44.20:613][181]LogModuleManager: Shutting down and abandoning module CableComponent (458)
[2024.04.07-19.44.20:613][181]LogModuleManager: Shutting down and abandoning module AudioCapture (456)
[2024.04.07-19.44.20:613][181]LogModuleManager: Shutting down and abandoning module AudioCaptureRtAudio (455)
[2024.04.07-19.44.20:613][181]LogModuleManager: Shutting down and abandoning module AssetTags (452)
[2024.04.07-19.44.20:613][181]LogModuleManager: Shutting down and abandoning module ArchVisCharacter (450)
[2024.04.07-19.44.20:613][181]LogModuleManager: Shutting down and abandoning module AppleImageUtilsBlueprintSupport (448)
[2024.04.07-19.44.20:613][181]LogModuleManager: Shutting down and abandoning module AppleImageUtils (446)
[2024.04.07-19.44.20:614][181]LogModuleManager: Shutting down and abandoning module AndroidPermission (444)
[2024.04.07-19.44.20:614][181]LogModuleManager: Shutting down and abandoning module ActorLayerUtilities (442)
[2024.04.07-19.44.20:614][181]LogModuleManager: Shutting down and abandoning module TemplateSequence (440)
[2024.04.07-19.44.20:614][181]LogModuleManager: Shutting down and abandoning module MediaCompositing (438)
[2024.04.07-19.44.20:614][181]LogModuleManager: Shutting down and abandoning module ImgMedia (436)
[2024.04.07-19.44.20:614][181]LogModuleManager: Shutting down and abandoning module MagicLeapSharedWorld (434)
[2024.04.07-19.44.20:614][181]LogModuleManager: Shutting down and abandoning module MagicLeapLightEstimation (432)
[2024.04.07-19.44.20:614][181]LogModuleManager: Shutting down and abandoning module MagicLeapHelperVulkan (430)
[2024.04.07-19.44.20:614][181]LogModuleManager: Shutting down and abandoning module MagicLeapHelperOpenGL (428)
[2024.04.07-19.44.20:614][181]LogModuleManager: Shutting down and abandoning module MagicLeapAudio (426)
[2024.04.07-19.44.20:614][181]LogModuleManager: Shutting down and abandoning module OpenImageDenoise (424)
[2024.04.07-19.44.20:614][181]LogOpenImageDenoise: OIDN shutting down
[2024.04.07-19.44.20:614][181]LogModuleManager: Shutting down and abandoning module MotoSynth (422)
[2024.04.07-19.44.20:614][181]LogModuleManager: Shutting down and abandoning module MeshConversion (420)
[2024.04.07-19.44.20:614][181]LogModuleManager: Shutting down and abandoning module DynamicMesh (418)
[2024.04.07-19.44.20:614][181]LogModuleManager: Shutting down and abandoning module GeometryAlgorithms (416)
[2024.04.07-19.44.20:614][181]LogModuleManager: Shutting down and abandoning module GeometricObjects (414)
[2024.04.07-19.44.20:614][181]LogModuleManager: Shutting down and abandoning module GeometryCollectionTracks (412)
[2024.04.07-19.44.20:614][181]LogModuleManager: Shutting down and abandoning module GeometryCollectionSequencer (411)
[2024.04.07-19.44.20:614][181]LogModuleManager: Shutting down and abandoning module GeometryCacheTracks (408)
[2024.04.07-19.44.20:614][181]LogModuleManager: Shutting down and abandoning module GeometryCacheSequencer (407)
[2024.04.07-19.44.20:614][181]LogModuleManager: Shutting down and abandoning module GeometryCache (404)
[2024.04.07-19.44.20:614][181]LogModuleManager: Shutting down and abandoning module GeometryCacheEd (403)
[2024.04.07-19.44.20:614][181]LogModuleManager: Shutting down and abandoning module ChaosNiagara (400)
[2024.04.07-19.44.20:614][181]LogModuleManager: Shutting down and abandoning module FieldSystemEngine (399)
[2024.04.07-19.44.20:614][181]LogModuleManager: Shutting down and abandoning module BackChannel (396)
[2024.04.07-19.44.20:614][181]LogModuleManager: Shutting down and abandoning module AutomationUtils (394)
[2024.04.07-19.44.20:614][181]LogModuleManager: Shutting down and abandoning module VisualStudioCodeSourceCodeAccess (392)
[2024.04.07-19.44.20:614][181]LogModuleManager: Shutting down and abandoning module VisualStudioSourceCodeAccess (390)
[2024.04.07-19.44.20:614][181]LogModuleManager: Shutting down and abandoning module HotReload (389)
[2024.04.07-19.44.20:614][181]LogModuleManager: Shutting down and abandoning module UObjectPlugin (386)
[2024.04.07-19.44.20:614][181]LogModuleManager: Shutting down and abandoning module SubversionSourceControl (384)
[2024.04.07-19.44.20:614][181]LogModuleManager: Shutting down and abandoning module PerforceSourceControl (382)
[2024.04.07-19.44.20:614][181]LogModuleManager: Shutting down and abandoning module SourceControl (381)
[2024.04.07-19.44.20:614][181]LogModuleManager: Shutting down and abandoning module CLionSourceCodeAccess (378)
[2024.04.07-19.44.20:614][181]LogModuleManager: Shutting down and abandoning module OodleNetworkHandlerComponent (376)
[2024.04.07-19.44.20:614][181]LogModuleManager: Shutting down and abandoning module LiveLinkSequencer (374)
[2024.04.07-19.44.20:614][181]LogModuleManager: Shutting down and abandoning module LiveLinkMovieScene (372)
[2024.04.07-19.44.20:614][181]LogModuleManager: Shutting down and abandoning module LiveLinkGraphNode (370)
[2024.04.07-19.44.20:614][181]LogModuleManager: Shutting down and abandoning module LiveLinkComponents (368)
[2024.04.07-19.44.20:614][181]LogModuleManager: Shutting down and abandoning module LiveLink (366)
