Log file open, 04/02/23 15:52:08
LogWindows: Failed to load 'aqProf.dll' (GetLastError=126)
LogWindows: File 'aqProf.dll' does not exist
LogWindows: Failed to load 'VtuneApi.dll' (GetLastError=126)
LogWindows: File 'VtuneApi.dll' does not exist
LogWindows: Failed to load 'VtuneApi32e.dll' (GetLastError=126)
LogWindows: File 'VtuneApi32e.dll' does not exist
LogConsoleResponse: Display: Failed to find resolution value strings in scalability ini. Falling back to default.
LogConsoleResponse: Display: Failed to find resolution value strings in scalability ini. Falling back to default.
LogInit: Display: Running engine for game: Mushroomverse2
LogPlatformFile: Not using cached read wrapper
LogTaskGraph: Started task graph with 5 named threads and 23 total threads with 3 sets of task threads.
LogStats: Stats thread started at 18.760945
LogICUInternationalization: ICU TimeZone Detection - Raw Offset: +3:00, Platform Override: ''
LogInit: Display: Loading text-based GConfig....
LogPluginManager: Mounting plugin MeshPainting
LogPluginManager: Mounting plugin XGEController
LogPluginManager: Mounting plugin Paper2D
LogPluginManager: Mounting plugin LiveLink
LogPluginManager: Mounting plugin AISupport
LogPluginManager: Mounting plugin EnvironmentQueryEditor
LogPluginManager: Mounting plugin LightPropagationVolume
LogPluginManager: Mounting plugin CameraShakePreviewer
LogPluginManager: Mounting plugin GameplayCameras
LogPluginManager: Mounting plugin AnimationSharing
LogPluginManager: Mounting plugin CLionSourceCodeAccess
LogPluginManager: Mounting plugin GitSourceControl
LogPluginManager: Mounting plugin CodeLiteSourceCodeAccess
LogPluginManager: Mounting plugin KDevelopSourceCodeAccess
LogPluginManager: Mounting plugin PerforceSourceControl
LogPluginManager: Mounting plugin NullSourceCodeAccess
LogPluginManager: Mounting plugin PixWinPlugin
LogPluginManager: Mounting plugin PluginUtils
LogPluginManager: Mounting plugin PlasticSourceControl
LogPluginManager: Mounting plugin PropertyAccessNode
LogPluginManager: Mounting plugin RiderSourceCodeAccess
LogPluginManager: Mounting plugin TextureFormatOodle
LogPluginManager: Mounting plugin SubversionSourceControl
LogPluginManager: Mounting plugin UObjectPlugin
LogPluginManager: Mounting plugin VisualStudioCodeSourceCodeAccess
LogPluginManager: Mounting plugin AlembicImporter
LogPluginManager: Mounting plugin VisualStudioSourceCodeAccess
LogPluginManager: Mounting plugin AssetManagerEditor
LogPluginManager: Mounting plugin XCodeSourceCodeAccess
LogPluginManager: Mounting plugin BackChannel
LogPluginManager: Mounting plugin AutomationUtils
LogPluginManager: Mounting plugin Niagara
LogPluginManager: Mounting plugin ChaosCloth
LogPluginManager: Mounting plugin ChaosClothEditor
LogPluginManager: Mounting plugin ChaosNiagara
LogPluginManager: Mounting plugin ChaosEditor
LogPluginManager: Mounting plugin ChaosSolverPlugin
LogPluginManager: Mounting plugin CharacterAI
LogPluginManager: Mounting plugin GeometryCache
LogPluginManager: Mounting plugin GeometryCollectionPlugin
LogPluginManager: Mounting plugin CryptoKeys
LogPluginManager: Mounting plugin CurveEditorTools
LogPluginManager: Mounting plugin DataValidation
LogPluginManager: Mounting plugin GeometryMode
LogPluginManager: Mounting plugin GameplayTagsEditor
LogPluginManager: Mounting plugin FacialAnimation
LogPluginManager: Mounting plugin MaterialAnalyzer
LogPluginManager: Mounting plugin MacGraphicsSwitching
LogPluginManager: Mounting plugin MobileLauncherProfileWizard
LogPluginManager: Mounting plugin SpeedTreeImporter
LogPluginManager: Mounting plugin PluginBrowser
LogPluginManager: Mounting plugin GeometryProcessing
LogPluginManager: Mounting plugin MotoSynth
LogPluginManager: Mounting plugin OpenImageDenoise
LogPluginManager: Mounting plugin PlanarCut
LogPluginManager: Mounting plugin PlatformCrypto
LogPluginManager: Mounting plugin ProxyLODPlugin
LogPluginManager: Mounting plugin PythonScriptPlugin
LogPluginManager: Mounting plugin DatasmithContent
LogPluginManager: Mounting plugin SkeletalReduction
LogPluginManager: Mounting plugin VariantManagerContent
LogPluginManager: Mounting plugin MagicLeap
LogPluginManager: Mounting plugin LuminPlatformFeatures
LogPluginManager: Mounting plugin MagicLeapLightEstimation
LogPluginManager: Mounting plugin MagicLeapMedia
LogPluginManager: Mounting plugin MagicLeapPassableWorld
LogPluginManager: Mounting plugin AndroidMedia
LogPluginManager: Mounting plugin TcpMessaging
LogPluginManager: Mounting plugin UdpMessaging
LogPluginManager: Mounting plugin AvfMedia
LogPluginManager: Mounting plugin MLSDK
LogPluginManager: Mounting plugin ImgMedia
LogPluginManager: Mounting plugin MediaCompositing
LogPluginManager: Mounting plugin MediaPlayerEditor
LogPluginManager: Mounting plugin WebMMedia
LogPluginManager: Mounting plugin WmfMedia
LogPluginManager: Mounting plugin OodleData
LogPluginManager: Mounting plugin OodleNetwork
LogPluginManager: Mounting plugin ActorSequence
LogPluginManager: Mounting plugin LevelSequenceEditor
LogPluginManager: Mounting plugin MatineeToLevelSequence
LogPluginManager: Mounting plugin TemplateSequence
LogPluginManager: Mounting plugin OnlineSubsystem
LogPluginManager: Mounting plugin OnlineSubsystemNull
LogPluginManager: Mounting plugin OnlineSubsystemUtils
LogPluginManager: Mounting plugin LauncherChunkInstaller
LogPluginManager: Mounting plugin ActorLayerUtilities
LogPluginManager: Mounting plugin AndroidPermission
LogPluginManager: Mounting plugin AndroidMoviePlayer
LogPluginManager: Mounting plugin AndroidDeviceProfileSelector
LogPluginManager: Mounting plugin AppleImageUtils
LogPluginManager: Mounting plugin ArchVisCharacter
LogPluginManager: Mounting plugin AppleMoviePlayer
LogPluginManager: Mounting plugin AssetTags
LogPluginManager: Mounting plugin AudioCapture
LogPluginManager: Mounting plugin AudioSynesthesia
LogPluginManager: Mounting plugin ChunkDownloader
LogPluginManager: Mounting plugin CableComponent
LogPluginManager: Mounting plugin CustomMeshComponent
LogPluginManager: Mounting plugin EditableMesh
LogPluginManager: Mounting plugin ExampleDeviceProfileSelector
LogPluginManager: Mounting plugin GooglePAD
LogPluginManager: Mounting plugin GoogleCloudMessaging
LogPluginManager: Mounting plugin IOSDeviceProfileSelector
LogPluginManager: Mounting plugin LinuxDeviceProfileSelector
LogPluginManager: Mounting plugin LocationServicesBPLibrary
LogPluginManager: Mounting plugin MobilePatchingUtils
LogPluginManager: Mounting plugin OpenXR
LogPluginManager: Mounting plugin OpenXREyeTracker
LogPluginManager: Mounting plugin OpenXRHandTracking
LogPluginManager: Mounting plugin ScreenshotTools
LogPluginManager: Mounting plugin PhysXVehicles
LogPluginManager: Mounting plugin PostSplashScreen
LogPluginManager: Mounting plugin ProceduralMeshComponent
LogPluginManager: Mounting plugin PropertyAccessEditor
LogPluginManager: Mounting plugin RuntimePhysXCooking
LogPluginManager: Mounting plugin SignificanceManager
LogPluginManager: Mounting plugin SoundFields
LogPluginManager: Mounting plugin Takes
LogPluginManager: Mounting plugin Synthesis
LogPluginManager: Mounting plugin WebMMoviePlayer
LogPluginManager: Mounting plugin WindowsMoviePlayer
LogPluginManager: Mounting plugin ResonanceAudio
LogPluginManager: Mounting plugin ContentBrowserAssetDataSource
LogPluginManager: Mounting plugin ContentBrowserClassDataSource
LogPluginManager: Mounting plugin ContentBrowserFileDataSource
LogPluginManager: Mounting plugin OnlineSubsystemGooglePlay
LogPluginManager: Mounting plugin OnlineSubsystemIOS
LogPluginManager: Mounting plugin OculusOpenXR
PixWinPlugin: PIX capture plugin failed to initialize! Check that the process is launched from PIX.
LogInit: Using libcurl 7.55.1-DEV
LogInit:  - built for x86_64-pc-win32
LogInit:  - supports SSL with OpenSSL/1.1.1
LogInit:  - supports HTTP deflate (compression) using libz 1.2.8
LogInit:  - other features:
LogInit:      CURL_VERSION_SSL
LogInit:      CURL_VERSION_LIBZ
LogInit:      CURL_VERSION_IPV6
LogInit:      CURL_VERSION_ASYNCHDNS
LogInit:      CURL_VERSION_LARGEFILE
LogInit:      CURL_VERSION_IDN
LogInit:  CurlRequestOptions (configurable via config and command line):
LogInit:  - bVerifyPeer = true  - Libcurl will verify peer certificate
LogInit:  - bUseHttpProxy = false  - Libcurl will NOT use HTTP proxy
LogInit:  - bDontReuseConnections = false  - Libcurl will reuse connections
LogInit:  - MaxHostConnections = 16  - Libcurl will limit the number of connections to a host
LogInit:  - LocalHostAddr = Default
LogInit:  - BufferSize = 65536
LogOnline: OSS: Creating online subsystem instance for: NULL
LogInit: WinSock: version 1.1 (2.2), MaxSocks=32767, MaxUdp=65467
LogOnline: OSS: TryLoadSubsystemAndSetDefault: Loaded subsystem for module [NULL]
LogInit: Build: ++UE4+Release-4.27-CL-18319896
LogInit: Engine Version: 4.27.2-18319896+++UE4+Release-4.27
LogInit: Compatible Engine Version: 4.27.0-17155196+++UE4+Release-4.27
LogInit: Net CL: 17155196
LogInit: OS: Windows 10 (Release 2009) (), CPU: Intel(R) Core(TM) i7-7700 CPU @ 3.60GHz, GPU: NVIDIA GeForce GTX 1060 6GB
LogInit: Compiled (64-bit): Nov 30 2021 07:12:08
LogInit: Compiled with Visual C++: 19.24.28315.00
LogInit: Build Configuration: Development
LogInit: Branch Name: ++UE4+Release-4.27
LogInit: Command Line: 
LogInit: Base Directory: D:/CEMEH/ФОРТНАЙТ/UE_4.27/Engine/Binaries/Win64/
LogInit: Allocator: TBB
LogInit: Installed Engine Build: 1
LogDevObjectVersion: Number of dev versions registered: 29
LogDevObjectVersion:   Dev-Blueprints (B0D832E4-1F89-4F0D-ACCF-7EB736FD4AA2): 10
LogDevObjectVersion:   Dev-Build (E1C64328-A22C-4D53-A36C-8E866417BD8C): 0
LogDevObjectVersion:   Dev-Core (375EC13C-06E4-48FB-B500-84F0262A717E): 4
LogDevObjectVersion:   Dev-Editor (E4B068ED-F494-42E9-A231-DA0B2E46BB41): 40
LogDevObjectVersion:   Dev-Framework (CFFC743F-43B0-4480-9391-14DF171D2073): 37
LogDevObjectVersion:   Dev-Mobile (B02B49B5-BB20-44E9-A304-32B752E40360): 3
LogDevObjectVersion:   Dev-Networking (A4E4105C-59A1-49B5-A7C5-40C4547EDFEE): 0
LogDevObjectVersion:   Dev-Online (39C831C9-5AE6-47DC-9A44-9C173E1C8E7C): 0
LogDevObjectVersion:   Dev-Physics (78F01B33-EBEA-4F98-B9B4-84EACCB95AA2): 14
LogDevObjectVersion:   Dev-Platform (6631380F-2D4D-43E0-8009-CF276956A95A): 0
LogDevObjectVersion:   Dev-Rendering (12F88B9F-8875-4AFC-A67C-D90C383ABD29): 45
LogDevObjectVersion:   Dev-Sequencer (7B5AE74C-D270-4C10-A958-57980B212A5A): 13
LogDevObjectVersion:   Dev-VR (D7296918-1DD6-4BDD-9DE2-64A83CC13884): 3
LogDevObjectVersion:   Dev-LoadTimes (C2A15278-BFE7-4AFE-6C17-90FF531DF755): 1
LogDevObjectVersion:   Private-Geometry (6EACA3D4-40EC-4CC1-B786-8BED09428FC5): 3
LogDevObjectVersion:   Dev-AnimPhys (29E575DD-E0A3-4627-9D10-D276232CDCEA): 17
LogDevObjectVersion:   Dev-Anim (AF43A65D-7FD3-4947-9873-3E8ED9C1BB05): 15
LogDevObjectVersion:   Dev-ReflectionCapture (6B266CEC-1EC7-4B8F-A30B-E4D90942FC07): 1
LogDevObjectVersion:   Dev-Automation (0DF73D61-A23F-47EA-B727-89E90C41499A): 1
LogDevObjectVersion:   FortniteMain (601D1886-AC64-4F84-AA16-D3DE0DEAC7D6): 47
LogDevObjectVersion:   FortniteRelease (E7086368-6B23-4C58-8439-1B7016265E91): 1
LogDevObjectVersion:   Dev-Enterprise (9DFFBCD6-494F-0158-E221-12823C92A888): 10
LogDevObjectVersion:   Dev-Niagara (F2AED0AC-9AFE-416F-8664-AA7FFA26D6FC): 1
LogDevObjectVersion:   Dev-Destruction (174F1F0B-B4C6-45A5-B13F-2EE8D0FB917D): 10
LogDevObjectVersion:   Dev-Physics-Ext (35F94A83-E258-406C-A318-09F59610247C): 41
LogDevObjectVersion:   Dev-PhysicsMaterial-Chaos (B68FC16E-8B1B-42E2-B453-215C058844FE): 1
LogDevObjectVersion:   Dev-CineCamera (B2E18506-4273-CFC2-A54E-F4BB758BBA07): 1
LogDevObjectVersion:   Dev-VirtualProduction (64F58936-FD1B-42BA-BA96-7289D5D0FA4E): 1
LogDevObjectVersion:   Dev-MediaFramework (6F0ED827-A609-4895-9C91-998D90180EA4): 2
LogInit: Presizing for max 25165824 objects, including 0 objects not considered by GC, pre-allocating 0 bytes for permanent pool.
LogConfig: Applying CVar settings from Section [/Script/Engine.StreamingSettings] File [C:/Users/Елена/Documents/GitHub/Mushroomverse2/Проектик/Mushroomverse2/Saved/Config/Windows/Engine.ini]
LogConfig: Setting CVar [[s.MinBulkDataSizeForAsyncLoading:131072]]
LogConfig: Setting CVar [[s.AsyncLoadingThreadEnabled:0]]
LogConfig: Setting CVar [[s.EventDrivenLoaderEnabled:1]]
LogConfig: Setting CVar [[s.WarnIfTimeLimitExceeded:0]]
LogConfig: Setting CVar [[s.TimeLimitExceededMultiplier:1.5]]
LogConfig: Setting CVar [[s.TimeLimitExceededMinTime:0.005]]
LogConfig: Setting CVar [[s.UseBackgroundLevelStreaming:1]]
LogConfig: Setting CVar [[s.PriorityAsyncLoadingExtraTime:15.0]]
LogConfig: Setting CVar [[s.LevelStreamingActorsUpdateTimeLimit:5.0]]
LogConfig: Setting CVar [[s.PriorityLevelStreamingActorsUpdateExtraTime:5.0]]
LogConfig: Setting CVar [[s.LevelStreamingComponentsRegistrationGranularity:10]]
LogConfig: Setting CVar [[s.UnregisterComponentsTimeLimit:1.0]]
LogConfig: Setting CVar [[s.LevelStreamingComponentsUnregistrationGranularity:5]]
LogConfig: Setting CVar [[s.FlushStreamingOnExit:1]]
LogInit: Object subsystem initialized
LogConfig: Setting CVar [[con.DebugEarlyDefault:1]]
LogConfig: Setting CVar [[r.setres:1280x720]]
[2023.04.02-12.52.39:355][  0]LogConfig: Setting CVar [[r.VSync:0]]
[2023.04.02-12.52.39:355][  0]LogConfig: Setting CVar [[r.RHICmdBypass:0]]
[2023.04.02-12.52.39:395][  0]LogConfig: Applying CVar settings from Section [/Script/Engine.RendererSettings] File [C:/Users/Елена/Documents/GitHub/Mushroomverse2/Проектик/Mushroomverse2/Saved/Config/Windows/Engine.ini]
[2023.04.02-12.52.39:395][  0]LogConfig: Setting CVar [[r.GPUCrashDebugging:0]]
[2023.04.02-12.52.39:395][  0]LogConfig: Setting CVar [[r.Mobile.DisableVertexFog:1]]
[2023.04.02-12.52.39:395][  0]LogConfig: Setting CVar [[r.Shadow.CSM.MaxMobileCascades:2]]
[2023.04.02-12.52.39:396][  0]LogConfig: Setting CVar [[r.MobileMSAA:4]]
[2023.04.02-12.52.39:396][  0]LogConfig: Setting CVar [[r.Mobile.AllowDitheredLODTransition:0]]
[2023.04.02-12.52.39:396][  0]LogConfig: Setting CVar [[r.Mobile.AllowSoftwareOcclusion:0]]
[2023.04.02-12.52.39:396][  0]LogConfig: Setting CVar [[r.Mobile.VirtualTextures:0]]
[2023.04.02-12.52.39:396][  0]LogConfig: Setting CVar [[r.DiscardUnusedQuality:0]]
[2023.04.02-12.52.39:396][  0]LogConfig: Setting CVar [[r.AllowOcclusionQueries:1]]
[2023.04.02-12.52.39:396][  0]LogConfig: Setting CVar [[r.MinScreenRadiusForLights:0.030000]]
[2023.04.02-12.52.39:396][  0]LogConfig: Setting CVar [[r.MinScreenRadiusForDepthPrepass:0.030000]]
[2023.04.02-12.52.39:396][  0]LogConfig: Setting CVar [[r.MinScreenRadiusForCSMDepth:0.010000]]
[2023.04.02-12.52.39:396][  0]LogConfig: Setting CVar [[r.PrecomputedVisibilityWarning:0]]
[2023.04.02-12.52.39:396][  0]LogConfig: Setting CVar [[r.TextureStreaming:1]]
[2023.04.02-12.52.39:396][  0]LogConfig: Setting CVar [[Compat.UseDXT5NormalMaps:0]]
[2023.04.02-12.52.39:396][  0]LogConfig: Setting CVar [[r.VirtualTextures:0]]
[2023.04.02-12.52.39:396][  0]LogConfig: Setting CVar [[r.VirtualTexturedLightmaps:0]]
[2023.04.02-12.52.39:396][  0]LogConfig: Setting CVar [[r.VT.TileSize:128]]
[2023.04.02-12.52.39:396][  0]LogConfig: Setting CVar [[r.VT.TileBorderSize:4]]
[2023.04.02-12.52.39:397][  0]LogConfig: Setting CVar [[r.vt.FeedbackFactor:16]]
[2023.04.02-12.52.39:397][  0]LogConfig: Setting CVar [[r.VT.EnableCompressZlib:1]]
[2023.04.02-12.52.39:397][  0]LogConfig: Setting CVar [[r.VT.EnableCompressCrunch:0]]
[2023.04.02-12.52.39:397][  0]LogConfig: Setting CVar [[r.ClearCoatNormal:0]]
[2023.04.02-12.52.39:397][  0]LogConfig: Setting CVar [[r.ReflectionCaptureResolution:128]]
[2023.04.02-12.52.39:397][  0]LogConfig: Setting CVar [[r.Mobile.ReflectionCaptureCompression:0]]
[2023.04.02-12.52.39:397][  0]LogConfig: Setting CVar [[r.ReflectionEnvironmentLightmapMixBasedOnRoughness:1]]
[2023.04.02-12.52.39:397][  0]LogConfig: Setting CVar [[r.ForwardShading:1]]
[2023.04.02-12.52.39:397][  0]LogConfig: Setting CVar [[r.VertexFoggingForOpaque:1]]
[2023.04.02-12.52.39:397][  0]LogConfig: Setting CVar [[r.AllowStaticLighting:1]]
[2023.04.02-12.52.39:397][  0]LogConfig: Setting CVar [[r.NormalMapsForStaticLighting:0]]
[2023.04.02-12.52.39:397][  0]LogConfig: Setting CVar [[r.GenerateMeshDistanceFields:0]]
[2023.04.02-12.52.39:397][  0]LogConfig: Setting CVar [[r.DistanceFieldBuild.EightBit:0]]
[2023.04.02-12.52.39:397][  0]LogConfig: Setting CVar [[r.GenerateLandscapeGIData:0]]
[2023.04.02-12.52.39:397][  0]LogConfig: Setting CVar [[r.DistanceFieldBuild.Compress:0]]
[2023.04.02-12.52.39:397][  0]LogConfig: Setting CVar [[r.TessellationAdaptivePixelsPerTriangle:48.000000]]
[2023.04.02-12.52.39:397][  0]LogConfig: Setting CVar [[r.SeparateTranslucency:0]]
[2023.04.02-12.52.39:397][  0]LogConfig: Setting CVar [[r.TranslucentSortPolicy:0]]
[2023.04.02-12.52.39:398][  0]LogConfig: Setting CVar [[r.CustomDepth:1]]
[2023.04.02-12.52.39:398][  0]LogConfig: Setting CVar [[r.CustomDepthTemporalAAJitter:1]]
[2023.04.02-12.52.39:398][  0]LogConfig: Setting CVar [[r.PostProcessing.PropagateAlpha:0]]
[2023.04.02-12.52.39:398][  0]LogConfig: Setting CVar [[r.DefaultFeature.Bloom:0]]
[2023.04.02-12.52.39:398][  0]LogConfig: Setting CVar [[r.DefaultFeature.AmbientOcclusion:0]]
[2023.04.02-12.52.39:398][  0]LogConfig: Setting CVar [[r.DefaultFeature.AmbientOcclusionStaticFraction:1]]
[2023.04.02-12.52.39:398][  0]LogConfig: Setting CVar [[r.DefaultFeature.AutoExposure:0]]
[2023.04.02-12.52.39:398][  0]LogConfig: Setting CVar [[r.DefaultFeature.AutoExposure.Method:0]]
[2023.04.02-12.52.39:398][  0]LogConfig: Setting CVar [[r.DefaultFeature.AutoExposure.Bias:1.000000]]
[2023.04.02-12.52.39:398][  0]LogConfig: Setting CVar [[r.DefaultFeature.AutoExposure.ExtendDefaultLuminanceRange:1]]
[2023.04.02-12.52.39:398][  0]LogConfig: Setting CVar [[r.UsePreExposure:1]]
[2023.04.02-12.52.39:398][  0]LogConfig: Setting CVar [[r.EyeAdaptation.EditorOnly:0]]
[2023.04.02-12.52.39:398][  0]LogConfig: Setting CVar [[r.DefaultFeature.MotionBlur:0]]
[2023.04.02-12.52.39:398][  0]LogConfig: Setting CVar [[r.DefaultFeature.LensFlare:0]]
[2023.04.02-12.52.39:398][  0]LogConfig: Setting CVar [[r.TemporalAA.Upsampling:0]]
[2023.04.02-12.52.39:398][  0]LogConfig: Setting CVar [[r.SSGI.Enable:0]]
[2023.04.02-12.52.39:398][  0]LogConfig: Setting CVar [[r.DefaultFeature.AntiAliasing:3]]
[2023.04.02-12.52.39:398][  0]LogConfig: Setting CVar [[r.DefaultFeature.LightUnits:1]]
[2023.04.02-12.52.39:399][  0]LogConfig: Setting CVar [[r.DefaultBackBufferPixelFormat:4]]
[2023.04.02-12.52.39:399][  0]LogConfig: Setting CVar [[r.Shadow.UnbuiltPreviewInGame:1]]
[2023.04.02-12.52.39:399][  0]LogConfig: Setting CVar [[r.StencilForLODDither:0]]
[2023.04.02-12.52.39:399][  0]LogConfig: Setting CVar [[r.EarlyZPass:3]]
[2023.04.02-12.52.39:413][  0]LogConfig: Setting CVar [[r.EarlyZPassOnlyMaterialMasking:0]]
[2023.04.02-12.52.39:413][  0]LogConfig: Setting CVar [[r.DBuffer:1]]
[2023.04.02-12.52.39:413][  0]LogConfig: Setting CVar [[r.ClearSceneMethod:1]]
[2023.04.02-12.52.39:413][  0]LogConfig: Setting CVar [[r.BasePassOutputsVelocity:0]]
[2023.04.02-12.52.39:413][  0]LogConfig: Setting CVar [[r.VertexDeformationOutputsVelocity:0]]
[2023.04.02-12.52.39:413][  0]LogConfig: Setting CVar [[r.SelectiveBasePassOutputs:0]]
[2023.04.02-12.52.39:413][  0]LogConfig: Setting CVar [[fx.GPUSimulationTextureSizeX:1024]]
[2023.04.02-12.52.39:413][  0]LogConfig: Setting CVar [[fx.GPUSimulationTextureSizeY:1024]]
[2023.04.02-12.52.39:413][  0]LogConfig: Setting CVar [[r.AllowGlobalClipPlane:0]]
[2023.04.02-12.52.39:413][  0]LogConfig: Setting CVar [[r.GBufferFormat:1]]
[2023.04.02-12.52.39:413][  0]LogConfig: Setting CVar [[r.MorphTarget.Mode:1]]
[2023.04.02-12.52.39:413][  0]LogConfig: Setting CVar [[vr.InstancedStereo:1]]
[2023.04.02-12.52.39:413][  0]LogConfig: Setting CVar [[r.MobileHDR:0]]
[2023.04.02-12.52.39:413][  0]LogConfig: Setting CVar [[vr.MobileMultiView:1]]
[2023.04.02-12.52.39:413][  0]LogConfig: Setting CVar [[r.Mobile.UseHWsRGBEncoding:1]]
[2023.04.02-12.52.39:414][  0]LogConfig: Setting CVar [[vr.RoundRobinOcclusion:0]]
[2023.04.02-12.52.39:414][  0]LogConfig: Setting CVar [[vr.ODSCapture:0]]
[2023.04.02-12.52.39:414][  0]LogConfig: Setting CVar [[r.MeshStreaming:0]]
[2023.04.02-12.52.39:414][  0]LogConfig: Setting CVar [[r.WireframeCullThreshold:5.000000]]
[2023.04.02-12.52.39:414][  0]LogConfig: Setting CVar [[r.RayTracing:0]]
[2023.04.02-12.52.39:414][  0]LogConfig: Setting CVar [[r.RayTracing.UseTextureLod:0]]
[2023.04.02-12.52.39:414][  0]LogConfig: Setting CVar [[r.SupportStationarySkylight:1]]
[2023.04.02-12.52.39:414][  0]LogConfig: Setting CVar [[r.SupportLowQualityLightmaps:1]]
[2023.04.02-12.52.39:414][  0]LogConfig: Setting CVar [[r.SupportPointLightWholeSceneShadows:1]]
[2023.04.02-12.52.39:414][  0]LogConfig: Setting CVar [[r.SupportAtmosphericFog:1]]
[2023.04.02-12.52.39:414][  0]LogConfig: Setting CVar [[r.SupportSkyAtmosphere:1]]
[2023.04.02-12.52.39:414][  0]LogConfig: Setting CVar [[r.SupportSkyAtmosphereAffectsHeightFog:0]]
[2023.04.02-12.52.39:414][  0]LogConfig: Setting CVar [[r.SkinCache.CompileShaders:0]]
[2023.04.02-12.52.39:414][  0]LogConfig: Setting CVar [[r.SkinCache.DefaultBehavior:1]]
[2023.04.02-12.52.39:414][  0]LogConfig: Setting CVar [[r.SkinCache.SceneMemoryLimitInMB:128.000000]]
[2023.04.02-12.52.39:414][  0]LogConfig: Setting CVar [[r.Mobile.EnableStaticAndCSMShadowReceivers:1]]
[2023.04.02-12.52.39:415][  0]LogConfig: Setting CVar [[r.Mobile.EnableMovableLightCSMShaderCulling:1]]
[2023.04.02-12.52.39:415][  0]LogConfig: Setting CVar [[r.Mobile.AllowDistanceFieldShadows:1]]
[2023.04.02-12.52.39:415][  0]LogConfig: Setting CVar [[r.Mobile.AllowMovableDirectionalLights:1]]
[2023.04.02-12.52.39:415][  0]LogConfig: Setting CVar [[r.MobileNumDynamicPointLights:4]]
[2023.04.02-12.52.39:415][  0]LogConfig: Setting CVar [[r.MobileDynamicPointLightsUseStaticBranch:1]]
[2023.04.02-12.52.39:415][  0]LogConfig: Setting CVar [[r.Mobile.EnableMovableSpotlights:0]]
[2023.04.02-12.52.39:415][  0]LogConfig: Setting CVar [[r.Mobile.EnableMovableSpotlightsShadow:0]]
[2023.04.02-12.52.39:415][  0]LogConfig: Setting CVar [[r.GPUSkin.Support16BitBoneIndex:0]]
[2023.04.02-12.52.39:415][  0]LogConfig: Setting CVar [[r.GPUSkin.Limit2BoneInfluences:0]]
[2023.04.02-12.52.39:415][  0]LogConfig: Setting CVar [[r.SupportDepthOnlyIndexBuffers:1]]
[2023.04.02-12.52.39:415][  0]LogConfig: Setting CVar [[r.SupportReversedIndexBuffers:1]]
[2023.04.02-12.52.39:415][  0]LogConfig: Setting CVar [[r.LightPropagationVolume:0]]
[2023.04.02-12.52.39:415][  0]LogConfig: Setting CVar [[r.Mobile.AmbientOcclusion:0]]
[2023.04.02-12.52.39:415][  0]LogConfig: Setting CVar [[r.GPUSkin.UnlimitedBoneInfluences:0]]
[2023.04.02-12.52.39:415][  0]LogConfig: Setting CVar [[r.GPUSkin.UnlimitedBoneInfluencesThreshold:8]]
[2023.04.02-12.52.39:415][  0]LogConfig: Setting CVar [[r.Mobile.PlanarReflectionMode:0]]
[2023.04.02-12.52.39:415][  0]LogConfig: Setting CVar [[r.Mobile.SupportGPUScene:1]]
[2023.04.02-12.52.39:415][  0]LogConfig: Applying CVar settings from Section [/Script/Engine.RendererOverrideSettings] File [C:/Users/Елена/Documents/GitHub/Mushroomverse2/Проектик/Mushroomverse2/Saved/Config/Windows/Engine.ini]
[2023.04.02-12.52.39:416][  0]LogConfig: Applying CVar settings from Section [/Script/Engine.StreamingSettings] File [C:/Users/Елена/Documents/GitHub/Mushroomverse2/Проектик/Mushroomverse2/Saved/Config/Windows/Engine.ini]
[2023.04.02-12.52.39:416][  0]LogConfig: Setting CVar [[s.MinBulkDataSizeForAsyncLoading:131072]]
[2023.04.02-12.52.39:416][  0]LogConfig: Setting CVar [[s.AsyncLoadingThreadEnabled:0]]
[2023.04.02-12.52.39:416][  0]LogConfig: Setting CVar [[s.EventDrivenLoaderEnabled:1]]
[2023.04.02-12.52.39:416][  0]LogConfig: Setting CVar [[s.WarnIfTimeLimitExceeded:0]]
[2023.04.02-12.52.39:416][  0]LogConfig: Setting CVar [[s.TimeLimitExceededMultiplier:1.5]]
[2023.04.02-12.52.39:416][  0]LogConfig: Setting CVar [[s.TimeLimitExceededMinTime:0.005]]
[2023.04.02-12.52.39:416][  0]LogConfig: Setting CVar [[s.UseBackgroundLevelStreaming:1]]
[2023.04.02-12.52.39:416][  0]LogConfig: Setting CVar [[s.PriorityAsyncLoadingExtraTime:15.0]]
[2023.04.02-12.52.39:416][  0]LogConfig: Setting CVar [[s.LevelStreamingActorsUpdateTimeLimit:5.0]]
[2023.04.02-12.52.39:416][  0]LogConfig: Setting CVar [[s.PriorityLevelStreamingActorsUpdateExtraTime:5.0]]
[2023.04.02-12.52.39:416][  0]LogConfig: Setting CVar [[s.LevelStreamingComponentsRegistrationGranularity:10]]
[2023.04.02-12.52.39:416][  0]LogConfig: Setting CVar [[s.UnregisterComponentsTimeLimit:1.0]]
[2023.04.02-12.52.39:416][  0]LogConfig: Setting CVar [[s.LevelStreamingComponentsUnregistrationGranularity:5]]
[2023.04.02-12.52.39:416][  0]LogConfig: Setting CVar [[s.FlushStreamingOnExit:1]]
[2023.04.02-12.52.39:416][  0]LogConfig: Applying CVar settings from Section [/Script/Engine.GarbageCollectionSettings] File [C:/Users/Елена/Documents/GitHub/Mushroomverse2/Проектик/Mushroomverse2/Saved/Config/Windows/Engine.ini]
[2023.04.02-12.52.39:417][  0]LogConfig: Setting CVar [[gc.MaxObjectsNotConsideredByGC:1]]
[2023.04.02-12.52.39:417][  0]LogConfig: Setting CVar [[gc.SizeOfPermanentObjectPool:0]]
[2023.04.02-12.52.39:417][  0]LogConfig: Setting CVar [[gc.FlushStreamingOnGC:0]]
[2023.04.02-12.52.39:417][  0]LogConfig: Setting CVar [[gc.NumRetriesBeforeForcingGC:10]]
[2023.04.02-12.52.39:417][  0]LogConfig: Setting CVar [[gc.AllowParallelGC:1]]
[2023.04.02-12.52.39:417][  0]LogConfig: Setting CVar [[gc.TimeBetweenPurgingPendingKillObjects:61.1]]
[2023.04.02-12.52.39:417][  0]LogConfig: Setting CVar [[gc.MaxObjectsInEditor:25165824]]
[2023.04.02-12.52.39:417][  0]LogConfig: Setting CVar [[gc.IncrementalBeginDestroyEnabled:1]]
[2023.04.02-12.52.39:417][  0]LogConfig: Setting CVar [[gc.CreateGCClusters:1]]
[2023.04.02-12.52.39:417][  0]LogConfig: Setting CVar [[gc.MinGCClusterSize:5]]
[2023.04.02-12.52.39:417][  0]LogConfig: Setting CVar [[gc.ActorClusteringEnabled:0]]
[2023.04.02-12.52.39:417][  0]LogConfig: Setting CVar [[gc.BlueprintClusteringEnabled:0]]
[2023.04.02-12.52.39:417][  0]LogConfig: Setting CVar [[gc.UseDisregardForGCOnDedicatedServers:0]]
[2023.04.02-12.52.39:417][  0]LogConfig: Setting CVar [[gc.MultithreadedDestructionEnabled:1]]
[2023.04.02-12.52.39:417][  0]LogConfig: Applying CVar settings from Section [/Script/Engine.NetworkSettings] File [C:/Users/Елена/Documents/GitHub/Mushroomverse2/Проектик/Mushroomverse2/Saved/Config/Windows/Engine.ini]
[2023.04.02-12.52.39:417][  0]LogConfig: Applying CVar settings from Section [/Script/UnrealEd.CookerSettings] File [C:/Users/Елена/Documents/GitHub/Mushroomverse2/Проектик/Mushroomverse2/Saved/Config/Windows/Engine.ini]
[2023.04.02-12.52.39:595][  0]LogConfig: Applying CVar settings from Section [ViewDistanceQuality@3] File [C:/Users/Елена/Documents/GitHub/Mushroomverse2/Проектик/Mushroomverse2/Saved/Config/Windows/Scalability.ini]
[2023.04.02-12.52.39:595][  0]LogConfig: Setting CVar [[r.SkeletalMeshLODBias:0]]
[2023.04.02-12.52.39:595][  0]LogConfig: Setting CVar [[r.ViewDistanceScale:1.0]]
[2023.04.02-12.52.39:595][  0]LogConfig: Applying CVar settings from Section [AntiAliasingQuality@3] File [C:/Users/Елена/Documents/GitHub/Mushroomverse2/Проектик/Mushroomverse2/Saved/Config/Windows/Scalability.ini]
[2023.04.02-12.52.39:595][  0]LogConfig: Setting CVar [[r.PostProcessAAQuality:4]]
[2023.04.02-12.52.39:595][  0]LogConfig: Applying CVar settings from Section [ShadowQuality@3] File [C:/Users/Елена/Documents/GitHub/Mushroomverse2/Проектик/Mushroomverse2/Saved/Config/Windows/Scalability.ini]
[2023.04.02-12.52.39:595][  0]LogConfig: Setting CVar [[r.LightFunctionQuality:1]]
[2023.04.02-12.52.39:595][  0]LogConfig: Setting CVar [[r.ShadowQuality:5]]
[2023.04.02-12.52.39:595][  0]LogConfig: Setting CVar [[r.Shadow.CSM.MaxCascades:10]]
[2023.04.02-12.52.39:595][  0]LogConfig: Setting CVar [[r.Shadow.MaxResolution:2048]]
[2023.04.02-12.52.39:595][  0]LogConfig: Setting CVar [[r.Shadow.MaxCSMResolution:2048]]
[2023.04.02-12.52.39:595][  0]LogConfig: Setting CVar [[r.Shadow.RadiusThreshold:0.01]]
[2023.04.02-12.52.39:595][  0]LogConfig: Setting CVar [[r.Shadow.DistanceScale:1.0]]
[2023.04.02-12.52.39:596][  0]LogConfig: Setting CVar [[r.Shadow.CSM.TransitionScale:1.0]]
[2023.04.02-12.52.39:596][  0]LogConfig: Setting CVar [[r.Shadow.PreShadowResolutionFactor:1.0]]
[2023.04.02-12.52.39:596][  0]LogConfig: Setting CVar [[r.DistanceFieldShadowing:1]]
[2023.04.02-12.52.39:596][  0]LogConfig: Setting CVar [[r.DistanceFieldAO:1]]
[2023.04.02-12.52.39:596][  0]LogConfig: Setting CVar [[r.AOQuality:2]]
[2023.04.02-12.52.39:596][  0]LogConfig: Setting CVar [[r.VolumetricFog:1]]
[2023.04.02-12.52.39:596][  0]LogConfig: Setting CVar [[r.VolumetricFog.GridPixelSize:8]]
[2023.04.02-12.52.39:596][  0]LogConfig: Setting CVar [[r.VolumetricFog.GridSizeZ:128]]
[2023.04.02-12.52.39:596][  0]LogConfig: Setting CVar [[r.VolumetricFog.HistoryMissSupersampleCount:4]]
[2023.04.02-12.52.39:596][  0]LogConfig: Setting CVar [[r.LightMaxDrawDistanceScale:1]]
[2023.04.02-12.52.39:596][  0]LogConfig: Setting CVar [[r.CapsuleShadows:1]]
[2023.04.02-12.52.39:596][  0]LogConfig: Applying CVar settings from Section [PostProcessQuality@3] File [C:/Users/Елена/Documents/GitHub/Mushroomverse2/Проектик/Mushroomverse2/Saved/Config/Windows/Scalability.ini]
[2023.04.02-12.52.39:596][  0]LogConfig: Setting CVar [[r.MotionBlurQuality:4]]
[2023.04.02-12.52.39:596][  0]LogConfig: Setting CVar [[r.AmbientOcclusionMipLevelFactor:0.4]]
[2023.04.02-12.52.39:596][  0]LogConfig: Setting CVar [[r.AmbientOcclusionMaxQuality:100]]
[2023.04.02-12.52.39:596][  0]LogConfig: Setting CVar [[r.AmbientOcclusionLevels:-1]]
[2023.04.02-12.52.39:596][  0]LogConfig: Setting CVar [[r.AmbientOcclusionRadiusScale:1.0]]
[2023.04.02-12.52.39:597][  0]LogConfig: Setting CVar [[r.DepthOfFieldQuality:2]]
[2023.04.02-12.52.39:597][  0]LogConfig: Setting CVar [[r.RenderTargetPoolMin:400]]
[2023.04.02-12.52.39:597][  0]LogConfig: Setting CVar [[r.LensFlareQuality:2]]
[2023.04.02-12.52.39:597][  0]LogConfig: Setting CVar [[r.SceneColorFringeQuality:1]]
[2023.04.02-12.52.39:597][  0]LogConfig: Setting CVar [[r.EyeAdaptationQuality:2]]
[2023.04.02-12.52.39:597][  0]LogConfig: Setting CVar [[r.BloomQuality:5]]
[2023.04.02-12.52.39:597][  0]LogConfig: Setting CVar [[r.FastBlurThreshold:100]]
[2023.04.02-12.52.39:597][  0]LogConfig: Setting CVar [[r.Upscale.Quality:3]]
[2023.04.02-12.52.39:597][  0]LogConfig: Setting CVar [[r.Tonemapper.GrainQuantization:1]]
[2023.04.02-12.52.39:597][  0]LogConfig: Setting CVar [[r.LightShaftQuality:1]]
[2023.04.02-12.52.39:597][  0]LogConfig: Setting CVar [[r.Filter.SizeScale:1]]
[2023.04.02-12.52.39:597][  0]LogConfig: Setting CVar [[r.Tonemapper.Quality:5]]
[2023.04.02-12.52.39:597][  0]LogConfig: Setting CVar [[r.DOF.Gather.AccumulatorQuality:1        ; higher gathering accumulator quality]]
[2023.04.02-12.52.39:597][  0]LogConfig: Setting CVar [[r.DOF.Gather.PostfilterMethod:1          ; Median3x3 postfilering method]]
[2023.04.02-12.52.39:597][  0]LogConfig: Setting CVar [[r.DOF.Gather.EnableBokehSettings:0       ; no bokeh simulation when gathering]]
[2023.04.02-12.52.39:597][  0]LogConfig: Setting CVar [[r.DOF.Gather.RingCount:4                 ; medium number of samples when gathering]]
[2023.04.02-12.52.39:597][  0]LogConfig: Setting CVar [[r.DOF.Scatter.ForegroundCompositing:1    ; additive foreground scattering]]
[2023.04.02-12.52.39:597][  0]LogConfig: Setting CVar [[r.DOF.Scatter.BackgroundCompositing:2    ; additive background scattering]]
[2023.04.02-12.52.39:598][  0]LogConfig: Setting CVar [[r.DOF.Scatter.EnableBokehSettings:1      ; bokeh simulation when scattering]]
[2023.04.02-12.52.39:598][  0]LogConfig: Setting CVar [[r.DOF.Scatter.MaxSpriteRatio:0.1         ; only a maximum of 10% of scattered bokeh]]
[2023.04.02-12.52.39:598][  0]LogConfig: Setting CVar [[r.DOF.Recombine.Quality:1                ; cheap slight out of focus]]
[2023.04.02-12.52.39:598][  0]LogConfig: Setting CVar [[r.DOF.Recombine.EnableBokehSettings:0    ; no bokeh simulation on slight out of focus]]
[2023.04.02-12.52.39:598][  0]LogConfig: Setting CVar [[r.DOF.TemporalAAQuality:1                ; more stable temporal accumulation]]
[2023.04.02-12.52.39:598][  0]LogConfig: Setting CVar [[r.DOF.Kernel.MaxForegroundRadius:0.025]]
[2023.04.02-12.52.39:598][  0]LogConfig: Setting CVar [[r.DOF.Kernel.MaxBackgroundRadius:0.025]]
[2023.04.02-12.52.39:598][  0]LogConfig: Applying CVar settings from Section [TextureQuality@3] File [C:/Users/Елена/Documents/GitHub/Mushroomverse2/Проектик/Mushroomverse2/Saved/Config/Windows/Scalability.ini]
[2023.04.02-12.52.39:598][  0]LogConfig: Setting CVar [[r.Streaming.MipBias:0]]
[2023.04.02-12.52.39:598][  0]LogConfig: Setting CVar [[r.Streaming.AmortizeCPUToGPUCopy:0]]
[2023.04.02-12.52.39:598][  0]LogConfig: Setting CVar [[r.Streaming.MaxNumTexturesToStreamPerFrame:0]]
[2023.04.02-12.52.39:598][  0]LogConfig: Setting CVar [[r.Streaming.Boost:1]]
[2023.04.02-12.52.39:598][  0]LogConfig: Setting CVar [[r.MaxAnisotropy:8]]
[2023.04.02-12.52.39:598][  0]LogConfig: Setting CVar [[r.VT.MaxAnisotropy:8]]
[2023.04.02-12.52.39:598][  0]LogConfig: Setting CVar [[r.Streaming.LimitPoolSizeToVRAM:0]]
[2023.04.02-12.52.39:598][  0]LogConfig: Setting CVar [[r.Streaming.PoolSize:1000]]
[2023.04.02-12.52.39:598][  0]LogConfig: Setting CVar [[r.Streaming.MaxEffectiveScreenSize:0]]
[2023.04.02-12.52.39:599][  0]LogConfig: Applying CVar settings from Section [EffectsQuality@3] File [C:/Users/Елена/Documents/GitHub/Mushroomverse2/Проектик/Mushroomverse2/Saved/Config/Windows/Scalability.ini]
[2023.04.02-12.52.39:599][  0]LogConfig: Setting CVar [[r.TranslucencyLightingVolumeDim:64]]
[2023.04.02-12.52.39:599][  0]LogConfig: Setting CVar [[r.RefractionQuality:2]]
[2023.04.02-12.52.39:599][  0]LogConfig: Setting CVar [[r.SSR.Quality:3]]
[2023.04.02-12.52.39:599][  0]LogConfig: Setting CVar [[r.SSR.HalfResSceneColor:0]]
[2023.04.02-12.52.39:599][  0]LogConfig: Setting CVar [[r.SceneColorFormat:4]]
[2023.04.02-12.52.39:599][  0]LogConfig: Setting CVar [[r.DetailMode:2]]
[2023.04.02-12.52.39:599][  0]LogConfig: Setting CVar [[r.TranslucencyVolumeBlur:1]]
[2023.04.02-12.52.39:599][  0]LogConfig: Setting CVar [[r.MaterialQualityLevel:1 ; High quality]]
[2023.04.02-12.52.39:599][  0]LogConfig: Setting CVar [[r.AnisotropicMaterials:1]]
[2023.04.02-12.52.39:599][  0]LogConfig: Setting CVar [[r.SSS.Scale:1]]
[2023.04.02-12.52.39:599][  0]LogConfig: Setting CVar [[r.SSS.SampleSet:2]]
[2023.04.02-12.52.39:599][  0]LogConfig: Setting CVar [[r.SSS.Quality:1]]
[2023.04.02-12.52.39:599][  0]LogConfig: Setting CVar [[r.SSS.HalfRes:0]]
[2023.04.02-12.52.39:599][  0]LogConfig: Setting CVar [[r.SSGI.Quality:3]]
[2023.04.02-12.52.39:599][  0]LogConfig: Setting CVar [[r.EmitterSpawnRateScale:1.0]]
[2023.04.02-12.52.39:599][  0]LogConfig: Setting CVar [[r.ParticleLightQuality:2]]
[2023.04.02-12.52.39:599][  0]LogConfig: Setting CVar [[r.SkyAtmosphere.AerialPerspectiveLUT.FastApplyOnOpaque:1 ; Always have FastSkyLUT 1 in this case to avoid wrong sky]]
[2023.04.02-12.52.39:599][  0]LogConfig: Setting CVar [[r.SkyAtmosphere.AerialPerspectiveLUT.SampleCountMaxPerSlice:4]]
[2023.04.02-12.52.39:599][  0]LogConfig: Setting CVar [[r.SkyAtmosphere.AerialPerspectiveLUT.DepthResolution:16.0]]
[2023.04.02-12.52.39:599][  0]LogConfig: Setting CVar [[r.SkyAtmosphere.FastSkyLUT:1]]
[2023.04.02-12.52.39:599][  0]LogConfig: Setting CVar [[r.SkyAtmosphere.FastSkyLUT.SampleCountMin:4.0]]
[2023.04.02-12.52.39:599][  0]LogConfig: Setting CVar [[r.SkyAtmosphere.FastSkyLUT.SampleCountMax:128.0]]
[2023.04.02-12.52.39:599][  0]LogConfig: Setting CVar [[r.SkyAtmosphere.SampleCountMin:4.0]]
[2023.04.02-12.52.39:599][  0]LogConfig: Setting CVar [[r.SkyAtmosphere.SampleCountMax:128.0]]
[2023.04.02-12.52.39:599][  0]LogConfig: Setting CVar [[r.SkyAtmosphere.TransmittanceLUT.UseSmallFormat:0]]
[2023.04.02-12.52.39:599][  0]LogConfig: Setting CVar [[r.SkyAtmosphere.TransmittanceLUT.SampleCount:10.0]]
[2023.04.02-12.52.39:599][  0]LogConfig: Setting CVar [[r.SkyAtmosphere.MultiScatteringLUT.SampleCount:15.0]]
[2023.04.02-12.52.39:599][  0]LogConfig: Setting CVar [[r.SkyLight.RealTimeReflectionCapture:1]]
[2023.04.02-12.52.39:599][  0]LogConfig: Applying CVar settings from Section [FoliageQuality@3] File [C:/Users/Елена/Documents/GitHub/Mushroomverse2/Проектик/Mushroomverse2/Saved/Config/Windows/Scalability.ini]
[2023.04.02-12.52.39:599][  0]LogConfig: Setting CVar [[foliage.DensityScale:1.0]]
[2023.04.02-12.52.39:599][  0]LogConfig: Setting CVar [[grass.DensityScale:1.0]]
[2023.04.02-12.52.39:599][  0]LogConfig: Applying CVar settings from Section [ShadingQuality@3] File [C:/Users/Елена/Documents/GitHub/Mushroomverse2/Проектик/Mushroomverse2/Saved/Config/Windows/Scalability.ini]
[2023.04.02-12.52.39:599][  0]LogConfig: Setting CVar [[r.HairStrands.SkyLighting.IntegrationType:2]]
[2023.04.02-12.52.39:599][  0]LogConfig: Setting CVar [[r.HairStrands.SkyAO.SampleCount:4]]
[2023.04.02-12.52.39:600][  0]LogConfig: Setting CVar [[r.HairStrands.Visibility.MSAA.SamplePerPixel:4]]
[2023.04.02-12.52.39:600][  0]LogInit: Selected Device Profile: [Windows]
[2023.04.02-12.52.39:600][  0]LogInit: Applying CVar settings loaded from the selected device profile: [Windows]
[2023.04.02-12.52.39:600][  0]LogHAL: Display: Platform has ~ 16 GB [17135816704 / 17179869184 / 16], which maps to Larger [LargestMinGB=32, LargerMinGB=12, DefaultMinGB=8, SmallerMinGB=6, SmallestMinGB=0)
[2023.04.02-12.52.39:600][  0]LogInit: Going up to parent DeviceProfile []
[2023.04.02-12.52.39:600][  0]LogConfig: Applying CVar settings from Section [ViewDistanceQuality@3] File [C:/Users/Елена/Documents/GitHub/Mushroomverse2/Проектик/Mushroomverse2/Saved/Config/Windows/Scalability.ini]
[2023.04.02-12.52.39:600][  0]LogConfig: Setting CVar [[r.SkeletalMeshLODBias:0]]
[2023.04.02-12.52.39:600][  0]LogConfig: Setting CVar [[r.ViewDistanceScale:1.0]]
[2023.04.02-12.52.39:600][  0]LogConfig: Applying CVar settings from Section [AntiAliasingQuality@3] File [C:/Users/Елена/Documents/GitHub/Mushroomverse2/Проектик/Mushroomverse2/Saved/Config/Windows/Scalability.ini]
[2023.04.02-12.52.39:601][  0]LogConfig: Setting CVar [[r.PostProcessAAQuality:4]]
[2023.04.02-12.52.39:601][  0]LogConfig: Applying CVar settings from Section [ShadowQuality@3] File [C:/Users/Елена/Documents/GitHub/Mushroomverse2/Проектик/Mushroomverse2/Saved/Config/Windows/Scalability.ini]
[2023.04.02-12.52.39:601][  0]LogConfig: Setting CVar [[r.LightFunctionQuality:1]]
[2023.04.02-12.52.39:601][  0]LogConfig: Setting CVar [[r.ShadowQuality:5]]
[2023.04.02-12.52.39:601][  0]LogConfig: Setting CVar [[r.Shadow.CSM.MaxCascades:10]]
[2023.04.02-12.52.39:601][  0]LogConfig: Setting CVar [[r.Shadow.MaxResolution:2048]]
[2023.04.02-12.52.39:601][  0]LogConfig: Setting CVar [[r.Shadow.MaxCSMResolution:2048]]
[2023.04.02-12.52.39:601][  0]LogConfig: Setting CVar [[r.Shadow.RadiusThreshold:0.01]]
[2023.04.02-12.52.39:601][  0]LogConfig: Setting CVar [[r.Shadow.DistanceScale:1.0]]
[2023.04.02-12.52.39:601][  0]LogConfig: Setting CVar [[r.Shadow.CSM.TransitionScale:1.0]]
[2023.04.02-12.52.39:601][  0]LogConfig: Setting CVar [[r.Shadow.PreShadowResolutionFactor:1.0]]
[2023.04.02-12.52.39:601][  0]LogConfig: Setting CVar [[r.DistanceFieldShadowing:1]]
[2023.04.02-12.52.39:601][  0]LogConfig: Setting CVar [[r.DistanceFieldAO:1]]
[2023.04.02-12.52.39:601][  0]LogConfig: Setting CVar [[r.AOQuality:2]]
[2023.04.02-12.52.39:601][  0]LogConfig: Setting CVar [[r.VolumetricFog:1]]
[2023.04.02-12.52.39:601][  0]LogConfig: Setting CVar [[r.VolumetricFog.GridPixelSize:8]]
[2023.04.02-12.52.39:601][  0]LogConfig: Setting CVar [[r.VolumetricFog.GridSizeZ:128]]
[2023.04.02-12.52.39:601][  0]LogConfig: Setting CVar [[r.VolumetricFog.HistoryMissSupersampleCount:4]]
[2023.04.02-12.52.39:602][  0]LogConfig: Setting CVar [[r.LightMaxDrawDistanceScale:1]]
[2023.04.02-12.52.39:602][  0]LogConfig: Setting CVar [[r.CapsuleShadows:1]]
[2023.04.02-12.52.39:602][  0]LogConfig: Applying CVar settings from Section [PostProcessQuality@3] File [C:/Users/Елена/Documents/GitHub/Mushroomverse2/Проектик/Mushroomverse2/Saved/Config/Windows/Scalability.ini]
[2023.04.02-12.52.39:602][  0]LogConfig: Setting CVar [[r.MotionBlurQuality:4]]
[2023.04.02-12.52.39:602][  0]LogConfig: Setting CVar [[r.AmbientOcclusionMipLevelFactor:0.4]]
[2023.04.02-12.52.39:602][  0]LogConfig: Setting CVar [[r.AmbientOcclusionMaxQuality:100]]
[2023.04.02-12.52.39:602][  0]LogConfig: Setting CVar [[r.AmbientOcclusionLevels:-1]]
[2023.04.02-12.52.39:602][  0]LogConfig: Setting CVar [[r.AmbientOcclusionRadiusScale:1.0]]
[2023.04.02-12.52.39:602][  0]LogConfig: Setting CVar [[r.DepthOfFieldQuality:2]]
[2023.04.02-12.52.39:602][  0]LogConfig: Setting CVar [[r.RenderTargetPoolMin:400]]
[2023.04.02-12.52.39:602][  0]LogConfig: Setting CVar [[r.LensFlareQuality:2]]
[2023.04.02-12.52.39:602][  0]LogConfig: Setting CVar [[r.SceneColorFringeQuality:1]]
[2023.04.02-12.52.39:602][  0]LogConfig: Setting CVar [[r.EyeAdaptationQuality:2]]
[2023.04.02-12.52.39:602][  0]LogConfig: Setting CVar [[r.BloomQuality:5]]
[2023.04.02-12.52.39:602][  0]LogConfig: Setting CVar [[r.FastBlurThreshold:100]]
[2023.04.02-12.52.39:602][  0]LogConfig: Setting CVar [[r.Upscale.Quality:3]]
[2023.04.02-12.52.39:602][  0]LogConfig: Setting CVar [[r.Tonemapper.GrainQuantization:1]]
[2023.04.02-12.52.39:602][  0]LogConfig: Setting CVar [[r.LightShaftQuality:1]]
[2023.04.02-12.52.39:603][  0]LogConfig: Setting CVar [[r.Filter.SizeScale:1]]
[2023.04.02-12.52.39:603][  0]LogConfig: Setting CVar [[r.Tonemapper.Quality:5]]
[2023.04.02-12.52.39:603][  0]LogConfig: Setting CVar [[r.DOF.Gather.AccumulatorQuality:1        ; higher gathering accumulator quality]]
[2023.04.02-12.52.39:603][  0]LogConfig: Setting CVar [[r.DOF.Gather.PostfilterMethod:1          ; Median3x3 postfilering method]]
[2023.04.02-12.52.39:603][  0]LogConfig: Setting CVar [[r.DOF.Gather.EnableBokehSettings:0       ; no bokeh simulation when gathering]]
[2023.04.02-12.52.39:603][  0]LogConfig: Setting CVar [[r.DOF.Gather.RingCount:4                 ; medium number of samples when gathering]]
[2023.04.02-12.52.39:603][  0]LogConfig: Setting CVar [[r.DOF.Scatter.ForegroundCompositing:1    ; additive foreground scattering]]
[2023.04.02-12.52.39:603][  0]LogConfig: Setting CVar [[r.DOF.Scatter.BackgroundCompositing:2    ; additive background scattering]]
[2023.04.02-12.52.39:603][  0]LogConfig: Setting CVar [[r.DOF.Scatter.EnableBokehSettings:1      ; bokeh simulation when scattering]]
[2023.04.02-12.52.39:603][  0]LogConfig: Setting CVar [[r.DOF.Scatter.MaxSpriteRatio:0.1         ; only a maximum of 10% of scattered bokeh]]
[2023.04.02-12.52.39:603][  0]LogConfig: Setting CVar [[r.DOF.Recombine.Quality:1                ; cheap slight out of focus]]
[2023.04.02-12.52.39:603][  0]LogConfig: Setting CVar [[r.DOF.Recombine.EnableBokehSettings:0    ; no bokeh simulation on slight out of focus]]
[2023.04.02-12.52.39:603][  0]LogConfig: Setting CVar [[r.DOF.TemporalAAQuality:1                ; more stable temporal accumulation]]
[2023.04.02-12.52.39:603][  0]LogConfig: Setting CVar [[r.DOF.Kernel.MaxForegroundRadius:0.025]]
[2023.04.02-12.52.39:603][  0]LogConfig: Setting CVar [[r.DOF.Kernel.MaxBackgroundRadius:0.025]]
[2023.04.02-12.52.39:603][  0]LogConfig: Applying CVar settings from Section [TextureQuality@3] File [C:/Users/Елена/Documents/GitHub/Mushroomverse2/Проектик/Mushroomverse2/Saved/Config/Windows/Scalability.ini]
[2023.04.02-12.52.39:603][  0]LogConfig: Setting CVar [[r.Streaming.MipBias:0]]
[2023.04.02-12.52.39:604][  0]LogConfig: Setting CVar [[r.Streaming.AmortizeCPUToGPUCopy:0]]
[2023.04.02-12.52.39:604][  0]LogConfig: Setting CVar [[r.Streaming.MaxNumTexturesToStreamPerFrame:0]]
[2023.04.02-12.52.39:604][  0]LogConfig: Setting CVar [[r.Streaming.Boost:1]]
[2023.04.02-12.52.39:604][  0]LogConfig: Setting CVar [[r.MaxAnisotropy:8]]
[2023.04.02-12.52.39:604][  0]LogConfig: Setting CVar [[r.VT.MaxAnisotropy:8]]
[2023.04.02-12.52.39:604][  0]LogConfig: Setting CVar [[r.Streaming.LimitPoolSizeToVRAM:0]]
[2023.04.02-12.52.39:604][  0]LogConfig: Setting CVar [[r.Streaming.PoolSize:1000]]
[2023.04.02-12.52.39:604][  0]LogConfig: Setting CVar [[r.Streaming.MaxEffectiveScreenSize:0]]
[2023.04.02-12.52.39:604][  0]LogConfig: Applying CVar settings from Section [EffectsQuality@3] File [C:/Users/Елена/Documents/GitHub/Mushroomverse2/Проектик/Mushroomverse2/Saved/Config/Windows/Scalability.ini]
[2023.04.02-12.52.39:604][  0]LogConfig: Setting CVar [[r.TranslucencyLightingVolumeDim:64]]
[2023.04.02-12.52.39:604][  0]LogConfig: Setting CVar [[r.RefractionQuality:2]]
[2023.04.02-12.52.39:604][  0]LogConfig: Setting CVar [[r.SSR.Quality:3]]
[2023.04.02-12.52.39:604][  0]LogConfig: Setting CVar [[r.SSR.HalfResSceneColor:0]]
[2023.04.02-12.52.39:604][  0]LogConfig: Setting CVar [[r.SceneColorFormat:4]]
[2023.04.02-12.52.39:604][  0]LogConfig: Setting CVar [[r.DetailMode:2]]
[2023.04.02-12.52.39:604][  0]LogConfig: Setting CVar [[r.TranslucencyVolumeBlur:1]]
[2023.04.02-12.52.39:604][  0]LogConfig: Setting CVar [[r.MaterialQualityLevel:1 ; High quality]]
[2023.04.02-12.52.39:604][  0]LogConfig: Setting CVar [[r.AnisotropicMaterials:1]]
[2023.04.02-12.52.39:605][  0]LogConfig: Setting CVar [[r.SSS.Scale:1]]
[2023.04.02-12.52.39:605][  0]LogConfig: Setting CVar [[r.SSS.SampleSet:2]]
[2023.04.02-12.52.39:605][  0]LogConfig: Setting CVar [[r.SSS.Quality:1]]
[2023.04.02-12.52.39:605][  0]LogConfig: Setting CVar [[r.SSS.HalfRes:0]]
[2023.04.02-12.52.39:605][  0]LogConfig: Setting CVar [[r.SSGI.Quality:3]]
[2023.04.02-12.52.39:605][  0]LogConfig: Setting CVar [[r.EmitterSpawnRateScale:1.0]]
[2023.04.02-12.52.39:605][  0]LogConfig: Setting CVar [[r.ParticleLightQuality:2]]
[2023.04.02-12.52.39:605][  0]LogConfig: Setting CVar [[r.SkyAtmosphere.AerialPerspectiveLUT.FastApplyOnOpaque:1 ; Always have FastSkyLUT 1 in this case to avoid wrong sky]]
[2023.04.02-12.52.39:605][  0]LogConfig: Setting CVar [[r.SkyAtmosphere.AerialPerspectiveLUT.SampleCountMaxPerSlice:4]]
[2023.04.02-12.52.39:605][  0]LogConfig: Setting CVar [[r.SkyAtmosphere.AerialPerspectiveLUT.DepthResolution:16.0]]
[2023.04.02-12.52.39:605][  0]LogConfig: Setting CVar [[r.SkyAtmosphere.FastSkyLUT:1]]
[2023.04.02-12.52.39:605][  0]LogConfig: Setting CVar [[r.SkyAtmosphere.FastSkyLUT.SampleCountMin:4.0]]
[2023.04.02-12.52.39:605][  0]LogConfig: Setting CVar [[r.SkyAtmosphere.FastSkyLUT.SampleCountMax:128.0]]
[2023.04.02-12.52.39:605][  0]LogConfig: Setting CVar [[r.SkyAtmosphere.SampleCountMin:4.0]]
[2023.04.02-12.52.39:605][  0]LogConfig: Setting CVar [[r.SkyAtmosphere.SampleCountMax:128.0]]
[2023.04.02-12.52.39:605][  0]LogConfig: Setting CVar [[r.SkyAtmosphere.TransmittanceLUT.UseSmallFormat:0]]
[2023.04.02-12.52.39:606][  0]LogConfig: Setting CVar [[r.SkyAtmosphere.TransmittanceLUT.SampleCount:10.0]]
[2023.04.02-12.52.39:606][  0]LogConfig: Setting CVar [[r.SkyAtmosphere.MultiScatteringLUT.SampleCount:15.0]]
[2023.04.02-12.52.39:606][  0]LogConfig: Setting CVar [[r.SkyLight.RealTimeReflectionCapture:1]]
[2023.04.02-12.52.39:606][  0]LogConfig: Applying CVar settings from Section [FoliageQuality@3] File [C:/Users/Елена/Documents/GitHub/Mushroomverse2/Проектик/Mushroomverse2/Saved/Config/Windows/Scalability.ini]
[2023.04.02-12.52.39:606][  0]LogConfig: Setting CVar [[foliage.DensityScale:1.0]]
[2023.04.02-12.52.39:606][  0]LogConfig: Setting CVar [[grass.DensityScale:1.0]]
[2023.04.02-12.52.39:606][  0]LogConfig: Applying CVar settings from Section [ShadingQuality@3] File [C:/Users/Елена/Documents/GitHub/Mushroomverse2/Проектик/Mushroomverse2/Saved/Config/Windows/Scalability.ini]
[2023.04.02-12.52.39:606][  0]LogConfig: Setting CVar [[r.HairStrands.SkyLighting.IntegrationType:2]]
[2023.04.02-12.52.39:606][  0]LogConfig: Setting CVar [[r.HairStrands.SkyAO.SampleCount:4]]
[2023.04.02-12.52.39:606][  0]LogConfig: Setting CVar [[r.HairStrands.Visibility.MSAA.SamplePerPixel:4]]
[2023.04.02-12.52.39:606][  0]LogConfig: Applying CVar settings from Section [Startup] File [../../../Engine/Config/ConsoleVariables.ini]
[2023.04.02-12.52.39:636][  0]LogConfig: Setting CVar [[net.UseAdaptiveNetUpdateFrequency:0]]
[2023.04.02-12.52.39:636][  0]LogConfig: Setting CVar [[p.chaos.AllowCreatePhysxBodies:1]]
[2023.04.02-12.52.39:636][  0]LogConfig: Setting CVar [[fx.SkipVectorVMBackendOptimizations:1]]
[2023.04.02-12.52.39:636][  0]LogConfig: Applying CVar settings from Section [ConsoleVariables] File [C:/Users/Елена/Documents/GitHub/Mushroomverse2/Проектик/Mushroomverse2/Saved/Config/Windows/Engine.ini]
[2023.04.02-12.52.39:636][  0]LogConfig: Applying CVar settings from Section [ConsoleVariables] File [C:/Users/Елена/Documents/GitHub/Mushroomverse2/Проектик/Mushroomverse2/Saved/Config/Windows/Editor.ini]
[2023.04.02-12.52.39:689][  0]LogInit: Computer: DESKTOP-B5R1U3H
[2023.04.02-12.52.39:689][  0]LogInit: User: Елена
[2023.04.02-12.52.39:689][  0]LogInit: CPU Page size=4096, Cores=4
[2023.04.02-12.52.39:689][  0]LogInit: High frequency timer resolution =10.000000 MHz
[2023.04.02-12.52.39:689][  0]LogMemory: Memory total: Physical=16.0GB (16GB approx)
[2023.04.02-12.52.39:689][  0]LogMemory: Platform Memory Stats for Windows
[2023.04.02-12.52.39:689][  0]LogMemory: Process Physical Memory: 142.53 MB used, 142.53 MB peak
[2023.04.02-12.52.39:689][  0]LogMemory: Process Virtual Memory: 128.07 MB used, 128.07 MB peak
[2023.04.02-12.52.39:689][  0]LogMemory: Physical Memory: 6561.00 MB used,  9780.98 MB free, 16341.99 MB total
[2023.04.02-12.52.39:689][  0]LogMemory: Virtual Memory: 134207552.00 MB used,  10172.23 MB free, 134217728.00 MB total
[2023.04.02-12.52.39:713][  0]LogWindows: WindowsPlatformFeatures enabled
[2023.04.02-12.52.44:860][  0]LogInit: Physics initialised using underlying interface: PhysX
[2023.04.02-12.52.44:911][  0]LogInit: Using OS detected language (ru-RU).
[2023.04.02-12.52.44:911][  0]LogInit: Using OS detected locale (ru-RU).
[2023.04.02-12.52.47:504][  0]LogTextLocalizationManager: No specific localization for 'ru-RU' exists, so the 'ru' localization will be used.
[2023.04.02-12.52.47:561][  0]LogTextLocalizationResource: LocRes '../../../Engine/Content/Localization/Editor/ru/Editor.locres' could not be opened for reading!
[2023.04.02-12.52.47:561][  0]LogTextLocalizationResource: LocRes '../../../Engine/Content/Localization/EditorTutorials/ru/EditorTutorials.locres' could not be opened for reading!
[2023.04.02-12.52.47:561][  0]LogTextLocalizationResource: LocRes '../../../Engine/Content/Localization/Keywords/ru/Keywords.locres' could not be opened for reading!
[2023.04.02-12.52.47:562][  0]LogTextLocalizationResource: LocRes '../../../Engine/Content/Localization/Category/ru/Category.locres' could not be opened for reading!
[2023.04.02-12.52.47:582][  0]LogTextLocalizationResource: LocRes '../../../Engine/Content/Localization/ToolTips/ru/ToolTips.locres' could not be opened for reading!
[2023.04.02-12.52.47:583][  0]LogTextLocalizationResource: LocRes '../../../Engine/Content/Localization/PropertyNames/ru/PropertyNames.locres' could not be opened for reading!
[2023.04.02-12.52.47:583][  0]LogTextLocalizationResource: LocRes '../../../Engine/Content/Localization/Engine/ru/Engine.locres' could not be opened for reading!
[2023.04.02-12.52.47:692][  0]LogInit: Setting process to per monitor DPI aware
[2023.04.02-12.52.48:330][  0]LogWindowsTextInputMethodSystem: Display: IME system deactivated.
[2023.04.02-12.52.50:189][  0]LogSlate: New Slate User Created.  User Index 0, Is Virtual User: 0
[2023.04.02-12.52.50:189][  0]LogSlate: Slate User Registered.  User Index 0, Is Virtual User: 0
[2023.04.02-12.53.01:249][  0]LogD3D11RHI: Loaded GFSDK_Aftermath_Lib.x64.dll
[2023.04.02-12.53.02:165][  0]LogHMD: Failed to enumerate extensions. Please check that you have a valid OpenXR runtime installed.
[2023.04.02-12.53.02:165][  0]LogD3D11RHI: D3D11 min allowed feature level: 11_0
[2023.04.02-12.53.02:165][  0]LogD3D11RHI: D3D11 max allowed feature level: 11_0
[2023.04.02-12.53.02:165][  0]LogD3D11RHI: D3D11 adapters:
[2023.04.02-12.53.02:303][  0]LogD3D11RHI:    0. 'NVIDIA GeForce GTX 1060 6GB' (Feature Level 11_0)
[2023.04.02-12.53.02:303][  0]LogD3D11RHI:       6052/0/8170 MB DedicatedVideo/DedicatedSystem/SharedSystem, Outputs:1, VendorId:0x10de
[2023.04.02-12.53.02:307][  0]LogD3D11RHI:    1. 'Microsoft Basic Render Driver' (Feature Level 11_0)
[2023.04.02-12.53.02:307][  0]LogD3D11RHI:       0/0/8170 MB DedicatedVideo/DedicatedSystem/SharedSystem, Outputs:0, VendorId:0x1414
[2023.04.02-12.53.02:307][  0]LogD3D11RHI: Chosen D3D11 Adapter:
[2023.04.02-12.53.02:307][  0]LogD3D11RHI:     Description : NVIDIA GeForce GTX 1060 6GB
[2023.04.02-12.53.02:307][  0]LogD3D11RHI:     VendorId    : 10de
[2023.04.02-12.53.02:307][  0]LogD3D11RHI:     DeviceId    : 1c03
[2023.04.02-12.53.02:307][  0]LogD3D11RHI:     SubSysId    : 37751458
[2023.04.02-12.53.02:307][  0]LogD3D11RHI:     Revision    : 00a1
[2023.04.02-12.53.02:307][  0]LogD3D11RHI:     DedicatedVideoMemory : 6345981952 bytes
[2023.04.02-12.53.02:307][  0]LogD3D11RHI:     DedicatedSystemMemory : 0 bytes
[2023.04.02-12.53.02:307][  0]LogD3D11RHI:     SharedSystemMemory : 8567908352 bytes
[2023.04.02-12.53.02:307][  0]LogD3D11RHI:     AdapterLuid : 0 98206
[2023.04.02-12.53.02:314][  0]LogD3D11RHI: Creating new Direct3DDevice
[2023.04.02-12.53.02:314][  0]LogD3D11RHI:     GPU DeviceId: 0x1c03 (for the marketing name, search the web for "GPU Device Id")
[2023.04.02-12.53.02:314][  0]LogWindows: EnumDisplayDevices:
[2023.04.02-12.53.02:315][  0]LogWindows:    0. 'NVIDIA GeForce GTX 1060 6GB' (P:1 D:1)
[2023.04.02-12.53.02:315][  0]LogWindows:    1. 'NVIDIA GeForce GTX 1060 6GB' (P:0 D:0)
[2023.04.02-12.53.02:315][  0]LogWindows:    2. 'NVIDIA GeForce GTX 1060 6GB' (P:0 D:0)
[2023.04.02-12.53.02:315][  0]LogWindows:    3. 'NVIDIA GeForce GTX 1060 6GB' (P:0 D:0)
[2023.04.02-12.53.02:315][  0]LogWindows: DebugString: FoundDriverCount:4 
[2023.04.02-12.53.02:315][  0]LogD3D11RHI:     Adapter Name: NVIDIA GeForce GTX 1060 6GB
[2023.04.02-12.53.02:316][  0]LogD3D11RHI:   Driver Version: 516.94 (internal:31.0.15.1694, unified:516.94)
[2023.04.02-12.53.02:316][  0]LogD3D11RHI:      Driver Date: 7-21-2022
[2023.04.02-12.53.02:317][  0]LogRHI: Texture pool is 4236 MB (70% of 6052 MB)
[2023.04.02-12.53.02:317][  0]LogD3D11RHI: Creating D3DDevice using adapter:
[2023.04.02-12.53.02:317][  0]LogD3D11RHI:     Description : NVIDIA GeForce GTX 1060 6GB
[2023.04.02-12.53.02:317][  0]LogD3D11RHI:     VendorId    : 10de
[2023.04.02-12.53.02:317][  0]LogD3D11RHI:     DeviceId    : 1c03
[2023.04.02-12.53.02:317][  0]LogD3D11RHI:     SubSysId    : 37751458
[2023.04.02-12.53.02:317][  0]LogD3D11RHI:     Revision    : 00a1
[2023.04.02-12.53.02:317][  0]LogD3D11RHI:     DedicatedVideoMemory : 6345981952 bytes
[2023.04.02-12.53.02:317][  0]LogD3D11RHI:     DedicatedSystemMemory : 0 bytes
[2023.04.02-12.53.02:317][  0]LogD3D11RHI:     SharedSystemMemory : 8567908352 bytes
[2023.04.02-12.53.02:317][  0]LogD3D11RHI:     AdapterLuid : 0 98206
[2023.04.02-12.53.02:412][  0]LogD3D11RHI: RHI has support for 64 bit atomics
[2023.04.02-12.53.02:415][  0]LogD3D11RHI: Async texture creation enabled
[2023.04.02-12.53.02:415][  0]LogD3D11RHI: Array index from any shader is supported
[2023.04.02-12.53.04:442][  0]LogD3D11RHI: GPU Timing Frequency: 1000.000000 (Debug: 2 1)
[2023.04.02-12.53.04:872][  0]LogRHI: GeForceNow SDK initialized: 1
[2023.04.02-12.53.06:429][  0]LogTargetPlatformManager: Display: Loaded TargetPlatform 'AllDesktop'
[2023.04.02-12.53.06:549][  0]LogTargetPlatformManager: Display: Loaded TargetPlatform 'Android'
[2023.04.02-12.53.06:549][  0]LogTargetPlatformManager: Display: Loaded TargetPlatform 'Android_ASTC'
[2023.04.02-12.53.06:549][  0]LogTargetPlatformManager: Display: Loaded TargetPlatform 'Android_DXT'
[2023.04.02-12.53.06:549][  0]LogTargetPlatformManager: Display: Loaded TargetPlatform 'Android_ETC2'
[2023.04.02-12.53.06:549][  0]LogTargetPlatformManager: Display: Loaded TargetPlatform 'AndroidClient'
[2023.04.02-12.53.06:549][  0]LogTargetPlatformManager: Display: Loaded TargetPlatform 'Android_ASTCClient'
[2023.04.02-12.53.06:549][  0]LogTargetPlatformManager: Display: Loaded TargetPlatform 'Android_DXTClient'
[2023.04.02-12.53.06:549][  0]LogTargetPlatformManager: Display: Loaded TargetPlatform 'Android_ETC2Client'
[2023.04.02-12.53.06:549][  0]LogTargetPlatformManager: Display: Loaded TargetPlatform 'Android_Multi'
[2023.04.02-12.53.06:549][  0]LogTargetPlatformManager: Display: Loaded TargetPlatform 'Android_MultiClient'
[2023.04.02-12.53.06:888][  0]LogTargetPlatformManager: Display: Loaded TargetPlatform 'IOSClient'
[2023.04.02-12.53.06:888][  0]LogTargetPlatformManager: Display: Loaded TargetPlatform 'IOS'
[2023.04.02-12.53.07:017][  0]LogTargetPlatformManager: Display: Loaded TargetPlatform 'Linux'
[2023.04.02-12.53.07:024][  0]LogTargetPlatformManager: Display: Loaded TargetPlatform 'LinuxNoEditor'
[2023.04.02-12.53.07:030][  0]LogTargetPlatformManager: Display: Loaded TargetPlatform 'LinuxClient'
[2023.04.02-12.53.07:047][  0]LogTargetPlatformManager: Display: Loaded TargetPlatform 'LinuxServer'
[2023.04.02-12.53.07:077][  0]LogTargetPlatformManager: Display: Loaded TargetPlatform 'LinuxAArch64NoEditor'
[2023.04.02-12.53.07:119][  0]LogTargetPlatformManager: Display: Loaded TargetPlatform 'LinuxAArch64Client'
[2023.04.02-12.53.07:184][  0]LogTargetPlatformManager: Display: Loaded TargetPlatform 'LinuxAArch64Server'
[2023.04.02-12.53.07:390][  0]LogTargetPlatformManager: Display: Loaded TargetPlatform 'Lumin'
[2023.04.02-12.53.07:390][  0]LogTargetPlatformManager: Display: Loaded TargetPlatform 'LuminClient'
[2023.04.02-12.53.07:793][  0]LogTargetPlatformManager: Display: Loaded TargetPlatform 'MacNoEditor'
[2023.04.02-12.53.08:199][  0]LogTargetPlatformManager: Display: Loaded TargetPlatform 'Mac'
[2023.04.02-12.53.08:239][  0]LogTargetPlatformManager: Display: Loaded TargetPlatform 'MacClient'
[2023.04.02-12.53.08:245][  0]LogTargetPlatformManager: Display: Loaded TargetPlatform 'MacServer'
[2023.04.02-12.53.08:285][  0]LogTargetPlatformManager: Display: Loaded TargetPlatform 'TVOSClient'
[2023.04.02-12.53.08:285][  0]LogTargetPlatformManager: Display: Loaded TargetPlatform 'TVOS'
[2023.04.02-12.53.08:338][  0]LogTargetPlatformManager: Display: Loaded TargetPlatform 'WindowsNoEditor'
[2023.04.02-12.53.08:384][  0]LogTargetPlatformManager: Display: Loaded TargetPlatform 'Windows'
[2023.04.02-12.53.08:477][  0]LogTargetPlatformManager: Display: Loaded TargetPlatform 'WindowsClient'
[2023.04.02-12.53.08:483][  0]LogTargetPlatformManager: Display: Loaded TargetPlatform 'WindowsServer'
[2023.04.02-12.53.08:483][  0]LogTargetPlatformManager: Display: Building Assets For Windows
[2023.04.02-12.53.09:173][  0]LogAudioDebug: Display: Lib vorbis DLL was dynamically loaded.
[2023.04.02-12.53.12:377][  0]LogTextureFormatOodle: Display: Oodle Texture 2.9.0 init RDO Off
[2023.04.02-12.53.23:408][  0]LogRendererCore: Ray tracing is disabled. Reason: r.RayTracing=0.
[2023.04.02-12.53.23:445][  0]LogShaderCompilers: Guid format shader working directory is -24 characters bigger than the processId version (C:/Users/Елена/Documents/GitHub/Mushroomverse2/Проектик/Mushroomverse2/Intermediate/Shaders/WorkingDirectory/4076/).
[2023.04.02-12.53.23:445][  0]LogShaderCompilers: Cleaned the shader compiler working directory 'C:/Users/Елена/AppData/Local/Temp/UnrealShaderWorkingDir/83CA4EFA4F4FC4E31CA38BBB797AC682/'.
[2023.04.02-12.53.23:463][  0]LogXGEController: Cannot use XGE Controller as Incredibuild is not installed on this machine.
[2023.04.02-12.53.23:463][  0]LogShaderCompilers: Cannot use XGE Shader Compiler as Incredibuild is not installed on this machine.
[2023.04.02-12.53.23:485][  0]LogShaderCompilers: Display: Using Local Shader Compiler.
[2023.04.02-12.54.00:747][  0]LogDerivedDataCache: Display: Max Cache Size: 512 MB
[2023.04.02-12.54.00:861][  0]LogDerivedDataCache: Loaded boot cache 0.11s 122MB C:/Users/Елена/AppData/Local/UnrealEngine/4.27/DerivedDataCache/Boot.ddc.
[2023.04.02-12.54.00:861][  0]LogDerivedDataCache: Display: Loaded Boot cache: C:/Users/Елена/AppData/Local/UnrealEngine/4.27/DerivedDataCache/Boot.ddc
[2023.04.02-12.54.00:861][  0]LogDerivedDataCache: FDerivedDataBackendGraph:  Pak pak cache file C:/Users/Елена/Documents/GitHub/Mushroomverse2/Проектик/Mushroomverse2/DerivedDataCache/DDC.ddp not found, will not use a pak cache.
[2023.04.02-12.54.00:861][  0]LogDerivedDataCache: Unable to find inner node Pak for hierarchical cache Hierarchy.
[2023.04.02-12.54.00:861][  0]LogDerivedDataCache: FDerivedDataBackendGraph:  CompressedPak pak cache file C:/Users/Елена/Documents/GitHub/Mushroomverse2/Проектик/Mushroomverse2/DerivedDataCache/Compressed.ddp not found, will not use a pak cache.
[2023.04.02-12.54.00:861][  0]LogDerivedDataCache: Unable to find inner node CompressedPak for hierarchical cache Hierarchy.
[2023.04.02-12.54.01:231][  0]LogDerivedDataCache: Display: Pak cache opened for reading ../../../Engine/DerivedDataCache/Compressed.ddp.
[2023.04.02-12.54.01:231][  0]LogDerivedDataCache: FDerivedDataBackendGraph:  EnterprisePak pak cache file ../../../Enterprise/DerivedDataCache/Compressed.ddp not found, will not use a pak cache.
[2023.04.02-12.54.01:231][  0]LogDerivedDataCache: Unable to find inner node EnterprisePak for hierarchical cache Hierarchy.
[2023.04.02-12.54.01:297][  0]LogDerivedDataCache: Speed tests for C:/Users/Елена/AppData/Local/UnrealEngine/Common/DerivedDataCache took 0.01 seconds
[2023.04.02-12.54.01:297][  0]LogDerivedDataCache: Display: Performance to C:/Users/Елена/AppData/Local/UnrealEngine/Common/DerivedDataCache: Latency=0.14ms. RandomReadSpeed=157.54MBs, RandomWriteSpeed=183.74MBs. Assigned SpeedClass 'Local'
[2023.04.02-12.54.01:299][  0]LogDerivedDataCache: Using Local data cache path C:/Users/Елена/AppData/Local/UnrealEngine/Common/DerivedDataCache: Writable
[2023.04.02-12.54.01:299][  0]LogDerivedDataCache: Shared data cache path not found in *engine.ini, will not use an Shared cache.
[2023.04.02-12.54.01:299][  0]LogDerivedDataCache: Unable to find inner node Shared for hierarchical cache Hierarchy.
[2023.04.02-12.54.01:691][  0]LogSlate: Using FreeType 2.10.0
[2023.04.02-12.54.02:158][  0]LogSlate: SlateFontServices - WITH_FREETYPE: 1, WITH_HARFBUZZ: 1
[2023.04.02-12.54.02:168][  0]LogHMD: Failed to enumerate extensions. Please check that you have a valid OpenXR runtime installed.
[2023.04.02-12.54.05:440][  0]LogAssetRegistry: FAssetRegistry took 0.1305 seconds to start up
[2023.04.02-12.54.21:125][  0]LogInit: Selected Device Profile: [Windows]
[2023.04.02-12.54.21:125][  0]LogInit: Active device profile: [00000161EBCAE900][00000161DF6FD7C0 49] Windows
[2023.04.02-12.54.21:126][  0]LogInit: Profiles: [00000161EBCAE900][00000161DF6FD7C0 49] Windows, [00000161EBC79900][00000161DF705940 49] WindowsNoEditor, [00000161EBCAD900][00000161EBACDAC0 49] WindowsServer, [00000161EBC7A700][00000161EBAD00C0 49] WindowsClient, [00000161EBCAEA00][00000161EBAD4240 49] IOS, [00000161EBC7BF00][00000161EBAD83C0 49] iPadAir, [00000161EBCAE600][00000161EBADC540 49] iPadAir2, [00000161EBC1EC00][00000161EBAE4800 49] IPadPro, [00000161EBC1ED00][00000161EBAE0840 49] iPadAir3, [00000161EBCADC00][00000161EBAE89C0 49] iPadAir4, [00000161EBC1F300][00000161EBAECB40 49] iPadMini2, [00000161EBCADE00][00000161EBAF0CC0 49] iPadMini3, [00000161EBC1D600][00000161EBAF4E40 49] iPadMini4, [00000161EBCAF000][00000161DF700F80 49] iPadMini5, [00000161EBC72500][00000161EBAFD1C0 49] iPhone6, [00000161EBC72600][00000161EBAF9200 49] iPodTouch6, [00000161EBC1D300][00000161EBB09480 49] iPhone7, [00000161EBC1D200][00000161EBB014C0 49] iPodTouch7, [00000161EBC72B00][00000161EBB0D640 49] iPhone5S, [00000161EBC1CC00][00000161EBB117C0 49] iPhone6Plus, [00000161EBC71600][00000161EBB15940 49] iPhone6S, [00000161EBC1E700][00000161EBB19AC0 49] iPhone6SPlus, [00000161EBC71400][00000161EBB1C0C0 49] iPhone7Plus, [00000161EBC1C700][00000161EBB20240 49] iPhoneSE, [00000161EBC72200][00000161EBB243C0 49] iPhone8, [00000161EBC1D500][00000161EBB28540 49] iPhone8Plus, [00000161EBC72100][00000161EBB2C6C0 49] iPhoneX, [00000161EBC1E600][00000161EBB30840 49] iPhoneXS, [00000161EBC70200][00000161EBB349C0 49] iPhoneXSMax, [00000161EBC1DB00][00000161EBB38B40 49] iPhoneXR, [00000161EBC72F00][00000161EBB3CCC0 49] iPhone11, [00000161EBC1F700][00000161EBB40E40 49] iPhone11Pro, [00000161EBC71000][00000161EBB44FC0 49] iPhone11ProMax, [00000161EBC1EA00][00000161EBB49140 49] iPhoneSE2, [00000161EBC73900][00000161EBB05280 49] iPhone12Mini, [00000161EBC1F200][00000161EBB4D3C0 49] iPhone12, [00000161EBC70C00][00000161EBB51500 49] iPhone12Pro, [00000161EBC1FC00][00000161EBB59680 49] iPhone12ProMax, [00000161EBC71A00][00000161EBB5D800 49] iPadPro105, [00000161EBC1D800][00000161EBB61980 49] iPadPro129, [00000161EBC71800][00000161EBB65B00 49] iPadPro97, [00000161EBC1F900][00000161EBB68100 49] iPadPro2_129, [00000161EBC72A00][00000161EBB6C280 49] iPad5, [00000161EBC1F500][00000161EBB70400 49] iPad6, [00000161EBC73400][00000161EBB74580 49] iPad7, [00000161EBC1DD00][00000161EBB78700 49] iPad8, [00000161EBC71B00][00000161EBB7C880 49] iPadPro11, [00000161EBC1CF00][00000161EBB80A00 49] iPadPro2_11, [00000161EBC71200][00000161EBB84B80 49] iPadPro3_129, [00000161EBC7A200][00000161EBB88D00 49] iPadPro4_129, [00000161EBD19900][00000161EBB8CE80 49] AppleTV, [00000161EBC7B400][00000161EBB91000 49] AppleTV4K, [00000161EBD18B00][00000161EBB95180 49] TVOS, [00000161EBC7B100][00000161EBB99300 49] Mac, [00000161EBD18F00][00000161EBB55440 49] MacClient, [00000161EBC7A900][00000161EBB9D580 49] MacNoEditor, [00000161EBD18500][00000161EBBA16C0 49] MacServer, [00000161EBC7BC00][00000161EBBA9840 49] Linux, [00000161EBD19200][00000161EBBAD9C0 49] LinuxAArch64, [00000161EBC7AF00][00000161EBBB1B40 49] LinuxNoEditor, [00000161EBD19600][00000161EBBB4140 49] LinuxAArch64NoEditor, [00000161EBC72C00][00000161EBBB82C0 49] LinuxClient, [00000161EBC1F800][00000161EBBBC440 49] LinuxAArch64Client, [00000161EBC70800][00000161EBBC05C0 49] LinuxServer, [00000161EBC1E400][00000161EBBC4740 49] LinuxAArch64Server, [00000161EBC70E00][00000161EBBC88C0 49] Android, [00000161EBC1DF00][00000161EBBCCA40 49] Android_Low, [00000161EBC72000][00000161EBBD0BC0 49] Android_Mid, [00000161EBC1F600][00000161EBBD4D40 49] Android_High, [00000161EBC70400][00000161EBBD8EC0 49] Android_Default, [00000161EBC1CE00][00000161EBBDD040 49] Android_Adreno4xx, [00000161EBC73100][00000161EBBE11C0 49] Android_Adreno5xx_Low, [00000161EBC1FA00][00000161EBBE5340 49] Android_Adreno5xx, [00000161EBC73A00][00000161EBBE94C0 49] Android_Adreno6xx, [00000161EBC1CD00][00000161EBBA5600 49] Android_Adreno6xx_Vulkan, [00000161EBC71300][00000161EBBED740 49] Android_Mali_T6xx, [00000161EBC1D000][00000161EBBF1880 49] Android_Mali_T7xx, [00000161EBC71700][00000161EBBF59C0 49] Android_Mali_T8xx, [00000161EBC1E800][00000161EBBFDB40 49] Android_Mali_G71, [00000161EBC73200][00000161ECC10140 49] Android_Mali_G72, [00000161EBC1D900][00000161ECC142C0 49] Android_Mali_G72_Vulkan, [00000161EBC70A00][00000161ECC18440 49] Android_Mali_G76, [00000161EBC1F100][00000161ECC1C5C0 49] Android_Mali_G76_Vulkan, [00000161EBC70D00][00000161ECC20740 49] Android_Mali_G77, [00000161EBC1FD00][00000161ECC248C0 49] Android_Mali_G77_Vulkan, [00000161EBD18900][00000161ECC28A40 49] Android_Mali_G78, [00000161EBC1C500][00000161ECC2CBC0 49] Android_Mali_G78_Vulkan, [00000161EBD18600][00000161ECC30D40 49] Android_Mali_G710, [00000161EBC1C400][00000161ECC34EC0 49] Android_Mali_G710_Vulkan, [00000161EBD18A00][00000161ECC39040 49] Android_Vulkan_SM5, [00000161EBC1CA00][00000161ECC3D1C0 49] Android_PowerVR_G6xxx, [00000161EBC73C00][00000161ECC41340 49] Android_PowerVR_GT7xxx, [00000161EBC1E100][00000161ECC454C0 49] Android_PowerVR_GE8xxx, [00000161EBC71F00][00000161ECC49640 49] Android_PowerVR_GM9xxx, [00000161EBC1EB00][00000161EBBF9780 49] Android_PowerVR_GM9xxx_Vulkan, [00000161EBC73D00][00000161ECC4D8C0 49] Android_TegraK1, [00000161EBC1EF00][00000161ECC51A00 49] Android_Unknown_Vulkan, [00000161EBC73000][00000161ECC55B40 49] Lumin, [00000161EBC1C300][00000161ECC5C140 49] Lumin_Desktop, [00000161EBC71D00][00000161ECC602C0 49] HoloLens, 
[2023.04.02-12.54.31:136][  0]LogMeshReduction: Using QuadricMeshReduction for automatic static mesh reduction
[2023.04.02-12.54.31:136][  0]LogMeshReduction: Using SimplygonMeshReduction for automatic skeletal mesh reduction
[2023.04.02-12.54.31:136][  0]LogMeshReduction: Using ProxyLODMeshReduction for automatic mesh merging
[2023.04.02-12.54.31:136][  0]LogMeshReduction: No distributed automatic mesh merging module available
[2023.04.02-12.54.31:138][  0]LogMeshMerging: No distributed automatic mesh merging module available
[2023.04.02-12.54.32:154][  0]LogNetVersion: Mushroomverse2 1.0.0, NetCL: 17155196, EngineNetVer: 17, GameNetVer: 0 (Checksum: 4281106539)
[2023.04.02-12.55.05:675][  0]LogTexture: Default maximum texture size for cubemaps generated from long-lat sources has been changed from 512 to unlimited. In order to preserve old behaiour for '/Engine/MapTemplates/Sky/DaylightAmbientCubemap.DaylightAmbientCubemap', its maximum texture size has been explicitly set to 512.
[2023.04.02-12.55.08:491][  0]LogUObjectArray: 17011 objects as part of root set at end of initial load.
[2023.04.02-12.55.08:491][  0]LogUObjectAllocator: 4257152 out of 0 bytes used by permanent object pool.
[2023.04.02-12.55.08:491][  0]LogUObjectArray: CloseDisregardForGC: 0/0 objects in disregard for GC pool
[2023.04.02-12.55.31:061][  0]LogNiagaraDebuggerClient: Niagara Debugger Client Initialized | Session: F9A7D273431B0D65D9BAFD8C634A7E22 | Instance: 7CB4D82245F62965E5CA14B03DE8A7F1 (DESKTOP-B5R1U3H-4076).
[2023.04.02-12.55.37:814][  0]LogPython: Using Python 3.7.7
[2023.04.02-12.55.48:808][  0]LogTcpMessaging: Initializing TcpMessaging bridge
[2023.04.02-12.55.48:986][  0]LogUdpMessaging: Initializing bridge on interface 0.0.0.0:0 to multicast group 230.0.0.1:6666.
[2023.04.02-12.55.52:557][  0]LogLinker: Warning: Failed to load '/Game/VehicleBP/VehicleOverview': Can't find file.
[2023.04.02-12.55.52:557][  0]LogLinker: Warning: Failed to load '/Game/VehicleBP/VehicleOverview': Can't find file.
[2023.04.02-12.55.52:557][  0]LogUObjectGlobals: Warning: Failed to find object 'Class /Game/VehicleBP/VehicleOverview.VehicleOverview_C'
[2023.04.02-12.55.57:009][  0]SourceControl: Source control is disabled
[2023.04.02-12.55.57:041][  0]SourceControl: Source control is disabled
[2023.04.02-12.55.57:423][  0]SourceControl: Source control is disabled
[2023.04.02-12.55.57:541][  0]SourceControl: Source control is disabled
[2023.04.02-12.55.58:263][  0]SourceControl: Source control is disabled
[2023.04.02-12.55.58:550][  0]LogUProjectInfo: Found projects:
[2023.04.02-12.56.01:290][  0]LogVSAccessor: Display: Unable to create Visual Studio setup instance: 80040154
[2023.04.02-12.56.01:291][  0]LogVSAccessor: Display: Unable to create Visual Studio setup instance: 80040154
[2023.04.02-12.56.01:292][  0]LogVSAccessor: Display: Unable to create Visual Studio setup instance: 80040154
[2023.04.02-12.56.12:569][  0]LogOpenImageDenoise: OIDN starting up
[2023.04.02-12.56.19:072][  0]LogAndroidPermission: UAndroidPermissionCallbackProxy::GetInstance
[2023.04.02-12.56.19:847][  0]LogAudioCaptureCore: Display: No Audio Capture implementations found. Audio input will be silent.
[2023.04.02-12.56.19:847][  0]LogAudioCaptureCore: Display: No Audio Capture implementations found. Audio input will be silent.
[2023.04.02-12.56.34:962][  0]LogCollectionManager: Loaded 0 collections in 0.029466 seconds
[2023.04.02-12.56.35:524][  0]LogFileCache: Scanning file cache for directory 'C:/Users/Елена/Documents/GitHub/Mushroomverse2/Проектик/Mushroomverse2/Saved/Collections/' took 0.00s
[2023.04.02-12.56.35:524][  0]LogFileCache: Scanning file cache for directory 'C:/Users/Елена/Documents/GitHub/Mushroomverse2/Проектик/Mushroomverse2/Content/Developers/Елена/Collections/' took 0.00s
[2023.04.02-12.56.35:524][  0]LogFileCache: Scanning file cache for directory 'C:/Users/Елена/Documents/GitHub/Mushroomverse2/Проектик/Mushroomverse2/Content/Collections/' took 0.00s
[2023.04.02-12.56.39:644][  0]LogAutomationTest: Warning: Smoke tests took >2s to run (2.43s). 'FAutomationTestAttemptToFindUninitializedScriptStructMembers' took 2158ms. SmokeFilter tier tests should take less than 1ms. Please optimize or move 'FAutomationTestAttemptToFindUninitializedScriptStructMembers' to a slower tier than SmokeFilter.
[2023.04.02-12.56.39:711][  0]LogEngine: Initializing Engine...
[2023.04.02-12.56.39:744][  0]LogHMD: Failed to enumerate extensions. Please check that you have a valid OpenXR runtime installed.
[2023.04.02-12.56.39:772][  0]LogMagicLeap: Warning: VR disabled because ZI is not enabled.  To enable, in the editor, Edit -> Project Settings -> Plugins -> Magic Leap Plugin -> Enable Zero Iteration
[2023.04.02-12.56.39:810][  0]LogStats: UGameplayTagsManager::InitializeManager -  0.001 s
[2023.04.02-12.56.43:613][  0]LogInit: Initializing FReadOnlyCVARCache
[2023.04.02-12.56.49:159][  0]LogAIModule: Creating AISystem for world Untitled
[2023.04.02-12.56.49:242][  0]LogAudio: Display: Initializing Audio Device Manager...
[2023.04.02-12.56.49:335][  0]LogAudio: Display: Loading Default Audio Settings Objects...
[2023.04.02-12.56.49:365][  0]LogAudio: Display: No default SoundConcurrencyObject specified (or failed to load).
[2023.04.02-12.56.50:125][  0]LogAudio: Display: Audio Device Manager Initialized
[2023.04.02-12.56.50:125][  0]LogAudio: Display: Creating Audio Device:                 Id: 1, Scope: Shared, Realtime: True
[2023.04.02-12.56.50:125][  0]LogAudioMixer: Display: Audio Mixer Platform Settings:
[2023.04.02-12.56.50:126][  0]LogAudioMixer: Display: 	Sample Rate:						  48000
[2023.04.02-12.56.50:126][  0]LogAudioMixer: Display: 	Callback Buffer Frame Size Requested: 1024
[2023.04.02-12.56.50:126][  0]LogAudioMixer: Display: 	Callback Buffer Frame Size To Use:	  1024
[2023.04.02-12.56.50:126][  0]LogAudioMixer: Display: 	Number of buffers to queue:			  1
[2023.04.02-12.56.50:126][  0]LogAudioMixer: Display: 	Max Channels (voices):				  0
[2023.04.02-12.56.50:126][  0]LogAudioMixer: Display: 	Number of Async Source Workers:		  4
[2023.04.02-12.56.50:126][  0]LogAudio: Display: AudioDevice MaxSources: 32
[2023.04.02-12.56.50:133][  0]LogAudio: Display: Audio Spatialization Plugin: Resonance Audio is external send: 1
[2023.04.02-12.56.50:134][  0]LogAudio: Display: Audio Reverb Plugin: Resonance Audio
[2023.04.02-12.56.50:134][  0]LogAudio: Display: Audio Occlusion Plugin: None (built-in).
[2023.04.02-12.56.50:134][  0]LogAudioMixer: Display: Initializing audio mixer.
[2023.04.02-12.56.50:416][  0]LogAudioMixer: Display: 0: FrontLeft
[2023.04.02-12.56.50:416][  0]LogAudioMixer: Display: 1: FrontRight
[2023.04.02-12.56.50:623][  0]LogAudioMixer: Display: Using Audio Device Динамики (Realtek High Definition Audio)
[2023.04.02-12.56.50:623][  0]LogAudioMixer: Display: Initializing Sound Submixes...
[2023.04.02-12.56.50:678][  0]LogAudioMixer: Display: Creating Master Submix 'MasterSubmixDefault'
[2023.04.02-12.56.50:678][  0]LogAudioMixer: Display: Creating Master Submix 'MasterReverbSubmixDefault'
[2023.04.02-12.56.50:696][  0]LogAudioMixer: Display: Creating Master Submix 'MasterEQSubmixDefault'
[2023.04.02-12.56.50:773][  0]LogAudioMixer: FMixerPlatformXAudio2::StartAudioStream() called
[2023.04.02-12.56.50:773][  0]LogAudioMixer: Display: Output buffers initialized: Frames=1024, Channels=2, Samples=2048
[2023.04.02-12.56.50:775][  0]LogAudioMixer: Display: Starting AudioMixerPlatformInterface::RunInternal()
[2023.04.02-12.56.50:776][  0]LogAudioMixer: Display: FMixerPlatformXAudio2::SubmitBuffer() called for the first time
[2023.04.02-12.56.50:776][  0]LogInit: FAudioDevice initialized.
[2023.04.02-12.56.50:776][  0]LogAudio: Display: Audio Device (ID: 1) registered with world 'Untitled'.
[2023.04.02-12.56.50:857][  0]LogNetVersion: Set ProjectVersion to 1.0.0.0. Version Checksum will be recalculated on next use.
[2023.04.02-12.56.50:971][  0]LogDerivedDataCache: Saved boot cache 0.11s 122MB C:/Users/Елена/AppData/Local/UnrealEngine/4.27/DerivedDataCache/Boot.ddc.
[2023.04.02-12.56.50:976][  0]LogInit: Texture streaming: Enabled
[2023.04.02-12.56.51:998][  0]LogAnalytics: Display: [UEEditor.Rocket.Release] APIServer = https://datarouter.ol.epicgames.com/. AppVersion = 4.27.2-18319896+++UE4+Release-4.27
[2023.04.02-12.56.52:110][  0]LogEngineSessionManager: EngineSessionManager initialized
[2023.04.02-12.56.52:112][  0]LogEngineSessionManager: EngineSessionManager sent abnormal shutdown report. Type=AbnormalShutdown, SessionId={9FDEF1A9-455F-8604-EEA5-3F92DC63462B}
[2023.04.02-12.56.52:112][  0]LogEditorSessionSummary: Verbose: Initializing EditorSessionSummaryWriter for editor session tracking
[2023.04.02-12.56.52:158][  0]LogEditorSessionSummary: EditorSessionSummaryWriter initialized
[2023.04.02-12.56.54:075][  0]LogInit: Transaction tracking system initialized
[2023.04.02-12.56.58:277][  0]BlueprintLog: New page: Editor Load
[2023.04.02-12.57.00:597][  0]LocalizationService: Localization service is disabled
[2023.04.02-12.57.01:159][  0]TimingProfiler: Initialize
[2023.04.02-12.57.01:167][  0]TimingProfiler: OnSessionChanged
[2023.04.02-12.57.01:167][  0]LoadingProfiler: Initialize
[2023.04.02-12.57.01:167][  0]LoadingProfiler: OnSessionChanged
[2023.04.02-12.57.01:168][  0]NetworkingProfiler: Initialize
[2023.04.02-12.57.01:169][  0]NetworkingProfiler: OnSessionChanged
[2023.04.02-12.57.01:169][  0]MemoryProfiler: Initialize
[2023.04.02-12.57.01:169][  0]MemoryProfiler: OnSessionChanged
[2023.04.02-12.57.02:090][  0]LogVSAccessor: Display: Unable to create Visual Studio setup instance: 80040154
[2023.04.02-12.57.02:090][  0]LogVSAccessor: Display: Unable to create Visual Studio setup instance: 80040154
[2023.04.02-12.57.02:091][  0]LogVSAccessor: Display: Unable to create Visual Studio setup instance: 80040154
[2023.04.02-12.57.05:233][  0]LogFileCache: Scanning file cache for directory 'C:/Users/Елена/Documents/GitHub/Mushroomverse2/Проектик/Mushroomverse2/Content/' took 0.00s
[2023.04.02-12.57.05:233][  0]LogCook: Display: CookSettings for Memory: MemoryMaxUsedVirtual 0MiB, MemoryMaxUsedPhysical 16384MiB, MemoryMinFreeVirtual 0MiB, MemoryMinFreePhysical 1024MiB
[2023.04.02-12.57.05:233][  0]LogCook: Display: Mobile HDR setting 0
[2023.04.02-12.57.34:258][  0]LogInit: Display: Engine is initialized. Leaving FEngineLoop::Init()
[2023.04.02-12.57.35:124][  0]SourceControl: Source control is disabled
[2023.04.02-12.57.35:955][  0]LogSlate: Took 0.050183 seconds to synchronously load lazily loaded font '../../../Engine/Content/Slate/Fonts/Roboto-Regular.ttf' (155K)
[2023.04.02-13.07.56:229][  0]LogSlate: Window 'Restore Packages' being destroyed
[2023.04.02-13.08.02:533][  0]LogSlate: Window 'Unable to Check Out From Source Control!' being destroyed
[2023.04.02-13.08.02:540][  0]Message dialog closed, result: Ok, title: Unable to Check Out From Source Control!, text: The following assets could not be successfully checked out from source control:
/Game/VRTemplate/Maps/VRTemplateMap
[2023.04.02-13.08.03:539][  0]LogUnrealEdMisc: Loading editor; pre map load, took 1124.835
[2023.04.02-13.08.03:903][  0]Cmd: MAP LOAD FILE="C:/Users/Елена/Documents/GitHub/Mushroomverse2/Проектик/Mushroomverse2/Content/VRTemplate/Maps/VRTemplateMap.umap" TEMPLATE=0 SHOWPROGRESS=1 FEATURELEVEL=3
[2023.04.02-13.08.04:203][  0]LightingResults: New page: Lighting Build
[2023.04.02-13.08.07:285][  0]LogWorld: UWorld::CleanupWorld for Untitled, bSessionEnded=true, bCleanupResources=true
[2023.04.02-13.08.09:014][  0]LogSlate: InvalidateAllWidgets triggered.  All widgets were invalidated
[2023.04.02-13.08.10:594][  0]MapCheck: New page: Map Check
[2023.04.02-13.08.10:594][  0]LightingResults: New page: Lighting Build
