Log file open, 01/07/24 15:26:58
LogWindows: Failed to load 'aqProf.dll' (GetLastError=126)
LogWindows: File 'aqProf.dll' does not exist
LogWindows: Failed to load 'VtuneApi.dll' (GetLastError=126)
LogWindows: File 'VtuneApi.dll' does not exist
LogWindows: Failed to load 'VtuneApi32e.dll' (GetLastError=126)
LogWindows: File 'VtuneApi32e.dll' does not exist
LogConsoleResponse: Display: Failed to find resolution value strings in scalability ini. Falling back to default.
LogConsoleResponse: Display: Failed to find resolution value strings in scalability ini. Falling back to default.
LogInit: Display: Running engine for game: Mushroomverse2
LogPlatformFile: Not using cached read wrapper
LogTaskGraph: Started task graph with 5 named threads and 11 total threads with 3 sets of task threads.
LogStats: Stats thread started at 0.327029
LogICUInternationalization: ICU TimeZone Detection - Raw Offset: +3:00, Platform Override: ''
LogInit: Display: Loading text-based GConfig....
LogPluginManager: Mounting plugin MeshPainting
LogPluginManager: Mounting plugin XGEController
LogPluginManager: Mounting plugin Paper2D
LogPluginManager: Mounting plugin LiveLink
LogPluginManager: Mounting plugin AISupport
LogPluginManager: Mounting plugin EnvironmentQueryEditor
LogPluginManager: Mounting plugin LightPropagationVolume
LogPluginManager: Mounting plugin CameraShakePreviewer
LogPluginManager: Mounting plugin GameplayCameras
LogPluginManager: Mounting plugin OodleNetwork
LogPluginManager: Mounting plugin AnimationSharing
LogPluginManager: Mounting plugin OodleData
LogPluginManager: Mounting plugin CodeLiteSourceCodeAccess
LogPluginManager: Mounting plugin CLionSourceCodeAccess
LogPluginManager: Mounting plugin KDevelopSourceCodeAccess
LogPluginManager: Mounting plugin GitSourceControl
LogPluginManager: Mounting plugin NullSourceCodeAccess
LogPluginManager: Mounting plugin PerforceSourceControl
LogPluginManager: Mounting plugin PixWinPlugin
LogPluginManager: Mounting plugin PlasticSourceControl
LogPluginManager: Mounting plugin PluginUtils
LogPluginManager: Mounting plugin PropertyAccessNode
LogPluginManager: Mounting plugin RiderSourceCodeAccess
LogPluginManager: Mounting plugin SubversionSourceControl
LogPluginManager: Mounting plugin TextureFormatOodle
LogPluginManager: Mounting plugin UObjectPlugin
LogPluginManager: Mounting plugin VisualStudioCodeSourceCodeAccess
LogPluginManager: Mounting plugin VisualStudioSourceCodeAccess
LogPluginManager: Mounting plugin XCodeSourceCodeAccess
LogPluginManager: Mounting plugin AssetManagerEditor
LogPluginManager: Mounting plugin CryptoKeys
LogPluginManager: Mounting plugin DataValidation
LogPluginManager: Mounting plugin CurveEditorTools
LogPluginManager: Mounting plugin GeometryMode
LogPluginManager: Mounting plugin FacialAnimation
LogPluginManager: Mounting plugin GameplayTagsEditor
LogPluginManager: Mounting plugin MacGraphicsSwitching
LogPluginManager: Mounting plugin MaterialAnalyzer
LogPluginManager: Mounting plugin PluginBrowser
LogPluginManager: Mounting plugin MobileLauncherProfileWizard
LogPluginManager: Mounting plugin SpeedTreeImporter
LogPluginManager: Mounting plugin DatasmithContent
LogPluginManager: Mounting plugin VariantManagerContent
LogPluginManager: Mounting plugin ActorPalette
LogPluginManager: Mounting plugin AlembicImporter
LogPluginManager: Mounting plugin BackChannel
LogPluginManager: Mounting plugin AutomationUtils
LogPluginManager: Mounting plugin ChaosCloth
LogPluginManager: Mounting plugin ChaosEditor
LogPluginManager: Mounting plugin ChaosNiagara
LogPluginManager: Mounting plugin ChaosClothEditor
LogPluginManager: Mounting plugin ChaosSolverPlugin
LogPluginManager: Mounting plugin CharacterAI
LogPluginManager: Mounting plugin Niagara
LogPluginManager: Mounting plugin GeometryCache
LogPluginManager: Mounting plugin GeometryCollectionPlugin
LogPluginManager: Mounting plugin GeometryProcessing
LogPluginManager: Mounting plugin OpenImageDenoise
LogPluginManager: Mounting plugin MotoSynth
LogPluginManager: Mounting plugin PlanarCut
LogPluginManager: Mounting plugin PlatformCrypto
LogPluginManager: Mounting plugin ProxyLODPlugin
LogPluginManager: Mounting plugin PythonScriptPlugin
LogPluginManager: Mounting plugin SkeletalReduction
LogPluginManager: Mounting plugin LuminPlatformFeatures
LogPluginManager: Mounting plugin MagicLeap
LogPluginManager: Mounting plugin MagicLeapLightEstimation
LogPluginManager: Mounting plugin MagicLeapMedia
LogPluginManager: Mounting plugin MagicLeapPassableWorld
LogPluginManager: Mounting plugin MLSDK
LogPluginManager: Mounting plugin AndroidMedia
LogPluginManager: Mounting plugin AvfMedia
LogPluginManager: Mounting plugin ImgMedia
LogPluginManager: Mounting plugin MediaCompositing
LogPluginManager: Mounting plugin MediaPlayerEditor
LogPluginManager: Mounting plugin WmfMedia
LogPluginManager: Mounting plugin WebMMedia
LogPluginManager: Mounting plugin UdpMessaging
LogPluginManager: Mounting plugin TcpMessaging
LogPluginManager: Mounting plugin ActorSequence
LogPluginManager: Mounting plugin MatineeToLevelSequence
LogPluginManager: Mounting plugin TemplateSequence
LogPluginManager: Mounting plugin OnlineSubsystem
LogPluginManager: Mounting plugin OnlineSubsystemNull
LogPluginManager: Mounting plugin OnlineSubsystemUtils
LogPluginManager: Mounting plugin LauncherChunkInstaller
LogPluginManager: Mounting plugin ActorLayerUtilities
LogPluginManager: Mounting plugin LevelSequenceEditor
LogPluginManager: Mounting plugin AndroidDeviceProfileSelector
LogPluginManager: Mounting plugin AndroidPermission
LogPluginManager: Mounting plugin AndroidMoviePlayer
LogPluginManager: Mounting plugin AppleImageUtils
LogPluginManager: Mounting plugin AppleMoviePlayer
LogPluginManager: Mounting plugin ArchVisCharacter
LogPluginManager: Mounting plugin AssetTags
LogPluginManager: Mounting plugin AudioCapture
LogPluginManager: Mounting plugin AudioSynesthesia
LogPluginManager: Mounting plugin CableComponent
LogPluginManager: Mounting plugin ChunkDownloader
LogPluginManager: Mounting plugin CustomMeshComponent
LogPluginManager: Mounting plugin EditableMesh
LogPluginManager: Mounting plugin ExampleDeviceProfileSelector
LogPluginManager: Mounting plugin ScreenshotTools
LogPluginManager: Mounting plugin Takes
LogPluginManager: Mounting plugin GoogleCloudMessaging
LogPluginManager: Mounting plugin GooglePAD
LogPluginManager: Mounting plugin IOSDeviceProfileSelector
LogPluginManager: Mounting plugin LinuxDeviceProfileSelector
LogPluginManager: Mounting plugin LocationServicesBPLibrary
LogPluginManager: Mounting plugin MobilePatchingUtils
LogPluginManager: Mounting plugin OpenXR
LogPluginManager: Mounting plugin OpenXREyeTracker
LogPluginManager: Mounting plugin OpenXRHandTracking
LogPluginManager: Mounting plugin PhysXVehicles
LogPluginManager: Mounting plugin PostSplashScreen
LogPluginManager: Mounting plugin ProceduralMeshComponent
LogPluginManager: Mounting plugin PropertyAccessEditor
LogPluginManager: Mounting plugin ResonanceAudio
LogPluginManager: Mounting plugin RuntimePhysXCooking
LogPluginManager: Mounting plugin SignificanceManager
LogPluginManager: Mounting plugin SoundFields
LogPluginManager: Mounting plugin Synthesis
LogPluginManager: Mounting plugin WebMMoviePlayer
LogPluginManager: Mounting plugin WindowsMoviePlayer
LogPluginManager: Mounting plugin ContentBrowserAssetDataSource
LogPluginManager: Mounting plugin ContentBrowserClassDataSource
LogPluginManager: Mounting plugin ContentBrowserFileDataSource
LogPluginManager: Mounting plugin OnlineSubsystemIOS
LogPluginManager: Mounting plugin OnlineSubsystemGooglePlay
LogPluginManager: Mounting plugin OculusOpenXR
PixWinPlugin: PIX capture plugin failed to initialize! Check that the process is launched from PIX.
LogInit: Using libcurl 7.55.1-DEV
LogInit:  - built for x86_64-pc-win32
LogInit:  - supports SSL with OpenSSL/1.1.1
LogInit:  - supports HTTP deflate (compression) using libz 1.2.8
LogInit:  - other features:
LogInit:      CURL_VERSION_SSL
LogInit:      CURL_VERSION_LIBZ
LogInit:      CURL_VERSION_IPV6
LogInit:      CURL_VERSION_ASYNCHDNS
LogInit:      CURL_VERSION_LARGEFILE
LogInit:      CURL_VERSION_IDN
LogInit:  CurlRequestOptions (configurable via config and command line):
LogInit:  - bVerifyPeer = true  - Libcurl will verify peer certificate
LogInit:  - bUseHttpProxy = false  - Libcurl will NOT use HTTP proxy
LogInit:  - bDontReuseConnections = false  - Libcurl will reuse connections
LogInit:  - MaxHostConnections = 16  - Libcurl will limit the number of connections to a host
LogInit:  - LocalHostAddr = Default
LogInit:  - BufferSize = 65536
LogOnline: OSS: Creating online subsystem instance for: NULL
LogInit: WinSock: version 1.1 (2.2), MaxSocks=32767, MaxUdp=65467
LogOnline: OSS: TryLoadSubsystemAndSetDefault: Loaded subsystem for module [NULL]
LogInit: Build: ++UE4+Release-4.27-CL-18319896
LogInit: Engine Version: 4.27.2-18319896+++UE4+Release-4.27
LogInit: Compatible Engine Version: 4.27.0-17155196+++UE4+Release-4.27
LogInit: Net CL: 17155196
LogInit: OS: Windows 10 (Release 2009) (), CPU: 11th Gen Intel(R) Core(TM) i3-1115G4 @ 3.00GHz, GPU: Intel(R) UHD Graphics
LogInit: Compiled (64-bit): Nov 30 2021 07:12:08
LogInit: Compiled with Visual C++: 19.24.28315.00
LogInit: Build Configuration: Development
LogInit: Branch Name: ++UE4+Release-4.27
LogInit: Command Line:  /Game/VRTemplate/Maps/VRTemplateMap -game -PIEVIACONSOLE -Multiprocess "GameUserSettingsINI=C:/Users/User/OneDrive - ООО АСП-АКВА/Документы/GitHub/Mushroomverse2/Проектик/Mushroomverse2/Saved/Config/Windows/PIEGameUserSettings0.ini" -MultiprocessSaveConfig -forcepassthrough -messaging -SessionName="Play in Standalone Game" -windowed -ResX=1280 -ResY=720
LogInit: Base Directory: C:/Program Files/Epic Games/UE_4.27/Engine/Binaries/Win64/
LogInit: Allocator: TBB
LogInit: Installed Engine Build: 1
LogDevObjectVersion: Number of dev versions registered: 29
LogDevObjectVersion:   Dev-Blueprints (B0D832E4-1F89-4F0D-ACCF-7EB736FD4AA2): 10
LogDevObjectVersion:   Dev-Build (E1C64328-A22C-4D53-A36C-8E866417BD8C): 0
LogDevObjectVersion:   Dev-Core (375EC13C-06E4-48FB-B500-84F0262A717E): 4
LogDevObjectVersion:   Dev-Editor (E4B068ED-F494-42E9-A231-DA0B2E46BB41): 40
LogDevObjectVersion:   Dev-Framework (CFFC743F-43B0-4480-9391-14DF171D2073): 37
LogDevObjectVersion:   Dev-Mobile (B02B49B5-BB20-44E9-A304-32B752E40360): 3
LogDevObjectVersion:   Dev-Networking (A4E4105C-59A1-49B5-A7C5-40C4547EDFEE): 0
LogDevObjectVersion:   Dev-Online (39C831C9-5AE6-47DC-9A44-9C173E1C8E7C): 0
LogDevObjectVersion:   Dev-Physics (78F01B33-EBEA-4F98-B9B4-84EACCB95AA2): 14
LogDevObjectVersion:   Dev-Platform (6631380F-2D4D-43E0-8009-CF276956A95A): 0
LogDevObjectVersion:   Dev-Rendering (12F88B9F-8875-4AFC-A67C-D90C383ABD29): 45
LogDevObjectVersion:   Dev-Sequencer (7B5AE74C-D270-4C10-A958-57980B212A5A): 13
LogDevObjectVersion:   Dev-VR (D7296918-1DD6-4BDD-9DE2-64A83CC13884): 3
LogDevObjectVersion:   Dev-LoadTimes (C2A15278-BFE7-4AFE-6C17-90FF531DF755): 1
LogDevObjectVersion:   Private-Geometry (6EACA3D4-40EC-4CC1-B786-8BED09428FC5): 3
LogDevObjectVersion:   Dev-AnimPhys (29E575DD-E0A3-4627-9D10-D276232CDCEA): 17
LogDevObjectVersion:   Dev-Anim (AF43A65D-7FD3-4947-9873-3E8ED9C1BB05): 15
LogDevObjectVersion:   Dev-ReflectionCapture (6B266CEC-1EC7-4B8F-A30B-E4D90942FC07): 1
LogDevObjectVersion:   Dev-Automation (0DF73D61-A23F-47EA-B727-89E90C41499A): 1
LogDevObjectVersion:   FortniteMain (601D1886-AC64-4F84-AA16-D3DE0DEAC7D6): 47
LogDevObjectVersion:   FortniteRelease (E7086368-6B23-4C58-8439-1B7016265E91): 1
LogDevObjectVersion:   Dev-Enterprise (9DFFBCD6-494F-0158-E221-12823C92A888): 10
LogDevObjectVersion:   Dev-Niagara (F2AED0AC-9AFE-416F-8664-AA7FFA26D6FC): 1
LogDevObjectVersion:   Dev-Destruction (174F1F0B-B4C6-45A5-B13F-2EE8D0FB917D): 10
LogDevObjectVersion:   Dev-Physics-Ext (35F94A83-E258-406C-A318-09F59610247C): 41
LogDevObjectVersion:   Dev-PhysicsMaterial-Chaos (B68FC16E-8B1B-42E2-B453-215C058844FE): 1
LogDevObjectVersion:   Dev-CineCamera (B2E18506-4273-CFC2-A54E-F4BB758BBA07): 1
LogDevObjectVersion:   Dev-VirtualProduction (64F58936-FD1B-42BA-BA96-7289D5D0FA4E): 1
LogDevObjectVersion:   Dev-MediaFramework (6F0ED827-A609-4895-9C91-998D90180EA4): 2
LogInit: Presizing for max 25165824 objects, including 0 objects not considered by GC, pre-allocating 0 bytes for permanent pool.
LogConfig: Applying CVar settings from Section [/Script/Engine.StreamingSettings] File [C:/Users/User/OneDrive - ООО АСП-АКВА/Документы/GitHub/Mushroomverse2/Проектик/Mushroomverse2/Saved/Config/Windows/Engine.ini]
LogConfig: Setting CVar [[s.MinBulkDataSizeForAsyncLoading:131072]]
LogConfig: Setting CVar [[s.AsyncLoadingThreadEnabled:0]]
LogConfig: Setting CVar [[s.EventDrivenLoaderEnabled:1]]
LogConfig: Setting CVar [[s.WarnIfTimeLimitExceeded:0]]
LogConfig: Setting CVar [[s.TimeLimitExceededMultiplier:1.5]]
LogConfig: Setting CVar [[s.TimeLimitExceededMinTime:0.005]]
LogConfig: Setting CVar [[s.UseBackgroundLevelStreaming:1]]
LogConfig: Setting CVar [[s.PriorityAsyncLoadingExtraTime:15.0]]
LogConfig: Setting CVar [[s.LevelStreamingActorsUpdateTimeLimit:5.0]]
LogConfig: Setting CVar [[s.PriorityLevelStreamingActorsUpdateExtraTime:5.0]]
LogConfig: Setting CVar [[s.LevelStreamingComponentsRegistrationGranularity:10]]
LogConfig: Setting CVar [[s.UnregisterComponentsTimeLimit:1.0]]
LogConfig: Setting CVar [[s.LevelStreamingComponentsUnregistrationGranularity:5]]
LogConfig: Setting CVar [[s.FlushStreamingOnExit:1]]
LogInit: Object subsystem initialized
LogConfig: Setting CVar [[con.DebugEarlyDefault:1]]
LogConfig: Setting CVar [[r.setres:1280x720]]
[2024.01.07-12.27.00:564][  0]LogConfig: Setting CVar [[con.DebugEarlyDefault:1]]
[2024.01.07-12.27.00:564][  0]LogConfig: Setting CVar [[r.setres:1280x720]]
[2024.01.07-12.27.00:564][  0]LogConfig: Applying CVar settings from Section [/Script/Engine.RendererSettings] File [C:/Users/User/OneDrive - ООО АСП-АКВА/Документы/GitHub/Mushroomverse2/Проектик/Mushroomverse2/Saved/Config/Windows/Engine.ini]
[2024.01.07-12.27.00:564][  0]LogConfig: Setting CVar [[r.GPUCrashDebugging:0]]
[2024.01.07-12.27.00:564][  0]LogConfig: Setting CVar [[r.Mobile.DisableVertexFog:1]]
[2024.01.07-12.27.00:564][  0]LogConfig: Setting CVar [[r.Shadow.CSM.MaxMobileCascades:2]]
[2024.01.07-12.27.00:564][  0]LogConfig: Setting CVar [[r.MobileMSAA:4]]
[2024.01.07-12.27.00:564][  0]LogConfig: Setting CVar [[r.Mobile.AllowDitheredLODTransition:0]]
[2024.01.07-12.27.00:564][  0]LogConfig: Setting CVar [[r.Mobile.AllowSoftwareOcclusion:0]]
[2024.01.07-12.27.00:564][  0]LogConfig: Setting CVar [[r.Mobile.VirtualTextures:0]]
[2024.01.07-12.27.00:564][  0]LogConfig: Setting CVar [[r.DiscardUnusedQuality:0]]
[2024.01.07-12.27.00:564][  0]LogConfig: Setting CVar [[r.AllowOcclusionQueries:1]]
[2024.01.07-12.27.00:565][  0]LogConfig: Setting CVar [[r.MinScreenRadiusForLights:0.030000]]
[2024.01.07-12.27.00:565][  0]LogConfig: Setting CVar [[r.MinScreenRadiusForDepthPrepass:0.030000]]
[2024.01.07-12.27.00:565][  0]LogConfig: Setting CVar [[r.MinScreenRadiusForCSMDepth:0.010000]]
[2024.01.07-12.27.00:565][  0]LogConfig: Setting CVar [[r.PrecomputedVisibilityWarning:0]]
[2024.01.07-12.27.00:565][  0]LogConfig: Setting CVar [[r.TextureStreaming:1]]
[2024.01.07-12.27.00:565][  0]LogConfig: Setting CVar [[Compat.UseDXT5NormalMaps:0]]
[2024.01.07-12.27.00:565][  0]LogConfig: Setting CVar [[r.VirtualTextures:0]]
[2024.01.07-12.27.00:565][  0]LogConfig: Setting CVar [[r.VirtualTexturedLightmaps:0]]
[2024.01.07-12.27.00:565][  0]LogConfig: Setting CVar [[r.VT.TileSize:128]]
[2024.01.07-12.27.00:565][  0]LogConfig: Setting CVar [[r.VT.TileBorderSize:4]]
[2024.01.07-12.27.00:565][  0]LogConfig: Setting CVar [[r.vt.FeedbackFactor:16]]
[2024.01.07-12.27.00:565][  0]LogConfig: Setting CVar [[r.VT.EnableCompressZlib:1]]
[2024.01.07-12.27.00:565][  0]LogConfig: Setting CVar [[r.VT.EnableCompressCrunch:0]]
[2024.01.07-12.27.00:565][  0]LogConfig: Setting CVar [[r.ClearCoatNormal:0]]
[2024.01.07-12.27.00:565][  0]LogConfig: Setting CVar [[r.ReflectionCaptureResolution:128]]
[2024.01.07-12.27.00:565][  0]LogConfig: Setting CVar [[r.Mobile.ReflectionCaptureCompression:0]]
[2024.01.07-12.27.00:565][  0]LogConfig: Setting CVar [[r.ReflectionEnvironmentLightmapMixBasedOnRoughness:1]]
[2024.01.07-12.27.00:565][  0]LogConfig: Setting CVar [[r.ForwardShading:1]]
[2024.01.07-12.27.00:565][  0]LogConfig: Setting CVar [[r.VertexFoggingForOpaque:1]]
[2024.01.07-12.27.00:565][  0]LogConfig: Setting CVar [[r.AllowStaticLighting:1]]
[2024.01.07-12.27.00:565][  0]LogConfig: Setting CVar [[r.NormalMapsForStaticLighting:0]]
[2024.01.07-12.27.00:565][  0]LogConfig: Setting CVar [[r.GenerateMeshDistanceFields:0]]
[2024.01.07-12.27.00:565][  0]LogConfig: Setting CVar [[r.DistanceFieldBuild.EightBit:0]]
[2024.01.07-12.27.00:565][  0]LogConfig: Setting CVar [[r.GenerateLandscapeGIData:0]]
[2024.01.07-12.27.00:565][  0]LogConfig: Setting CVar [[r.DistanceFieldBuild.Compress:0]]
[2024.01.07-12.27.00:565][  0]LogConfig: Setting CVar [[r.TessellationAdaptivePixelsPerTriangle:48.000000]]
[2024.01.07-12.27.00:565][  0]LogConfig: Setting CVar [[r.SeparateTranslucency:0]]
[2024.01.07-12.27.00:565][  0]LogConfig: Setting CVar [[r.TranslucentSortPolicy:0]]
[2024.01.07-12.27.00:565][  0]LogConfig: Setting CVar [[r.CustomDepth:1]]
[2024.01.07-12.27.00:565][  0]LogConfig: Setting CVar [[r.CustomDepthTemporalAAJitter:1]]
[2024.01.07-12.27.00:565][  0]LogConfig: Setting CVar [[r.PostProcessing.PropagateAlpha:0]]
[2024.01.07-12.27.00:565][  0]LogConfig: Setting CVar [[r.DefaultFeature.Bloom:0]]
[2024.01.07-12.27.00:565][  0]LogConfig: Setting CVar [[r.DefaultFeature.AmbientOcclusion:0]]
[2024.01.07-12.27.00:565][  0]LogConfig: Setting CVar [[r.DefaultFeature.AmbientOcclusionStaticFraction:1]]
[2024.01.07-12.27.00:565][  0]LogConfig: Setting CVar [[r.DefaultFeature.AutoExposure:0]]
[2024.01.07-12.27.00:565][  0]LogConfig: Setting CVar [[r.DefaultFeature.AutoExposure.Method:0]]
[2024.01.07-12.27.00:565][  0]LogConfig: Setting CVar [[r.DefaultFeature.AutoExposure.Bias:1.000000]]
[2024.01.07-12.27.00:565][  0]LogConfig: Setting CVar [[r.DefaultFeature.AutoExposure.ExtendDefaultLuminanceRange:1]]
[2024.01.07-12.27.00:565][  0]LogConfig: Setting CVar [[r.UsePreExposure:1]]
[2024.01.07-12.27.00:565][  0]LogConfig: Setting CVar [[r.EyeAdaptation.EditorOnly:0]]
[2024.01.07-12.27.00:565][  0]LogConfig: Setting CVar [[r.DefaultFeature.MotionBlur:0]]
[2024.01.07-12.27.00:565][  0]LogConfig: Setting CVar [[r.DefaultFeature.LensFlare:0]]
[2024.01.07-12.27.00:565][  0]LogConfig: Setting CVar [[r.TemporalAA.Upsampling:0]]
[2024.01.07-12.27.00:565][  0]LogConfig: Setting CVar [[r.SSGI.Enable:0]]
[2024.01.07-12.27.00:565][  0]LogConfig: Setting CVar [[r.DefaultFeature.AntiAliasing:3]]
[2024.01.07-12.27.00:565][  0]LogConfig: Setting CVar [[r.DefaultFeature.LightUnits:1]]
[2024.01.07-12.27.00:565][  0]LogConfig: Setting CVar [[r.DefaultBackBufferPixelFormat:4]]
[2024.01.07-12.27.00:565][  0]LogConfig: Setting CVar [[r.Shadow.UnbuiltPreviewInGame:1]]
[2024.01.07-12.27.00:565][  0]LogConfig: Setting CVar [[r.StencilForLODDither:0]]
[2024.01.07-12.27.00:565][  0]LogConfig: Setting CVar [[r.EarlyZPass:3]]
[2024.01.07-12.27.00:565][  0]LogConfig: Setting CVar [[r.EarlyZPassOnlyMaterialMasking:0]]
[2024.01.07-12.27.00:565][  0]LogConfig: Setting CVar [[r.DBuffer:1]]
[2024.01.07-12.27.00:565][  0]LogConfig: Setting CVar [[r.ClearSceneMethod:1]]
[2024.01.07-12.27.00:565][  0]LogConfig: Setting CVar [[r.BasePassOutputsVelocity:0]]
[2024.01.07-12.27.00:565][  0]LogConfig: Setting CVar [[r.VertexDeformationOutputsVelocity:0]]
[2024.01.07-12.27.00:566][  0]LogConfig: Setting CVar [[r.SelectiveBasePassOutputs:0]]
[2024.01.07-12.27.00:566][  0]LogConfig: Setting CVar [[fx.GPUSimulationTextureSizeX:1024]]
[2024.01.07-12.27.00:566][  0]LogConfig: Setting CVar [[fx.GPUSimulationTextureSizeY:1024]]
[2024.01.07-12.27.00:566][  0]LogConfig: Setting CVar [[r.AllowGlobalClipPlane:0]]
[2024.01.07-12.27.00:566][  0]LogConfig: Setting CVar [[r.GBufferFormat:1]]
[2024.01.07-12.27.00:566][  0]LogConfig: Setting CVar [[r.MorphTarget.Mode:1]]
[2024.01.07-12.27.00:566][  0]LogConfig: Setting CVar [[vr.InstancedStereo:1]]
[2024.01.07-12.27.00:566][  0]LogConfig: Setting CVar [[r.MobileHDR:0]]
[2024.01.07-12.27.00:566][  0]LogConfig: Setting CVar [[vr.MobileMultiView:1]]
[2024.01.07-12.27.00:566][  0]LogConfig: Setting CVar [[r.Mobile.UseHWsRGBEncoding:1]]
[2024.01.07-12.27.00:566][  0]LogConfig: Setting CVar [[vr.RoundRobinOcclusion:0]]
[2024.01.07-12.27.00:566][  0]LogConfig: Setting CVar [[vr.ODSCapture:0]]
[2024.01.07-12.27.00:566][  0]LogConfig: Setting CVar [[r.MeshStreaming:0]]
[2024.01.07-12.27.00:566][  0]LogConfig: Setting CVar [[r.WireframeCullThreshold:5.000000]]
[2024.01.07-12.27.00:566][  0]LogConfig: Setting CVar [[r.RayTracing:0]]
[2024.01.07-12.27.00:566][  0]LogConfig: Setting CVar [[r.RayTracing.UseTextureLod:0]]
[2024.01.07-12.27.00:566][  0]LogConfig: Setting CVar [[r.SupportStationarySkylight:1]]
[2024.01.07-12.27.00:566][  0]LogConfig: Setting CVar [[r.SupportLowQualityLightmaps:1]]
[2024.01.07-12.27.00:566][  0]LogConfig: Setting CVar [[r.SupportPointLightWholeSceneShadows:1]]
[2024.01.07-12.27.00:566][  0]LogConfig: Setting CVar [[r.SupportAtmosphericFog:1]]
[2024.01.07-12.27.00:566][  0]LogConfig: Setting CVar [[r.SupportSkyAtmosphere:1]]
[2024.01.07-12.27.00:566][  0]LogConfig: Setting CVar [[r.SupportSkyAtmosphereAffectsHeightFog:0]]
[2024.01.07-12.27.00:566][  0]LogConfig: Setting CVar [[r.SkinCache.CompileShaders:0]]
[2024.01.07-12.27.00:566][  0]LogConfig: Setting CVar [[r.SkinCache.DefaultBehavior:1]]
[2024.01.07-12.27.00:566][  0]LogConfig: Setting CVar [[r.SkinCache.SceneMemoryLimitInMB:128.000000]]
[2024.01.07-12.27.00:566][  0]LogConfig: Setting CVar [[r.Mobile.EnableStaticAndCSMShadowReceivers:1]]
[2024.01.07-12.27.00:566][  0]LogConfig: Setting CVar [[r.Mobile.EnableMovableLightCSMShaderCulling:1]]
[2024.01.07-12.27.00:566][  0]LogConfig: Setting CVar [[r.Mobile.AllowDistanceFieldShadows:1]]
[2024.01.07-12.27.00:566][  0]LogConfig: Setting CVar [[r.Mobile.AllowMovableDirectionalLights:1]]
[2024.01.07-12.27.00:566][  0]LogConfig: Setting CVar [[r.MobileNumDynamicPointLights:4]]
[2024.01.07-12.27.00:566][  0]LogConfig: Setting CVar [[r.MobileDynamicPointLightsUseStaticBranch:1]]
[2024.01.07-12.27.00:566][  0]LogConfig: Setting CVar [[r.Mobile.EnableMovableSpotlights:0]]
[2024.01.07-12.27.00:566][  0]LogConfig: Setting CVar [[r.Mobile.EnableMovableSpotlightsShadow:0]]
[2024.01.07-12.27.00:566][  0]LogConfig: Setting CVar [[r.GPUSkin.Support16BitBoneIndex:0]]
[2024.01.07-12.27.00:566][  0]LogConfig: Setting CVar [[r.GPUSkin.Limit2BoneInfluences:0]]
[2024.01.07-12.27.00:566][  0]LogConfig: Setting CVar [[r.SupportDepthOnlyIndexBuffers:1]]
[2024.01.07-12.27.00:566][  0]LogConfig: Setting CVar [[r.SupportReversedIndexBuffers:1]]
[2024.01.07-12.27.00:566][  0]LogConfig: Setting CVar [[r.LightPropagationVolume:0]]
[2024.01.07-12.27.00:566][  0]LogConfig: Setting CVar [[r.Mobile.AmbientOcclusion:0]]
[2024.01.07-12.27.00:566][  0]LogConfig: Setting CVar [[r.GPUSkin.UnlimitedBoneInfluences:0]]
[2024.01.07-12.27.00:566][  0]LogConfig: Setting CVar [[r.GPUSkin.UnlimitedBoneInfluencesThreshold:8]]
[2024.01.07-12.27.00:566][  0]LogConfig: Setting CVar [[r.Mobile.PlanarReflectionMode:0]]
[2024.01.07-12.27.00:566][  0]LogConfig: Setting CVar [[r.Mobile.SupportGPUScene:1]]
[2024.01.07-12.27.00:566][  0]LogConfig: Applying CVar settings from Section [/Script/Engine.RendererOverrideSettings] File [C:/Users/User/OneDrive - ООО АСП-АКВА/Документы/GitHub/Mushroomverse2/Проектик/Mushroomverse2/Saved/Config/Windows/Engine.ini]
[2024.01.07-12.27.00:566][  0]LogConfig: Applying CVar settings from Section [/Script/Engine.StreamingSettings] File [C:/Users/User/OneDrive - ООО АСП-АКВА/Документы/GitHub/Mushroomverse2/Проектик/Mushroomverse2/Saved/Config/Windows/Engine.ini]
[2024.01.07-12.27.00:566][  0]LogConfig: Setting CVar [[s.MinBulkDataSizeForAsyncLoading:131072]]
[2024.01.07-12.27.00:566][  0]LogConfig: Setting CVar [[s.AsyncLoadingThreadEnabled:0]]
[2024.01.07-12.27.00:566][  0]LogConfig: Setting CVar [[s.EventDrivenLoaderEnabled:1]]
[2024.01.07-12.27.00:566][  0]LogConfig: Setting CVar [[s.WarnIfTimeLimitExceeded:0]]
[2024.01.07-12.27.00:566][  0]LogConfig: Setting CVar [[s.TimeLimitExceededMultiplier:1.5]]
[2024.01.07-12.27.00:566][  0]LogConfig: Setting CVar [[s.TimeLimitExceededMinTime:0.005]]
[2024.01.07-12.27.00:566][  0]LogConfig: Setting CVar [[s.UseBackgroundLevelStreaming:1]]
[2024.01.07-12.27.00:566][  0]LogConfig: Setting CVar [[s.PriorityAsyncLoadingExtraTime:15.0]]
[2024.01.07-12.27.00:566][  0]LogConfig: Setting CVar [[s.LevelStreamingActorsUpdateTimeLimit:5.0]]
[2024.01.07-12.27.00:566][  0]LogConfig: Setting CVar [[s.PriorityLevelStreamingActorsUpdateExtraTime:5.0]]
[2024.01.07-12.27.00:566][  0]LogConfig: Setting CVar [[s.LevelStreamingComponentsRegistrationGranularity:10]]
[2024.01.07-12.27.00:566][  0]LogConfig: Setting CVar [[s.UnregisterComponentsTimeLimit:1.0]]
[2024.01.07-12.27.00:566][  0]LogConfig: Setting CVar [[s.LevelStreamingComponentsUnregistrationGranularity:5]]
[2024.01.07-12.27.00:566][  0]LogConfig: Setting CVar [[s.FlushStreamingOnExit:1]]
[2024.01.07-12.27.00:566][  0]LogConfig: Applying CVar settings from Section [/Script/Engine.GarbageCollectionSettings] File [C:/Users/User/OneDrive - ООО АСП-АКВА/Документы/GitHub/Mushroomverse2/Проектик/Mushroomverse2/Saved/Config/Windows/Engine.ini]
[2024.01.07-12.27.00:566][  0]LogConfig: Setting CVar [[gc.MaxObjectsNotConsideredByGC:1]]
[2024.01.07-12.27.00:566][  0]LogConfig: Setting CVar [[gc.SizeOfPermanentObjectPool:0]]
[2024.01.07-12.27.00:566][  0]LogConfig: Setting CVar [[gc.FlushStreamingOnGC:0]]
[2024.01.07-12.27.00:566][  0]LogConfig: Setting CVar [[gc.NumRetriesBeforeForcingGC:10]]
[2024.01.07-12.27.00:566][  0]LogConfig: Setting CVar [[gc.AllowParallelGC:1]]
[2024.01.07-12.27.00:567][  0]LogConfig: Setting CVar [[gc.TimeBetweenPurgingPendingKillObjects:61.1]]
[2024.01.07-12.27.00:567][  0]LogConfig: Setting CVar [[gc.MaxObjectsInEditor:25165824]]
[2024.01.07-12.27.00:567][  0]LogConfig: Setting CVar [[gc.IncrementalBeginDestroyEnabled:1]]
[2024.01.07-12.27.00:567][  0]LogConfig: Setting CVar [[gc.CreateGCClusters:1]]
[2024.01.07-12.27.00:567][  0]LogConfig: Setting CVar [[gc.MinGCClusterSize:5]]
[2024.01.07-12.27.00:567][  0]LogConfig: Setting CVar [[gc.ActorClusteringEnabled:0]]
[2024.01.07-12.27.00:567][  0]LogConfig: Setting CVar [[gc.BlueprintClusteringEnabled:0]]
[2024.01.07-12.27.00:567][  0]LogConfig: Setting CVar [[gc.UseDisregardForGCOnDedicatedServers:0]]
[2024.01.07-12.27.00:567][  0]LogConfig: Setting CVar [[gc.MultithreadedDestructionEnabled:1]]
[2024.01.07-12.27.00:567][  0]LogConfig: Applying CVar settings from Section [/Script/Engine.NetworkSettings] File [C:/Users/User/OneDrive - ООО АСП-АКВА/Документы/GitHub/Mushroomverse2/Проектик/Mushroomverse2/Saved/Config/Windows/Engine.ini]
[2024.01.07-12.27.00:567][  0]LogConfig: Applying CVar settings from Section [/Script/UnrealEd.CookerSettings] File [C:/Users/User/OneDrive - ООО АСП-АКВА/Документы/GitHub/Mushroomverse2/Проектик/Mushroomverse2/Saved/Config/Windows/Engine.ini]
[2024.01.07-12.27.00:572][  0]LogConfig: Applying CVar settings from Section [ViewDistanceQuality@3] File [C:/Users/User/OneDrive - ООО АСП-АКВА/Документы/GitHub/Mushroomverse2/Проектик/Mushroomverse2/Saved/Config/Windows/Scalability.ini]
[2024.01.07-12.27.00:572][  0]LogConfig: Setting CVar [[r.SkeletalMeshLODBias:0]]
[2024.01.07-12.27.00:572][  0]LogConfig: Setting CVar [[r.ViewDistanceScale:1.0]]
[2024.01.07-12.27.00:572][  0]LogConfig: Applying CVar settings from Section [AntiAliasingQuality@3] File [C:/Users/User/OneDrive - ООО АСП-АКВА/Документы/GitHub/Mushroomverse2/Проектик/Mushroomverse2/Saved/Config/Windows/Scalability.ini]
[2024.01.07-12.27.00:572][  0]LogConfig: Setting CVar [[r.PostProcessAAQuality:4]]
[2024.01.07-12.27.00:572][  0]LogConfig: Applying CVar settings from Section [ShadowQuality@3] File [C:/Users/User/OneDrive - ООО АСП-АКВА/Документы/GitHub/Mushroomverse2/Проектик/Mushroomverse2/Saved/Config/Windows/Scalability.ini]
[2024.01.07-12.27.00:572][  0]LogConfig: Setting CVar [[r.LightFunctionQuality:1]]
[2024.01.07-12.27.00:572][  0]LogConfig: Setting CVar [[r.ShadowQuality:5]]
[2024.01.07-12.27.00:572][  0]LogConfig: Setting CVar [[r.Shadow.CSM.MaxCascades:10]]
[2024.01.07-12.27.00:572][  0]LogConfig: Setting CVar [[r.Shadow.MaxResolution:2048]]
[2024.01.07-12.27.00:572][  0]LogConfig: Setting CVar [[r.Shadow.MaxCSMResolution:2048]]
[2024.01.07-12.27.00:573][  0]LogConfig: Setting CVar [[r.Shadow.RadiusThreshold:0.01]]
[2024.01.07-12.27.00:573][  0]LogConfig: Setting CVar [[r.Shadow.DistanceScale:1.0]]
[2024.01.07-12.27.00:573][  0]LogConfig: Setting CVar [[r.Shadow.CSM.TransitionScale:1.0]]
[2024.01.07-12.27.00:573][  0]LogConfig: Setting CVar [[r.Shadow.PreShadowResolutionFactor:1.0]]
[2024.01.07-12.27.00:573][  0]LogConfig: Setting CVar [[r.DistanceFieldShadowing:1]]
[2024.01.07-12.27.00:573][  0]LogConfig: Setting CVar [[r.DistanceFieldAO:1]]
[2024.01.07-12.27.00:573][  0]LogConfig: Setting CVar [[r.AOQuality:2]]
[2024.01.07-12.27.00:573][  0]LogConfig: Setting CVar [[r.VolumetricFog:1]]
[2024.01.07-12.27.00:573][  0]LogConfig: Setting CVar [[r.VolumetricFog.GridPixelSize:8]]
[2024.01.07-12.27.00:573][  0]LogConfig: Setting CVar [[r.VolumetricFog.GridSizeZ:128]]
[2024.01.07-12.27.00:573][  0]LogConfig: Setting CVar [[r.VolumetricFog.HistoryMissSupersampleCount:4]]
[2024.01.07-12.27.00:573][  0]LogConfig: Setting CVar [[r.LightMaxDrawDistanceScale:1]]
[2024.01.07-12.27.00:573][  0]LogConfig: Setting CVar [[r.CapsuleShadows:1]]
[2024.01.07-12.27.00:573][  0]LogConfig: Applying CVar settings from Section [PostProcessQuality@3] File [C:/Users/User/OneDrive - ООО АСП-АКВА/Документы/GitHub/Mushroomverse2/Проектик/Mushroomverse2/Saved/Config/Windows/Scalability.ini]
[2024.01.07-12.27.00:573][  0]LogConfig: Setting CVar [[r.MotionBlurQuality:4]]
[2024.01.07-12.27.00:573][  0]LogConfig: Setting CVar [[r.AmbientOcclusionMipLevelFactor:0.4]]
[2024.01.07-12.27.00:573][  0]LogConfig: Setting CVar [[r.AmbientOcclusionMaxQuality:100]]
[2024.01.07-12.27.00:573][  0]LogConfig: Setting CVar [[r.AmbientOcclusionLevels:-1]]
[2024.01.07-12.27.00:573][  0]LogConfig: Setting CVar [[r.AmbientOcclusionRadiusScale:1.0]]
[2024.01.07-12.27.00:573][  0]LogConfig: Setting CVar [[r.DepthOfFieldQuality:2]]
[2024.01.07-12.27.00:573][  0]LogConfig: Setting CVar [[r.RenderTargetPoolMin:400]]
[2024.01.07-12.27.00:573][  0]LogConfig: Setting CVar [[r.LensFlareQuality:2]]
[2024.01.07-12.27.00:573][  0]LogConfig: Setting CVar [[r.SceneColorFringeQuality:1]]
[2024.01.07-12.27.00:573][  0]LogConfig: Setting CVar [[r.EyeAdaptationQuality:2]]
[2024.01.07-12.27.00:573][  0]LogConfig: Setting CVar [[r.BloomQuality:5]]
[2024.01.07-12.27.00:573][  0]LogConfig: Setting CVar [[r.FastBlurThreshold:100]]
[2024.01.07-12.27.00:573][  0]LogConfig: Setting CVar [[r.Upscale.Quality:3]]
[2024.01.07-12.27.00:573][  0]LogConfig: Setting CVar [[r.Tonemapper.GrainQuantization:1]]
[2024.01.07-12.27.00:573][  0]LogConfig: Setting CVar [[r.LightShaftQuality:1]]
[2024.01.07-12.27.00:573][  0]LogConfig: Setting CVar [[r.Filter.SizeScale:1]]
[2024.01.07-12.27.00:573][  0]LogConfig: Setting CVar [[r.Tonemapper.Quality:5]]
[2024.01.07-12.27.00:573][  0]LogConfig: Setting CVar [[r.DOF.Gather.AccumulatorQuality:1        ; higher gathering accumulator quality]]
[2024.01.07-12.27.00:573][  0]LogConfig: Setting CVar [[r.DOF.Gather.PostfilterMethod:1          ; Median3x3 postfilering method]]
[2024.01.07-12.27.00:573][  0]LogConfig: Setting CVar [[r.DOF.Gather.EnableBokehSettings:0       ; no bokeh simulation when gathering]]
[2024.01.07-12.27.00:573][  0]LogConfig: Setting CVar [[r.DOF.Gather.RingCount:4                 ; medium number of samples when gathering]]
[2024.01.07-12.27.00:573][  0]LogConfig: Setting CVar [[r.DOF.Scatter.ForegroundCompositing:1    ; additive foreground scattering]]
[2024.01.07-12.27.00:573][  0]LogConfig: Setting CVar [[r.DOF.Scatter.BackgroundCompositing:2    ; additive background scattering]]
[2024.01.07-12.27.00:573][  0]LogConfig: Setting CVar [[r.DOF.Scatter.EnableBokehSettings:1      ; bokeh simulation when scattering]]
[2024.01.07-12.27.00:573][  0]LogConfig: Setting CVar [[r.DOF.Scatter.MaxSpriteRatio:0.1         ; only a maximum of 10% of scattered bokeh]]
[2024.01.07-12.27.00:573][  0]LogConfig: Setting CVar [[r.DOF.Recombine.Quality:1                ; cheap slight out of focus]]
[2024.01.07-12.27.00:573][  0]LogConfig: Setting CVar [[r.DOF.Recombine.EnableBokehSettings:0    ; no bokeh simulation on slight out of focus]]
[2024.01.07-12.27.00:573][  0]LogConfig: Setting CVar [[r.DOF.TemporalAAQuality:1                ; more stable temporal accumulation]]
[2024.01.07-12.27.00:573][  0]LogConfig: Setting CVar [[r.DOF.Kernel.MaxForegroundRadius:0.025]]
[2024.01.07-12.27.00:573][  0]LogConfig: Setting CVar [[r.DOF.Kernel.MaxBackgroundRadius:0.025]]
[2024.01.07-12.27.00:573][  0]LogConfig: Applying CVar settings from Section [TextureQuality@3] File [C:/Users/User/OneDrive - ООО АСП-АКВА/Документы/GitHub/Mushroomverse2/Проектик/Mushroomverse2/Saved/Config/Windows/Scalability.ini]
[2024.01.07-12.27.00:573][  0]LogConfig: Setting CVar [[r.Streaming.MipBias:0]]
[2024.01.07-12.27.00:573][  0]LogConfig: Setting CVar [[r.Streaming.AmortizeCPUToGPUCopy:0]]
[2024.01.07-12.27.00:573][  0]LogConfig: Setting CVar [[r.Streaming.MaxNumTexturesToStreamPerFrame:0]]
[2024.01.07-12.27.00:573][  0]LogConfig: Setting CVar [[r.Streaming.Boost:1]]
[2024.01.07-12.27.00:573][  0]LogConfig: Setting CVar [[r.MaxAnisotropy:8]]
[2024.01.07-12.27.00:573][  0]LogConfig: Setting CVar [[r.VT.MaxAnisotropy:8]]
[2024.01.07-12.27.00:573][  0]LogConfig: Setting CVar [[r.Streaming.LimitPoolSizeToVRAM:0]]
[2024.01.07-12.27.00:573][  0]LogConfig: Setting CVar [[r.Streaming.PoolSize:1000]]
[2024.01.07-12.27.00:573][  0]LogConfig: Setting CVar [[r.Streaming.MaxEffectiveScreenSize:0]]
[2024.01.07-12.27.00:573][  0]LogConfig: Applying CVar settings from Section [EffectsQuality@3] File [C:/Users/User/OneDrive - ООО АСП-АКВА/Документы/GitHub/Mushroomverse2/Проектик/Mushroomverse2/Saved/Config/Windows/Scalability.ini]
[2024.01.07-12.27.00:573][  0]LogConfig: Setting CVar [[r.TranslucencyLightingVolumeDim:64]]
[2024.01.07-12.27.00:573][  0]LogConfig: Setting CVar [[r.RefractionQuality:2]]
[2024.01.07-12.27.00:573][  0]LogConfig: Setting CVar [[r.SSR.Quality:3]]
[2024.01.07-12.27.00:573][  0]LogConfig: Setting CVar [[r.SSR.HalfResSceneColor:0]]
[2024.01.07-12.27.00:573][  0]LogConfig: Setting CVar [[r.SceneColorFormat:4]]
[2024.01.07-12.27.00:573][  0]LogConfig: Setting CVar [[r.DetailMode:2]]
[2024.01.07-12.27.00:573][  0]LogConfig: Setting CVar [[r.TranslucencyVolumeBlur:1]]
[2024.01.07-12.27.00:573][  0]LogConfig: Setting CVar [[r.MaterialQualityLevel:1 ; High quality]]
[2024.01.07-12.27.00:573][  0]LogConfig: Setting CVar [[r.AnisotropicMaterials:1]]
[2024.01.07-12.27.00:573][  0]LogConfig: Setting CVar [[r.SSS.Scale:1]]
[2024.01.07-12.27.00:573][  0]LogConfig: Setting CVar [[r.SSS.SampleSet:2]]
[2024.01.07-12.27.00:573][  0]LogConfig: Setting CVar [[r.SSS.Quality:1]]
[2024.01.07-12.27.00:573][  0]LogConfig: Setting CVar [[r.SSS.HalfRes:0]]
[2024.01.07-12.27.00:573][  0]LogConfig: Setting CVar [[r.SSGI.Quality:3]]
[2024.01.07-12.27.00:573][  0]LogConfig: Setting CVar [[r.EmitterSpawnRateScale:1.0]]
[2024.01.07-12.27.00:573][  0]LogConfig: Setting CVar [[r.ParticleLightQuality:2]]
[2024.01.07-12.27.00:573][  0]LogConfig: Setting CVar [[r.SkyAtmosphere.AerialPerspectiveLUT.FastApplyOnOpaque:1 ; Always have FastSkyLUT 1 in this case to avoid wrong sky]]
[2024.01.07-12.27.00:573][  0]LogConfig: Setting CVar [[r.SkyAtmosphere.AerialPerspectiveLUT.SampleCountMaxPerSlice:4]]
[2024.01.07-12.27.00:574][  0]LogConfig: Setting CVar [[r.SkyAtmosphere.AerialPerspectiveLUT.DepthResolution:16.0]]
[2024.01.07-12.27.00:574][  0]LogConfig: Setting CVar [[r.SkyAtmosphere.FastSkyLUT:1]]
[2024.01.07-12.27.00:574][  0]LogConfig: Setting CVar [[r.SkyAtmosphere.FastSkyLUT.SampleCountMin:4.0]]
[2024.01.07-12.27.00:574][  0]LogConfig: Setting CVar [[r.SkyAtmosphere.FastSkyLUT.SampleCountMax:128.0]]
[2024.01.07-12.27.00:574][  0]LogConfig: Setting CVar [[r.SkyAtmosphere.SampleCountMin:4.0]]
[2024.01.07-12.27.00:574][  0]LogConfig: Setting CVar [[r.SkyAtmosphere.SampleCountMax:128.0]]
[2024.01.07-12.27.00:574][  0]LogConfig: Setting CVar [[r.SkyAtmosphere.TransmittanceLUT.UseSmallFormat:0]]
[2024.01.07-12.27.00:574][  0]LogConfig: Setting CVar [[r.SkyAtmosphere.TransmittanceLUT.SampleCount:10.0]]
[2024.01.07-12.27.00:574][  0]LogConfig: Setting CVar [[r.SkyAtmosphere.MultiScatteringLUT.SampleCount:15.0]]
[2024.01.07-12.27.00:574][  0]LogConfig: Setting CVar [[r.SkyLight.RealTimeReflectionCapture:1]]
[2024.01.07-12.27.00:574][  0]LogConfig: Applying CVar settings from Section [FoliageQuality@3] File [C:/Users/User/OneDrive - ООО АСП-АКВА/Документы/GitHub/Mushroomverse2/Проектик/Mushroomverse2/Saved/Config/Windows/Scalability.ini]
[2024.01.07-12.27.00:574][  0]LogConfig: Setting CVar [[foliage.DensityScale:1.0]]
[2024.01.07-12.27.00:574][  0]LogConfig: Setting CVar [[grass.DensityScale:1.0]]
[2024.01.07-12.27.00:574][  0]LogConfig: Applying CVar settings from Section [ShadingQuality@3] File [C:/Users/User/OneDrive - ООО АСП-АКВА/Документы/GitHub/Mushroomverse2/Проектик/Mushroomverse2/Saved/Config/Windows/Scalability.ini]
[2024.01.07-12.27.00:574][  0]LogConfig: Setting CVar [[r.HairStrands.SkyLighting.IntegrationType:2]]
[2024.01.07-12.27.00:574][  0]LogConfig: Setting CVar [[r.HairStrands.SkyAO.SampleCount:4]]
[2024.01.07-12.27.00:574][  0]LogConfig: Setting CVar [[r.HairStrands.Visibility.MSAA.SamplePerPixel:4]]
[2024.01.07-12.27.00:574][  0]LogInit: Selected Device Profile: [Windows]
[2024.01.07-12.27.00:574][  0]LogInit: Applying CVar settings loaded from the selected device profile: [Windows]
[2024.01.07-12.27.00:574][  0]LogHAL: Display: Platform has ~ 8 GB [8212144128 / 8589934592 / 8], which maps to Default [LargestMinGB=32, LargerMinGB=12, DefaultMinGB=8, SmallerMinGB=6, SmallestMinGB=0)
[2024.01.07-12.27.00:574][  0]LogInit: Going up to parent DeviceProfile []
[2024.01.07-12.27.00:574][  0]LogConfig: Applying CVar settings from Section [ViewDistanceQuality@3] File [C:/Users/User/OneDrive - ООО АСП-АКВА/Документы/GitHub/Mushroomverse2/Проектик/Mushroomverse2/Saved/Config/Windows/Scalability.ini]
[2024.01.07-12.27.00:574][  0]LogConfig: Setting CVar [[r.SkeletalMeshLODBias:0]]
[2024.01.07-12.27.00:574][  0]LogConfig: Setting CVar [[r.ViewDistanceScale:1.0]]
[2024.01.07-12.27.00:574][  0]LogConfig: Applying CVar settings from Section [AntiAliasingQuality@3] File [C:/Users/User/OneDrive - ООО АСП-АКВА/Документы/GitHub/Mushroomverse2/Проектик/Mushroomverse2/Saved/Config/Windows/Scalability.ini]
[2024.01.07-12.27.00:574][  0]LogConfig: Setting CVar [[r.PostProcessAAQuality:4]]
[2024.01.07-12.27.00:574][  0]LogConfig: Applying CVar settings from Section [ShadowQuality@3] File [C:/Users/User/OneDrive - ООО АСП-АКВА/Документы/GitHub/Mushroomverse2/Проектик/Mushroomverse2/Saved/Config/Windows/Scalability.ini]
[2024.01.07-12.27.00:574][  0]LogConfig: Setting CVar [[r.LightFunctionQuality:1]]
[2024.01.07-12.27.00:574][  0]LogConfig: Setting CVar [[r.ShadowQuality:5]]
[2024.01.07-12.27.00:574][  0]LogConfig: Setting CVar [[r.Shadow.CSM.MaxCascades:10]]
[2024.01.07-12.27.00:574][  0]LogConfig: Setting CVar [[r.Shadow.MaxResolution:2048]]
[2024.01.07-12.27.00:574][  0]LogConfig: Setting CVar [[r.Shadow.MaxCSMResolution:2048]]
[2024.01.07-12.27.00:574][  0]LogConfig: Setting CVar [[r.Shadow.RadiusThreshold:0.01]]
[2024.01.07-12.27.00:574][  0]LogConfig: Setting CVar [[r.Shadow.DistanceScale:1.0]]
[2024.01.07-12.27.00:574][  0]LogConfig: Setting CVar [[r.Shadow.CSM.TransitionScale:1.0]]
[2024.01.07-12.27.00:574][  0]LogConfig: Setting CVar [[r.Shadow.PreShadowResolutionFactor:1.0]]
[2024.01.07-12.27.00:574][  0]LogConfig: Setting CVar [[r.DistanceFieldShadowing:1]]
[2024.01.07-12.27.00:574][  0]LogConfig: Setting CVar [[r.DistanceFieldAO:1]]
[2024.01.07-12.27.00:574][  0]LogConfig: Setting CVar [[r.AOQuality:2]]
[2024.01.07-12.27.00:574][  0]LogConfig: Setting CVar [[r.VolumetricFog:1]]
[2024.01.07-12.27.00:574][  0]LogConfig: Setting CVar [[r.VolumetricFog.GridPixelSize:8]]
[2024.01.07-12.27.00:574][  0]LogConfig: Setting CVar [[r.VolumetricFog.GridSizeZ:128]]
[2024.01.07-12.27.00:574][  0]LogConfig: Setting CVar [[r.VolumetricFog.HistoryMissSupersampleCount:4]]
[2024.01.07-12.27.00:574][  0]LogConfig: Setting CVar [[r.LightMaxDrawDistanceScale:1]]
[2024.01.07-12.27.00:574][  0]LogConfig: Setting CVar [[r.CapsuleShadows:1]]
[2024.01.07-12.27.00:574][  0]LogConfig: Applying CVar settings from Section [PostProcessQuality@3] File [C:/Users/User/OneDrive - ООО АСП-АКВА/Документы/GitHub/Mushroomverse2/Проектик/Mushroomverse2/Saved/Config/Windows/Scalability.ini]
[2024.01.07-12.27.00:574][  0]LogConfig: Setting CVar [[r.MotionBlurQuality:4]]
[2024.01.07-12.27.00:574][  0]LogConfig: Setting CVar [[r.AmbientOcclusionMipLevelFactor:0.4]]
[2024.01.07-12.27.00:574][  0]LogConfig: Setting CVar [[r.AmbientOcclusionMaxQuality:100]]
[2024.01.07-12.27.00:575][  0]LogConfig: Setting CVar [[r.AmbientOcclusionLevels:-1]]
[2024.01.07-12.27.00:575][  0]LogConfig: Setting CVar [[r.AmbientOcclusionRadiusScale:1.0]]
[2024.01.07-12.27.00:575][  0]LogConfig: Setting CVar [[r.DepthOfFieldQuality:2]]
[2024.01.07-12.27.00:575][  0]LogConfig: Setting CVar [[r.RenderTargetPoolMin:400]]
[2024.01.07-12.27.00:575][  0]LogConfig: Setting CVar [[r.LensFlareQuality:2]]
[2024.01.07-12.27.00:575][  0]LogConfig: Setting CVar [[r.SceneColorFringeQuality:1]]
[2024.01.07-12.27.00:575][  0]LogConfig: Setting CVar [[r.EyeAdaptationQuality:2]]
[2024.01.07-12.27.00:575][  0]LogConfig: Setting CVar [[r.BloomQuality:5]]
[2024.01.07-12.27.00:575][  0]LogConfig: Setting CVar [[r.FastBlurThreshold:100]]
[2024.01.07-12.27.00:575][  0]LogConfig: Setting CVar [[r.Upscale.Quality:3]]
[2024.01.07-12.27.00:575][  0]LogConfig: Setting CVar [[r.Tonemapper.GrainQuantization:1]]
[2024.01.07-12.27.00:575][  0]LogConfig: Setting CVar [[r.LightShaftQuality:1]]
[2024.01.07-12.27.00:575][  0]LogConfig: Setting CVar [[r.Filter.SizeScale:1]]
[2024.01.07-12.27.00:575][  0]LogConfig: Setting CVar [[r.Tonemapper.Quality:5]]
[2024.01.07-12.27.00:575][  0]LogConfig: Setting CVar [[r.DOF.Gather.AccumulatorQuality:1        ; higher gathering accumulator quality]]
[2024.01.07-12.27.00:575][  0]LogConfig: Setting CVar [[r.DOF.Gather.PostfilterMethod:1          ; Median3x3 postfilering method]]
[2024.01.07-12.27.00:575][  0]LogConfig: Setting CVar [[r.DOF.Gather.EnableBokehSettings:0       ; no bokeh simulation when gathering]]
[2024.01.07-12.27.00:575][  0]LogConfig: Setting CVar [[r.DOF.Gather.RingCount:4                 ; medium number of samples when gathering]]
[2024.01.07-12.27.00:575][  0]LogConfig: Setting CVar [[r.DOF.Scatter.ForegroundCompositing:1    ; additive foreground scattering]]
[2024.01.07-12.27.00:575][  0]LogConfig: Setting CVar [[r.DOF.Scatter.BackgroundCompositing:2    ; additive background scattering]]
[2024.01.07-12.27.00:575][  0]LogConfig: Setting CVar [[r.DOF.Scatter.EnableBokehSettings:1      ; bokeh simulation when scattering]]
[2024.01.07-12.27.00:575][  0]LogConfig: Setting CVar [[r.DOF.Scatter.MaxSpriteRatio:0.1         ; only a maximum of 10% of scattered bokeh]]
[2024.01.07-12.27.00:575][  0]LogConfig: Setting CVar [[r.DOF.Recombine.Quality:1                ; cheap slight out of focus]]
[2024.01.07-12.27.00:575][  0]LogConfig: Setting CVar [[r.DOF.Recombine.EnableBokehSettings:0    ; no bokeh simulation on slight out of focus]]
[2024.01.07-12.27.00:575][  0]LogConfig: Setting CVar [[r.DOF.TemporalAAQuality:1                ; more stable temporal accumulation]]
[2024.01.07-12.27.00:575][  0]LogConfig: Setting CVar [[r.DOF.Kernel.MaxForegroundRadius:0.025]]
[2024.01.07-12.27.00:575][  0]LogConfig: Setting CVar [[r.DOF.Kernel.MaxBackgroundRadius:0.025]]
[2024.01.07-12.27.00:575][  0]LogConfig: Applying CVar settings from Section [TextureQuality@3] File [C:/Users/User/OneDrive - ООО АСП-АКВА/Документы/GitHub/Mushroomverse2/Проектик/Mushroomverse2/Saved/Config/Windows/Scalability.ini]
[2024.01.07-12.27.00:575][  0]LogConfig: Setting CVar [[r.Streaming.MipBias:0]]
[2024.01.07-12.27.00:575][  0]LogConfig: Setting CVar [[r.Streaming.AmortizeCPUToGPUCopy:0]]
[2024.01.07-12.27.00:575][  0]LogConfig: Setting CVar [[r.Streaming.MaxNumTexturesToStreamPerFrame:0]]
[2024.01.07-12.27.00:575][  0]LogConfig: Setting CVar [[r.Streaming.Boost:1]]
[2024.01.07-12.27.00:575][  0]LogConfig: Setting CVar [[r.MaxAnisotropy:8]]
[2024.01.07-12.27.00:575][  0]LogConfig: Setting CVar [[r.VT.MaxAnisotropy:8]]
[2024.01.07-12.27.00:575][  0]LogConfig: Setting CVar [[r.Streaming.LimitPoolSizeToVRAM:0]]
[2024.01.07-12.27.00:575][  0]LogConfig: Setting CVar [[r.Streaming.PoolSize:1000]]
[2024.01.07-12.27.00:575][  0]LogConfig: Setting CVar [[r.Streaming.MaxEffectiveScreenSize:0]]
[2024.01.07-12.27.00:575][  0]LogConfig: Applying CVar settings from Section [EffectsQuality@3] File [C:/Users/User/OneDrive - ООО АСП-АКВА/Документы/GitHub/Mushroomverse2/Проектик/Mushroomverse2/Saved/Config/Windows/Scalability.ini]
[2024.01.07-12.27.00:575][  0]LogConfig: Setting CVar [[r.TranslucencyLightingVolumeDim:64]]
[2024.01.07-12.27.00:575][  0]LogConfig: Setting CVar [[r.RefractionQuality:2]]
[2024.01.07-12.27.00:575][  0]LogConfig: Setting CVar [[r.SSR.Quality:3]]
[2024.01.07-12.27.00:575][  0]LogConfig: Setting CVar [[r.SSR.HalfResSceneColor:0]]
[2024.01.07-12.27.00:575][  0]LogConfig: Setting CVar [[r.SceneColorFormat:4]]
[2024.01.07-12.27.00:575][  0]LogConfig: Setting CVar [[r.DetailMode:2]]
[2024.01.07-12.27.00:575][  0]LogConfig: Setting CVar [[r.TranslucencyVolumeBlur:1]]
[2024.01.07-12.27.00:575][  0]LogConfig: Setting CVar [[r.MaterialQualityLevel:1 ; High quality]]
[2024.01.07-12.27.00:575][  0]LogConfig: Setting CVar [[r.AnisotropicMaterials:1]]
[2024.01.07-12.27.00:575][  0]LogConfig: Setting CVar [[r.SSS.Scale:1]]
[2024.01.07-12.27.00:575][  0]LogConfig: Setting CVar [[r.SSS.SampleSet:2]]
[2024.01.07-12.27.00:575][  0]LogConfig: Setting CVar [[r.SSS.Quality:1]]
[2024.01.07-12.27.00:575][  0]LogConfig: Setting CVar [[r.SSS.HalfRes:0]]
[2024.01.07-12.27.00:575][  0]LogConfig: Setting CVar [[r.SSGI.Quality:3]]
[2024.01.07-12.27.00:575][  0]LogConfig: Setting CVar [[r.EmitterSpawnRateScale:1.0]]
[2024.01.07-12.27.00:575][  0]LogConfig: Setting CVar [[r.ParticleLightQuality:2]]
[2024.01.07-12.27.00:575][  0]LogConfig: Setting CVar [[r.SkyAtmosphere.AerialPerspectiveLUT.FastApplyOnOpaque:1 ; Always have FastSkyLUT 1 in this case to avoid wrong sky]]
[2024.01.07-12.27.00:575][  0]LogConfig: Setting CVar [[r.SkyAtmosphere.AerialPerspectiveLUT.SampleCountMaxPerSlice:4]]
[2024.01.07-12.27.00:575][  0]LogConfig: Setting CVar [[r.SkyAtmosphere.AerialPerspectiveLUT.DepthResolution:16.0]]
[2024.01.07-12.27.00:575][  0]LogConfig: Setting CVar [[r.SkyAtmosphere.FastSkyLUT:1]]
[2024.01.07-12.27.00:575][  0]LogConfig: Setting CVar [[r.SkyAtmosphere.FastSkyLUT.SampleCountMin:4.0]]
[2024.01.07-12.27.00:575][  0]LogConfig: Setting CVar [[r.SkyAtmosphere.FastSkyLUT.SampleCountMax:128.0]]
[2024.01.07-12.27.00:575][  0]LogConfig: Setting CVar [[r.SkyAtmosphere.SampleCountMin:4.0]]
[2024.01.07-12.27.00:575][  0]LogConfig: Setting CVar [[r.SkyAtmosphere.SampleCountMax:128.0]]
[2024.01.07-12.27.00:575][  0]LogConfig: Setting CVar [[r.SkyAtmosphere.TransmittanceLUT.UseSmallFormat:0]]
[2024.01.07-12.27.00:575][  0]LogConfig: Setting CVar [[r.SkyAtmosphere.TransmittanceLUT.SampleCount:10.0]]
[2024.01.07-12.27.00:575][  0]LogConfig: Setting CVar [[r.SkyAtmosphere.MultiScatteringLUT.SampleCount:15.0]]
[2024.01.07-12.27.00:575][  0]LogConfig: Setting CVar [[r.SkyLight.RealTimeReflectionCapture:1]]
[2024.01.07-12.27.00:575][  0]LogConfig: Applying CVar settings from Section [FoliageQuality@3] File [C:/Users/User/OneDrive - ООО АСП-АКВА/Документы/GitHub/Mushroomverse2/Проектик/Mushroomverse2/Saved/Config/Windows/Scalability.ini]
[2024.01.07-12.27.00:575][  0]LogConfig: Setting CVar [[foliage.DensityScale:1.0]]
[2024.01.07-12.27.00:576][  0]LogConfig: Setting CVar [[grass.DensityScale:1.0]]
[2024.01.07-12.27.00:576][  0]LogConfig: Applying CVar settings from Section [ShadingQuality@3] File [C:/Users/User/OneDrive - ООО АСП-АКВА/Документы/GitHub/Mushroomverse2/Проектик/Mushroomverse2/Saved/Config/Windows/Scalability.ini]
[2024.01.07-12.27.00:576][  0]LogConfig: Setting CVar [[r.HairStrands.SkyLighting.IntegrationType:2]]
[2024.01.07-12.27.00:576][  0]LogConfig: Setting CVar [[r.HairStrands.SkyAO.SampleCount:4]]
[2024.01.07-12.27.00:576][  0]LogConfig: Setting CVar [[r.HairStrands.Visibility.MSAA.SamplePerPixel:4]]
[2024.01.07-12.27.00:576][  0]LogConfig: Applying CVar settings from Section [Startup] File [../../../Engine/Config/ConsoleVariables.ini]
[2024.01.07-12.27.00:590][  0]LogConfig: Setting CVar [[net.UseAdaptiveNetUpdateFrequency:0]]
[2024.01.07-12.27.00:590][  0]LogConfig: Setting CVar [[p.chaos.AllowCreatePhysxBodies:1]]
[2024.01.07-12.27.00:590][  0]LogConfig: Setting CVar [[fx.SkipVectorVMBackendOptimizations:1]]
[2024.01.07-12.27.00:590][  0]LogConfig: Applying CVar settings from Section [ConsoleVariables] File [C:/Users/User/OneDrive - ООО АСП-АКВА/Документы/GitHub/Mushroomverse2/Проектик/Mushroomverse2/Saved/Config/Windows/Engine.ini]
[2024.01.07-12.27.00:590][  0]LogConfig: Applying CVar settings from Section [ConsoleVariables] File [C:/Users/User/OneDrive - ООО АСП-АКВА/Документы/GitHub/Mushroomverse2/Проектик/Mushroomverse2/Saved/Config/Windows/Editor.ini]
[2024.01.07-12.27.00:590][  0]LogInit: Computer: GARANINA-NB
[2024.01.07-12.27.00:590][  0]LogInit: User: User
[2024.01.07-12.27.00:590][  0]LogInit: CPU Page size=4096, Cores=2
[2024.01.07-12.27.00:590][  0]LogInit: High frequency timer resolution =10.000000 MHz
[2024.01.07-12.27.00:590][  0]LogMemory: Memory total: Physical=7.6GB (8GB approx)
[2024.01.07-12.27.00:590][  0]LogMemory: Platform Memory Stats for Windows
[2024.01.07-12.27.00:590][  0]LogMemory: Process Physical Memory: 143.01 MB used, 143.02 MB peak
[2024.01.07-12.27.00:590][  0]LogMemory: Process Virtual Memory: 122.32 MB used, 122.32 MB peak
[2024.01.07-12.27.00:590][  0]LogMemory: Physical Memory: 6317.50 MB used,  1514.21 MB free, 7831.71 MB total
[2024.01.07-12.27.00:590][  0]LogMemory: Virtual Memory: 134213400.00 MB used,  4325.00 MB free, 134217728.00 MB total
[2024.01.07-12.27.00:599][  0]LogWindows: WindowsPlatformFeatures enabled
[2024.01.07-12.27.00:934][  0]LogInit: Physics initialised using underlying interface: PhysX
[2024.01.07-12.27.00:935][  0]LogInit: Using OS detected language (ru-RU).
[2024.01.07-12.27.00:935][  0]LogInit: Using OS detected locale (ru-RU).
[2024.01.07-12.27.00:944][  0]LogTextLocalizationManager: No specific localization for 'ru-RU' exists, so the 'ru' localization will be used.
[2024.01.07-12.27.00:948][  0]LogTextLocalizationResource: LocRes '../../../Engine/Content/Localization/Editor/ru/Editor.locres' could not be opened for reading!
[2024.01.07-12.27.00:949][  0]LogTextLocalizationResource: LocRes '../../../Engine/Content/Localization/EditorTutorials/ru/EditorTutorials.locres' could not be opened for reading!
[2024.01.07-12.27.00:949][  0]LogTextLocalizationResource: LocRes '../../../Engine/Content/Localization/Keywords/ru/Keywords.locres' could not be opened for reading!
[2024.01.07-12.27.00:949][  0]LogTextLocalizationResource: LocRes '../../../Engine/Content/Localization/Category/ru/Category.locres' could not be opened for reading!
[2024.01.07-12.27.00:949][  0]LogTextLocalizationResource: LocRes '../../../Engine/Content/Localization/ToolTips/ru/ToolTips.locres' could not be opened for reading!
[2024.01.07-12.27.00:949][  0]LogTextLocalizationResource: LocRes '../../../Engine/Content/Localization/PropertyNames/ru/PropertyNames.locres' could not be opened for reading!
[2024.01.07-12.27.00:949][  0]LogTextLocalizationResource: LocRes '../../../Engine/Content/Localization/Engine/ru/Engine.locres' could not be opened for reading!
[2024.01.07-12.27.01:055][  0]LogWindowsTextInputMethodSystem: Display: IME system deactivated.
[2024.01.07-12.27.01:128][  0]LogSlate: New Slate User Created.  User Index 0, Is Virtual User: 0
[2024.01.07-12.27.01:128][  0]LogSlate: Slate User Registered.  User Index 0, Is Virtual User: 0
[2024.01.07-12.27.01:188][  0]LogD3D11RHI: Loaded GFSDK_Aftermath_Lib.x64.dll
[2024.01.07-12.27.01:292][  0]LogHMD: Failed to enumerate extensions. Please check that you have a valid OpenXR runtime installed.
[2024.01.07-12.27.01:292][  0]LogD3D11RHI: D3D11 min allowed feature level: 11_0
[2024.01.07-12.27.01:292][  0]LogD3D11RHI: D3D11 max allowed feature level: 11_0
[2024.01.07-12.27.01:292][  0]LogD3D11RHI: D3D11 adapters:
[2024.01.07-12.27.01:496][  0]LogD3D11RHI:    0. 'Intel(R) UHD Graphics' (Feature Level 11_0)
[2024.01.07-12.27.01:496][  0]LogD3D11RHI:       128/0/3915 MB DedicatedVideo/DedicatedSystem/SharedSystem, Outputs:1, VendorId:0x8086
[2024.01.07-12.27.01:500][  0]LogD3D11RHI:    1. 'Microsoft Basic Render Driver' (Feature Level 11_0)
[2024.01.07-12.27.01:500][  0]LogD3D11RHI:       0/0/3915 MB DedicatedVideo/DedicatedSystem/SharedSystem, Outputs:0, VendorId:0x1414
[2024.01.07-12.27.01:500][  0]LogD3D11RHI: Chosen D3D11 Adapter:
[2024.01.07-12.27.01:500][  0]LogD3D11RHI:     Description : Intel(R) UHD Graphics
[2024.01.07-12.27.01:500][  0]LogD3D11RHI:     VendorId    : 8086
[2024.01.07-12.27.01:500][  0]LogD3D11RHI:     DeviceId    : 9a78
[2024.01.07-12.27.01:500][  0]LogD3D11RHI:     SubSysId    : 881b103c
[2024.01.07-12.27.01:500][  0]LogD3D11RHI:     Revision    : 0001
[2024.01.07-12.27.01:500][  0]LogD3D11RHI:     DedicatedVideoMemory : 134217728 bytes
[2024.01.07-12.27.01:500][  0]LogD3D11RHI:     DedicatedSystemMemory : 0 bytes
[2024.01.07-12.27.01:500][  0]LogD3D11RHI:     SharedSystemMemory : 4106072064 bytes
[2024.01.07-12.27.01:500][  0]LogD3D11RHI:     AdapterLuid : 0 59327
[2024.01.07-12.27.01:509][  0]LogD3D11RHI: Creating new Direct3DDevice
[2024.01.07-12.27.01:509][  0]LogD3D11RHI:     GPU DeviceId: 0x9a78 (for the marketing name, search the web for "GPU Device Id")
[2024.01.07-12.27.01:509][  0]LogWindows: EnumDisplayDevices:
[2024.01.07-12.27.01:509][  0]LogWindows:    0. 'Intel(R) UHD Graphics' (P:1 D:1)
[2024.01.07-12.27.01:510][  0]LogWindows:    1. 'Intel(R) UHD Graphics' (P:0 D:0)
[2024.01.07-12.27.01:510][  0]LogWindows:    2. 'Intel(R) UHD Graphics' (P:0 D:0)
[2024.01.07-12.27.01:510][  0]LogWindows:    3. 'Intel(R) UHD Graphics' (P:0 D:0)
[2024.01.07-12.27.01:511][  0]LogWindows: DebugString: FoundDriverCount:4 
[2024.01.07-12.27.01:511][  0]LogD3D11RHI:     Adapter Name: Intel(R) UHD Graphics
[2024.01.07-12.27.01:511][  0]LogD3D11RHI:   Driver Version: 30.0.100.9805 (internal:30.0.100.9805, unified:30.0.100.9805)
[2024.01.07-12.27.01:511][  0]LogD3D11RHI:      Driver Date: 7-23-2021
[2024.01.07-12.27.01:511][  0]LogRHI: Texture pool is 1460 MB (70% of 2085 MB)
[2024.01.07-12.27.01:575][  0]LogD3D11RHI: Creating D3DDevice using adapter:
[2024.01.07-12.27.01:575][  0]LogD3D11RHI:     Description : Intel(R) UHD Graphics
[2024.01.07-12.27.01:575][  0]LogD3D11RHI:     VendorId    : 8086
[2024.01.07-12.27.01:575][  0]LogD3D11RHI:     DeviceId    : 9a78
[2024.01.07-12.27.01:575][  0]LogD3D11RHI:     SubSysId    : 881b103c
[2024.01.07-12.27.01:575][  0]LogD3D11RHI:     Revision    : 0001
[2024.01.07-12.27.01:575][  0]LogD3D11RHI:     DedicatedVideoMemory : 134217728 bytes
[2024.01.07-12.27.01:575][  0]LogD3D11RHI:     DedicatedSystemMemory : 0 bytes
[2024.01.07-12.27.01:575][  0]LogD3D11RHI:     SharedSystemMemory : 4106072064 bytes
[2024.01.07-12.27.01:575][  0]LogD3D11RHI:     AdapterLuid : 0 59327
[2024.01.07-12.27.01:723][  0]LogD3D11RHI: RHI does not have support for 64 bit atomics
[2024.01.07-12.27.01:735][  0]LogD3D11RHI: Intel Extensions support version Full=16777216, Major=1, Minor=0, Revision=0
[2024.01.07-12.27.01:735][  0]LogD3D11RHI: Intel Extensions support version Full=16777217, Major=1, Minor=0, Revision=1
[2024.01.07-12.27.01:735][  0]LogD3D11RHI: Intel Extensions Framework enabled
[2024.01.07-12.27.01:737][  0]LogD3D11RHI: [IntelMetricsDiscovery] Started
[2024.01.07-12.27.01:737][  0]LogD3D11RHI: Async texture creation enabled
[2024.01.07-12.27.01:737][  0]LogD3D11RHI: Array index from any shader is supported
[2024.01.07-12.27.01:774][  0]LogD3D11RHI: GPU Timing Frequency: 19.200000 (Debug: 2 0)
[2024.01.07-12.27.02:360][  0]LogTargetPlatformManager: Display: Loaded TargetPlatform 'WindowsNoEditor'
[2024.01.07-12.27.02:368][  0]LogTargetPlatformManager: Display: Loaded TargetPlatform 'Windows'
[2024.01.07-12.27.02:376][  0]LogTargetPlatformManager: Display: Loaded TargetPlatform 'WindowsClient'
[2024.01.07-12.27.02:383][  0]LogTargetPlatformManager: Display: Loaded TargetPlatform 'WindowsServer'
[2024.01.07-12.27.02:383][  0]LogTargetPlatformManager: Display: Building Assets For Windows
[2024.01.07-12.27.02:491][  0]LogAudioDebug: Display: Lib vorbis DLL was dynamically loaded.
[2024.01.07-12.27.02:633][  0]LogTextureFormatOodle: Display: Oodle Texture 2.9.0 init RDO Off
[2024.01.07-12.27.02:774][  0]LogRendererCore: Ray tracing is disabled. Reason: r.RayTracing=0.
[2024.01.07-12.27.02:774][  0]LogShaderCompilers: Guid format shader working directory is -63 characters bigger than the processId version (../../../../../../Users/User/OneDrive - ООО АСП-АКВА/Документы/GitHub/Mushroomverse2/Проектик/Mushroomverse2/Intermediate/Shaders/WorkingDirectory/5296/).
[2024.01.07-12.27.02:774][  0]LogShaderCompilers: Cleaned the shader compiler working directory 'C:/Users/User/AppData/Local/Temp/UnrealShaderWorkingDir/B66BF65A4C90ED0388631EBFC9AD6162/'.
[2024.01.07-12.27.02:774][  0]LogXGEController: Cannot use XGE Controller as Incredibuild is not installed on this machine.
[2024.01.07-12.27.02:775][  0]LogShaderCompilers: Cannot use XGE Shader Compiler as Incredibuild is not installed on this machine.
[2024.01.07-12.27.02:775][  0]LogShaderCompilers: Display: Using Local Shader Compiler.
[2024.01.07-12.27.11:275][  0]LogDerivedDataCache: Display: Max Cache Size: 512 MB
[2024.01.07-12.27.11:429][  0]LogDerivedDataCache: Loaded boot cache 0.15s 96MB C:/Users/User/AppData/Local/UnrealEngine/4.27/DerivedDataCache/Boot.ddc.
[2024.01.07-12.27.11:429][  0]LogDerivedDataCache: Display: Loaded Boot cache: C:/Users/User/AppData/Local/UnrealEngine/4.27/DerivedDataCache/Boot.ddc
[2024.01.07-12.27.11:429][  0]LogDerivedDataCache: FDerivedDataBackendGraph:  Pak pak cache file ../../../../../../Users/User/OneDrive - ООО АСП-АКВА/Документы/GitHub/Mushroomverse2/Проектик/Mushroomverse2/DerivedDataCache/DDC.ddp not found, will not use a pak cache.
[2024.01.07-12.27.11:429][  0]LogDerivedDataCache: Unable to find inner node Pak for hierarchical cache Hierarchy.
[2024.01.07-12.27.11:429][  0]LogDerivedDataCache: FDerivedDataBackendGraph:  CompressedPak pak cache file ../../../../../../Users/User/OneDrive - ООО АСП-АКВА/Документы/GitHub/Mushroomverse2/Проектик/Mushroomverse2/DerivedDataCache/Compressed.ddp not found, will not use a pak cache.
[2024.01.07-12.27.11:429][  0]LogDerivedDataCache: Unable to find inner node CompressedPak for hierarchical cache Hierarchy.
[2024.01.07-12.27.11:473][  0]LogDerivedDataCache: Display: Pak cache opened for reading ../../../Engine/DerivedDataCache/Compressed.ddp.
[2024.01.07-12.27.11:474][  0]LogDerivedDataCache: FDerivedDataBackendGraph:  EnterprisePak pak cache file ../../../Enterprise/DerivedDataCache/Compressed.ddp not found, will not use a pak cache.
[2024.01.07-12.27.11:474][  0]LogDerivedDataCache: Unable to find inner node EnterprisePak for hierarchical cache Hierarchy.
[2024.01.07-12.27.11:561][  0]LogDerivedDataCache: Speed tests for C:/Users/User/AppData/Local/UnrealEngine/Common/DerivedDataCache took 0.09 seconds
[2024.01.07-12.27.11:561][  0]LogDerivedDataCache: Display: Performance to C:/Users/User/AppData/Local/UnrealEngine/Common/DerivedDataCache: Latency=0.11ms. RandomReadSpeed=11.72MBs, RandomWriteSpeed=138.43MBs. Assigned SpeedClass 'Local'
[2024.01.07-12.27.11:562][  0]LogDerivedDataCache: Using Local data cache path C:/Users/User/AppData/Local/UnrealEngine/Common/DerivedDataCache: Writable
[2024.01.07-12.27.11:562][  0]LogDerivedDataCache: Shared data cache path not found in *engine.ini, will not use an Shared cache.
[2024.01.07-12.27.11:562][  0]LogDerivedDataCache: Unable to find inner node Shared for hierarchical cache Hierarchy.
[2024.01.07-12.27.11:624][  0]LogSlate: Using FreeType 2.10.0
[2024.01.07-12.27.11:647][  0]LogSlate: SlateFontServices - WITH_FREETYPE: 1, WITH_HARFBUZZ: 1
[2024.01.07-12.27.11:648][  0]LogHMD: Failed to enumerate extensions. Please check that you have a valid OpenXR runtime installed.
[2024.01.07-12.27.11:795][  0]LogInit: Using OS detected language (ru-RU).
[2024.01.07-12.27.11:795][  0]LogInit: Using OS detected locale (ru-RU).
[2024.01.07-12.27.11:795][  0]LogTextLocalizationManager: No localization for 'ru-RU' exists, so 'en' will be used for the language.
[2024.01.07-12.27.11:795][  0]LogTextLocalizationManager: No localization for 'ru-RU' exists, so 'en' will be used for the locale.
[2024.01.07-12.27.11:796][  0]LogSlate: FontCache flush requested. Reason: Culture for localization was changed
[2024.01.07-12.27.11:796][  0]LogSlate: FontCache flush requested. Reason: Culture for localization was changed
[2024.01.07-12.27.11:802][  0]LogAssetRegistry: FAssetRegistry took 0.0042 seconds to start up
[2024.01.07-12.27.12:080][  0]LogTextLocalizationManager: Compacting localization data took   0.01ms
[2024.01.07-12.27.12:080][  0]LogPackageLocalizationCache: Processed 27 localized package path(s) for 1 prioritized culture(s) in 0.002162 seconds
[2024.01.07-12.27.12:208][  0]LogInit: Selected Device Profile: [Windows]
[2024.01.07-12.27.12:209][  0]LogInit: Active device profile: [0000024F3EBDAB00][0000024F38E0D780 49] Windows
[2024.01.07-12.27.12:209][  0]LogInit: Profiles: [0000024F3EBDAB00][0000024F38E0D780 49] Windows, [0000024F3EB7D700][0000024F38E15A40 49] WindowsNoEditor, [0000024F3EBDA100][0000024F38E18180 49] WindowsServer, [0000024F3EB7E000][0000024F3FA74440 49] WindowsClient, [0000024F3EBD9B00][0000024F38E106C0 49] IOS, [0000024F3EB7E500][0000024F3FA78940 49] iPadAir, [0000024F3EBD9700][0000024F3FA80C00 49] iPadAir2, [0000024F3FF39300][0000024F3FA95140 49] IPadPro, [0000024F3FF39400][0000024F3FA85180 49] iPadAir3, [0000024F3EB7CE00][0000024F3FA8D440 49] iPadAir4, [0000024F3FF3A300][0000024F3FA89700 49] iPadMini2, [0000024F3EB7C800][0000024F3FA919C0 49] iPadMini3, [0000024F3FF3AE00][0000024F3FA98100 49] iPadMini4, [0000024F3EB7C600][0000024F3FA9C3C0 49] iPadMini5, [0000024F3FF68F00][0000024F3FAAC8C0 49] iPhone6, [0000024F3FF69000][0000024F3FAA0900 49] iPodTouch6, [0000024F3EBDA700][0000024F3FAB8E00 49] iPhone7, [0000024F3EBDA600][0000024F3FA7CE40 49] iPodTouch7, [0000024F3FF68100][0000024F3FAB1100 49] iPhone5S, [0000024F3FF3A100][0000024F3FAA53C0 49] iPhone6Plus, [0000024F3FF6BE00][0000024F3FAB5680 49] iPhone6S, [0000024F3FF38500][0000024F3FABD940 49] iPhone6SPlus, [0000024F3FF68400][0000024F3FAC1C00 49] iPhone7Plus, [0000024F3FF39200][0000024F3FAC4340 49] iPhoneSE, [0000024F3FF6AA00][0000024F3FAC8600 49] iPhone8, [0000024F3FF3BC00][0000024F3FACC8C0 49] iPhone8Plus, [0000024F3FF6A600][0000024F3FAA8B40 49] iPhoneX, [0000024F3FF38C00][0000024F3FAD0DC0 49] iPhoneXS, [0000024F3FF6A100][0000024F3FAD9080 49] iPhoneXSMax, [0000024F3FF3A500][0000024F3FADD340 49] iPhoneXR, [0000024F3FF6A000][0000024F3FAE1600 49] iPhone11, [0000024F3FF3B300][0000024F3FAE58C0 49] iPhone11Pro, [0000024F3FF6B800][0000024F3FAE9B80 49] iPhone11ProMax, [0000024F3EBDB200][0000024F3FAEC2C0 49] iPhoneSE2, [0000024F3FF69700][0000024F3FAF0580 49] iPhone12Mini, [0000024F3EBDB800][0000024F3FAF4840 49] iPhone12, [0000024F3FF6B000][0000024F3FAF8B00 49] iPhone12Pro, [0000024F3EBDAF00][0000024F3FAD4D80 49] iPhone12ProMax, [0000024F3FF6A300][0000024F3FB01040 49] iPadPro105, [0000024F3EBDA000][0000024F3FB05300 49] iPadPro129, [0000024F3FF6AF00][0000024F3FB095C0 49] iPadPro97, [0000024F3EBDAD00][0000024F3FB0D880 49] iPadPro2_129, [0000024F3FF6BF00][0000024F3FB11B40 49] iPad5, [0000024F3EBD9C00][0000024F3FB14280 49] iPad6, [0000024F3FF6BC00][0000024F3FB18540 49] iPad7, [0000024F3EBDB100][0000024F3FB1C800 49] iPad8, [0000024F3FF68C00][0000024F3FB20AC0 49] iPadPro11, [0000024F3EBD9100][0000024F3FAFCD40 49] iPadPro2_11, [0000024F3FF6B900][0000024F3FB24FC0 49] iPadPro3_129, [0000024F3EBD8800][0000024F3FB2D280 49] iPadPro4_129, [0000024F3FF6A900][0000024F3FB31540 49] AppleTV, [0000024F3EBD8D00][0000024F3FB35800 49] AppleTV4K, [0000024F3FF6AB00][0000024F3FB39AC0 49] TVOS, [0000024F3EBD9200][0000024F3FB3C200 49] Mac, [0000024F3FF6BA00][0000024F3FB404C0 49] MacClient, [0000024F3EBD9E00][0000024F3FB44780 49] MacNoEditor, [0000024F3FF6A700][0000024F3FB48A40 49] MacServer, [0000024F3EBD8300][0000024F3FB4CD00 49] Linux, [0000024F3FF6B200][0000024F3FB28F80 49] LinuxAArch64, [0000024F3EBDB000][0000024F3FB51200 49] LinuxNoEditor, [0000024F3FF69500][0000024F3FB594C0 49] LinuxAArch64NoEditor, [0000024F3EBD9A00][0000024F3FB5D780 49] LinuxClient, [0000024F3FF68200][0000024F3FB61A40 49] LinuxAArch64Client, [0000024F3EBD9300][0000024F3FB64180 49] LinuxServer, [0000024F3FF6A400][0000024F3FB68440 49] LinuxAArch64Server, [0000024F3EBD9000][0000024F3FB6C700 49] Android, [0000024F3FF69F00][0000024F40B809C0 49] Android_Low, [0000024F3EBD8100][0000024F40B84C80 49] Android_Mid, [0000024F3FF6B400][0000024F40B88F40 49] Android_High, [0000024F3EBD9900][0000024F3FB551C0 49] Android_Default, [0000024F3FF6AC00][0000024F40B8D440 49] Android_Adreno4xx, [0000024F3EBD8F00][0000024F40B95700 49] Android_Adreno5xx_Low, [0000024F3FF6B700][0000024F40B999C0 49] Android_Adreno5xx, [0000024F3EBD8700][0000024F40B9C100 49] Android_Adreno6xx, [0000024F3FF69400][0000024F40BA03C0 49] Android_Adreno6xx_Vulkan, [0000024F3EBD8C00][0000024F40BA4680 49] Android_Mali_T6xx, [0000024F3FF6A500][0000024F40BA8940 49] Android_Mali_T7xx, [0000024F3FF3BF00][0000024F40BACC00 49] Android_Mali_T8xx, [0000024F3EB7CF00][0000024F40BB0EC0 49] Android_Mali_G71, [0000024F3FF39500][0000024F40BB5180 49] Android_Mali_G72, [0000024F3EB7DB00][0000024F40B91400 49] Android_Mali_G72_Vulkan, [0000024F3FF3B700][0000024F40BB9680 49] Android_Mali_G76, [0000024F3EB7D800][0000024F40BC1940 49] Android_Mali_G76_Vulkan, [0000024F3FF3A600][0000024F40BC5C00 49] Android_Mali_G77, [0000024F3EB7FA00][0000024F40BC8340 49] Android_Mali_G77_Vulkan, [0000024F3FF39900][0000024F40BCC600 49] Android_Mali_G78, [0000024F3EB7F400][0000024F40BD08C0 49] Android_Mali_G78_Vulkan, [0000024F3FF38200][0000024F40BD4B80 49] Android_Mali_G710, [0000024F3EB7CA00][0000024F40BD8E40 49] Android_Mali_G710_Vulkan, [0000024F3FF3B600][0000024F40BDD100 49] Android_Vulkan_SM5, [0000024F3EB7F100][0000024F40BE13C0 49] Android_PowerVR_G6xxx, [0000024F3FF3B800][0000024F40BBD640 49] Android_PowerVR_GT7xxx, [0000024F3EB7C700][0000024F40BE58C0 49] Android_PowerVR_GE8xxx, [0000024F3FF3AC00][0000024F40BEDB80 49] Android_PowerVR_GM9xxx, [0000024F3EB7D600][0000024F40BF02C0 49] Android_PowerVR_GM9xxx_Vulkan, [0000024F3FF3BB00][0000024F40BF4580 49] Android_TegraK1, [0000024F3EB7FD00][0000024F40BF8840 49] Android_Unknown_Vulkan, [0000024F3FF3B900][0000024F40BFCB00 49] Lumin, [0000024F3EB7E400][0000024F40C00DC0 49] Lumin_Desktop, [0000024F3FF3A800][0000024F40C05080 49] HoloLens, 
[2024.01.07-12.27.12:551][  0]LogMeshReduction: Using QuadricMeshReduction for automatic static mesh reduction
[2024.01.07-12.27.12:551][  0]LogMeshReduction: Using SimplygonMeshReduction for automatic skeletal mesh reduction
[2024.01.07-12.27.12:551][  0]LogMeshReduction: Using ProxyLODMeshReduction for automatic mesh merging
[2024.01.07-12.27.12:551][  0]LogMeshReduction: No distributed automatic mesh merging module available
[2024.01.07-12.27.12:551][  0]LogMeshMerging: No distributed automatic mesh merging module available
[2024.01.07-12.27.12:624][  0]LogNetVersion: Mushroomverse2 1.0.0, NetCL: 17155196, EngineNetVer: 17, GameNetVer: 0 (Checksum: 4281106539)
[2024.01.07-12.27.14:158][  0]LogTexture: Default maximum texture size for cubemaps generated from long-lat sources has been changed from 512 to unlimited. In order to preserve old behaiour for '/Engine/MapTemplates/Sky/DaylightAmbientCubemap.DaylightAmbientCubemap', its maximum texture size has been explicitly set to 512.
[2024.01.07-12.27.14:648][  0]LogMoviePlayer: Initializing movie player
[2024.01.07-12.27.14:868][  0]LogNiagaraDebuggerClient: Niagara Debugger Client Initialized | Session: ACA034F34D06F02DD2BAC9BAD0ECABF7 | Instance: F6BBAE374707982AB0C3ECAF636DCAB9 (GARANINA-NB-5296).
[2024.01.07-12.27.14:906][  0]LogCollectionManager: Loaded 0 collections in 0.002952 seconds
[2024.01.07-12.27.14:911][  0]LogFileCache: Scanning file cache for directory 'C:/Users/User/OneDrive - ООО АСП-АКВА/Документы/GitHub/Mushroomverse2/Проектик/Mushroomverse2/Saved/Collections/' took 0.00s
[2024.01.07-12.27.14:911][  0]LogFileCache: Scanning file cache for directory 'C:/Users/User/OneDrive - ООО АСП-АКВА/Документы/GitHub/Mushroomverse2/Проектик/Mushroomverse2/Content/Developers/User/Collections/' took 0.00s
[2024.01.07-12.27.14:911][  0]LogFileCache: Scanning file cache for directory 'C:/Users/User/OneDrive - ООО АСП-АКВА/Документы/GitHub/Mushroomverse2/Проектик/Mushroomverse2/Content/Collections/' took 0.00s
[2024.01.07-12.27.14:911][  0]LogCollectionManager: Fixed up redirectors for 0 collections in 0.000005 seconds (updated 0 objects)
[2024.01.07-12.27.14:951][  0]LogPython: Using Python 3.7.7
[2024.01.07-12.27.16:398][  0]LogUdpMessaging: Initializing bridge on interface 0.0.0.0:0 to multicast group 230.0.0.1:6666.
[2024.01.07-12.27.16:411][  0]LogTcpMessaging: Initializing TcpMessaging bridge
[2024.01.07-12.27.16:616][  0]SourceControl: Source control is disabled
[2024.01.07-12.27.16:616][  0]SourceControl: Source control is disabled
[2024.01.07-12.27.16:620][  0]SourceControl: Source control is disabled
[2024.01.07-12.27.16:632][  0]LogUProjectInfo: Found projects:
[2024.01.07-12.27.16:644][  0]LogVSAccessor: Display: Unable to create Visual Studio setup instance: 80040154
[2024.01.07-12.27.16:646][  0]LogVSAccessor: Display: Unable to create Visual Studio setup instance: 80040154
[2024.01.07-12.27.16:647][  0]LogVSAccessor: Display: Unable to create Visual Studio setup instance: 80040154
[2024.01.07-12.27.16:816][  0]LogOpenImageDenoise: OIDN starting up
[2024.01.07-12.27.16:886][  0]LogAndroidPermission: UAndroidPermissionCallbackProxy::GetInstance
[2024.01.07-12.27.16:924][  0]LogAudioCaptureCore: Display: No Audio Capture implementations found. Audio input will be silent.
[2024.01.07-12.27.16:924][  0]LogAudioCaptureCore: Display: No Audio Capture implementations found. Audio input will be silent.
[2024.01.07-12.27.17:068][  0]LogUObjectArray: 21799 objects as part of root set at end of initial load.
[2024.01.07-12.27.17:069][  0]LogUObjectAllocator: 5874528 out of 0 bytes used by permanent object pool.
[2024.01.07-12.27.17:069][  0]LogUObjectArray: CloseDisregardForGC: 0/0 objects in disregard for GC pool
[2024.01.07-12.27.17:318][  0]LogEngine: Initializing Engine...
[2024.01.07-12.27.17:319][  0]LogHMD: Failed to enumerate extensions. Please check that you have a valid OpenXR runtime installed.
[2024.01.07-12.27.17:319][  0]LogMagicLeap: Warning: VR disabled because ZI is not enabled.  To enable, in the editor, Edit -> Project Settings -> Plugins -> Magic Leap Plugin -> Enable Zero Iteration
[2024.01.07-12.27.17:321][  0]LogStats: UGameplayTagsManager::InitializeManager -  0.000 s
[2024.01.07-12.27.19:274][  0]LogInit: Initializing FReadOnlyCVARCache
[2024.01.07-12.27.19:275][  0]LogAudio: Display: Initializing Audio Device Manager...
[2024.01.07-12.27.19:283][  0]LogAudio: Display: Loading Default Audio Settings Objects...
[2024.01.07-12.27.19:291][  0]LogAudio: Display: No default SoundConcurrencyObject specified (or failed to load).
[2024.01.07-12.27.19:291][  0]LogAudio: Display: Audio Device Manager Initialized
[2024.01.07-12.27.19:291][  0]LogAudio: Display: Creating Audio Device:                 Id: 1, Scope: Shared, Realtime: True
[2024.01.07-12.27.19:292][  0]LogAudioMixer: Display: Audio Mixer Platform Settings:
[2024.01.07-12.27.19:292][  0]LogAudioMixer: Display: 	Sample Rate:						  48000
[2024.01.07-12.27.19:292][  0]LogAudioMixer: Display: 	Callback Buffer Frame Size Requested: 1024
[2024.01.07-12.27.19:292][  0]LogAudioMixer: Display: 	Callback Buffer Frame Size To Use:	  1024
[2024.01.07-12.27.19:292][  0]LogAudioMixer: Display: 	Number of buffers to queue:			  1
[2024.01.07-12.27.19:292][  0]LogAudioMixer: Display: 	Max Channels (voices):				  0
[2024.01.07-12.27.19:292][  0]LogAudioMixer: Display: 	Number of Async Source Workers:		  4
[2024.01.07-12.27.19:292][  0]LogAudio: Display: AudioDevice MaxSources: 32
[2024.01.07-12.27.19:292][  0]LogAudio: Display: Audio Spatialization Plugin: Resonance Audio is external send: 1
[2024.01.07-12.27.19:292][  0]LogAudio: Display: Audio Reverb Plugin: Resonance Audio
[2024.01.07-12.27.19:292][  0]LogAudio: Display: Audio Occlusion Plugin: None (built-in).
[2024.01.07-12.27.19:292][  0]LogAudioMixer: Display: Initializing audio mixer.
[2024.01.07-12.27.19:306][  0]LogAudioMixer: Display: 0: FrontLeft
[2024.01.07-12.27.19:306][  0]LogAudioMixer: Display: 1: FrontRight
[2024.01.07-12.27.19:336][  0]LogAudioMixer: Display: Using Audio Device Speaker (Realtek(R) Audio)
[2024.01.07-12.27.19:337][  0]LogAudioMixer: Display: Initializing Sound Submixes...
[2024.01.07-12.27.19:385][  0]LogAudioMixer: Display: Creating Master Submix 'MasterSubmixDefault'
[2024.01.07-12.27.19:385][  0]LogAudioMixer: Display: Creating Master Submix 'MasterReverbSubmixDefault'
[2024.01.07-12.27.19:386][  0]LogAudioMixer: Display: Creating Master Submix 'MasterEQSubmixDefault'
[2024.01.07-12.27.19:403][  0]LogAudioMixer: FMixerPlatformXAudio2::StartAudioStream() called
[2024.01.07-12.27.19:403][  0]LogAudioMixer: Display: Output buffers initialized: Frames=1024, Channels=2, Samples=2048
[2024.01.07-12.27.19:405][  0]LogAudioMixer: Display: Starting AudioMixerPlatformInterface::RunInternal()
[2024.01.07-12.27.19:405][  0]LogAudioMixer: Display: FMixerPlatformXAudio2::SubmitBuffer() called for the first time
[2024.01.07-12.27.19:405][  0]LogInit: FAudioDevice initialized.
[2024.01.07-12.27.19:406][  0]LogNetVersion: Set ProjectVersion to 1.0.0.0. Version Checksum will be recalculated on next use.
[2024.01.07-12.27.19:408][  0]LogInit: Texture streaming: Enabled
[2024.01.07-12.27.19:995][  0]LogAudio: Display: Audio Device (ID: 1) registered with world 'Untitled'.
[2024.01.07-12.27.19:996][  0]LogSlate: Updating window title bar state: overlay mode, drag disabled, window buttons hidden, title bar hidden
[2024.01.07-12.27.19:997][  0]LogInit: Display: Game Engine Initialized.
[2024.01.07-12.27.19:997][  0]LogNiagaraEditor: GEditor isn't valid! Particle reset commands will not work for Niagara components!
[2024.01.07-12.27.20:105][  0]LogInit: Display: Starting Game.
[2024.01.07-12.27.20:105][  0]LogNet: Browse: /Game/VRTemplate/Maps/VRTemplateMap?Name=Player
[2024.01.07-12.27.20:106][  0]LogLoad: LoadMap: /Game/VRTemplate/Maps/VRTemplateMap?Name=Player
[2024.01.07-12.27.20:106][  0]LogWorld: BeginTearingDown for /Temp/Untitled_0
[2024.01.07-12.27.20:108][  0]LogWorld: UWorld::CleanupWorld for Untitled, bSessionEnded=true, bCleanupResources=true
[2024.01.07-12.27.20:108][  0]LogSlate: InvalidateAllWidgets triggered.  All widgets were invalidated
[2024.01.07-12.27.20:117][  0]LogAudio: Display: Audio Device unregistered from world 'None'.
[2024.01.07-12.27.20:121][  0]LogUObjectHash: Compacting FUObjectHashTables data took   0.68ms
[2024.01.07-12.27.23:061][  0]LogAudio: Display: Audio Device (ID: 1) registered with world 'VRTemplateMap'.
[2024.01.07-12.27.23:076][  0]LogAIModule: Creating AISystem for world VRTemplateMap
[2024.01.07-12.27.23:076][  0]LogLoad: Game class is 'VRGameMode_C'
[2024.01.07-12.27.23:080][  0]LogChildActorComponent: Error: Found cycle in child actor component '/Game/VRTemplate/Maps/VRTemplateMap.VRTemplateMap:PersistentLevel.BP_TunnelSpawner_15.BP_TunnelSpawner'.  Not spawning Actor of class 'BP_TunnelSpawner_C' to break.
[2024.01.07-12.27.23:081][  0]LogChildActorComponent: Error: Found cycle in child actor component '/Game/VRTemplate/Maps/VRTemplateMap.VRTemplateMap:PersistentLevel.BP_TunnelSpawner_15.BP_TunnelSpawner'.  Not spawning Actor of class 'BP_TunnelSpawner_C' to break.
[2024.01.07-12.27.23:082][  0]LogChildActorComponent: Error: Found cycle in child actor component '/Game/VRTemplate/Maps/VRTemplateMap.VRTemplateMap:PersistentLevel.BP_TunnelSpawner_15.BP_TunnelSpawner'.  Not spawning Actor of class 'BP_TunnelSpawner_C' to break.
[2024.01.07-12.27.23:082][  0]LogChildActorComponent: Error: Found cycle in child actor component '/Game/VRTemplate/Maps/VRTemplateMap.VRTemplateMap:PersistentLevel.BP_TunnelSpawner_15.BP_TunnelSpawner'.  Not spawning Actor of class 'BP_TunnelSpawner_C' to break.
[2024.01.07-12.27.23:085][  0]LogWorld: Bringing World /Game/VRTemplate/Maps/VRTemplateMap.VRTemplateMap up for play (max tick rate 0) at 2024.01.07-15.27.23
[2024.01.07-12.27.23:086][  0]LogWorld: Bringing up level for play took: 0.008679
[2024.01.07-12.27.23:087][  0]LogGameMode: FindPlayerStart: PATHS NOT DEFINED or NO PLAYERSTART with positive rating
[2024.01.07-12.27.23:087][  0]LogSpawn: Warning: SpawnActor failed because no class was specified
[2024.01.07-12.27.23:102][  0]LogSlate: New Slate User Created.  User Index 8, Is Virtual User: 1
[2024.01.07-12.27.23:102][  0]LogSlate: Slate User Registered.  User Index 8, Is Virtual User: 1
[2024.01.07-12.27.23:107][  0]LogLoad: Took 3.000652 seconds to LoadMap(/Game/VRTemplate/Maps/VRTemplateMap)
[2024.01.07-12.27.23:146][  0]LogResonanceAudio: Display: Resonance Audio Listener is initialized
[2024.01.07-12.27.23:158][  0]LogRenderer: Reallocating scene render targets to support 1280x720 Format 10 NumSamples 4 (Frame:1).
[2024.01.07-12.27.23:158][  0]LogSlate: Took 0.011663 seconds to synchronously load lazily loaded font '../../../Engine/Content/Slate/Fonts/Roboto-Regular.ttf' (155K)
[2024.01.07-12.27.23:222][  0]LogInit: Display: Engine is initialized. Leaving FEngineLoop::Init()
[2024.01.07-12.27.23:222][  0]LogLoad: (Engine Initialization) Total time: 28.16 seconds
[2024.01.07-12.27.23:222][  0]LogLoad: (Engine Initialization) Total Blueprint compile time: 0.00 seconds
[2024.01.07-12.27.23:225][  0]LogContentStreaming: Texture pool size now 1000 MB
[2024.01.07-12.27.23:230][  0]LogSlate: InvalidateAllWidgets triggered.  All widgets were invalidated
[2024.01.07-12.27.23:485][  1]LogSlate: Took 0.000299 seconds to synchronously load lazily loaded font '../../../Engine/Content/Slate/Fonts/Roboto-Regular.ttf' (155K)
