Log file open, 01/07/24 15:31:14
LogWindows: Failed to load 'aqProf.dll' (GetLastError=126)
LogWindows: File 'aqProf.dll' does not exist
LogWindows: Failed to load 'VtuneApi.dll' (GetLastError=126)
LogWindows: File 'VtuneApi.dll' does not exist
LogWindows: Failed to load 'VtuneApi32e.dll' (GetLastError=126)
LogWindows: File 'VtuneApi32e.dll' does not exist
LogConsoleResponse: Display: Failed to find resolution value strings in scalability ini. Falling back to default.
LogConsoleResponse: Display: Failed to find resolution value strings in scalability ini. Falling back to default.
LogInit: Display: Running engine for game: Mushroomverse2
LogPlatformFile: Not using cached read wrapper
LogTaskGraph: Started task graph with 5 named threads and 11 total threads with 3 sets of task threads.
LogStats: Stats thread started at 0.676511
LogICUInternationalization: ICU TimeZone Detection - Raw Offset: +3:00, Platform Override: ''
LogInit: Display: Loading text-based GConfig....
LogPluginManager: Mounting plugin MeshPainting
LogPluginManager: Mounting plugin XGEController
LogPluginManager: Mounting plugin AISupport
LogPluginManager: Mounting plugin Paper2D
LogPluginManager: Mounting plugin EnvironmentQueryEditor
LogPluginManager: Mounting plugin LiveLink
LogPluginManager: Mounting plugin LightPropagationVolume
LogPluginManager: Mounting plugin CameraShakePreviewer
LogPluginManager: Mounting plugin GameplayCameras
LogPluginManager: Mounting plugin OodleData
LogPluginManager: Mounting plugin OodleNetwork
LogPluginManager: Mounting plugin AnimationSharing
LogPluginManager: Mounting plugin CLionSourceCodeAccess
LogPluginManager: Mounting plugin CodeLiteSourceCodeAccess
LogPluginManager: Mounting plugin KDevelopSourceCodeAccess
LogPluginManager: Mounting plugin GitSourceControl
LogPluginManager: Mounting plugin NullSourceCodeAccess
LogPluginManager: Mounting plugin PixWinPlugin
LogPluginManager: Mounting plugin PerforceSourceControl
LogPluginManager: Mounting plugin PlasticSourceControl
LogPluginManager: Mounting plugin PropertyAccessNode
LogPluginManager: Mounting plugin PluginUtils
LogPluginManager: Mounting plugin RiderSourceCodeAccess
LogPluginManager: Mounting plugin SubversionSourceControl
LogPluginManager: Mounting plugin TextureFormatOodle
LogPluginManager: Mounting plugin UObjectPlugin
LogPluginManager: Mounting plugin VisualStudioSourceCodeAccess
LogPluginManager: Mounting plugin VisualStudioCodeSourceCodeAccess
LogPluginManager: Mounting plugin XCodeSourceCodeAccess
LogPluginManager: Mounting plugin AssetManagerEditor
LogPluginManager: Mounting plugin CurveEditorTools
LogPluginManager: Mounting plugin CryptoKeys
LogPluginManager: Mounting plugin DataValidation
LogPluginManager: Mounting plugin FacialAnimation
LogPluginManager: Mounting plugin GameplayTagsEditor
LogPluginManager: Mounting plugin GeometryMode
LogPluginManager: Mounting plugin MacGraphicsSwitching
LogPluginManager: Mounting plugin MaterialAnalyzer
LogPluginManager: Mounting plugin MobileLauncherProfileWizard
LogPluginManager: Mounting plugin PluginBrowser
LogPluginManager: Mounting plugin SpeedTreeImporter
LogPluginManager: Mounting plugin DatasmithContent
LogPluginManager: Mounting plugin VariantManagerContent
LogPluginManager: Mounting plugin Niagara
LogPluginManager: Mounting plugin ActorPalette
LogPluginManager: Mounting plugin AlembicImporter
LogPluginManager: Mounting plugin BackChannel
LogPluginManager: Mounting plugin AutomationUtils
LogPluginManager: Mounting plugin ChaosCloth
LogPluginManager: Mounting plugin ChaosClothEditor
LogPluginManager: Mounting plugin ChaosNiagara
LogPluginManager: Mounting plugin ChaosEditor
LogPluginManager: Mounting plugin ChaosSolverPlugin
LogPluginManager: Mounting plugin CharacterAI
LogPluginManager: Mounting plugin GeometryCache
LogPluginManager: Mounting plugin GeometryCollectionPlugin
LogPluginManager: Mounting plugin GeometryProcessing
LogPluginManager: Mounting plugin MotoSynth
LogPluginManager: Mounting plugin OpenImageDenoise
LogPluginManager: Mounting plugin PlanarCut
LogPluginManager: Mounting plugin PlatformCrypto
LogPluginManager: Mounting plugin ProxyLODPlugin
LogPluginManager: Mounting plugin PythonScriptPlugin
LogPluginManager: Mounting plugin SkeletalReduction
LogPluginManager: Mounting plugin LuminPlatformFeatures
LogPluginManager: Mounting plugin MagicLeap
LogPluginManager: Mounting plugin MagicLeapLightEstimation
LogPluginManager: Mounting plugin MagicLeapMedia
LogPluginManager: Mounting plugin MagicLeapPassableWorld
LogPluginManager: Mounting plugin MLSDK
LogPluginManager: Mounting plugin AndroidMedia
LogPluginManager: Mounting plugin AvfMedia
LogPluginManager: Mounting plugin ImgMedia
LogPluginManager: Mounting plugin MediaCompositing
LogPluginManager: Mounting plugin MediaPlayerEditor
LogPluginManager: Mounting plugin WebMMedia
LogPluginManager: Mounting plugin WmfMedia
LogPluginManager: Mounting plugin TcpMessaging
LogPluginManager: Mounting plugin UdpMessaging
LogPluginManager: Mounting plugin ActorSequence
LogPluginManager: Mounting plugin LevelSequenceEditor
LogPluginManager: Mounting plugin MatineeToLevelSequence
LogPluginManager: Mounting plugin TemplateSequence
LogPluginManager: Mounting plugin OnlineSubsystem
LogPluginManager: Mounting plugin OnlineSubsystemNull
LogPluginManager: Mounting plugin OnlineSubsystemUtils
LogPluginManager: Mounting plugin LauncherChunkInstaller
LogPluginManager: Mounting plugin ActorLayerUtilities
LogPluginManager: Mounting plugin AndroidDeviceProfileSelector
LogPluginManager: Mounting plugin AndroidMoviePlayer
LogPluginManager: Mounting plugin AndroidPermission
LogPluginManager: Mounting plugin AppleImageUtils
LogPluginManager: Mounting plugin AppleMoviePlayer
LogPluginManager: Mounting plugin ArchVisCharacter
LogPluginManager: Mounting plugin AssetTags
LogPluginManager: Mounting plugin AudioCapture
LogPluginManager: Mounting plugin AudioSynesthesia
LogPluginManager: Mounting plugin CableComponent
LogPluginManager: Mounting plugin ChunkDownloader
LogPluginManager: Mounting plugin CustomMeshComponent
LogPluginManager: Mounting plugin EditableMesh
LogPluginManager: Mounting plugin ExampleDeviceProfileSelector
LogPluginManager: Mounting plugin GoogleCloudMessaging
LogPluginManager: Mounting plugin GooglePAD
LogPluginManager: Mounting plugin IOSDeviceProfileSelector
LogPluginManager: Mounting plugin LinuxDeviceProfileSelector
LogPluginManager: Mounting plugin LocationServicesBPLibrary
LogPluginManager: Mounting plugin MobilePatchingUtils
LogPluginManager: Mounting plugin OpenXR
LogPluginManager: Mounting plugin OpenXREyeTracker
LogPluginManager: Mounting plugin OpenXRHandTracking
LogPluginManager: Mounting plugin PhysXVehicles
LogPluginManager: Mounting plugin PostSplashScreen
LogPluginManager: Mounting plugin ProceduralMeshComponent
LogPluginManager: Mounting plugin PropertyAccessEditor
LogPluginManager: Mounting plugin ResonanceAudio
LogPluginManager: Mounting plugin RuntimePhysXCooking
LogPluginManager: Mounting plugin SignificanceManager
LogPluginManager: Mounting plugin SoundFields
LogPluginManager: Mounting plugin Synthesis
LogPluginManager: Mounting plugin WebMMoviePlayer
LogPluginManager: Mounting plugin WindowsMoviePlayer
LogPluginManager: Mounting plugin ScreenshotTools
LogPluginManager: Mounting plugin Takes
LogPluginManager: Mounting plugin ContentBrowserAssetDataSource
LogPluginManager: Mounting plugin ContentBrowserClassDataSource
LogPluginManager: Mounting plugin ContentBrowserFileDataSource
LogPluginManager: Mounting plugin OnlineSubsystemGooglePlay
LogPluginManager: Mounting plugin OnlineSubsystemIOS
LogPluginManager: Mounting plugin OculusOpenXR
PixWinPlugin: PIX capture plugin failed to initialize! Check that the process is launched from PIX.
LogInit: Using libcurl 7.55.1-DEV
LogInit:  - built for x86_64-pc-win32
LogInit:  - supports SSL with OpenSSL/1.1.1
LogInit:  - supports HTTP deflate (compression) using libz 1.2.8
LogInit:  - other features:
LogInit:      CURL_VERSION_SSL
LogInit:      CURL_VERSION_LIBZ
LogInit:      CURL_VERSION_IPV6
LogInit:      CURL_VERSION_ASYNCHDNS
LogInit:      CURL_VERSION_LARGEFILE
LogInit:      CURL_VERSION_IDN
LogInit:  CurlRequestOptions (configurable via config and command line):
LogInit:  - bVerifyPeer = true  - Libcurl will verify peer certificate
LogInit:  - bUseHttpProxy = false  - Libcurl will NOT use HTTP proxy
LogInit:  - bDontReuseConnections = false  - Libcurl will reuse connections
LogInit:  - MaxHostConnections = 16  - Libcurl will limit the number of connections to a host
LogInit:  - LocalHostAddr = Default
LogInit:  - BufferSize = 65536
LogOnline: OSS: Creating online subsystem instance for: NULL
LogInit: WinSock: version 1.1 (2.2), MaxSocks=32767, MaxUdp=65467
LogOnline: OSS: TryLoadSubsystemAndSetDefault: Loaded subsystem for module [NULL]
LogInit: Build: ++UE4+Release-4.27-CL-18319896
LogInit: Engine Version: 4.27.2-18319896+++UE4+Release-4.27
LogInit: Compatible Engine Version: 4.27.0-17155196+++UE4+Release-4.27
LogInit: Net CL: 17155196
LogInit: OS: Windows 10 (Release 2009) (), CPU: 11th Gen Intel(R) Core(TM) i3-1115G4 @ 3.00GHz, GPU: Intel(R) UHD Graphics
LogInit: Compiled (64-bit): Nov 30 2021 07:12:08
LogInit: Compiled with Visual C++: 19.24.28315.00
LogInit: Build Configuration: Development
LogInit: Branch Name: ++UE4+Release-4.27
LogInit: Command Line:  /Game/VRTemplate/Maps/VRTemplateMap -game -PIEVIACONSOLE -Multiprocess "GameUserSettingsINI=C:/Users/User/OneDrive - ООО АСП-АКВА/Документы/GitHub/Mushroomverse2/Проектик/Mushroomverse2/Saved/Config/Windows/PIEGameUserSettings0.ini" -MultiprocessSaveConfig -forcepassthrough -messaging -SessionName="Play in Standalone Game" -windowed -ResX=1280 -ResY=720
LogInit: Base Directory: C:/Program Files/Epic Games/UE_4.27/Engine/Binaries/Win64/
LogInit: Allocator: TBB
LogInit: Installed Engine Build: 1
LogDevObjectVersion: Number of dev versions registered: 29
LogDevObjectVersion:   Dev-Blueprints (B0D832E4-1F89-4F0D-ACCF-7EB736FD4AA2): 10
LogDevObjectVersion:   Dev-Build (E1C64328-A22C-4D53-A36C-8E866417BD8C): 0
LogDevObjectVersion:   Dev-Core (375EC13C-06E4-48FB-B500-84F0262A717E): 4
LogDevObjectVersion:   Dev-Editor (E4B068ED-F494-42E9-A231-DA0B2E46BB41): 40
LogDevObjectVersion:   Dev-Framework (CFFC743F-43B0-4480-9391-14DF171D2073): 37
LogDevObjectVersion:   Dev-Mobile (B02B49B5-BB20-44E9-A304-32B752E40360): 3
LogDevObjectVersion:   Dev-Networking (A4E4105C-59A1-49B5-A7C5-40C4547EDFEE): 0
LogDevObjectVersion:   Dev-Online (39C831C9-5AE6-47DC-9A44-9C173E1C8E7C): 0
LogDevObjectVersion:   Dev-Physics (78F01B33-EBEA-4F98-B9B4-84EACCB95AA2): 14
LogDevObjectVersion:   Dev-Platform (6631380F-2D4D-43E0-8009-CF276956A95A): 0
LogDevObjectVersion:   Dev-Rendering (12F88B9F-8875-4AFC-A67C-D90C383ABD29): 45
LogDevObjectVersion:   Dev-Sequencer (7B5AE74C-D270-4C10-A958-57980B212A5A): 13
LogDevObjectVersion:   Dev-VR (D7296918-1DD6-4BDD-9DE2-64A83CC13884): 3
LogDevObjectVersion:   Dev-LoadTimes (C2A15278-BFE7-4AFE-6C17-90FF531DF755): 1
LogDevObjectVersion:   Private-Geometry (6EACA3D4-40EC-4CC1-B786-8BED09428FC5): 3
LogDevObjectVersion:   Dev-AnimPhys (29E575DD-E0A3-4627-9D10-D276232CDCEA): 17
LogDevObjectVersion:   Dev-Anim (AF43A65D-7FD3-4947-9873-3E8ED9C1BB05): 15
LogDevObjectVersion:   Dev-ReflectionCapture (6B266CEC-1EC7-4B8F-A30B-E4D90942FC07): 1
LogDevObjectVersion:   Dev-Automation (0DF73D61-A23F-47EA-B727-89E90C41499A): 1
LogDevObjectVersion:   FortniteMain (601D1886-AC64-4F84-AA16-D3DE0DEAC7D6): 47
LogDevObjectVersion:   FortniteRelease (E7086368-6B23-4C58-8439-1B7016265E91): 1
LogDevObjectVersion:   Dev-Enterprise (9DFFBCD6-494F-0158-E221-12823C92A888): 10
LogDevObjectVersion:   Dev-Niagara (F2AED0AC-9AFE-416F-8664-AA7FFA26D6FC): 1
LogDevObjectVersion:   Dev-Destruction (174F1F0B-B4C6-45A5-B13F-2EE8D0FB917D): 10
LogDevObjectVersion:   Dev-Physics-Ext (35F94A83-E258-406C-A318-09F59610247C): 41
LogDevObjectVersion:   Dev-PhysicsMaterial-Chaos (B68FC16E-8B1B-42E2-B453-215C058844FE): 1
LogDevObjectVersion:   Dev-CineCamera (B2E18506-4273-CFC2-A54E-F4BB758BBA07): 1
LogDevObjectVersion:   Dev-VirtualProduction (64F58936-FD1B-42BA-BA96-7289D5D0FA4E): 1
LogDevObjectVersion:   Dev-MediaFramework (6F0ED827-A609-4895-9C91-998D90180EA4): 2
LogInit: Presizing for max 25165824 objects, including 0 objects not considered by GC, pre-allocating 0 bytes for permanent pool.
LogConfig: Applying CVar settings from Section [/Script/Engine.StreamingSettings] File [C:/Users/User/OneDrive - ООО АСП-АКВА/Документы/GitHub/Mushroomverse2/Проектик/Mushroomverse2/Saved/Config/Windows/Engine.ini]
LogConfig: Setting CVar [[s.MinBulkDataSizeForAsyncLoading:131072]]
LogConfig: Setting CVar [[s.AsyncLoadingThreadEnabled:0]]
LogConfig: Setting CVar [[s.EventDrivenLoaderEnabled:1]]
LogConfig: Setting CVar [[s.WarnIfTimeLimitExceeded:0]]
LogConfig: Setting CVar [[s.TimeLimitExceededMultiplier:1.5]]
LogConfig: Setting CVar [[s.TimeLimitExceededMinTime:0.005]]
LogConfig: Setting CVar [[s.UseBackgroundLevelStreaming:1]]
LogConfig: Setting CVar [[s.PriorityAsyncLoadingExtraTime:15.0]]
LogConfig: Setting CVar [[s.LevelStreamingActorsUpdateTimeLimit:5.0]]
LogConfig: Setting CVar [[s.PriorityLevelStreamingActorsUpdateExtraTime:5.0]]
LogConfig: Setting CVar [[s.LevelStreamingComponentsRegistrationGranularity:10]]
LogConfig: Setting CVar [[s.UnregisterComponentsTimeLimit:1.0]]
LogConfig: Setting CVar [[s.LevelStreamingComponentsUnregistrationGranularity:5]]
LogConfig: Setting CVar [[s.FlushStreamingOnExit:1]]
LogInit: Object subsystem initialized
LogConfig: Setting CVar [[con.DebugEarlyDefault:1]]
LogConfig: Setting CVar [[r.setres:1280x720]]
[2024.01.07-12.31.15:479][  0]LogConfig: Setting CVar [[con.DebugEarlyDefault:1]]
[2024.01.07-12.31.15:479][  0]LogConfig: Setting CVar [[r.setres:1280x720]]
[2024.01.07-12.31.15:480][  0]LogConfig: Applying CVar settings from Section [/Script/Engine.RendererSettings] File [C:/Users/User/OneDrive - ООО АСП-АКВА/Документы/GitHub/Mushroomverse2/Проектик/Mushroomverse2/Saved/Config/Windows/Engine.ini]
[2024.01.07-12.31.15:480][  0]LogConfig: Setting CVar [[r.GPUCrashDebugging:0]]
[2024.01.07-12.31.15:480][  0]LogConfig: Setting CVar [[r.Mobile.DisableVertexFog:1]]
[2024.01.07-12.31.15:480][  0]LogConfig: Setting CVar [[r.Shadow.CSM.MaxMobileCascades:2]]
[2024.01.07-12.31.15:480][  0]LogConfig: Setting CVar [[r.MobileMSAA:4]]
[2024.01.07-12.31.15:480][  0]LogConfig: Setting CVar [[r.Mobile.AllowDitheredLODTransition:0]]
[2024.01.07-12.31.15:480][  0]LogConfig: Setting CVar [[r.Mobile.AllowSoftwareOcclusion:0]]
[2024.01.07-12.31.15:480][  0]LogConfig: Setting CVar [[r.Mobile.VirtualTextures:0]]
[2024.01.07-12.31.15:480][  0]LogConfig: Setting CVar [[r.DiscardUnusedQuality:0]]
[2024.01.07-12.31.15:480][  0]LogConfig: Setting CVar [[r.AllowOcclusionQueries:1]]
[2024.01.07-12.31.15:480][  0]LogConfig: Setting CVar [[r.MinScreenRadiusForLights:0.030000]]
[2024.01.07-12.31.15:480][  0]LogConfig: Setting CVar [[r.MinScreenRadiusForDepthPrepass:0.030000]]
[2024.01.07-12.31.15:480][  0]LogConfig: Setting CVar [[r.MinScreenRadiusForCSMDepth:0.010000]]
[2024.01.07-12.31.15:480][  0]LogConfig: Setting CVar [[r.PrecomputedVisibilityWarning:0]]
[2024.01.07-12.31.15:480][  0]LogConfig: Setting CVar [[r.TextureStreaming:1]]
[2024.01.07-12.31.15:480][  0]LogConfig: Setting CVar [[Compat.UseDXT5NormalMaps:0]]
[2024.01.07-12.31.15:480][  0]LogConfig: Setting CVar [[r.VirtualTextures:0]]
[2024.01.07-12.31.15:480][  0]LogConfig: Setting CVar [[r.VirtualTexturedLightmaps:0]]
[2024.01.07-12.31.15:480][  0]LogConfig: Setting CVar [[r.VT.TileSize:128]]
[2024.01.07-12.31.15:480][  0]LogConfig: Setting CVar [[r.VT.TileBorderSize:4]]
[2024.01.07-12.31.15:480][  0]LogConfig: Setting CVar [[r.vt.FeedbackFactor:16]]
[2024.01.07-12.31.15:480][  0]LogConfig: Setting CVar [[r.VT.EnableCompressZlib:1]]
[2024.01.07-12.31.15:480][  0]LogConfig: Setting CVar [[r.VT.EnableCompressCrunch:0]]
[2024.01.07-12.31.15:480][  0]LogConfig: Setting CVar [[r.ClearCoatNormal:0]]
[2024.01.07-12.31.15:480][  0]LogConfig: Setting CVar [[r.ReflectionCaptureResolution:128]]
[2024.01.07-12.31.15:480][  0]LogConfig: Setting CVar [[r.Mobile.ReflectionCaptureCompression:0]]
[2024.01.07-12.31.15:480][  0]LogConfig: Setting CVar [[r.ReflectionEnvironmentLightmapMixBasedOnRoughness:1]]
[2024.01.07-12.31.15:480][  0]LogConfig: Setting CVar [[r.ForwardShading:1]]
[2024.01.07-12.31.15:480][  0]LogConfig: Setting CVar [[r.VertexFoggingForOpaque:1]]
[2024.01.07-12.31.15:480][  0]LogConfig: Setting CVar [[r.AllowStaticLighting:1]]
[2024.01.07-12.31.15:480][  0]LogConfig: Setting CVar [[r.NormalMapsForStaticLighting:0]]
[2024.01.07-12.31.15:480][  0]LogConfig: Setting CVar [[r.GenerateMeshDistanceFields:0]]
[2024.01.07-12.31.15:480][  0]LogConfig: Setting CVar [[r.DistanceFieldBuild.EightBit:0]]
[2024.01.07-12.31.15:480][  0]LogConfig: Setting CVar [[r.GenerateLandscapeGIData:0]]
[2024.01.07-12.31.15:480][  0]LogConfig: Setting CVar [[r.DistanceFieldBuild.Compress:0]]
[2024.01.07-12.31.15:480][  0]LogConfig: Setting CVar [[r.TessellationAdaptivePixelsPerTriangle:48.000000]]
[2024.01.07-12.31.15:480][  0]LogConfig: Setting CVar [[r.SeparateTranslucency:0]]
[2024.01.07-12.31.15:480][  0]LogConfig: Setting CVar [[r.TranslucentSortPolicy:0]]
[2024.01.07-12.31.15:480][  0]LogConfig: Setting CVar [[r.CustomDepth:1]]
[2024.01.07-12.31.15:480][  0]LogConfig: Setting CVar [[r.CustomDepthTemporalAAJitter:1]]
[2024.01.07-12.31.15:480][  0]LogConfig: Setting CVar [[r.PostProcessing.PropagateAlpha:0]]
[2024.01.07-12.31.15:480][  0]LogConfig: Setting CVar [[r.DefaultFeature.Bloom:0]]
[2024.01.07-12.31.15:480][  0]LogConfig: Setting CVar [[r.DefaultFeature.AmbientOcclusion:0]]
[2024.01.07-12.31.15:480][  0]LogConfig: Setting CVar [[r.DefaultFeature.AmbientOcclusionStaticFraction:1]]
[2024.01.07-12.31.15:480][  0]LogConfig: Setting CVar [[r.DefaultFeature.AutoExposure:0]]
[2024.01.07-12.31.15:480][  0]LogConfig: Setting CVar [[r.DefaultFeature.AutoExposure.Method:0]]
[2024.01.07-12.31.15:480][  0]LogConfig: Setting CVar [[r.DefaultFeature.AutoExposure.Bias:1.000000]]
[2024.01.07-12.31.15:480][  0]LogConfig: Setting CVar [[r.DefaultFeature.AutoExposure.ExtendDefaultLuminanceRange:1]]
[2024.01.07-12.31.15:480][  0]LogConfig: Setting CVar [[r.UsePreExposure:1]]
[2024.01.07-12.31.15:480][  0]LogConfig: Setting CVar [[r.EyeAdaptation.EditorOnly:0]]
[2024.01.07-12.31.15:481][  0]LogConfig: Setting CVar [[r.DefaultFeature.MotionBlur:0]]
[2024.01.07-12.31.15:481][  0]LogConfig: Setting CVar [[r.DefaultFeature.LensFlare:0]]
[2024.01.07-12.31.15:481][  0]LogConfig: Setting CVar [[r.TemporalAA.Upsampling:0]]
[2024.01.07-12.31.15:481][  0]LogConfig: Setting CVar [[r.SSGI.Enable:0]]
[2024.01.07-12.31.15:481][  0]LogConfig: Setting CVar [[r.DefaultFeature.AntiAliasing:3]]
[2024.01.07-12.31.15:481][  0]LogConfig: Setting CVar [[r.DefaultFeature.LightUnits:1]]
[2024.01.07-12.31.15:481][  0]LogConfig: Setting CVar [[r.DefaultBackBufferPixelFormat:4]]
[2024.01.07-12.31.15:481][  0]LogConfig: Setting CVar [[r.Shadow.UnbuiltPreviewInGame:1]]
[2024.01.07-12.31.15:481][  0]LogConfig: Setting CVar [[r.StencilForLODDither:0]]
[2024.01.07-12.31.15:481][  0]LogConfig: Setting CVar [[r.EarlyZPass:3]]
[2024.01.07-12.31.15:481][  0]LogConfig: Setting CVar [[r.EarlyZPassOnlyMaterialMasking:0]]
[2024.01.07-12.31.15:481][  0]LogConfig: Setting CVar [[r.DBuffer:1]]
[2024.01.07-12.31.15:481][  0]LogConfig: Setting CVar [[r.ClearSceneMethod:1]]
[2024.01.07-12.31.15:481][  0]LogConfig: Setting CVar [[r.BasePassOutputsVelocity:0]]
[2024.01.07-12.31.15:481][  0]LogConfig: Setting CVar [[r.VertexDeformationOutputsVelocity:0]]
[2024.01.07-12.31.15:481][  0]LogConfig: Setting CVar [[r.SelectiveBasePassOutputs:0]]
[2024.01.07-12.31.15:481][  0]LogConfig: Setting CVar [[fx.GPUSimulationTextureSizeX:1024]]
[2024.01.07-12.31.15:481][  0]LogConfig: Setting CVar [[fx.GPUSimulationTextureSizeY:1024]]
[2024.01.07-12.31.15:481][  0]LogConfig: Setting CVar [[r.AllowGlobalClipPlane:0]]
[2024.01.07-12.31.15:481][  0]LogConfig: Setting CVar [[r.GBufferFormat:1]]
[2024.01.07-12.31.15:481][  0]LogConfig: Setting CVar [[r.MorphTarget.Mode:1]]
[2024.01.07-12.31.15:481][  0]LogConfig: Setting CVar [[vr.InstancedStereo:1]]
[2024.01.07-12.31.15:481][  0]LogConfig: Setting CVar [[r.MobileHDR:0]]
[2024.01.07-12.31.15:481][  0]LogConfig: Setting CVar [[vr.MobileMultiView:1]]
[2024.01.07-12.31.15:481][  0]LogConfig: Setting CVar [[r.Mobile.UseHWsRGBEncoding:1]]
[2024.01.07-12.31.15:481][  0]LogConfig: Setting CVar [[vr.RoundRobinOcclusion:0]]
[2024.01.07-12.31.15:481][  0]LogConfig: Setting CVar [[vr.ODSCapture:0]]
[2024.01.07-12.31.15:481][  0]LogConfig: Setting CVar [[r.MeshStreaming:0]]
[2024.01.07-12.31.15:481][  0]LogConfig: Setting CVar [[r.WireframeCullThreshold:5.000000]]
[2024.01.07-12.31.15:481][  0]LogConfig: Setting CVar [[r.RayTracing:0]]
[2024.01.07-12.31.15:481][  0]LogConfig: Setting CVar [[r.RayTracing.UseTextureLod:0]]
[2024.01.07-12.31.15:481][  0]LogConfig: Setting CVar [[r.SupportStationarySkylight:1]]
[2024.01.07-12.31.15:481][  0]LogConfig: Setting CVar [[r.SupportLowQualityLightmaps:1]]
[2024.01.07-12.31.15:481][  0]LogConfig: Setting CVar [[r.SupportPointLightWholeSceneShadows:1]]
[2024.01.07-12.31.15:481][  0]LogConfig: Setting CVar [[r.SupportAtmosphericFog:1]]
[2024.01.07-12.31.15:481][  0]LogConfig: Setting CVar [[r.SupportSkyAtmosphere:1]]
[2024.01.07-12.31.15:481][  0]LogConfig: Setting CVar [[r.SupportSkyAtmosphereAffectsHeightFog:0]]
[2024.01.07-12.31.15:481][  0]LogConfig: Setting CVar [[r.SkinCache.CompileShaders:0]]
[2024.01.07-12.31.15:481][  0]LogConfig: Setting CVar [[r.SkinCache.DefaultBehavior:1]]
[2024.01.07-12.31.15:481][  0]LogConfig: Setting CVar [[r.SkinCache.SceneMemoryLimitInMB:128.000000]]
[2024.01.07-12.31.15:481][  0]LogConfig: Setting CVar [[r.Mobile.EnableStaticAndCSMShadowReceivers:1]]
[2024.01.07-12.31.15:481][  0]LogConfig: Setting CVar [[r.Mobile.EnableMovableLightCSMShaderCulling:1]]
[2024.01.07-12.31.15:481][  0]LogConfig: Setting CVar [[r.Mobile.AllowDistanceFieldShadows:1]]
[2024.01.07-12.31.15:481][  0]LogConfig: Setting CVar [[r.Mobile.AllowMovableDirectionalLights:1]]
[2024.01.07-12.31.15:481][  0]LogConfig: Setting CVar [[r.MobileNumDynamicPointLights:4]]
[2024.01.07-12.31.15:481][  0]LogConfig: Setting CVar [[r.MobileDynamicPointLightsUseStaticBranch:1]]
[2024.01.07-12.31.15:482][  0]LogConfig: Setting CVar [[r.Mobile.EnableMovableSpotlights:0]]
[2024.01.07-12.31.15:482][  0]LogConfig: Setting CVar [[r.Mobile.EnableMovableSpotlightsShadow:0]]
[2024.01.07-12.31.15:482][  0]LogConfig: Setting CVar [[r.GPUSkin.Support16BitBoneIndex:0]]
[2024.01.07-12.31.15:482][  0]LogConfig: Setting CVar [[r.GPUSkin.Limit2BoneInfluences:0]]
[2024.01.07-12.31.15:482][  0]LogConfig: Setting CVar [[r.SupportDepthOnlyIndexBuffers:1]]
[2024.01.07-12.31.15:482][  0]LogConfig: Setting CVar [[r.SupportReversedIndexBuffers:1]]
[2024.01.07-12.31.15:482][  0]LogConfig: Setting CVar [[r.LightPropagationVolume:0]]
[2024.01.07-12.31.15:482][  0]LogConfig: Setting CVar [[r.Mobile.AmbientOcclusion:0]]
[2024.01.07-12.31.15:482][  0]LogConfig: Setting CVar [[r.GPUSkin.UnlimitedBoneInfluences:0]]
[2024.01.07-12.31.15:482][  0]LogConfig: Setting CVar [[r.GPUSkin.UnlimitedBoneInfluencesThreshold:8]]
[2024.01.07-12.31.15:482][  0]LogConfig: Setting CVar [[r.Mobile.PlanarReflectionMode:0]]
[2024.01.07-12.31.15:482][  0]LogConfig: Setting CVar [[r.Mobile.SupportGPUScene:1]]
[2024.01.07-12.31.15:482][  0]LogConfig: Applying CVar settings from Section [/Script/Engine.RendererOverrideSettings] File [C:/Users/User/OneDrive - ООО АСП-АКВА/Документы/GitHub/Mushroomverse2/Проектик/Mushroomverse2/Saved/Config/Windows/Engine.ini]
[2024.01.07-12.31.15:482][  0]LogConfig: Applying CVar settings from Section [/Script/Engine.StreamingSettings] File [C:/Users/User/OneDrive - ООО АСП-АКВА/Документы/GitHub/Mushroomverse2/Проектик/Mushroomverse2/Saved/Config/Windows/Engine.ini]
[2024.01.07-12.31.15:482][  0]LogConfig: Setting CVar [[s.MinBulkDataSizeForAsyncLoading:131072]]
[2024.01.07-12.31.15:482][  0]LogConfig: Setting CVar [[s.AsyncLoadingThreadEnabled:0]]
[2024.01.07-12.31.15:482][  0]LogConfig: Setting CVar [[s.EventDrivenLoaderEnabled:1]]
[2024.01.07-12.31.15:482][  0]LogConfig: Setting CVar [[s.WarnIfTimeLimitExceeded:0]]
[2024.01.07-12.31.15:482][  0]LogConfig: Setting CVar [[s.TimeLimitExceededMultiplier:1.5]]
[2024.01.07-12.31.15:482][  0]LogConfig: Setting CVar [[s.TimeLimitExceededMinTime:0.005]]
[2024.01.07-12.31.15:482][  0]LogConfig: Setting CVar [[s.UseBackgroundLevelStreaming:1]]
[2024.01.07-12.31.15:482][  0]LogConfig: Setting CVar [[s.PriorityAsyncLoadingExtraTime:15.0]]
[2024.01.07-12.31.15:482][  0]LogConfig: Setting CVar [[s.LevelStreamingActorsUpdateTimeLimit:5.0]]
[2024.01.07-12.31.15:482][  0]LogConfig: Setting CVar [[s.PriorityLevelStreamingActorsUpdateExtraTime:5.0]]
[2024.01.07-12.31.15:482][  0]LogConfig: Setting CVar [[s.LevelStreamingComponentsRegistrationGranularity:10]]
[2024.01.07-12.31.15:482][  0]LogConfig: Setting CVar [[s.UnregisterComponentsTimeLimit:1.0]]
[2024.01.07-12.31.15:482][  0]LogConfig: Setting CVar [[s.LevelStreamingComponentsUnregistrationGranularity:5]]
[2024.01.07-12.31.15:482][  0]LogConfig: Setting CVar [[s.FlushStreamingOnExit:1]]
[2024.01.07-12.31.15:482][  0]LogConfig: Applying CVar settings from Section [/Script/Engine.GarbageCollectionSettings] File [C:/Users/User/OneDrive - ООО АСП-АКВА/Документы/GitHub/Mushroomverse2/Проектик/Mushroomverse2/Saved/Config/Windows/Engine.ini]
[2024.01.07-12.31.15:482][  0]LogConfig: Setting CVar [[gc.MaxObjectsNotConsideredByGC:1]]
[2024.01.07-12.31.15:482][  0]LogConfig: Setting CVar [[gc.SizeOfPermanentObjectPool:0]]
[2024.01.07-12.31.15:482][  0]LogConfig: Setting CVar [[gc.FlushStreamingOnGC:0]]
[2024.01.07-12.31.15:482][  0]LogConfig: Setting CVar [[gc.NumRetriesBeforeForcingGC:10]]
[2024.01.07-12.31.15:482][  0]LogConfig: Setting CVar [[gc.AllowParallelGC:1]]
[2024.01.07-12.31.15:482][  0]LogConfig: Setting CVar [[gc.TimeBetweenPurgingPendingKillObjects:61.1]]
[2024.01.07-12.31.15:482][  0]LogConfig: Setting CVar [[gc.MaxObjectsInEditor:25165824]]
[2024.01.07-12.31.15:482][  0]LogConfig: Setting CVar [[gc.IncrementalBeginDestroyEnabled:1]]
[2024.01.07-12.31.15:482][  0]LogConfig: Setting CVar [[gc.CreateGCClusters:1]]
[2024.01.07-12.31.15:482][  0]LogConfig: Setting CVar [[gc.MinGCClusterSize:5]]
[2024.01.07-12.31.15:482][  0]LogConfig: Setting CVar [[gc.ActorClusteringEnabled:0]]
[2024.01.07-12.31.15:482][  0]LogConfig: Setting CVar [[gc.BlueprintClusteringEnabled:0]]
[2024.01.07-12.31.15:482][  0]LogConfig: Setting CVar [[gc.UseDisregardForGCOnDedicatedServers:0]]
[2024.01.07-12.31.15:482][  0]LogConfig: Setting CVar [[gc.MultithreadedDestructionEnabled:1]]
[2024.01.07-12.31.15:482][  0]LogConfig: Applying CVar settings from Section [/Script/Engine.NetworkSettings] File [C:/Users/User/OneDrive - ООО АСП-АКВА/Документы/GitHub/Mushroomverse2/Проектик/Mushroomverse2/Saved/Config/Windows/Engine.ini]
[2024.01.07-12.31.15:482][  0]LogConfig: Applying CVar settings from Section [/Script/UnrealEd.CookerSettings] File [C:/Users/User/OneDrive - ООО АСП-АКВА/Документы/GitHub/Mushroomverse2/Проектик/Mushroomverse2/Saved/Config/Windows/Engine.ini]
[2024.01.07-12.31.15:488][  0]LogConfig: Applying CVar settings from Section [ViewDistanceQuality@3] File [C:/Users/User/OneDrive - ООО АСП-АКВА/Документы/GitHub/Mushroomverse2/Проектик/Mushroomverse2/Saved/Config/Windows/Scalability.ini]
[2024.01.07-12.31.15:488][  0]LogConfig: Setting CVar [[r.SkeletalMeshLODBias:0]]
[2024.01.07-12.31.15:488][  0]LogConfig: Setting CVar [[r.ViewDistanceScale:1.0]]
[2024.01.07-12.31.15:488][  0]LogConfig: Applying CVar settings from Section [AntiAliasingQuality@3] File [C:/Users/User/OneDrive - ООО АСП-АКВА/Документы/GitHub/Mushroomverse2/Проектик/Mushroomverse2/Saved/Config/Windows/Scalability.ini]
[2024.01.07-12.31.15:488][  0]LogConfig: Setting CVar [[r.PostProcessAAQuality:4]]
[2024.01.07-12.31.15:488][  0]LogConfig: Applying CVar settings from Section [ShadowQuality@3] File [C:/Users/User/OneDrive - ООО АСП-АКВА/Документы/GitHub/Mushroomverse2/Проектик/Mushroomverse2/Saved/Config/Windows/Scalability.ini]
[2024.01.07-12.31.15:488][  0]LogConfig: Setting CVar [[r.LightFunctionQuality:1]]
[2024.01.07-12.31.15:488][  0]LogConfig: Setting CVar [[r.ShadowQuality:5]]
[2024.01.07-12.31.15:488][  0]LogConfig: Setting CVar [[r.Shadow.CSM.MaxCascades:10]]
[2024.01.07-12.31.15:488][  0]LogConfig: Setting CVar [[r.Shadow.MaxResolution:2048]]
[2024.01.07-12.31.15:488][  0]LogConfig: Setting CVar [[r.Shadow.MaxCSMResolution:2048]]
[2024.01.07-12.31.15:488][  0]LogConfig: Setting CVar [[r.Shadow.RadiusThreshold:0.01]]
[2024.01.07-12.31.15:488][  0]LogConfig: Setting CVar [[r.Shadow.DistanceScale:1.0]]
[2024.01.07-12.31.15:488][  0]LogConfig: Setting CVar [[r.Shadow.CSM.TransitionScale:1.0]]
[2024.01.07-12.31.15:488][  0]LogConfig: Setting CVar [[r.Shadow.PreShadowResolutionFactor:1.0]]
[2024.01.07-12.31.15:488][  0]LogConfig: Setting CVar [[r.DistanceFieldShadowing:1]]
[2024.01.07-12.31.15:488][  0]LogConfig: Setting CVar [[r.DistanceFieldAO:1]]
[2024.01.07-12.31.15:488][  0]LogConfig: Setting CVar [[r.AOQuality:2]]
[2024.01.07-12.31.15:488][  0]LogConfig: Setting CVar [[r.VolumetricFog:1]]
[2024.01.07-12.31.15:488][  0]LogConfig: Setting CVar [[r.VolumetricFog.GridPixelSize:8]]
[2024.01.07-12.31.15:488][  0]LogConfig: Setting CVar [[r.VolumetricFog.GridSizeZ:128]]
[2024.01.07-12.31.15:488][  0]LogConfig: Setting CVar [[r.VolumetricFog.HistoryMissSupersampleCount:4]]
[2024.01.07-12.31.15:488][  0]LogConfig: Setting CVar [[r.LightMaxDrawDistanceScale:1]]
[2024.01.07-12.31.15:488][  0]LogConfig: Setting CVar [[r.CapsuleShadows:1]]
[2024.01.07-12.31.15:488][  0]LogConfig: Applying CVar settings from Section [PostProcessQuality@3] File [C:/Users/User/OneDrive - ООО АСП-АКВА/Документы/GitHub/Mushroomverse2/Проектик/Mushroomverse2/Saved/Config/Windows/Scalability.ini]
[2024.01.07-12.31.15:488][  0]LogConfig: Setting CVar [[r.MotionBlurQuality:4]]
[2024.01.07-12.31.15:488][  0]LogConfig: Setting CVar [[r.AmbientOcclusionMipLevelFactor:0.4]]
[2024.01.07-12.31.15:488][  0]LogConfig: Setting CVar [[r.AmbientOcclusionMaxQuality:100]]
[2024.01.07-12.31.15:488][  0]LogConfig: Setting CVar [[r.AmbientOcclusionLevels:-1]]
[2024.01.07-12.31.15:488][  0]LogConfig: Setting CVar [[r.AmbientOcclusionRadiusScale:1.0]]
[2024.01.07-12.31.15:489][  0]LogConfig: Setting CVar [[r.DepthOfFieldQuality:2]]
[2024.01.07-12.31.15:489][  0]LogConfig: Setting CVar [[r.RenderTargetPoolMin:400]]
[2024.01.07-12.31.15:489][  0]LogConfig: Setting CVar [[r.LensFlareQuality:2]]
[2024.01.07-12.31.15:489][  0]LogConfig: Setting CVar [[r.SceneColorFringeQuality:1]]
[2024.01.07-12.31.15:489][  0]LogConfig: Setting CVar [[r.EyeAdaptationQuality:2]]
[2024.01.07-12.31.15:489][  0]LogConfig: Setting CVar [[r.BloomQuality:5]]
[2024.01.07-12.31.15:489][  0]LogConfig: Setting CVar [[r.FastBlurThreshold:100]]
[2024.01.07-12.31.15:489][  0]LogConfig: Setting CVar [[r.Upscale.Quality:3]]
[2024.01.07-12.31.15:489][  0]LogConfig: Setting CVar [[r.Tonemapper.GrainQuantization:1]]
[2024.01.07-12.31.15:489][  0]LogConfig: Setting CVar [[r.LightShaftQuality:1]]
[2024.01.07-12.31.15:489][  0]LogConfig: Setting CVar [[r.Filter.SizeScale:1]]
[2024.01.07-12.31.15:489][  0]LogConfig: Setting CVar [[r.Tonemapper.Quality:5]]
[2024.01.07-12.31.15:489][  0]LogConfig: Setting CVar [[r.DOF.Gather.AccumulatorQuality:1        ; higher gathering accumulator quality]]
[2024.01.07-12.31.15:489][  0]LogConfig: Setting CVar [[r.DOF.Gather.PostfilterMethod:1          ; Median3x3 postfilering method]]
[2024.01.07-12.31.15:489][  0]LogConfig: Setting CVar [[r.DOF.Gather.EnableBokehSettings:0       ; no bokeh simulation when gathering]]
[2024.01.07-12.31.15:489][  0]LogConfig: Setting CVar [[r.DOF.Gather.RingCount:4                 ; medium number of samples when gathering]]
[2024.01.07-12.31.15:489][  0]LogConfig: Setting CVar [[r.DOF.Scatter.ForegroundCompositing:1    ; additive foreground scattering]]
[2024.01.07-12.31.15:489][  0]LogConfig: Setting CVar [[r.DOF.Scatter.BackgroundCompositing:2    ; additive background scattering]]
[2024.01.07-12.31.15:489][  0]LogConfig: Setting CVar [[r.DOF.Scatter.EnableBokehSettings:1      ; bokeh simulation when scattering]]
[2024.01.07-12.31.15:489][  0]LogConfig: Setting CVar [[r.DOF.Scatter.MaxSpriteRatio:0.1         ; only a maximum of 10% of scattered bokeh]]
[2024.01.07-12.31.15:489][  0]LogConfig: Setting CVar [[r.DOF.Recombine.Quality:1                ; cheap slight out of focus]]
[2024.01.07-12.31.15:489][  0]LogConfig: Setting CVar [[r.DOF.Recombine.EnableBokehSettings:0    ; no bokeh simulation on slight out of focus]]
[2024.01.07-12.31.15:489][  0]LogConfig: Setting CVar [[r.DOF.TemporalAAQuality:1                ; more stable temporal accumulation]]
[2024.01.07-12.31.15:489][  0]LogConfig: Setting CVar [[r.DOF.Kernel.MaxForegroundRadius:0.025]]
[2024.01.07-12.31.15:489][  0]LogConfig: Setting CVar [[r.DOF.Kernel.MaxBackgroundRadius:0.025]]
[2024.01.07-12.31.15:489][  0]LogConfig: Applying CVar settings from Section [TextureQuality@3] File [C:/Users/User/OneDrive - ООО АСП-АКВА/Документы/GitHub/Mushroomverse2/Проектик/Mushroomverse2/Saved/Config/Windows/Scalability.ini]
[2024.01.07-12.31.15:489][  0]LogConfig: Setting CVar [[r.Streaming.MipBias:0]]
[2024.01.07-12.31.15:489][  0]LogConfig: Setting CVar [[r.Streaming.AmortizeCPUToGPUCopy:0]]
[2024.01.07-12.31.15:489][  0]LogConfig: Setting CVar [[r.Streaming.MaxNumTexturesToStreamPerFrame:0]]
[2024.01.07-12.31.15:489][  0]LogConfig: Setting CVar [[r.Streaming.Boost:1]]
[2024.01.07-12.31.15:489][  0]LogConfig: Setting CVar [[r.MaxAnisotropy:8]]
[2024.01.07-12.31.15:489][  0]LogConfig: Setting CVar [[r.VT.MaxAnisotropy:8]]
[2024.01.07-12.31.15:489][  0]LogConfig: Setting CVar [[r.Streaming.LimitPoolSizeToVRAM:0]]
[2024.01.07-12.31.15:489][  0]LogConfig: Setting CVar [[r.Streaming.PoolSize:1000]]
[2024.01.07-12.31.15:489][  0]LogConfig: Setting CVar [[r.Streaming.MaxEffectiveScreenSize:0]]
[2024.01.07-12.31.15:489][  0]LogConfig: Applying CVar settings from Section [EffectsQuality@3] File [C:/Users/User/OneDrive - ООО АСП-АКВА/Документы/GitHub/Mushroomverse2/Проектик/Mushroomverse2/Saved/Config/Windows/Scalability.ini]
[2024.01.07-12.31.15:489][  0]LogConfig: Setting CVar [[r.TranslucencyLightingVolumeDim:64]]
[2024.01.07-12.31.15:489][  0]LogConfig: Setting CVar [[r.RefractionQuality:2]]
[2024.01.07-12.31.15:489][  0]LogConfig: Setting CVar [[r.SSR.Quality:3]]
[2024.01.07-12.31.15:489][  0]LogConfig: Setting CVar [[r.SSR.HalfResSceneColor:0]]
[2024.01.07-12.31.15:489][  0]LogConfig: Setting CVar [[r.SceneColorFormat:4]]
[2024.01.07-12.31.15:489][  0]LogConfig: Setting CVar [[r.DetailMode:2]]
[2024.01.07-12.31.15:489][  0]LogConfig: Setting CVar [[r.TranslucencyVolumeBlur:1]]
[2024.01.07-12.31.15:489][  0]LogConfig: Setting CVar [[r.MaterialQualityLevel:1 ; High quality]]
[2024.01.07-12.31.15:489][  0]LogConfig: Setting CVar [[r.AnisotropicMaterials:1]]
[2024.01.07-12.31.15:489][  0]LogConfig: Setting CVar [[r.SSS.Scale:1]]
[2024.01.07-12.31.15:489][  0]LogConfig: Setting CVar [[r.SSS.SampleSet:2]]
[2024.01.07-12.31.15:489][  0]LogConfig: Setting CVar [[r.SSS.Quality:1]]
[2024.01.07-12.31.15:489][  0]LogConfig: Setting CVar [[r.SSS.HalfRes:0]]
[2024.01.07-12.31.15:489][  0]LogConfig: Setting CVar [[r.SSGI.Quality:3]]
[2024.01.07-12.31.15:489][  0]LogConfig: Setting CVar [[r.EmitterSpawnRateScale:1.0]]
[2024.01.07-12.31.15:489][  0]LogConfig: Setting CVar [[r.ParticleLightQuality:2]]
[2024.01.07-12.31.15:489][  0]LogConfig: Setting CVar [[r.SkyAtmosphere.AerialPerspectiveLUT.FastApplyOnOpaque:1 ; Always have FastSkyLUT 1 in this case to avoid wrong sky]]
[2024.01.07-12.31.15:490][  0]LogConfig: Setting CVar [[r.SkyAtmosphere.AerialPerspectiveLUT.SampleCountMaxPerSlice:4]]
[2024.01.07-12.31.15:490][  0]LogConfig: Setting CVar [[r.SkyAtmosphere.AerialPerspectiveLUT.DepthResolution:16.0]]
[2024.01.07-12.31.15:490][  0]LogConfig: Setting CVar [[r.SkyAtmosphere.FastSkyLUT:1]]
[2024.01.07-12.31.15:490][  0]LogConfig: Setting CVar [[r.SkyAtmosphere.FastSkyLUT.SampleCountMin:4.0]]
[2024.01.07-12.31.15:490][  0]LogConfig: Setting CVar [[r.SkyAtmosphere.FastSkyLUT.SampleCountMax:128.0]]
[2024.01.07-12.31.15:490][  0]LogConfig: Setting CVar [[r.SkyAtmosphere.SampleCountMin:4.0]]
[2024.01.07-12.31.15:490][  0]LogConfig: Setting CVar [[r.SkyAtmosphere.SampleCountMax:128.0]]
[2024.01.07-12.31.15:490][  0]LogConfig: Setting CVar [[r.SkyAtmosphere.TransmittanceLUT.UseSmallFormat:0]]
[2024.01.07-12.31.15:490][  0]LogConfig: Setting CVar [[r.SkyAtmosphere.TransmittanceLUT.SampleCount:10.0]]
[2024.01.07-12.31.15:490][  0]LogConfig: Setting CVar [[r.SkyAtmosphere.MultiScatteringLUT.SampleCount:15.0]]
[2024.01.07-12.31.15:490][  0]LogConfig: Setting CVar [[r.SkyLight.RealTimeReflectionCapture:1]]
[2024.01.07-12.31.15:490][  0]LogConfig: Applying CVar settings from Section [FoliageQuality@3] File [C:/Users/User/OneDrive - ООО АСП-АКВА/Документы/GitHub/Mushroomverse2/Проектик/Mushroomverse2/Saved/Config/Windows/Scalability.ini]
[2024.01.07-12.31.15:490][  0]LogConfig: Setting CVar [[foliage.DensityScale:1.0]]
[2024.01.07-12.31.15:490][  0]LogConfig: Setting CVar [[grass.DensityScale:1.0]]
[2024.01.07-12.31.15:490][  0]LogConfig: Applying CVar settings from Section [ShadingQuality@3] File [C:/Users/User/OneDrive - ООО АСП-АКВА/Документы/GitHub/Mushroomverse2/Проектик/Mushroomverse2/Saved/Config/Windows/Scalability.ini]
[2024.01.07-12.31.15:490][  0]LogConfig: Setting CVar [[r.HairStrands.SkyLighting.IntegrationType:2]]
[2024.01.07-12.31.15:490][  0]LogConfig: Setting CVar [[r.HairStrands.SkyAO.SampleCount:4]]
[2024.01.07-12.31.15:490][  0]LogConfig: Setting CVar [[r.HairStrands.Visibility.MSAA.SamplePerPixel:4]]
[2024.01.07-12.31.15:490][  0]LogInit: Selected Device Profile: [Windows]
[2024.01.07-12.31.15:490][  0]LogInit: Applying CVar settings loaded from the selected device profile: [Windows]
[2024.01.07-12.31.15:490][  0]LogHAL: Display: Platform has ~ 8 GB [8212144128 / 8589934592 / 8], which maps to Default [LargestMinGB=32, LargerMinGB=12, DefaultMinGB=8, SmallerMinGB=6, SmallestMinGB=0)
[2024.01.07-12.31.15:490][  0]LogInit: Going up to parent DeviceProfile []
[2024.01.07-12.31.15:490][  0]LogConfig: Applying CVar settings from Section [ViewDistanceQuality@3] File [C:/Users/User/OneDrive - ООО АСП-АКВА/Документы/GitHub/Mushroomverse2/Проектик/Mushroomverse2/Saved/Config/Windows/Scalability.ini]
[2024.01.07-12.31.15:490][  0]LogConfig: Setting CVar [[r.SkeletalMeshLODBias:0]]
[2024.01.07-12.31.15:490][  0]LogConfig: Setting CVar [[r.ViewDistanceScale:1.0]]
[2024.01.07-12.31.15:490][  0]LogConfig: Applying CVar settings from Section [AntiAliasingQuality@3] File [C:/Users/User/OneDrive - ООО АСП-АКВА/Документы/GitHub/Mushroomverse2/Проектик/Mushroomverse2/Saved/Config/Windows/Scalability.ini]
[2024.01.07-12.31.15:490][  0]LogConfig: Setting CVar [[r.PostProcessAAQuality:4]]
[2024.01.07-12.31.15:490][  0]LogConfig: Applying CVar settings from Section [ShadowQuality@3] File [C:/Users/User/OneDrive - ООО АСП-АКВА/Документы/GitHub/Mushroomverse2/Проектик/Mushroomverse2/Saved/Config/Windows/Scalability.ini]
[2024.01.07-12.31.15:490][  0]LogConfig: Setting CVar [[r.LightFunctionQuality:1]]
[2024.01.07-12.31.15:490][  0]LogConfig: Setting CVar [[r.ShadowQuality:5]]
[2024.01.07-12.31.15:490][  0]LogConfig: Setting CVar [[r.Shadow.CSM.MaxCascades:10]]
[2024.01.07-12.31.15:490][  0]LogConfig: Setting CVar [[r.Shadow.MaxResolution:2048]]
[2024.01.07-12.31.15:490][  0]LogConfig: Setting CVar [[r.Shadow.MaxCSMResolution:2048]]
[2024.01.07-12.31.15:490][  0]LogConfig: Setting CVar [[r.Shadow.RadiusThreshold:0.01]]
[2024.01.07-12.31.15:490][  0]LogConfig: Setting CVar [[r.Shadow.DistanceScale:1.0]]
[2024.01.07-12.31.15:490][  0]LogConfig: Setting CVar [[r.Shadow.CSM.TransitionScale:1.0]]
[2024.01.07-12.31.15:490][  0]LogConfig: Setting CVar [[r.Shadow.PreShadowResolutionFactor:1.0]]
[2024.01.07-12.31.15:490][  0]LogConfig: Setting CVar [[r.DistanceFieldShadowing:1]]
[2024.01.07-12.31.15:490][  0]LogConfig: Setting CVar [[r.DistanceFieldAO:1]]
[2024.01.07-12.31.15:490][  0]LogConfig: Setting CVar [[r.AOQuality:2]]
[2024.01.07-12.31.15:490][  0]LogConfig: Setting CVar [[r.VolumetricFog:1]]
[2024.01.07-12.31.15:490][  0]LogConfig: Setting CVar [[r.VolumetricFog.GridPixelSize:8]]
[2024.01.07-12.31.15:490][  0]LogConfig: Setting CVar [[r.VolumetricFog.GridSizeZ:128]]
[2024.01.07-12.31.15:490][  0]LogConfig: Setting CVar [[r.VolumetricFog.HistoryMissSupersampleCount:4]]
[2024.01.07-12.31.15:490][  0]LogConfig: Setting CVar [[r.LightMaxDrawDistanceScale:1]]
[2024.01.07-12.31.15:491][  0]LogConfig: Setting CVar [[r.CapsuleShadows:1]]
[2024.01.07-12.31.15:491][  0]LogConfig: Applying CVar settings from Section [PostProcessQuality@3] File [C:/Users/User/OneDrive - ООО АСП-АКВА/Документы/GitHub/Mushroomverse2/Проектик/Mushroomverse2/Saved/Config/Windows/Scalability.ini]
[2024.01.07-12.31.15:491][  0]LogConfig: Setting CVar [[r.MotionBlurQuality:4]]
[2024.01.07-12.31.15:491][  0]LogConfig: Setting CVar [[r.AmbientOcclusionMipLevelFactor:0.4]]
[2024.01.07-12.31.15:491][  0]LogConfig: Setting CVar [[r.AmbientOcclusionMaxQuality:100]]
[2024.01.07-12.31.15:491][  0]LogConfig: Setting CVar [[r.AmbientOcclusionLevels:-1]]
[2024.01.07-12.31.15:491][  0]LogConfig: Setting CVar [[r.AmbientOcclusionRadiusScale:1.0]]
[2024.01.07-12.31.15:491][  0]LogConfig: Setting CVar [[r.DepthOfFieldQuality:2]]
[2024.01.07-12.31.15:491][  0]LogConfig: Setting CVar [[r.RenderTargetPoolMin:400]]
[2024.01.07-12.31.15:491][  0]LogConfig: Setting CVar [[r.LensFlareQuality:2]]
[2024.01.07-12.31.15:491][  0]LogConfig: Setting CVar [[r.SceneColorFringeQuality:1]]
[2024.01.07-12.31.15:491][  0]LogConfig: Setting CVar [[r.EyeAdaptationQuality:2]]
[2024.01.07-12.31.15:491][  0]LogConfig: Setting CVar [[r.BloomQuality:5]]
[2024.01.07-12.31.15:491][  0]LogConfig: Setting CVar [[r.FastBlurThreshold:100]]
[2024.01.07-12.31.15:491][  0]LogConfig: Setting CVar [[r.Upscale.Quality:3]]
[2024.01.07-12.31.15:491][  0]LogConfig: Setting CVar [[r.Tonemapper.GrainQuantization:1]]
[2024.01.07-12.31.15:491][  0]LogConfig: Setting CVar [[r.LightShaftQuality:1]]
[2024.01.07-12.31.15:491][  0]LogConfig: Setting CVar [[r.Filter.SizeScale:1]]
[2024.01.07-12.31.15:491][  0]LogConfig: Setting CVar [[r.Tonemapper.Quality:5]]
[2024.01.07-12.31.15:491][  0]LogConfig: Setting CVar [[r.DOF.Gather.AccumulatorQuality:1        ; higher gathering accumulator quality]]
[2024.01.07-12.31.15:491][  0]LogConfig: Setting CVar [[r.DOF.Gather.PostfilterMethod:1          ; Median3x3 postfilering method]]
[2024.01.07-12.31.15:491][  0]LogConfig: Setting CVar [[r.DOF.Gather.EnableBokehSettings:0       ; no bokeh simulation when gathering]]
[2024.01.07-12.31.15:491][  0]LogConfig: Setting CVar [[r.DOF.Gather.RingCount:4                 ; medium number of samples when gathering]]
[2024.01.07-12.31.15:491][  0]LogConfig: Setting CVar [[r.DOF.Scatter.ForegroundCompositing:1    ; additive foreground scattering]]
[2024.01.07-12.31.15:491][  0]LogConfig: Setting CVar [[r.DOF.Scatter.BackgroundCompositing:2    ; additive background scattering]]
[2024.01.07-12.31.15:491][  0]LogConfig: Setting CVar [[r.DOF.Scatter.EnableBokehSettings:1      ; bokeh simulation when scattering]]
[2024.01.07-12.31.15:491][  0]LogConfig: Setting CVar [[r.DOF.Scatter.MaxSpriteRatio:0.1         ; only a maximum of 10% of scattered bokeh]]
[2024.01.07-12.31.15:491][  0]LogConfig: Setting CVar [[r.DOF.Recombine.Quality:1                ; cheap slight out of focus]]
[2024.01.07-12.31.15:491][  0]LogConfig: Setting CVar [[r.DOF.Recombine.EnableBokehSettings:0    ; no bokeh simulation on slight out of focus]]
[2024.01.07-12.31.15:491][  0]LogConfig: Setting CVar [[r.DOF.TemporalAAQuality:1                ; more stable temporal accumulation]]
[2024.01.07-12.31.15:491][  0]LogConfig: Setting CVar [[r.DOF.Kernel.MaxForegroundRadius:0.025]]
[2024.01.07-12.31.15:491][  0]LogConfig: Setting CVar [[r.DOF.Kernel.MaxBackgroundRadius:0.025]]
[2024.01.07-12.31.15:491][  0]LogConfig: Applying CVar settings from Section [TextureQuality@3] File [C:/Users/User/OneDrive - ООО АСП-АКВА/Документы/GitHub/Mushroomverse2/Проектик/Mushroomverse2/Saved/Config/Windows/Scalability.ini]
[2024.01.07-12.31.15:491][  0]LogConfig: Setting CVar [[r.Streaming.MipBias:0]]
[2024.01.07-12.31.15:491][  0]LogConfig: Setting CVar [[r.Streaming.AmortizeCPUToGPUCopy:0]]
[2024.01.07-12.31.15:491][  0]LogConfig: Setting CVar [[r.Streaming.MaxNumTexturesToStreamPerFrame:0]]
[2024.01.07-12.31.15:491][  0]LogConfig: Setting CVar [[r.Streaming.Boost:1]]
[2024.01.07-12.31.15:491][  0]LogConfig: Setting CVar [[r.MaxAnisotropy:8]]
[2024.01.07-12.31.15:491][  0]LogConfig: Setting CVar [[r.VT.MaxAnisotropy:8]]
[2024.01.07-12.31.15:491][  0]LogConfig: Setting CVar [[r.Streaming.LimitPoolSizeToVRAM:0]]
[2024.01.07-12.31.15:491][  0]LogConfig: Setting CVar [[r.Streaming.PoolSize:1000]]
[2024.01.07-12.31.15:491][  0]LogConfig: Setting CVar [[r.Streaming.MaxEffectiveScreenSize:0]]
[2024.01.07-12.31.15:491][  0]LogConfig: Applying CVar settings from Section [EffectsQuality@3] File [C:/Users/User/OneDrive - ООО АСП-АКВА/Документы/GitHub/Mushroomverse2/Проектик/Mushroomverse2/Saved/Config/Windows/Scalability.ini]
[2024.01.07-12.31.15:491][  0]LogConfig: Setting CVar [[r.TranslucencyLightingVolumeDim:64]]
[2024.01.07-12.31.15:491][  0]LogConfig: Setting CVar [[r.RefractionQuality:2]]
[2024.01.07-12.31.15:491][  0]LogConfig: Setting CVar [[r.SSR.Quality:3]]
[2024.01.07-12.31.15:491][  0]LogConfig: Setting CVar [[r.SSR.HalfResSceneColor:0]]
[2024.01.07-12.31.15:491][  0]LogConfig: Setting CVar [[r.SceneColorFormat:4]]
[2024.01.07-12.31.15:491][  0]LogConfig: Setting CVar [[r.DetailMode:2]]
[2024.01.07-12.31.15:491][  0]LogConfig: Setting CVar [[r.TranslucencyVolumeBlur:1]]
[2024.01.07-12.31.15:491][  0]LogConfig: Setting CVar [[r.MaterialQualityLevel:1 ; High quality]]
[2024.01.07-12.31.15:491][  0]LogConfig: Setting CVar [[r.AnisotropicMaterials:1]]
[2024.01.07-12.31.15:491][  0]LogConfig: Setting CVar [[r.SSS.Scale:1]]
[2024.01.07-12.31.15:492][  0]LogConfig: Setting CVar [[r.SSS.SampleSet:2]]
[2024.01.07-12.31.15:492][  0]LogConfig: Setting CVar [[r.SSS.Quality:1]]
[2024.01.07-12.31.15:492][  0]LogConfig: Setting CVar [[r.SSS.HalfRes:0]]
[2024.01.07-12.31.15:492][  0]LogConfig: Setting CVar [[r.SSGI.Quality:3]]
[2024.01.07-12.31.15:492][  0]LogConfig: Setting CVar [[r.EmitterSpawnRateScale:1.0]]
[2024.01.07-12.31.15:492][  0]LogConfig: Setting CVar [[r.ParticleLightQuality:2]]
[2024.01.07-12.31.15:492][  0]LogConfig: Setting CVar [[r.SkyAtmosphere.AerialPerspectiveLUT.FastApplyOnOpaque:1 ; Always have FastSkyLUT 1 in this case to avoid wrong sky]]
[2024.01.07-12.31.15:492][  0]LogConfig: Setting CVar [[r.SkyAtmosphere.AerialPerspectiveLUT.SampleCountMaxPerSlice:4]]
[2024.01.07-12.31.15:492][  0]LogConfig: Setting CVar [[r.SkyAtmosphere.AerialPerspectiveLUT.DepthResolution:16.0]]
[2024.01.07-12.31.15:492][  0]LogConfig: Setting CVar [[r.SkyAtmosphere.FastSkyLUT:1]]
[2024.01.07-12.31.15:492][  0]LogConfig: Setting CVar [[r.SkyAtmosphere.FastSkyLUT.SampleCountMin:4.0]]
[2024.01.07-12.31.15:492][  0]LogConfig: Setting CVar [[r.SkyAtmosphere.FastSkyLUT.SampleCountMax:128.0]]
[2024.01.07-12.31.15:492][  0]LogConfig: Setting CVar [[r.SkyAtmosphere.SampleCountMin:4.0]]
[2024.01.07-12.31.15:492][  0]LogConfig: Setting CVar [[r.SkyAtmosphere.SampleCountMax:128.0]]
[2024.01.07-12.31.15:492][  0]LogConfig: Setting CVar [[r.SkyAtmosphere.TransmittanceLUT.UseSmallFormat:0]]
[2024.01.07-12.31.15:492][  0]LogConfig: Setting CVar [[r.SkyAtmosphere.TransmittanceLUT.SampleCount:10.0]]
[2024.01.07-12.31.15:492][  0]LogConfig: Setting CVar [[r.SkyAtmosphere.MultiScatteringLUT.SampleCount:15.0]]
[2024.01.07-12.31.15:492][  0]LogConfig: Setting CVar [[r.SkyLight.RealTimeReflectionCapture:1]]
[2024.01.07-12.31.15:492][  0]LogConfig: Applying CVar settings from Section [FoliageQuality@3] File [C:/Users/User/OneDrive - ООО АСП-АКВА/Документы/GitHub/Mushroomverse2/Проектик/Mushroomverse2/Saved/Config/Windows/Scalability.ini]
[2024.01.07-12.31.15:492][  0]LogConfig: Setting CVar [[foliage.DensityScale:1.0]]
[2024.01.07-12.31.15:492][  0]LogConfig: Setting CVar [[grass.DensityScale:1.0]]
[2024.01.07-12.31.15:492][  0]LogConfig: Applying CVar settings from Section [ShadingQuality@3] File [C:/Users/User/OneDrive - ООО АСП-АКВА/Документы/GitHub/Mushroomverse2/Проектик/Mushroomverse2/Saved/Config/Windows/Scalability.ini]
[2024.01.07-12.31.15:492][  0]LogConfig: Setting CVar [[r.HairStrands.SkyLighting.IntegrationType:2]]
[2024.01.07-12.31.15:492][  0]LogConfig: Setting CVar [[r.HairStrands.SkyAO.SampleCount:4]]
[2024.01.07-12.31.15:492][  0]LogConfig: Setting CVar [[r.HairStrands.Visibility.MSAA.SamplePerPixel:4]]
[2024.01.07-12.31.15:492][  0]LogConfig: Applying CVar settings from Section [Startup] File [../../../Engine/Config/ConsoleVariables.ini]
[2024.01.07-12.31.15:493][  0]LogConfig: Setting CVar [[net.UseAdaptiveNetUpdateFrequency:0]]
[2024.01.07-12.31.15:493][  0]LogConfig: Setting CVar [[p.chaos.AllowCreatePhysxBodies:1]]
[2024.01.07-12.31.15:493][  0]LogConfig: Setting CVar [[fx.SkipVectorVMBackendOptimizations:1]]
[2024.01.07-12.31.15:493][  0]LogConfig: Applying CVar settings from Section [ConsoleVariables] File [C:/Users/User/OneDrive - ООО АСП-АКВА/Документы/GitHub/Mushroomverse2/Проектик/Mushroomverse2/Saved/Config/Windows/Engine.ini]
[2024.01.07-12.31.15:493][  0]LogConfig: Applying CVar settings from Section [ConsoleVariables] File [C:/Users/User/OneDrive - ООО АСП-АКВА/Документы/GitHub/Mushroomverse2/Проектик/Mushroomverse2/Saved/Config/Windows/Editor.ini]
[2024.01.07-12.31.15:493][  0]LogInit: Computer: GARANINA-NB
[2024.01.07-12.31.15:493][  0]LogInit: User: User
[2024.01.07-12.31.15:493][  0]LogInit: CPU Page size=4096, Cores=2
[2024.01.07-12.31.15:493][  0]LogInit: High frequency timer resolution =10.000000 MHz
[2024.01.07-12.31.15:493][  0]LogMemory: Memory total: Physical=7.6GB (8GB approx)
[2024.01.07-12.31.15:493][  0]LogMemory: Platform Memory Stats for Windows
[2024.01.07-12.31.15:493][  0]LogMemory: Process Physical Memory: 141.52 MB used, 141.53 MB peak
[2024.01.07-12.31.15:493][  0]LogMemory: Process Virtual Memory: 120.40 MB used, 120.40 MB peak
[2024.01.07-12.31.15:493][  0]LogMemory: Physical Memory: 6121.07 MB used,  1710.64 MB free, 7831.71 MB total
[2024.01.07-12.31.15:493][  0]LogMemory: Virtual Memory: 134213408.00 MB used,  4315.90 MB free, 134217728.00 MB total
[2024.01.07-12.31.15:498][  0]LogWindows: WindowsPlatformFeatures enabled
[2024.01.07-12.31.15:529][  0]LogInit: Physics initialised using underlying interface: PhysX
[2024.01.07-12.31.15:529][  0]LogInit: Using OS detected language (ru-RU).
[2024.01.07-12.31.15:529][  0]LogInit: Using OS detected locale (ru-RU).
[2024.01.07-12.31.15:539][  0]LogTextLocalizationManager: No specific localization for 'ru-RU' exists, so the 'ru' localization will be used.
[2024.01.07-12.31.15:544][  0]LogTextLocalizationResource: LocRes '../../../Engine/Content/Localization/Editor/ru/Editor.locres' could not be opened for reading!
[2024.01.07-12.31.15:544][  0]LogTextLocalizationResource: LocRes '../../../Engine/Content/Localization/EditorTutorials/ru/EditorTutorials.locres' could not be opened for reading!
[2024.01.07-12.31.15:544][  0]LogTextLocalizationResource: LocRes '../../../Engine/Content/Localization/Keywords/ru/Keywords.locres' could not be opened for reading!
[2024.01.07-12.31.15:544][  0]LogTextLocalizationResource: LocRes '../../../Engine/Content/Localization/Category/ru/Category.locres' could not be opened for reading!
[2024.01.07-12.31.15:544][  0]LogTextLocalizationResource: LocRes '../../../Engine/Content/Localization/ToolTips/ru/ToolTips.locres' could not be opened for reading!
[2024.01.07-12.31.15:544][  0]LogTextLocalizationResource: LocRes '../../../Engine/Content/Localization/PropertyNames/ru/PropertyNames.locres' could not be opened for reading!
[2024.01.07-12.31.15:545][  0]LogTextLocalizationResource: LocRes '../../../Engine/Content/Localization/Engine/ru/Engine.locres' could not be opened for reading!
[2024.01.07-12.31.15:556][  0]LogWindowsTextInputMethodSystem: Display: IME system deactivated.
[2024.01.07-12.31.15:572][  0]LogSlate: New Slate User Created.  User Index 0, Is Virtual User: 0
[2024.01.07-12.31.15:572][  0]LogSlate: Slate User Registered.  User Index 0, Is Virtual User: 0
[2024.01.07-12.31.15:641][  0]LogD3D11RHI: Loaded GFSDK_Aftermath_Lib.x64.dll
[2024.01.07-12.31.15:648][  0]LogHMD: Failed to enumerate extensions. Please check that you have a valid OpenXR runtime installed.
[2024.01.07-12.31.15:648][  0]LogD3D11RHI: D3D11 min allowed feature level: 11_0
[2024.01.07-12.31.15:648][  0]LogD3D11RHI: D3D11 max allowed feature level: 11_0
[2024.01.07-12.31.15:648][  0]LogD3D11RHI: D3D11 adapters:
[2024.01.07-12.31.16:134][  0]LogD3D11RHI:    0. 'Intel(R) UHD Graphics' (Feature Level 11_0)
[2024.01.07-12.31.16:134][  0]LogD3D11RHI:       128/0/3915 MB DedicatedVideo/DedicatedSystem/SharedSystem, Outputs:1, VendorId:0x8086
[2024.01.07-12.31.16:137][  0]LogD3D11RHI:    1. 'Microsoft Basic Render Driver' (Feature Level 11_0)
[2024.01.07-12.31.16:137][  0]LogD3D11RHI:       0/0/3915 MB DedicatedVideo/DedicatedSystem/SharedSystem, Outputs:0, VendorId:0x1414
[2024.01.07-12.31.16:137][  0]LogD3D11RHI: Chosen D3D11 Adapter:
[2024.01.07-12.31.16:137][  0]LogD3D11RHI:     Description : Intel(R) UHD Graphics
[2024.01.07-12.31.16:137][  0]LogD3D11RHI:     VendorId    : 8086
[2024.01.07-12.31.16:137][  0]LogD3D11RHI:     DeviceId    : 9a78
[2024.01.07-12.31.16:137][  0]LogD3D11RHI:     SubSysId    : 881b103c
[2024.01.07-12.31.16:137][  0]LogD3D11RHI:     Revision    : 0001
[2024.01.07-12.31.16:137][  0]LogD3D11RHI:     DedicatedVideoMemory : 134217728 bytes
[2024.01.07-12.31.16:137][  0]LogD3D11RHI:     DedicatedSystemMemory : 0 bytes
[2024.01.07-12.31.16:138][  0]LogD3D11RHI:     SharedSystemMemory : 4106072064 bytes
[2024.01.07-12.31.16:138][  0]LogD3D11RHI:     AdapterLuid : 0 59327
[2024.01.07-12.31.16:146][  0]LogD3D11RHI: Creating new Direct3DDevice
[2024.01.07-12.31.16:146][  0]LogD3D11RHI:     GPU DeviceId: 0x9a78 (for the marketing name, search the web for "GPU Device Id")
[2024.01.07-12.31.16:146][  0]LogWindows: EnumDisplayDevices:
[2024.01.07-12.31.16:146][  0]LogWindows:    0. 'Intel(R) UHD Graphics' (P:1 D:1)
[2024.01.07-12.31.16:146][  0]LogWindows:    1. 'Intel(R) UHD Graphics' (P:0 D:0)
[2024.01.07-12.31.16:146][  0]LogWindows:    2. 'Intel(R) UHD Graphics' (P:0 D:0)
[2024.01.07-12.31.16:147][  0]LogWindows:    3. 'Intel(R) UHD Graphics' (P:0 D:0)
[2024.01.07-12.31.16:147][  0]LogWindows: DebugString: FoundDriverCount:4 
[2024.01.07-12.31.16:147][  0]LogD3D11RHI:     Adapter Name: Intel(R) UHD Graphics
[2024.01.07-12.31.16:147][  0]LogD3D11RHI:   Driver Version: 30.0.100.9805 (internal:30.0.100.9805, unified:30.0.100.9805)
[2024.01.07-12.31.16:147][  0]LogD3D11RHI:      Driver Date: 7-23-2021
[2024.01.07-12.31.16:147][  0]LogRHI: Texture pool is 1460 MB (70% of 2085 MB)
[2024.01.07-12.31.16:225][  0]LogD3D11RHI: Creating D3DDevice using adapter:
[2024.01.07-12.31.16:225][  0]LogD3D11RHI:     Description : Intel(R) UHD Graphics
[2024.01.07-12.31.16:225][  0]LogD3D11RHI:     VendorId    : 8086
[2024.01.07-12.31.16:225][  0]LogD3D11RHI:     DeviceId    : 9a78
[2024.01.07-12.31.16:225][  0]LogD3D11RHI:     SubSysId    : 881b103c
[2024.01.07-12.31.16:225][  0]LogD3D11RHI:     Revision    : 0001
[2024.01.07-12.31.16:225][  0]LogD3D11RHI:     DedicatedVideoMemory : 134217728 bytes
[2024.01.07-12.31.16:225][  0]LogD3D11RHI:     DedicatedSystemMemory : 0 bytes
[2024.01.07-12.31.16:225][  0]LogD3D11RHI:     SharedSystemMemory : 4106072064 bytes
[2024.01.07-12.31.16:225][  0]LogD3D11RHI:     AdapterLuid : 0 59327
[2024.01.07-12.31.16:459][  0]LogD3D11RHI: RHI does not have support for 64 bit atomics
[2024.01.07-12.31.16:475][  0]LogD3D11RHI: Intel Extensions support version Full=16777216, Major=1, Minor=0, Revision=0
[2024.01.07-12.31.16:475][  0]LogD3D11RHI: Intel Extensions support version Full=16777217, Major=1, Minor=0, Revision=1
[2024.01.07-12.31.16:475][  0]LogD3D11RHI: Intel Extensions Framework enabled
[2024.01.07-12.31.16:477][  0]LogD3D11RHI: [IntelMetricsDiscovery] Started
[2024.01.07-12.31.16:477][  0]LogD3D11RHI: Async texture creation enabled
[2024.01.07-12.31.16:477][  0]LogD3D11RHI: Array index from any shader is supported
[2024.01.07-12.31.16:527][  0]LogD3D11RHI: GPU Timing Frequency: 19.200000 (Debug: 2 0)
[2024.01.07-12.31.17:154][  0]LogTargetPlatformManager: Display: Loaded TargetPlatform 'WindowsNoEditor'
[2024.01.07-12.31.17:163][  0]LogTargetPlatformManager: Display: Loaded TargetPlatform 'Windows'
[2024.01.07-12.31.17:169][  0]LogTargetPlatformManager: Display: Loaded TargetPlatform 'WindowsClient'
[2024.01.07-12.31.17:177][  0]LogTargetPlatformManager: Display: Loaded TargetPlatform 'WindowsServer'
[2024.01.07-12.31.17:177][  0]LogTargetPlatformManager: Display: Building Assets For Windows
[2024.01.07-12.31.17:188][  0]LogAudioDebug: Display: Lib vorbis DLL was dynamically loaded.
[2024.01.07-12.31.17:240][  0]LogTextureFormatOodle: Display: Oodle Texture 2.9.0 init RDO Off
[2024.01.07-12.31.17:292][  0]LogRendererCore: Ray tracing is disabled. Reason: r.RayTracing=0.
[2024.01.07-12.31.17:292][  0]LogShaderCompilers: Guid format shader working directory is -63 characters bigger than the processId version (../../../../../../Users/User/OneDrive - ООО АСП-АКВА/Документы/GitHub/Mushroomverse2/Проектик/Mushroomverse2/Intermediate/Shaders/WorkingDirectory/9680/).
[2024.01.07-12.31.17:292][  0]LogShaderCompilers: Cleaned the shader compiler working directory 'C:/Users/User/AppData/Local/Temp/UnrealShaderWorkingDir/3A39B3504C4CEBF2B07595B6A11A8427/'.
[2024.01.07-12.31.17:292][  0]LogXGEController: Cannot use XGE Controller as Incredibuild is not installed on this machine.
[2024.01.07-12.31.17:292][  0]LogShaderCompilers: Cannot use XGE Shader Compiler as Incredibuild is not installed on this machine.
[2024.01.07-12.31.17:292][  0]LogShaderCompilers: Display: Using Local Shader Compiler.
[2024.01.07-12.31.18:480][  0]LogDerivedDataCache: Display: Max Cache Size: 512 MB
[2024.01.07-12.31.18:583][  0]LogDerivedDataCache: Loaded boot cache 0.10s 96MB C:/Users/User/AppData/Local/UnrealEngine/4.27/DerivedDataCache/Boot.ddc.
[2024.01.07-12.31.18:583][  0]LogDerivedDataCache: Display: Loaded Boot cache: C:/Users/User/AppData/Local/UnrealEngine/4.27/DerivedDataCache/Boot.ddc
[2024.01.07-12.31.18:583][  0]LogDerivedDataCache: FDerivedDataBackendGraph:  Pak pak cache file ../../../../../../Users/User/OneDrive - ООО АСП-АКВА/Документы/GitHub/Mushroomverse2/Проектик/Mushroomverse2/DerivedDataCache/DDC.ddp not found, will not use a pak cache.
[2024.01.07-12.31.18:584][  0]LogDerivedDataCache: Unable to find inner node Pak for hierarchical cache Hierarchy.
[2024.01.07-12.31.18:584][  0]LogDerivedDataCache: FDerivedDataBackendGraph:  CompressedPak pak cache file ../../../../../../Users/User/OneDrive - ООО АСП-АКВА/Документы/GitHub/Mushroomverse2/Проектик/Mushroomverse2/DerivedDataCache/Compressed.ddp not found, will not use a pak cache.
[2024.01.07-12.31.18:584][  0]LogDerivedDataCache: Unable to find inner node CompressedPak for hierarchical cache Hierarchy.
[2024.01.07-12.31.18:615][  0]LogDerivedDataCache: Display: Pak cache opened for reading ../../../Engine/DerivedDataCache/Compressed.ddp.
[2024.01.07-12.31.18:615][  0]LogDerivedDataCache: FDerivedDataBackendGraph:  EnterprisePak pak cache file ../../../Enterprise/DerivedDataCache/Compressed.ddp not found, will not use a pak cache.
[2024.01.07-12.31.18:615][  0]LogDerivedDataCache: Unable to find inner node EnterprisePak for hierarchical cache Hierarchy.
[2024.01.07-12.31.18:626][  0]LogDerivedDataCache: Speed tests for C:/Users/User/AppData/Local/UnrealEngine/Common/DerivedDataCache took 0.01 seconds
[2024.01.07-12.31.18:626][  0]LogDerivedDataCache: Display: Performance to C:/Users/User/AppData/Local/UnrealEngine/Common/DerivedDataCache: Latency=0.04ms. RandomReadSpeed=330.41MBs, RandomWriteSpeed=134.74MBs. Assigned SpeedClass 'Local'
[2024.01.07-12.31.18:629][  0]LogDerivedDataCache: Using Local data cache path C:/Users/User/AppData/Local/UnrealEngine/Common/DerivedDataCache: Writable
[2024.01.07-12.31.18:630][  0]LogDerivedDataCache: Shared data cache path not found in *engine.ini, will not use an Shared cache.
[2024.01.07-12.31.18:630][  0]LogDerivedDataCache: Unable to find inner node Shared for hierarchical cache Hierarchy.
[2024.01.07-12.31.18:694][  0]LogSlate: Using FreeType 2.10.0
[2024.01.07-12.31.18:695][  0]LogSlate: SlateFontServices - WITH_FREETYPE: 1, WITH_HARFBUZZ: 1
[2024.01.07-12.31.18:695][  0]LogHMD: Failed to enumerate extensions. Please check that you have a valid OpenXR runtime installed.
[2024.01.07-12.31.18:827][  0]LogInit: Using OS detected language (ru-RU).
[2024.01.07-12.31.18:827][  0]LogInit: Using OS detected locale (ru-RU).
[2024.01.07-12.31.18:827][  0]LogTextLocalizationManager: No localization for 'ru-RU' exists, so 'en' will be used for the language.
[2024.01.07-12.31.18:827][  0]LogTextLocalizationManager: No localization for 'ru-RU' exists, so 'en' will be used for the locale.
[2024.01.07-12.31.18:827][  0]LogSlate: FontCache flush requested. Reason: Culture for localization was changed
[2024.01.07-12.31.18:827][  0]LogSlate: FontCache flush requested. Reason: Culture for localization was changed
[2024.01.07-12.31.18:833][  0]LogAssetRegistry: FAssetRegistry took 0.0041 seconds to start up
[2024.01.07-12.31.19:122][  0]LogTextLocalizationManager: Compacting localization data took   0.01ms
[2024.01.07-12.31.19:122][  0]LogPackageLocalizationCache: Processed 27 localized package path(s) for 1 prioritized culture(s) in 0.001533 seconds
[2024.01.07-12.31.19:241][  0]LogInit: Selected Device Profile: [Windows]
[2024.01.07-12.31.19:241][  0]LogInit: Active device profile: [00000279E2E42B00][00000279DCEBD440 49] Windows
[2024.01.07-12.31.19:241][  0]LogInit: Profiles: [00000279E2E42B00][00000279DCEBD440 49] Windows, [00000279E2DD5700][00000279E1011700 49] WindowsNoEditor, [00000279E2E42100][00000279E10159C0 49] WindowsServer, [00000279E2DD6000][00000279E1018100 49] WindowsClient, [00000279E2E41B00][00000279E101C3C0 49] IOS, [00000279E2DD6500][00000279E1020680 49] iPadAir, [00000279E2E41700][00000279E100C900 49] iPadAir2, [00000279E3D85300][00000279E1038E00 49] IPadPro, [00000279E3D85400][00000279E1024E40 49] iPadAir3, [00000279E2DD4E00][00000279E1031100 49] iPadAir4, [00000279E3D86300][00000279E102D3C0 49] iPadMini2, [00000279E2DD4800][00000279E1035680 49] iPadMini3, [00000279E3D86E00][00000279E103D940 49] iPadMini4, [00000279E2DD4600][00000279E1041C00 49] iPadMini5, [00000279E2DA0F00][00000279E0EDA5C0 49] iPhone6, [00000279E2DA1000][00000279E1044600 49] iPodTouch6, [00000279E2E42700][00000279E0EDEB00 49] iPhone7, [00000279E2E42600][00000279E104CB40 49] iPodTouch7, [00000279E2DA0100][00000279E1028DC0 49] iPhone5S, [00000279E3D86100][00000279E1049080 49] iPhone6Plus, [00000279E2DA3E00][00000279E0EE3340 49] iPhone6S, [00000279E3D84500][00000279E0EE7600 49] iPhone6SPlus, [00000279E2DA0400][00000279E0EEB8C0 49] iPhone7Plus, [00000279E3D85200][00000279E0EEFB80 49] iPhoneSE, [00000279E2DA2A00][00000279E0EF22C0 49] iPhone8, [00000279E3D87C00][00000279E0EF6580 49] iPhone8Plus, [00000279E2DA2600][00000279E0EFA840 49] iPhoneX, [00000279E3D84C00][00000279E0EFEB00 49] iPhoneXS, [00000279E2DA2100][00000279E0ED6D80 49] iPhoneXSMax, [00000279E3D86500][00000279E0F07040 49] iPhoneXR, [00000279E2DA2000][00000279E0F0B300 49] iPhone11, [00000279E3D87300][00000279E0E475C0 49] iPhone11Pro, [00000279E2DA3800][00000279E0E4B880 49] iPhone11ProMax, [00000279E2E43200][00000279E0E4FB40 49] iPhoneSE2, [00000279E2DA1700][00000279E0E52280 49] iPhone12Mini, [00000279E2E43800][00000279E0E56540 49] iPhone12, [00000279E2DA3000][00000279E0E5A800 49] iPhone12Pro, [00000279E2E42F00][00000279E0E5EAC0 49] iPhone12ProMax, [00000279E2DA2300][00000279E0F02D40 49] iPadPro105, [00000279E2E42000][00000279E0E62FC0 49] iPadPro129, [00000279E2DA2F00][00000279E0E6B280 49] iPadPro97, [00000279E2E42D00][00000279E0E6F540 49] iPadPro2_129, [00000279E2DA3F00][00000279E0E73800 49] iPad5, [00000279E2E41C00][00000279E0E77AC0 49] iPad6, [00000279E2DA3C00][00000279E0E7A200 49] iPad7, [00000279E2E43100][00000279E0E7E4C0 49] iPad8, [00000279E2DA0C00][00000279E0E82780 49] iPadPro11, [00000279E2E41100][00000279E0E86A40 49] iPadPro2_11, [00000279E2DA3900][00000279E0E8AD00 49] iPadPro3_129, [00000279E2E40800][00000279E0E66F80 49] iPadPro4_129, [00000279E2DA2900][00000279E0E8F200 49] AppleTV, [00000279E2E40D00][00000279DD6574C0 49] AppleTV4K, [00000279E2DA2B00][00000279DD65B780 49] TVOS, [00000279E2E41200][00000279DD65FA40 49] Mac, [00000279E2DA3A00][00000279DD662180 49] MacClient, [00000279E2E41E00][00000279DD666440 49] MacNoEditor, [00000279E2DA2700][00000279DD66A700 49] MacServer, [00000279E2E40300][00000279DD66E9C0 49] Linux, [00000279E2DA3200][00000279DD672C80 49] LinuxAArch64, [00000279E2E43000][00000279DD676F40 49] LinuxNoEditor, [00000279E2DA1500][00000279DD6531C0 49] LinuxAArch64NoEditor, [00000279E2E41A00][00000279DD67B440 49] LinuxClient, [00000279E2DA0200][00000279DD683700 49] LinuxAArch64Client, [00000279E2E41300][00000279DD6879C0 49] LinuxServer, [00000279E2DA2400][00000279DD68A100 49] LinuxAArch64Server, [00000279E2E41000][00000279DD68E3C0 49] Android, [00000279E2DA1F00][00000279DD692680 49] Android_Low, [00000279E2E40100][00000279DD696940 49] Android_Mid, [00000279E2DA3400][00000279DD69AC00 49] Android_High, [00000279E2E41900][00000279DD69EEC0 49] Android_Default, [00000279E2DA2C00][00000279DD6A3180 49] Android_Adreno4xx, [00000279E2E40F00][00000279DD67F400 49] Android_Adreno5xx_Low, [00000279E2DA3700][00000279DD6A7680 49] Android_Adreno5xx, [00000279E2E40700][00000279DD6AF940 49] Android_Adreno6xx, [00000279E2DA1400][00000279DD6B3C00 49] Android_Adreno6xx_Vulkan, [00000279E2E40C00][00000279DD6B6340 49] Android_Mali_T6xx, [00000279E2DA2500][00000279DD6BA600 49] Android_Mali_T7xx, [00000279E3D87F00][00000279DD6BE8C0 49] Android_Mali_T8xx, [00000279E2DD4F00][00000279DD6C2B80 49] Android_Mali_G71, [00000279E3D85500][00000279DD6C6E40 49] Android_Mali_G72, [00000279E2DD5B00][00000279DD6CB100 49] Android_Mali_G72_Vulkan, [00000279E3D87700][00000279DD6CF3C0 49] Android_Mali_G76, [00000279E2DD5800][00000279DD6AB640 49] Android_Mali_G76_Vulkan, [00000279E3D86600][00000279DD6D38C0 49] Android_Mali_G77, [00000279E2DD7A00][00000279DD6DBB80 49] Android_Mali_G77_Vulkan, [00000279E3D85900][00000279DD08E2C0 49] Android_Mali_G78, [00000279E2DD7400][00000279DD092580 49] Android_Mali_G78_Vulkan, [00000279E3D84200][00000279DD096840 49] Android_Mali_G710, [00000279E2DD4A00][00000279DD09AB00 49] Android_Mali_G710_Vulkan, [00000279E3D87600][00000279DD09EDC0 49] Android_Vulkan_SM5, [00000279E2DD7100][00000279DD0A3080 49] Android_PowerVR_G6xxx, [00000279E3D87800][00000279DD0A7340 49] Android_PowerVR_GT7xxx, [00000279E2DD4700][00000279DD0AB600 49] Android_PowerVR_GE8xxx, [00000279E3D86C00][00000279DD6D7880 49] Android_PowerVR_GM9xxx, [00000279E2DD5600][00000279DD0AFB00 49] Android_PowerVR_GM9xxx_Vulkan, [00000279E3D87B00][00000279DD0B6240 49] Android_TegraK1, [00000279E2DD7D00][00000279DD0BA500 49] Android_Unknown_Vulkan, [00000279E3D87900][00000279DD0BE7C0 49] Lumin, [00000279E2DD6400][00000279DD0C2A80 49] Lumin_Desktop, [00000279E3D86800][00000279DD0C6D40 49] HoloLens, 
[2024.01.07-12.31.19:448][  0]LogMeshReduction: Using QuadricMeshReduction for automatic static mesh reduction
[2024.01.07-12.31.19:448][  0]LogMeshReduction: Using SimplygonMeshReduction for automatic skeletal mesh reduction
[2024.01.07-12.31.19:448][  0]LogMeshReduction: Using ProxyLODMeshReduction for automatic mesh merging
[2024.01.07-12.31.19:448][  0]LogMeshReduction: No distributed automatic mesh merging module available
[2024.01.07-12.31.19:448][  0]LogMeshMerging: No distributed automatic mesh merging module available
[2024.01.07-12.31.19:472][  0]LogNetVersion: Mushroomverse2 1.0.0, NetCL: 17155196, EngineNetVer: 17, GameNetVer: 0 (Checksum: 4281106539)
[2024.01.07-12.31.19:899][  0]LogTexture: Default maximum texture size for cubemaps generated from long-lat sources has been changed from 512 to unlimited. In order to preserve old behaiour for '/Engine/MapTemplates/Sky/DaylightAmbientCubemap.DaylightAmbientCubemap', its maximum texture size has been explicitly set to 512.
[2024.01.07-12.31.20:170][  0]LogMoviePlayer: Initializing movie player
[2024.01.07-12.31.20:317][  0]LogNiagaraDebuggerClient: Niagara Debugger Client Initialized | Session: 7B9D02E845B09E9C89F24284F008F0FF | Instance: 5D3B0B194742768CBE9DFDA684AA0E01 (GARANINA-NB-9680).
[2024.01.07-12.31.20:349][  0]LogCollectionManager: Loaded 0 collections in 0.002244 seconds
[2024.01.07-12.31.20:354][  0]LogFileCache: Scanning file cache for directory 'C:/Users/User/OneDrive - ООО АСП-АКВА/Документы/GitHub/Mushroomverse2/Проектик/Mushroomverse2/Saved/Collections/' took 0.00s
[2024.01.07-12.31.20:355][  0]LogFileCache: Scanning file cache for directory 'C:/Users/User/OneDrive - ООО АСП-АКВА/Документы/GitHub/Mushroomverse2/Проектик/Mushroomverse2/Content/Developers/User/Collections/' took 0.00s
[2024.01.07-12.31.20:355][  0]LogCollectionManager: Fixed up redirectors for 0 collections in 0.000003 seconds (updated 0 objects)
[2024.01.07-12.31.20:384][  0]LogFileCache: Scanning file cache for directory 'C:/Users/User/OneDrive - ООО АСП-АКВА/Документы/GitHub/Mushroomverse2/Проектик/Mushroomverse2/Content/Collections/' took 0.00s
[2024.01.07-12.31.20:384][  0]LogPython: Using Python 3.7.7
[2024.01.07-12.31.21:310][  0]LogTcpMessaging: Initializing TcpMessaging bridge
[2024.01.07-12.31.21:317][  0]LogUdpMessaging: Initializing bridge on interface 0.0.0.0:0 to multicast group 230.0.0.1:6666.
[2024.01.07-12.31.21:470][  0]SourceControl: Source control is disabled
[2024.01.07-12.31.21:471][  0]SourceControl: Source control is disabled
[2024.01.07-12.31.21:475][  0]SourceControl: Source control is disabled
[2024.01.07-12.31.21:492][  0]LogUProjectInfo: Found projects:
[2024.01.07-12.31.21:494][  0]LogVSAccessor: Display: Unable to create Visual Studio setup instance: 80040154
[2024.01.07-12.31.21:494][  0]LogVSAccessor: Display: Unable to create Visual Studio setup instance: 80040154
[2024.01.07-12.31.21:495][  0]LogVSAccessor: Display: Unable to create Visual Studio setup instance: 80040154
[2024.01.07-12.31.21:618][  0]LogOpenImageDenoise: OIDN starting up
[2024.01.07-12.31.21:673][  0]LogAndroidPermission: UAndroidPermissionCallbackProxy::GetInstance
[2024.01.07-12.31.21:705][  0]LogAudioCaptureCore: Display: No Audio Capture implementations found. Audio input will be silent.
[2024.01.07-12.31.21:705][  0]LogAudioCaptureCore: Display: No Audio Capture implementations found. Audio input will be silent.
[2024.01.07-12.31.21:819][  0]LogUObjectArray: 21799 objects as part of root set at end of initial load.
[2024.01.07-12.31.21:820][  0]LogUObjectAllocator: 5874528 out of 0 bytes used by permanent object pool.
[2024.01.07-12.31.21:820][  0]LogUObjectArray: CloseDisregardForGC: 0/0 objects in disregard for GC pool
[2024.01.07-12.31.21:895][  0]LogEngine: Initializing Engine...
[2024.01.07-12.31.21:897][  0]LogHMD: Failed to enumerate extensions. Please check that you have a valid OpenXR runtime installed.
[2024.01.07-12.31.21:897][  0]LogMagicLeap: Warning: VR disabled because ZI is not enabled.  To enable, in the editor, Edit -> Project Settings -> Plugins -> Magic Leap Plugin -> Enable Zero Iteration
[2024.01.07-12.31.21:898][  0]LogStats: UGameplayTagsManager::InitializeManager -  0.000 s
[2024.01.07-12.31.22:089][  0]LogInit: Initializing FReadOnlyCVARCache
[2024.01.07-12.31.22:089][  0]LogAudio: Display: Initializing Audio Device Manager...
[2024.01.07-12.31.22:100][  0]LogAudio: Display: Loading Default Audio Settings Objects...
[2024.01.07-12.31.22:103][  0]LogAudio: Display: No default SoundConcurrencyObject specified (or failed to load).
[2024.01.07-12.31.22:105][  0]LogAudio: Display: Audio Device Manager Initialized
[2024.01.07-12.31.22:105][  0]LogAudio: Display: Creating Audio Device:                 Id: 1, Scope: Shared, Realtime: True
[2024.01.07-12.31.22:105][  0]LogAudioMixer: Display: Audio Mixer Platform Settings:
[2024.01.07-12.31.22:105][  0]LogAudioMixer: Display: 	Sample Rate:						  48000
[2024.01.07-12.31.22:105][  0]LogAudioMixer: Display: 	Callback Buffer Frame Size Requested: 1024
[2024.01.07-12.31.22:105][  0]LogAudioMixer: Display: 	Callback Buffer Frame Size To Use:	  1024
[2024.01.07-12.31.22:105][  0]LogAudioMixer: Display: 	Number of buffers to queue:			  1
[2024.01.07-12.31.22:105][  0]LogAudioMixer: Display: 	Max Channels (voices):				  0
[2024.01.07-12.31.22:105][  0]LogAudioMixer: Display: 	Number of Async Source Workers:		  4
[2024.01.07-12.31.22:106][  0]LogAudio: Display: AudioDevice MaxSources: 32
[2024.01.07-12.31.22:106][  0]LogAudio: Display: Audio Spatialization Plugin: Resonance Audio is external send: 1
[2024.01.07-12.31.22:106][  0]LogAudio: Display: Audio Reverb Plugin: Resonance Audio
[2024.01.07-12.31.22:106][  0]LogAudio: Display: Audio Occlusion Plugin: None (built-in).
[2024.01.07-12.31.22:107][  0]LogAudioMixer: Display: Initializing audio mixer.
[2024.01.07-12.31.22:131][  0]LogAudioMixer: Display: 0: FrontLeft
[2024.01.07-12.31.22:131][  0]LogAudioMixer: Display: 1: FrontRight
[2024.01.07-12.31.22:193][  0]LogAudioMixer: Display: Using Audio Device Speaker (Realtek(R) Audio)
[2024.01.07-12.31.22:203][  0]LogAudioMixer: Display: Initializing Sound Submixes...
[2024.01.07-12.31.22:205][  0]LogAudioMixer: Display: Creating Master Submix 'MasterSubmixDefault'
[2024.01.07-12.31.22:205][  0]LogAudioMixer: Display: Creating Master Submix 'MasterReverbSubmixDefault'
[2024.01.07-12.31.22:207][  0]LogAudioMixer: Display: Creating Master Submix 'MasterEQSubmixDefault'
[2024.01.07-12.31.22:208][  0]LogAudioMixer: FMixerPlatformXAudio2::StartAudioStream() called
[2024.01.07-12.31.22:208][  0]LogAudioMixer: Display: Output buffers initialized: Frames=1024, Channels=2, Samples=2048
[2024.01.07-12.31.22:209][  0]LogAudioMixer: Display: Starting AudioMixerPlatformInterface::RunInternal()
[2024.01.07-12.31.22:209][  0]LogAudioMixer: Display: FMixerPlatformXAudio2::SubmitBuffer() called for the first time
[2024.01.07-12.31.22:209][  0]LogInit: FAudioDevice initialized.
[2024.01.07-12.31.22:211][  0]LogNetVersion: Set ProjectVersion to 1.0.0.0. Version Checksum will be recalculated on next use.
[2024.01.07-12.31.22:213][  0]LogInit: Texture streaming: Enabled
[2024.01.07-12.31.22:326][  0]LogAudio: Display: Audio Device (ID: 1) registered with world 'Untitled'.
[2024.01.07-12.31.22:326][  0]LogSlate: Updating window title bar state: overlay mode, drag disabled, window buttons hidden, title bar hidden
[2024.01.07-12.31.22:326][  0]LogInit: Display: Game Engine Initialized.
[2024.01.07-12.31.22:327][  0]LogNiagaraEditor: GEditor isn't valid! Particle reset commands will not work for Niagara components!
[2024.01.07-12.31.22:430][  0]LogInit: Display: Starting Game.
[2024.01.07-12.31.22:431][  0]LogNet: Browse: /Game/VRTemplate/Maps/VRTemplateMap?Name=Player
[2024.01.07-12.31.22:431][  0]LogLoad: LoadMap: /Game/VRTemplate/Maps/VRTemplateMap?Name=Player
[2024.01.07-12.31.22:431][  0]LogWorld: BeginTearingDown for /Temp/Untitled_0
[2024.01.07-12.31.22:434][  0]LogWorld: UWorld::CleanupWorld for Untitled, bSessionEnded=true, bCleanupResources=true
[2024.01.07-12.31.22:435][  0]LogSlate: InvalidateAllWidgets triggered.  All widgets were invalidated
[2024.01.07-12.31.22:455][  0]LogAudio: Display: Audio Device unregistered from world 'None'.
[2024.01.07-12.31.22:458][  0]LogUObjectHash: Compacting FUObjectHashTables data took   0.88ms
[2024.01.07-12.31.23:476][  0]LogAudio: Display: Audio Device (ID: 1) registered with world 'VRTemplateMap'.
[2024.01.07-12.31.23:487][  0]LogAIModule: Creating AISystem for world VRTemplateMap
[2024.01.07-12.31.23:487][  0]LogLoad: Game class is 'VRGameMode_C'
[2024.01.07-12.31.23:489][  0]LogChildActorComponent: Error: Found cycle in child actor component '/Game/VRTemplate/Maps/VRTemplateMap.VRTemplateMap:PersistentLevel.BP_TunnelSpawner_15.BP_TunnelSpawner'.  Not spawning Actor of class 'BP_TunnelSpawner_C' to break.
[2024.01.07-12.31.23:490][  0]LogChildActorComponent: Error: Found cycle in child actor component '/Game/VRTemplate/Maps/VRTemplateMap.VRTemplateMap:PersistentLevel.BP_TunnelSpawner_15.BP_TunnelSpawner'.  Not spawning Actor of class 'BP_TunnelSpawner_C' to break.
[2024.01.07-12.31.23:491][  0]LogChildActorComponent: Error: Found cycle in child actor component '/Game/VRTemplate/Maps/VRTemplateMap.VRTemplateMap:PersistentLevel.BP_TunnelSpawner_15.BP_TunnelSpawner'.  Not spawning Actor of class 'BP_TunnelSpawner_C' to break.
[2024.01.07-12.31.23:491][  0]LogChildActorComponent: Error: Found cycle in child actor component '/Game/VRTemplate/Maps/VRTemplateMap.VRTemplateMap:PersistentLevel.BP_TunnelSpawner_15.BP_TunnelSpawner'.  Not spawning Actor of class 'BP_TunnelSpawner_C' to break.
[2024.01.07-12.31.23:492][  0]LogWorld: Bringing World /Game/VRTemplate/Maps/VRTemplateMap.VRTemplateMap up for play (max tick rate 0) at 2024.01.07-15.31.23
[2024.01.07-12.31.23:493][  0]LogWorld: Bringing up level for play took: 0.004735
[2024.01.07-12.31.23:493][  0]LogGameMode: FindPlayerStart: PATHS NOT DEFINED or NO PLAYERSTART with positive rating
[2024.01.07-12.31.23:494][  0]LogSpawn: Warning: SpawnActor failed because no class was specified
[2024.01.07-12.31.23:499][  0]LogSlate: New Slate User Created.  User Index 8, Is Virtual User: 1
[2024.01.07-12.31.23:499][  0]LogSlate: Slate User Registered.  User Index 8, Is Virtual User: 1
[2024.01.07-12.31.23:501][  0]LogLoad: Took 1.069663 seconds to LoadMap(/Game/VRTemplate/Maps/VRTemplateMap)
[2024.01.07-12.31.23:527][  0]LogResonanceAudio: Display: Resonance Audio Listener is initialized
[2024.01.07-12.31.23:528][  0]LogSlate: Took 0.000332 seconds to synchronously load lazily loaded font '../../../Engine/Content/Slate/Fonts/Roboto-Regular.ttf' (155K)
[2024.01.07-12.31.23:548][  0]LogRenderer: Reallocating scene render targets to support 1280x720 Format 10 NumSamples 4 (Frame:1).
[2024.01.07-12.31.23:548][  0]LogInit: Display: Engine is initialized. Leaving FEngineLoop::Init()
[2024.01.07-12.31.23:548][  0]LogLoad: (Engine Initialization) Total time: 10.99 seconds
[2024.01.07-12.31.23:548][  0]LogLoad: (Engine Initialization) Total Blueprint compile time: 0.00 seconds
[2024.01.07-12.31.23:573][  0]LogContentStreaming: Texture pool size now 1000 MB
[2024.01.07-12.31.23:576][  0]LogSlate: InvalidateAllWidgets triggered.  All widgets were invalidated
[2024.01.07-12.31.23:803][  1]LogSlate: Took 0.000151 seconds to synchronously load lazily loaded font '../../../Engine/Content/Slate/Fonts/Roboto-Regular.ttf' (155K)
[2024.01.07-12.31.31:880][ 50]LogSlate: Window 'Mushroomverse2 (64-bit Development PCD3D_SM5) ' being destroyed
[2024.01.07-12.31.31:881][ 50]LogWindowsTextInputMethodSystem: Display: IME system deactivated.
[2024.01.07-12.31.31:888][ 50]LogSlate: Updating window title bar state: overlay mode, drag disabled, window buttons hidden, title bar hidden
[2024.01.07-12.31.31:888][ 50]LogEngine: All Windows Closed
[2024.01.07-12.31.31:888][ 50]LogWindows: FPlatformMisc::RequestExit(0)
[2024.01.07-12.31.31:888][ 50]LogWindows: FPlatformMisc::RequestExitWithStatus(0, 0)
[2024.01.07-12.31.31:888][ 50]LogCore: Engine exit requested (reason: Win RequestExit)
[2024.01.07-12.31.31:888][ 51]LogCore: Engine exit requested (reason: EngineExit() was called; note: exit was already requested)
[2024.01.07-12.31.31:888][ 51]LogInit: Display: PreExit Game.
[2024.01.07-12.31.31:904][ 51]LogWorld: BeginTearingDown for /Game/VRTemplate/Maps/VRTemplateMap
[2024.01.07-12.31.31:906][ 51]LogWorld: UWorld::CleanupWorld for VRTemplateMap, bSessionEnded=true, bCleanupResources=true
[2024.01.07-12.31.31:909][ 51]LogSlate: InvalidateAllWidgets triggered.  All widgets were invalidated
[2024.01.07-12.31.32:913][ 51]LogAudio: Display: Beginning Audio Device Manager Shutdown (Module: AudioMixerXAudio2)...
[2024.01.07-12.31.32:913][ 51]LogAudio: Display: Destroying 1 Remaining Audio Device(s)...
[2024.01.07-12.31.32:914][ 51]LogAudio: Display: Audio Device unregistered from world 'VRTemplateMap'.
[2024.01.07-12.31.32:921][ 51]LogResonanceAudio: Display: Resonance Audio Listener is shutdown
[2024.01.07-12.31.32:922][ 51]LogAudioMixer: FMixerPlatformXAudio2::StopAudioStream() called
[2024.01.07-12.31.32:924][ 51]LogAudioMixer: FMixerPlatformXAudio2::StopAudioStream() called
[2024.01.07-12.31.32:941][ 51]LogAudio: Display: Audio Device Manager Shutdown
[2024.01.07-12.31.32:952][ 51]LogExit: Preparing to exit.
[2024.01.07-12.31.33:358][ 51]LogSlate: Updating window title bar state: overlay mode, drag disabled, window buttons hidden, title bar hidden
[2024.01.07-12.31.33:371][ 51]LogUObjectHash: Compacting FUObjectHashTables data took   1.09ms
[2024.01.07-12.31.33:398][ 51]LogMoviePlayer: Shutting down movie player
[2024.01.07-12.31.33:525][ 51]LogDemo: Cleaned up 0 splitscreen connections with owner deletion
[2024.01.07-12.31.33:535][ 51]LogExit: Game engine shut down
[2024.01.07-12.31.33:690][ 51]LogExit: Object subsystem successfully closed.
[2024.01.07-12.31.33:697][ 51]LogShaderCompilers: Display: === FShaderJobCache stats ===
[2024.01.07-12.31.33:697][ 51]LogShaderCompilers: Display: Total job queries 0, among them cache hits 0 (0.00%)
[2024.01.07-12.31.33:697][ 51]LogShaderCompilers: Display: Tracking 0 distinct input hashes that result in 0 distinct outputs (0.00%)
[2024.01.07-12.31.33:697][ 51]LogShaderCompilers: Display: RAM used: 0.00 MB (0.00 GB) of 409.60 MB (0.40 GB) budget. Usage: 0.00%
[2024.01.07-12.31.33:698][ 51]LogShaderCompilers: Display: ================================================
[2024.01.07-12.31.33:717][ 51]LogShaderCompilers: Display: Shaders left to compile 0
[2024.01.07-12.31.33:765][ 51]LogModuleManager: Shutting down and abandoning module SequenceRecorderSections (546)
[2024.01.07-12.31.33:765][ 51]LogModuleManager: Shutting down and abandoning module SequenceRecorder (544)
[2024.01.07-12.31.33:766][ 51]LogModuleManager: Shutting down and abandoning module AutomationController (542)
[2024.01.07-12.31.33:767][ 51]LogModuleManager: Shutting down and abandoning module AutomationWorker (540)
[2024.01.07-12.31.33:767][ 51]LogModuleManager: Shutting down and abandoning module Voice (538)
[2024.01.07-12.31.33:767][ 51]LogModuleManager: Shutting down and abandoning module AIModule (536)
[2024.01.07-12.31.33:768][ 51]LogModuleManager: Shutting down and abandoning module GameplayDebugger (535)
[2024.01.07-12.31.33:768][ 51]LogModuleManager: Shutting down and abandoning module AITestSuite (533)
[2024.01.07-12.31.33:769][ 51]LogModuleManager: Shutting down and abandoning module NavigationSystem (531)
[2024.01.07-12.31.33:769][ 51]LogModuleManager: Shutting down and abandoning module TakeRecorderSources (528)
[2024.01.07-12.31.33:770][ 51]LogModuleManager: Shutting down and abandoning module TakeRecorder (527)
[2024.01.07-12.31.33:771][ 51]LogModuleManager: Shutting down and abandoning module TakeTrackRecorders (524)
[2024.01.07-12.31.33:771][ 51]LogModuleManager: Shutting down and abandoning module TakesCore (522)
[2024.01.07-12.31.33:771][ 51]LogModuleManager: Shutting down and abandoning module OpenXRInput (520)
[2024.01.07-12.31.33:771][ 51]LogModuleManager: Shutting down and abandoning module WmfMediaFactory (518)
[2024.01.07-12.31.33:771][ 51]LogModuleManager: Shutting down and abandoning module WebMMediaFactory (516)
[2024.01.07-12.31.33:771][ 51]LogModuleManager: Shutting down and abandoning module WebMMedia (514)
[2024.01.07-12.31.33:771][ 51]LogModuleManager: Shutting down and abandoning module OpenExrWrapper (512)
[2024.01.07-12.31.33:771][ 51]LogModuleManager: Shutting down and abandoning module ImgMediaFactory (510)
[2024.01.07-12.31.33:771][ 51]LogModuleManager: Shutting down and abandoning module AvfMediaFactory (508)
[2024.01.07-12.31.33:771][ 51]LogModuleManager: Shutting down and abandoning module MagicLeapMediaCodecFactory (506)
[2024.01.07-12.31.33:771][ 51]LogModuleManager: Shutting down and abandoning module MagicLeapMediaFactory (504)
[2024.01.07-12.31.33:771][ 51]LogModuleManager: Shutting down and abandoning module PlanarCut (502)
[2024.01.07-12.31.33:772][ 51]LogModuleManager: Shutting down and abandoning module CharacterAI (500)
[2024.01.07-12.31.33:772][ 51]LogModuleManager: Shutting down and abandoning module SessionServices (498)
[2024.01.07-12.31.33:772][ 51]LogModuleManager: Shutting down and abandoning module MovieSceneCapture (496)
[2024.01.07-12.31.33:772][ 51]LogModuleManager: Shutting down and abandoning module LiveCoding (494)
[2024.01.07-12.31.33:773][ 51]LogModuleManager: Shutting down and abandoning module LevelSequence (492)
[2024.01.07-12.31.33:773][ 51]LogModuleManager: Shutting down and abandoning module MovieSceneTracks (490)
[2024.01.07-12.31.33:773][ 51]LogModuleManager: Shutting down and abandoning module MovieScene (488)
[2024.01.07-12.31.33:774][ 51]LogModuleManager: Shutting down and abandoning module StreamingPauseRendering (486)
[2024.01.07-12.31.33:774][ 51]LogModuleManager: Shutting down and abandoning module PortalServices (484)
[2024.01.07-12.31.33:774][ 51]LogModuleManager: Shutting down and abandoning module PortalRpc (482)
[2024.01.07-12.31.33:774][ 51]LogModuleManager: Shutting down and abandoning module MessagingRpc (480)
[2024.01.07-12.31.33:774][ 51]LogModuleManager: Shutting down and abandoning module AudioMixerXAudio2 (478)
[2024.01.07-12.31.33:774][ 51]LogModuleManager: Shutting down and abandoning module AudioMixerCore (477)
[2024.01.07-12.31.33:774][ 51]LogModuleManager: Shutting down and abandoning module ImageWriteQueue (474)
[2024.01.07-12.31.33:777][ 51]LogModuleManager: Shutting down and abandoning module ProfilerService (472)
[2024.01.07-12.31.33:938][ 51]LogModuleManager: Shutting down and abandoning module TaskGraph (470)
[2024.01.07-12.31.33:939][ 51]LogModuleManager: Shutting down and abandoning module TakeMovieScene (468)
[2024.01.07-12.31.33:940][ 51]LogModuleManager: Shutting down and abandoning module Synthesis (466)
[2024.01.07-12.31.33:940][ 51]LogModuleManager: Shutting down and abandoning module ResonanceAudio (464)
[2024.01.07-12.31.33:940][ 51]LogModuleManager: Shutting down and abandoning module ProceduralMeshComponent (462)
[2024.01.07-12.31.33:940][ 51]LogModuleManager: Shutting down and abandoning module MobilePatchingUtils (460)
[2024.01.07-12.31.33:940][ 51]LogModuleManager: Shutting down and abandoning module GooglePAD (458)
[2024.01.07-12.31.33:940][ 51]LogModuleManager: Shutting down and abandoning module EditableMesh (456)
[2024.01.07-12.31.33:941][ 51]LogModuleManager: Shutting down and abandoning module CustomMeshComponent (454)
[2024.01.07-12.31.33:941][ 51]LogModuleManager: Shutting down and abandoning module CableComponent (452)
[2024.01.07-12.31.33:941][ 51]LogModuleManager: Shutting down and abandoning module AudioCapture (450)
[2024.01.07-12.31.33:941][ 51]LogModuleManager: Shutting down and abandoning module AudioCaptureRtAudio (449)
[2024.01.07-12.31.33:941][ 51]LogModuleManager: Shutting down and abandoning module AssetTags (446)
[2024.01.07-12.31.33:941][ 51]LogModuleManager: Shutting down and abandoning module ArchVisCharacter (444)
[2024.01.07-12.31.33:941][ 51]LogModuleManager: Shutting down and abandoning module AppleImageUtilsBlueprintSupport (442)
[2024.01.07-12.31.33:941][ 51]LogModuleManager: Shutting down and abandoning module AppleImageUtils (440)
[2024.01.07-12.31.33:941][ 51]LogModuleManager: Shutting down and abandoning module AndroidPermission (438)
[2024.01.07-12.31.33:941][ 51]LogModuleManager: Shutting down and abandoning module ActorLayerUtilities (436)
[2024.01.07-12.31.33:941][ 51]LogModuleManager: Shutting down and abandoning module TemplateSequence (434)
[2024.01.07-12.31.33:941][ 51]LogModuleManager: Shutting down and abandoning module MediaCompositing (432)
[2024.01.07-12.31.33:941][ 51]LogModuleManager: Shutting down and abandoning module ImgMedia (430)
[2024.01.07-12.31.33:941][ 51]LogModuleManager: Shutting down and abandoning module MagicLeapSharedWorld (428)
[2024.01.07-12.31.33:941][ 51]LogModuleManager: Shutting down and abandoning module MagicLeapLightEstimation (426)
[2024.01.07-12.31.33:941][ 51]LogModuleManager: Shutting down and abandoning module MagicLeapHelperVulkan (424)
[2024.01.07-12.31.33:941][ 51]LogModuleManager: Shutting down and abandoning module MagicLeapHelperOpenGL (422)
[2024.01.07-12.31.33:942][ 51]LogModuleManager: Shutting down and abandoning module MagicLeapAudio (420)
[2024.01.07-12.31.33:942][ 51]LogModuleManager: Shutting down and abandoning module OpenImageDenoise (418)
[2024.01.07-12.31.33:942][ 51]LogOpenImageDenoise: OIDN shutting down
[2024.01.07-12.31.33:942][ 51]LogModuleManager: Shutting down and abandoning module MotoSynth (416)
[2024.01.07-12.31.33:942][ 51]LogModuleManager: Shutting down and abandoning module MeshConversion (414)
[2024.01.07-12.31.33:942][ 51]LogModuleManager: Shutting down and abandoning module DynamicMesh (412)
[2024.01.07-12.31.33:943][ 51]LogModuleManager: Shutting down and abandoning module GeometryAlgorithms (410)
[2024.01.07-12.31.33:943][ 51]LogModuleManager: Shutting down and abandoning module GeometricObjects (408)
[2024.01.07-12.31.33:943][ 51]LogModuleManager: Shutting down and abandoning module GeometryCollectionTracks (406)
[2024.01.07-12.31.33:943][ 51]LogModuleManager: Shutting down and abandoning module GeometryCollectionSequencer (405)
[2024.01.07-12.31.33:944][ 51]LogModuleManager: Shutting down and abandoning module GeometryCacheTracks (402)
[2024.01.07-12.31.33:944][ 51]LogModuleManager: Shutting down and abandoning module GeometryCacheSequencer (401)
[2024.01.07-12.31.33:944][ 51]LogModuleManager: Shutting down and abandoning module GeometryCache (398)
[2024.01.07-12.31.33:944][ 51]LogModuleManager: Shutting down and abandoning module GeometryCacheEd (397)
[2024.01.07-12.31.33:944][ 51]LogModuleManager: Shutting down and abandoning module ChaosNiagara (394)
[2024.01.07-12.31.33:944][ 51]LogModuleManager: Shutting down and abandoning module FieldSystemEngine (393)
[2024.01.07-12.31.33:944][ 51]LogModuleManager: Shutting down and abandoning module AutomationUtils (390)
[2024.01.07-12.31.33:944][ 51]LogModuleManager: Shutting down and abandoning module BackChannel (388)
[2024.01.07-12.31.33:944][ 51]LogModuleManager: Shutting down and abandoning module VisualStudioCodeSourceCodeAccess (386)
[2024.01.07-12.31.33:944][ 51]LogModuleManager: Shutting down and abandoning module VisualStudioSourceCodeAccess (384)
[2024.01.07-12.31.33:944][ 51]LogModuleManager: Shutting down and abandoning module HotReload (383)
